CPXPARAM_Read_DataCheck                          1
Found incumbent of value 0.000000 after 0.00 sec. (0.26 ticks)
Tried aggregator 1 time.
MIP Presolve modified 1 coefficients.
Reduced MIP has 2017 rows, 10005 columns, and 50017 nonzeros.
Reduced MIP has 10005 binaries, 0 generals, 0 SOSs, and 0 indicators.
Presolve time = 0.02 sec. (21.75 ticks)
Probing time = 0.02 sec. (9.24 ticks)
Tried aggregator 1 time.
Reduced MIP has 2017 rows, 10005 columns, and 50017 nonzeros.
Reduced MIP has 10005 binaries, 0 generals, 0 SOSs, and 0 indicators.
Presolve time = 0.03 sec. (25.87 ticks)
Probing time = 0.02 sec. (8.88 ticks)
Clique table members: 32064.
MIP emphasis: balance optimality and feasibility.
MIP search method: dynamic search.
Parallel mode: deterministic, using up to 4 threads.
Root relaxation solution time = 0.16 sec. (163.72 ticks)

        Nodes                                         Cuts/
   Node  Left     Objective  IInf  Best Integer    Best Bound    ItCnt     Gap

*     0+    0                            0.0000    62256.0000              --- 
*     0+    0                        11014.0000    62256.0000           465.24%
*     0+    0                        11442.0000    62256.0000           444.10%
      0     0    21173.8685     5    11442.0000    21173.8685     2713   85.05%
*     0+    0                        14569.0000    21173.8685            45.34%
      0     0        cutoff          14569.0000    14569.0000     2865    0.00%
Elapsed time = 1.14 sec. (671.00 ticks, tree = 0.01 MB, solutions = 4)

Clique cuts applied:  603
Mixed integer rounding cuts applied:  1

Root node processing (before b&c):
  Real time             =    1.16 sec. (671.78 ticks)
Parallel b&c, 4 threads:
  Real time             =    0.00 sec. (0.00 ticks)
  Sync time (average)   =    0.00 sec.
  Wait time (average)   =    0.00 sec.
                          ------------
Total (root+branch&cut) =    1.16 sec. (671.78 ticks)
