CPXPARAM_Read_DataCheck                          1
Found incumbent of value 0.000000 after 0.00 sec. (0.26 ticks)
Tried aggregator 1 time.
MIP Presolve modified 1 coefficients.
Reduced MIP has 2017 rows, 10005 columns, and 50017 nonzeros.
Reduced MIP has 10005 binaries, 0 generals, 0 SOSs, and 0 indicators.
Presolve time = 0.03 sec. (21.75 ticks)
Probing time = 0.02 sec. (8.62 ticks)
Tried aggregator 1 time.
Reduced MIP has 2017 rows, 10005 columns, and 50017 nonzeros.
Reduced MIP has 10005 binaries, 0 generals, 0 SOSs, and 0 indicators.
Presolve time = 0.02 sec. (25.54 ticks)
Probing time = 0.00 sec. (8.58 ticks)
Clique table members: 32064.
MIP emphasis: balance optimality and feasibility.
MIP search method: dynamic search.
Parallel mode: deterministic, using up to 4 threads.
Root relaxation solution time = 0.13 sec. (145.36 ticks)

        Nodes                                         Cuts/
   Node  Left     Objective  IInf  Best Integer    Best Bound    ItCnt     Gap

*     0+    0                            0.0000    61793.0000              --- 
*     0+    0                         3606.0000    61793.0000              --- 
*     0+    0                         3899.0000    61793.0000              --- 
*     0+    0                         3925.0000    61793.0000              --- 
      0     0    21297.0065     5     3925.0000    21297.0065     2571  442.60%
*     0+    0                        14584.0000    21297.0065            46.03%
      0     0        cutoff          14584.0000    14584.0000     3962    0.00%
Elapsed time = 1.56 sec. (1012.31 ticks, tree = 0.01 MB, solutions = 5)

Clique cuts applied:  597
Cover cuts applied:  3
Mixed integer rounding cuts applied:  4

Root node processing (before b&c):
  Real time             =    1.58 sec. (1013.17 ticks)
Parallel b&c, 4 threads:
  Real time             =    0.00 sec. (0.00 ticks)
  Sync time (average)   =    0.00 sec.
  Wait time (average)   =    0.00 sec.
                          ------------
Total (root+branch&cut) =    1.58 sec. (1013.17 ticks)
