CPXPARAM_Read_DataCheck                          1
Found incumbent of value 0.000000 after 0.00 sec. (0.26 ticks)
Tried aggregator 1 time.
MIP Presolve modified 1 coefficients.
Reduced MIP has 2017 rows, 10005 columns, and 50017 nonzeros.
Reduced MIP has 10005 binaries, 0 generals, 0 SOSs, and 0 indicators.
Presolve time = 0.03 sec. (17.70 ticks)
Probing time = 0.03 sec. (9.26 ticks)
Tried aggregator 1 time.
Reduced MIP has 2017 rows, 10005 columns, and 50017 nonzeros.
Reduced MIP has 10005 binaries, 0 generals, 0 SOSs, and 0 indicators.
Presolve time = 0.05 sec. (21.54 ticks)
Probing time = 0.02 sec. (9.13 ticks)
Clique table members: 35064.
MIP emphasis: balance optimality and feasibility.
MIP search method: dynamic search.
Parallel mode: deterministic, using up to 4 threads.
Root relaxation solution time = 0.13 sec. (116.85 ticks)

        Nodes                                         Cuts/
   Node  Left     Objective  IInf  Best Integer    Best Bound    ItCnt     Gap

*     0+    0                            0.0000    61978.0000              --- 
      0     0    32782.8060     5        0.0000    32782.8060     2856     --- 
*     0+    0                        13969.0000    32782.8060           134.68%
*     0+    0                        19211.0000    32782.8060            70.65%
      0     0        cutoff          19211.0000    19211.0000     2860    0.00%
Elapsed time = 2.33 sec. (1149.62 ticks, tree = 0.01 MB, solutions = 3)

Clique cuts applied:  604

Root node processing (before b&c):
  Real time             =    2.33 sec. (1150.33 ticks)
Parallel b&c, 4 threads:
  Real time             =    0.00 sec. (0.00 ticks)
  Sync time (average)   =    0.00 sec.
  Wait time (average)   =    0.00 sec.
                          ------------
Total (root+branch&cut) =    2.33 sec. (1150.33 ticks)
