CPXPARAM_Read_DataCheck                          1
Found incumbent of value 0.000000 after 0.00 sec. (0.26 ticks)
Tried aggregator 1 time.
MIP Presolve modified 1 coefficients.
Reduced MIP has 2017 rows, 10005 columns, and 50017 nonzeros.
Reduced MIP has 10005 binaries, 0 generals, 0 SOSs, and 0 indicators.
Presolve time = 0.02 sec. (17.70 ticks)
Probing time = 0.03 sec. (9.87 ticks)
Tried aggregator 1 time.
Reduced MIP has 2017 rows, 10005 columns, and 50017 nonzeros.
Reduced MIP has 10005 binaries, 0 generals, 0 SOSs, and 0 indicators.
Presolve time = 0.02 sec. (21.53 ticks)
Probing time = 0.00 sec. (8.68 ticks)
Clique table members: 35064.
MIP emphasis: balance optimality and feasibility.
MIP search method: dynamic search.
Parallel mode: deterministic, using up to 4 threads.
Root relaxation solution time = 0.11 sec. (111.18 ticks)

        Nodes                                         Cuts/
   Node  Left     Objective  IInf  Best Integer    Best Bound    ItCnt     Gap

*     0+    0                            0.0000    61650.0000              --- 
*     0+    0                        16115.0000    61650.0000           282.56%
*     0+    0                        16304.0000    61650.0000           278.13%
      0     0    33102.1500     5    16304.0000    33102.1500     2718  103.03%
*     0+    0                        18965.0000    33102.1500            74.54%
      0     0        cutoff          18965.0000    18965.0000     2720    0.00%
Elapsed time = 2.02 sec. (1074.59 ticks, tree = 0.01 MB, solutions = 4)

Clique cuts applied:  604

Root node processing (before b&c):
  Real time             =    2.02 sec. (1075.37 ticks)
Parallel b&c, 4 threads:
  Real time             =    0.00 sec. (0.00 ticks)
  Sync time (average)   =    0.00 sec.
  Wait time (average)   =    0.00 sec.
                          ------------
Total (root+branch&cut) =    2.02 sec. (1075.37 ticks)
