CPXPARAM_Read_DataCheck                          1
Found incumbent of value 0.000000 after 0.02 sec. (0.03 ticks)
Tried aggregator 1 time.
MIP Presolve modified 1 coefficients.
Reduced MIP has 217 rows, 1005 columns, and 5017 nonzeros.
Reduced MIP has 1005 binaries, 0 generals, 0 SOSs, and 0 indicators.
Presolve time = 0.00 sec. (1.95 ticks)
Probing time = 0.00 sec. (2.76 ticks)
Tried aggregator 1 time.
Reduced MIP has 217 rows, 1005 columns, and 5017 nonzeros.
Reduced MIP has 1005 binaries, 0 generals, 0 SOSs, and 0 indicators.
Presolve time = 0.00 sec. (2.34 ticks)
Probing time = 0.00 sec. (2.72 ticks)
Clique table members: 3564.
MIP emphasis: balance optimality and feasibility.
MIP search method: dynamic search.
Parallel mode: deterministic, using up to 4 threads.
Root relaxation solution time = 0.02 sec. (3.86 ticks)

        Nodes                                         Cuts/
   Node  Left     Objective  IInf  Best Integer    Best Bound    ItCnt     Gap

*     0+    0                            0.0000     6033.0000              --- 
      0     0     3211.1900     5        0.0000     3211.1900      328     --- 
      0     0     3204.3450     5        0.0000  Cliques: 154      331     --- 
      0     0     2977.7917   102        0.0000     Cuts: 154      416     --- 
      0     0     2664.9607   245        0.0000  Cliques: 154      618     --- 
      0     0     2317.2073   429        0.0000  Cliques: 154      930     --- 
*     0+    0                          490.0000     2317.2073           372.90%
      0     0        cutoff            490.0000      490.0000     1033    0.00%
Elapsed time = 0.14 sec. (127.95 ticks, tree = 0.01 MB, solutions = 2)

Clique cuts applied:  590
Cover cuts applied:  4

Root node processing (before b&c):
  Real time             =    0.14 sec. (128.02 ticks)
Parallel b&c, 4 threads:
  Real time             =    0.00 sec. (0.00 ticks)
  Sync time (average)   =    0.00 sec.
  Wait time (average)   =    0.00 sec.
                          ------------
Total (root+branch&cut) =    0.14 sec. (128.02 ticks)
