CPXPARAM_Read_DataCheck                          1
Found incumbent of value 0.000000 after 0.00 sec. (0.12 ticks)
Tried aggregator 1 time.
MIP Presolve eliminated 6 rows and 0 columns.
MIP Presolve modified 1 coefficients.
Reduced MIP has 343 rows, 4515 columns, and 20751 nonzeros.
Reduced MIP has 4515 binaries, 0 generals, 0 SOSs, and 0 indicators.
Presolve time = 0.00 sec. (7.97 ticks)
Tried aggregator 1 time.
Reduced MIP has 343 rows, 4515 columns, and 20751 nonzeros.
Reduced MIP has 4515 binaries, 0 generals, 0 SOSs, and 0 indicators.
Presolve time = 0.00 sec. (8.90 ticks)
Probing time = 0.02 sec. (4.39 ticks)
Clique table members: 14941.
MIP emphasis: balance optimality and feasibility.
MIP search method: dynamic search.
Parallel mode: deterministic, using up to 4 threads.
Root relaxation solution time = 0.03 sec. (23.86 ticks)

        Nodes                                         Cuts/
   Node  Left     Objective  IInf  Best Integer    Best Bound    ItCnt     Gap

*     0+    0                            0.0000    27648.0000              --- 
      0     0    15228.6300    15        0.0000    15228.6300     1027     --- 
*     0+    0                         6791.0000    15228.6300           124.25%
      0     0    10728.2067    10     6791.0000  Cliques: 185     1067   55.32%
      0     0    10705.8423    14     6791.0000     Cuts: 185     1079   55.32%
*     0+    0                         6792.0000    10547.9417            55.30%
      0     0        cutoff           6792.0000     6792.0000     1079    0.00%
Elapsed time = 0.44 sec. (256.38 ticks, tree = 0.01 MB, solutions = 3)

Clique cuts applied:  242
Implied bound cuts applied:  2

Root node processing (before b&c):
  Real time             =    0.44 sec. (256.69 ticks)
Parallel b&c, 4 threads:
  Real time             =    0.00 sec. (0.00 ticks)
  Sync time (average)   =    0.00 sec.
  Wait time (average)   =    0.00 sec.
                          ------------
Total (root+branch&cut) =    0.44 sec. (256.69 ticks)
