CPXPARAM_Read_DataCheck                          1
Found incumbent of value 0.000000 after 0.00 sec. (0.12 ticks)
Tried aggregator 1 time.
MIP Presolve eliminated 7 rows and 0 columns.
MIP Presolve modified 1 coefficients.
Reduced MIP has 342 rows, 4515 columns, and 20451 nonzeros.
Reduced MIP has 4515 binaries, 0 generals, 0 SOSs, and 0 indicators.
Presolve time = 0.00 sec. (7.91 ticks)
Tried aggregator 1 time.
Reduced MIP has 342 rows, 4515 columns, and 20451 nonzeros.
Reduced MIP has 4515 binaries, 0 generals, 0 SOSs, and 0 indicators.
Presolve time = 0.00 sec. (8.81 ticks)
Probing time = 0.00 sec. (3.14 ticks)
Clique table members: 14791.
MIP emphasis: balance optimality and feasibility.
MIP search method: dynamic search.
Parallel mode: deterministic, using up to 4 threads.
Root relaxation solution time = 0.02 sec. (22.69 ticks)

        Nodes                                         Cuts/
   Node  Left     Objective  IInf  Best Integer    Best Bound    ItCnt     Gap

*     0+    0                            0.0000    27743.0000              --- 
      0     0    15084.1100    15        0.0000    15084.1100     1041     --- 
*     0+    0                         5547.0000    15084.1100           171.93%
      0     0     9319.4644    10     5547.0000  Cliques: 185     1075   68.01%
      0     0     7374.5867   175     5547.0000     Cuts: 185     1397   32.95%
      0     0        cutoff           5547.0000     5547.0000     1397    0.00%
Elapsed time = 0.39 sec. (239.59 ticks, tree = 0.01 MB, solutions = 2)

Clique cuts applied:  339
Cover cuts applied:  2
Implied bound cuts applied:  1
Mixed integer rounding cuts applied:  3
Zero-half cuts applied:  2

Root node processing (before b&c):
  Real time             =    0.39 sec. (239.88 ticks)
Parallel b&c, 4 threads:
  Real time             =    0.00 sec. (0.00 ticks)
  Sync time (average)   =    0.00 sec.
  Wait time (average)   =    0.00 sec.
                          ------------
Total (root+branch&cut) =    0.39 sec. (239.88 ticks)
