CPXPARAM_Read_DataCheck                          1
Found incumbent of value 0.000000 after 0.00 sec. (0.38 ticks)
Tried aggregator 1 time.
MIP Presolve eliminated 4 rows and 0 columns.
MIP Presolve modified 1 coefficients.
Reduced MIP has 1042 rows, 15015 columns, and 71045 nonzeros.
Reduced MIP has 15015 binaries, 0 generals, 0 SOSs, and 0 indicators.
Presolve time = 0.05 sec. (26.63 ticks)
Tried aggregator 1 time.
Reduced MIP has 1042 rows, 15015 columns, and 71045 nonzeros.
Reduced MIP has 15015 binaries, 0 generals, 0 SOSs, and 0 indicators.
Presolve time = 0.03 sec. (29.95 ticks)
Probing time = 0.03 sec. (4.09 ticks)
Clique table members: 15000.
MIP emphasis: balance optimality and feasibility.
MIP search method: dynamic search.
Parallel mode: deterministic, using up to 4 threads.
Root relaxation solution time = 0.19 sec. (159.86 ticks)

        Nodes                                         Cuts/
   Node  Left     Objective  IInf  Best Integer    Best Bound    ItCnt     Gap

*     0+    0                            0.0000    92874.0000              --- 
      0     0    50099.6260    16        0.0000    50099.6260     2463     --- 
*     0+    0                        21646.0000    50099.6260           131.45%
      0     0        cutoff          21646.0000    21646.0000     5652    0.00%
Elapsed time = 2.53 sec. (1338.11 ticks, tree = 0.01 MB, solutions = 2)

Clique cuts applied:  338
Cover cuts applied:  1
Mixed integer rounding cuts applied:  3
Zero-half cuts applied:  13
Gomory fractional cuts applied:  5

Root node processing (before b&c):
  Real time             =    2.53 sec. (1339.08 ticks)
Parallel b&c, 4 threads:
  Real time             =    0.00 sec. (0.00 ticks)
  Sync time (average)   =    0.00 sec.
  Wait time (average)   =    0.00 sec.
                          ------------
Total (root+branch&cut) =    2.53 sec. (1339.08 ticks)
