CPXPARAM_Read_DataCheck                          1
Found incumbent of value 0.000000 after 0.00 sec. (0.38 ticks)
Tried aggregator 1 time.
MIP Presolve eliminated 9 rows and 0 columns.
MIP Presolve modified 1 coefficients.
Reduced MIP has 1037 rows, 15015 columns, and 66045 nonzeros.
Reduced MIP has 15015 binaries, 0 generals, 0 SOSs, and 0 indicators.
Presolve time = 0.03 sec. (25.73 ticks)
Tried aggregator 1 time.
Reduced MIP has 1037 rows, 15015 columns, and 66045 nonzeros.
Reduced MIP has 15015 binaries, 0 generals, 0 SOSs, and 0 indicators.
Presolve time = 0.05 sec. (28.48 ticks)
Probing time = 0.02 sec. (4.05 ticks)
Clique table members: 15000.
MIP emphasis: balance optimality and feasibility.
MIP search method: dynamic search.
Parallel mode: deterministic, using up to 4 threads.
Root relaxation solution time = 0.14 sec. (148.11 ticks)

        Nodes                                         Cuts/
   Node  Left     Objective  IInf  Best Integer    Best Bound    ItCnt     Gap

*     0+    0                            0.0000    92846.0000              --- 
*     0+    0                         2907.0000    92846.0000              --- 
      0     0    51336.3470    15     2907.0000    51336.3470     2659     --- 
*     0+    0                        21875.0000    51336.3470           134.68%
      0     0        cutoff          21875.0000    21875.0000     7448    0.00%
Elapsed time = 2.38 sec. (1288.87 ticks, tree = 0.01 MB, solutions = 3)

Clique cuts applied:  333
Cover cuts applied:  1
Mixed integer rounding cuts applied:  12
Zero-half cuts applied:  13

Root node processing (before b&c):
  Real time             =    2.38 sec. (1289.93 ticks)
Parallel b&c, 4 threads:
  Real time             =    0.00 sec. (0.00 ticks)
  Sync time (average)   =    0.00 sec.
  Wait time (average)   =    0.00 sec.
                          ------------
Total (root+branch&cut) =    2.38 sec. (1289.93 ticks)
