CPXPARAM_Read_DataCheck                          1
Found incumbent of value 0.000000 after 0.00 sec. (0.04 ticks)
Tried aggregator 1 time.
MIP Presolve modified 7 coefficients.
Reduced MIP has 146 rows, 1515 columns, and 7560 nonzeros.
Reduced MIP has 1515 binaries, 0 generals, 0 SOSs, and 0 indicators.
Presolve time = 0.00 sec. (2.83 ticks)
Probing time = 0.00 sec. (1.51 ticks)
Tried aggregator 1 time.
Reduced MIP has 146 rows, 1515 columns, and 7560 nonzeros.
Reduced MIP has 1515 binaries, 0 generals, 0 SOSs, and 0 indicators.
Presolve time = 0.00 sec. (3.21 ticks)
Probing time = 0.00 sec. (1.51 ticks)
Clique table members: 2192.
MIP emphasis: balance optimality and feasibility.
MIP search method: dynamic search.
Parallel mode: deterministic, using up to 4 threads.
Root relaxation solution time = 0.00 sec. (4.10 ticks)

        Nodes                                         Cuts/
   Node  Left     Objective  IInf  Best Integer    Best Bound    ItCnt     Gap

*     0+    0                            0.0000     9179.0000              --- 
      0     0     5236.9739    18        0.0000     5236.9739      358     --- 
      0     0     4048.8816   196        0.0000     Cuts: 150      976     --- 
*     0+    0                         3226.0000     4048.8816            25.51%
      0     0     3685.1994   359     3226.0000     Cuts: 150     1722   14.23%
      0     0     3521.0825   484     3226.0000     Cuts: 150     2535    9.15%
*     0+    0                         3394.0000     3521.0825             3.74%
      0     0     3469.4059   458     3394.0000     Cuts: 150     3261    2.22%
      0     0     3428.2199   306     3394.0000     Cuts: 148     3820    1.01%
      0     0     3410.3079   353     3394.0000     Cuts: 141     4337    0.48%
      0     0     3400.4582   601     3394.0000      Cuts: 45     4578    0.19%
      0     0        cutoff           3394.0000                   4737     --- 
Elapsed time = 1.05 sec. (563.75 ticks, tree = 0.01 MB, solutions = 3)

GUB cover cuts applied:  1
Clique cuts applied:  617
Cover cuts applied:  35
Flow cuts applied:  11
Mixed integer rounding cuts applied:  76
Zero-half cuts applied:  8

Root node processing (before b&c):
  Real time             =    1.05 sec. (563.87 ticks)
Parallel b&c, 4 threads:
  Real time             =    0.00 sec. (0.00 ticks)
  Sync time (average)   =    0.00 sec.
  Wait time (average)   =    0.00 sec.
                          ------------
Total (root+branch&cut) =    1.05 sec. (563.87 ticks)
