CPXPARAM_Read_DataCheck                          1
Found incumbent of value 0.000000 after 0.00 sec. (0.04 ticks)
Tried aggregator 1 time.
MIP Presolve modified 1 coefficients.
Reduced MIP has 146 rows, 1515 columns, and 7560 nonzeros.
Reduced MIP has 1515 binaries, 0 generals, 0 SOSs, and 0 indicators.
Presolve time = 0.00 sec. (2.95 ticks)
Probing time = 0.00 sec. (1.88 ticks)
Tried aggregator 1 time.
Reduced MIP has 146 rows, 1515 columns, and 7560 nonzeros.
Reduced MIP has 1515 binaries, 0 generals, 0 SOSs, and 0 indicators.
Presolve time = 0.00 sec. (3.48 ticks)
Probing time = 0.00 sec. (1.82 ticks)
Clique table members: 2229.
MIP emphasis: balance optimality and feasibility.
MIP search method: dynamic search.
Parallel mode: deterministic, using up to 4 threads.
Root relaxation solution time = 0.02 sec. (4.40 ticks)

        Nodes                                         Cuts/
   Node  Left     Objective  IInf  Best Integer    Best Bound    ItCnt     Gap

*     0+    0                            0.0000     9283.0000              --- 
      0     0     2070.3214    15        0.0000     2070.3214      276     --- 
      0     0     1895.5020   131        0.0000     Cuts: 150      541     --- 
      0     0     1844.9589   232        0.0000     Cuts: 136      757     --- 
*     0+    0                         1781.0000     1844.9589             3.59%
*     0+    0                         1799.0000     1844.9589             2.55%
      0     0     1832.1827   246     1799.0000      Cuts: 73      865    1.84%
*     0+    0                         1817.0000     1832.1827             0.84%
      0     0     1829.5700   273     1817.0000      Cuts: 29      922    0.69%
      0     0     1829.2254   237     1817.0000      Cuts: 22      970    0.67%
      0     0     1829.0290   234     1817.0000      Cuts: 17     1000    0.66%
      0     0     1828.8857   230     1817.0000      Cuts: 14     1042    0.65%
*     0+    0                         1819.0000     1828.8857             0.54%
      0     0     1828.6717   224     1819.0000       Cuts: 8     1072    0.53%
*     0+    0                         1821.0000     1828.6717             0.42%
*     0+    0                         1824.0000     1828.6717             0.26%
      0     0        cutoff           1824.0000     1824.0000     1072    0.00%
Elapsed time = 0.74 sec. (382.37 ticks, tree = 0.01 MB, solutions = 7)

Clique cuts applied:  210
Cover cuts applied:  34
Implied bound cuts applied:  4
Flow cuts applied:  3
Mixed integer rounding cuts applied:  16
Zero-half cuts applied:  16
Gomory fractional cuts applied:  1

Root node processing (before b&c):
  Real time             =    0.75 sec. (382.53 ticks)
Parallel b&c, 4 threads:
  Real time             =    0.00 sec. (0.00 ticks)
  Sync time (average)   =    0.00 sec.
  Wait time (average)   =    0.00 sec.
                          ------------
Total (root+branch&cut) =    0.75 sec. (382.53 ticks)
