CPXPARAM_Read_DataCheck                          1
Found incumbent of value 0.000000 after 0.00 sec. (2.56 ticks)
Tried aggregator 1 time.
MIP Presolve modified 1 coefficients.
Reduced MIP has 10033 rows, 100010 columns, and 500034 nonzeros.
Reduced MIP has 100010 binaries, 0 generals, 0 SOSs, and 0 indicators.
Presolve time = 0.36 sec. (204.29 ticks)
Tried aggregator 1 time.
Reduced MIP has 10033 rows, 100010 columns, and 500034 nonzeros.
Reduced MIP has 100010 binaries, 0 generals, 0 SOSs, and 0 indicators.
Presolve time = 0.45 sec. (241.70 ticks)
Probing time = 0.30 sec. (52.28 ticks)
Clique table members: 330165.
MIP emphasis: balance optimality and feasibility.
MIP search method: dynamic search.
Parallel mode: deterministic, using up to 4 threads.
Root relaxation solution time = 1.39 sec. (844.22 ticks)

        Nodes                                         Cuts/
   Node  Left     Objective  IInf  Best Integer    Best Bound    ItCnt     Gap

*     0+    0                            0.0000   619395.0000              --- 
*     0+    0                        34882.0000   619395.0000              --- 
      0     0   173989.2067    10    34882.0000   173989.2067       15  398.79%
*     0+    0                        49978.0000   173989.2067           248.13%
*     0+    0                       114486.0000   173989.2067            51.97%
      0     0   173987.1100    10   114486.0000 Cliques: 2608       17   42.28%
*     0+    0                       116193.0000   162893.5864            40.19%
      0     0   173984.2079    10   116193.0000 Cliques: 2608       21   39.00%
      0     2   173984.2079    10   116193.0000   161502.9787       21   39.00%
Elapsed time = 73.73 sec. (28325.17 ticks, tree = 0.01 MB, solutions = 5)
      3     5   163574.3044    11   116193.0000   161502.9787     1157   39.00%
      8     7   146888.1338     7   116193.0000   161502.9787     3338   39.00%
     12    13   147619.4565     6   116193.0000   161502.9787     9425   39.00%
     14    14   143490.3561     7   116193.0000   161502.9787    10668   39.00%
     16    15   145821.5888     9   116193.0000   161502.9787    12913   39.00%
     19    19   143773.7744     5   116193.0000   161502.9787    18839   39.00%
     20    20   135252.9372     4   116193.0000   161502.9787    20519   39.00%
     22    24   131667.8959     7   116193.0000   161502.9787    28649   39.00%
     26    24        cutoff         116193.0000   161502.9787    31384   39.00%
     44    31   144865.1072     6   116193.0000   161502.9787    49843   39.00%
Elapsed time = 81.34 sec. (32436.47 ticks, tree = 0.40 MB, solutions = 5)
     48    29   157240.4828     7   116193.0000   160642.1479    52007   38.25%
     50    32   141698.9655     9   116193.0000   160293.9662    62590   37.95%
     56    35   140660.2390    14   116193.0000   158446.1605    74412   36.36%
     61    40   123458.4682     2   116193.0000   157061.3004    95722   35.17%
     67    40   130600.2609     7   116193.0000   156147.6681   105813   34.39%
     71    42   125311.2002     8   116193.0000   156147.6681   113426   34.39%
     76    48   118485.8141     6   116193.0000   156147.6681   137893   34.39%
     84    44        cutoff         116193.0000   150310.3720   159351   29.36%
     89    46   128436.9222     5   116193.0000   150310.3720   188758   29.36%
    100    48   117053.3931     8   116193.0000   149681.8554   203296   28.82%
Elapsed time = 99.11 sec. (43708.24 ticks, tree = 0.69 MB, solutions = 5)
    110    50   123571.2064     9   116193.0000   145779.1250   226092   25.46%
    137    49   131746.9064     5   116193.0000   145779.1250   223265   25.46%
    149    50   120691.8496    11   116193.0000   143449.5050   235753   23.46%
    162    75   120962.5056    11   116193.0000   143159.6818   255714   23.21%
    172    76   131068.3977    14   116193.0000   141556.2604   270490   21.83%
    180    87   116597.1088     1   116193.0000   141556.2604   286229   21.83%
    208    78   118605.4436    11   116193.0000   141556.2604   284800   21.83%
    232    91   116593.1088     1   116193.0000   141556.2604   288858   21.83%
    252   100   120000.0786     8   116193.0000   138215.8177   302843   18.95%
    258   104   119540.2556     3   116193.0000   138215.8177   309719   18.95%
Elapsed time = 118.45 sec. (54608.01 ticks, tree = 2.56 MB, solutions = 5)
    267   112   121256.1576     5   116193.0000   138040.1381   325918   18.80%
    277   112   117961.7158    10   116193.0000   138040.1381   329156   18.80%
    283   110   118855.3222    12   116193.0000   138040.1381   345984   18.80%
    292   109   117365.1790     8   116193.0000   138040.1381   348840   18.80%
    303   105   122765.8807    10   116193.0000   138040.1381   357622   18.80%
    310   100   117362.5090     5   116193.0000   138040.1381   369146   18.80%
    330   100   117292.5661     7   116193.0000   138040.1381   380378   18.80%
    353   101   116605.6939     8   116193.0000   130712.8677   398237   12.50%
    360    95   116605.9093     8   116193.0000   128336.2186   412080   10.45%
    372   116   116453.6485    11   116193.0000   128336.2186   419604   10.45%
Elapsed time = 137.52 sec. (65367.48 ticks, tree = 1.81 MB, solutions = 5)
    417   122   116453.6485    11   116193.0000   128336.2186   423685   10.45%
    431   103        cutoff         116193.0000   128336.2186   436106   10.45%
    442   102        cutoff         116193.0000   128336.2186   437910   10.45%
    455    93        cutoff         116193.0000   128336.2186   440682   10.45%
    461    89        cutoff         116193.0000   128336.2186   441828   10.45%
    483   101   117362.2590     5   116193.0000   128336.2186   443266   10.45%
    499    99        cutoff         116193.0000   128336.2186   446380   10.45%
    515    95        cutoff         116193.0000   128336.2186   449217   10.45%
    529    97   117357.9058     8   116193.0000   128336.2186   450082   10.45%
    556    93   117357.9058    10   116193.0000   128336.2186   452734   10.45%
Elapsed time = 156.16 sec. (75490.86 ticks, tree = 2.19 MB, solutions = 5)
    582    88        cutoff         116193.0000   121872.4847   455037    4.89%
    615   101        cutoff         116193.0000   121872.4847   458915    4.89%
    643   114        cutoff         116193.0000   119711.8088   474556    3.03%
    680    75   117354.0396    15   116193.0000   117362.5090   496681    1.01%

Clique cuts applied:  5215
Cover cuts applied:  18
Implied bound cuts applied:  13

Root node processing (before b&c):
  Real time             =   73.56 sec. (28259.82 ticks)
Parallel b&c, 4 threads:
  Real time             =   89.91 sec. (52041.37 ticks)
  Sync time (average)   =   12.79 sec.
  Wait time (average)   =    0.04 sec.
                          ------------
Total (root+branch&cut) =  163.47 sec. (80301.18 ticks)
