CPXPARAM_Read_DataCheck                          1
Found incumbent of value 0.000000 after 0.00 sec. (2.56 ticks)
Tried aggregator 1 time.
MIP Presolve modified 1 coefficients.
Reduced MIP has 10033 rows, 100010 columns, and 500034 nonzeros.
Reduced MIP has 100010 binaries, 0 generals, 0 SOSs, and 0 indicators.
Presolve time = 0.30 sec. (204.70 ticks)
Tried aggregator 1 time.
Reduced MIP has 10033 rows, 100010 columns, and 500034 nonzeros.
Reduced MIP has 100010 binaries, 0 generals, 0 SOSs, and 0 indicators.
Presolve time = 0.41 sec. (242.08 ticks)
Probing time = 0.30 sec. (54.85 ticks)
Clique table members: 329973.
MIP emphasis: balance optimality and feasibility.
MIP search method: dynamic search.
Parallel mode: deterministic, using up to 4 threads.
Root relaxation solution time = 1.31 sec. (810.59 ticks)

        Nodes                                         Cuts/
   Node  Left     Objective  IInf  Best Integer    Best Bound    ItCnt     Gap

*     0+    0                            0.0000   622176.0000              --- 
      0     0   172590.0480    10        0.0000   172590.0480       14     --- 
*     0+    0                         6791.0000   172590.0480              --- 
*     0+    0                       112604.0000   172590.0480            53.27%
      0     0   148747.2837  3782   112604.0000    Cuts: 2608    10204   32.10%
      0     0   140387.1174  5540   112604.0000    Cuts: 2608    17923   24.67%
      0     0   137750.8956  6468   112604.0000    Cuts: 2608    23770   22.33%
      0     0   134689.4571  9965   112604.0000    Cuts: 2608    32555   19.61%
      0     0   132932.8553 12459   112604.0000    Cuts: 2608    39545   18.05%
      0     0   131663.4620 15082   112604.0000    Cuts: 2608    46675   11.92%
*     0+    0                       112687.0000   126029.4894            11.84%
      0     0   129776.6787 17167   112687.0000    Cuts: 2608    56755    1.70%
      0     0        cutoff         112687.0000   112687.0000    63949    0.00%
Elapsed time = 428.09 sec. (270996.46 ticks, tree = 0.01 MB, solutions = 4)

Clique cuts applied:  15642
Cover cuts applied:  4
Implied bound cuts applied:  15
Mixed integer rounding cuts applied:  126

Root node processing (before b&c):
  Real time             =  428.13 sec. (271004.98 ticks)
Parallel b&c, 4 threads:
  Real time             =    0.00 sec. (0.00 ticks)
  Sync time (average)   =    0.00 sec.
  Wait time (average)   =    0.00 sec.
                          ------------
Total (root+branch&cut) =  428.13 sec. (271004.98 ticks)
