CPXPARAM_Read_DataCheck                          1
Found incumbent of value 0.000000 after 0.00 sec. (2.56 ticks)
Tried aggregator 1 time.
MIP Presolve eliminated 4 rows and 0 columns.
MIP Presolve modified 1 coefficients.
Reduced MIP has 10029 rows, 100010 columns, and 460034 nonzeros.
Reduced MIP has 100010 binaries, 0 generals, 0 SOSs, and 0 indicators.
Presolve time = 0.27 sec. (178.06 ticks)
Tried aggregator 1 time.
Reduced MIP has 10029 rows, 100010 columns, and 460034 nonzeros.
Reduced MIP has 100010 binaries, 0 generals, 0 SOSs, and 0 indicators.
Presolve time = 0.36 sec. (199.30 ticks)
Probing time = 0.30 sec. (52.95 ticks)
Clique table members: 330077.
MIP emphasis: balance optimality and feasibility.
MIP search method: dynamic search.
Parallel mode: deterministic, using up to 4 threads.
Root relaxation solution time = 1.47 sec. (892.35 ticks)

        Nodes                                         Cuts/
   Node  Left     Objective  IInf  Best Integer    Best Bound    ItCnt     Gap

*     0+    0                            0.0000   622176.0000              --- 
*     0+    0                       150997.0000   622176.0000           312.05%
*     0+    0                       151001.0000   622176.0000           312.03%
      0     0   342537.5709    10   151001.0000   342537.5709       18  126.84%
*     0+    0                       197502.0000   342537.5709            73.43%
      0     0        cutoff         197502.0000   197502.0000       47    0.00%
Elapsed time = 109.08 sec. (43332.55 ticks, tree = 0.01 MB, solutions = 4)

Clique cuts applied:  2607

Root node processing (before b&c):
  Real time             =  109.09 sec. (43340.15 ticks)
Parallel b&c, 4 threads:
  Real time             =    0.00 sec. (0.00 ticks)
  Sync time (average)   =    0.00 sec.
  Wait time (average)   =    0.00 sec.
                          ------------
Total (root+branch&cut) =  109.09 sec. (43340.15 ticks)
