CPXPARAM_Read_DataCheck                          1
Found incumbent of value 0.000000 after 0.01 sec. (0.77 ticks)
Tried aggregator 1 time.
MIP Presolve modified 1 coefficients.
Reduced MIP has 2046 rows, 30015 columns, and 150060 nonzeros.
Reduced MIP has 30015 binaries, 0 generals, 0 SOSs, and 0 indicators.
Presolve time = 0.06 sec. (58.51 ticks)
Tried aggregator 1 time.
Reduced MIP has 2046 rows, 30015 columns, and 150060 nonzeros.
Reduced MIP has 30015 binaries, 0 generals, 0 SOSs, and 0 indicators.
Presolve time = 0.09 sec. (69.27 ticks)
Probing time = 0.02 sec. (7.30 ticks)
Clique table members: 59945.
MIP emphasis: balance optimality and feasibility.
MIP search method: dynamic search.
Parallel mode: deterministic, using up to 4 threads.
Root relaxation solution time = 0.13 sec. (87.15 ticks)

        Nodes                                         Cuts/
   Node  Left     Objective  IInf  Best Integer    Best Bound    ItCnt     Gap

*     0+    0                            0.0000   185566.0000              --- 
      0     0    40894.3767    15        0.0000    40894.3767     5059     --- 
      0     0    38236.6368   974        0.0000     Cuts: 611     8020     --- 
*     0+    0                        34172.0000    38236.6368            11.89%
      0     0    37204.5733  1851    34172.0000     Cuts: 611    11642    8.87%
*     0+    0                        34263.0000    37204.5733             8.59%
      0     0    36739.7914  2614    34263.0000     Cuts: 611    14887    7.23%
*     0+    0                        34413.0000    36739.7914             6.76%
      0     0    36459.5755  3320    34413.0000     Cuts: 611    17923    5.95%
*     0+    0                        34465.0000    36459.5755             5.79%
      0     0    36166.7285  3553    34465.0000     Cuts: 611    21206    4.94%
*     0+    0                        34667.0000    36166.7285             4.33%
      0     0    35949.7683  4090    34667.0000     Cuts: 611    24583    3.70%
      0     0    35746.3222  4616    34667.0000     Cuts: 611    28015    3.11%
      0     0    35552.0376  5091    34667.0000     Cuts: 611    31747    2.55%
      0     0    35402.8347  5546    34667.0000     Cuts: 611    34780    2.12%
      0     0    35287.1068  6026    34667.0000     Cuts: 611    37740    1.79%
      0     0    35196.2603  6416    34667.0000     Cuts: 611    40250    1.53%
*     0+    0                        34699.0000    35196.2603             1.43%
      0     0    35123.2905  6830    34699.0000     Cuts: 611    42828    1.22%
*     0+    0                        34739.0000    35123.2905             1.11%
      0     0    35071.8128  7571    34739.0000     Cuts: 611    44946    0.96%
      0     0    35047.6182  7762    34739.0000     Cuts: 464    46392    0.89%
      0     0    35036.1390  7511    34739.0000     Cuts: 426    47775    0.86%
      0     0    35030.0982  7664    34739.0000     Cuts: 281    48397    0.84%
      0     0    35026.9045  7991    34739.0000     Cuts: 167    49123    0.83%
      0     2    35026.9045  7991    34739.0000    35026.9045    49123    0.83%
Elapsed time = 116.88 sec. (88428.71 ticks, tree = 0.01 MB, solutions = 8)
      1     3    34991.0392  6714    34739.0000    35026.8767    50285    0.83%
      2     3    34962.5632  7155    34739.0000    35026.8767    50794    0.83%
      3     4    34928.5464  6080    34739.0000    35026.8767    51526    0.83%
      4     5    34902.2700  6589    34739.0000    34991.0293    52847    0.73%
      5     6    34859.9382  5330    34739.0000    34991.0284    54729    0.73%
      7     4    34921.3654  6292    34739.0000    34991.0284    51823    0.73%
      8     5    34907.6971  6379    34739.0000    34991.0284    53574    0.73%
     10     8    34819.4739  4763    34739.0000    34991.0284    56759    0.73%
     11    11    34874.5681  5833    34739.0000    34928.5216    60630    0.55%
     21    14    34747.6141  4505    34739.0000    34928.5216    64245    0.55%
Elapsed time = 129.41 sec. (95945.45 ticks, tree = 0.33 MB, solutions = 8)
     31    16    34841.1157  3668    34739.0000    34921.1043    67293    0.52%
     35    20    34752.2330  3474    34739.0000    34921.1043    71463    0.52%
     43    24    34760.7664  3466    34739.0000    34907.6597    79751    0.49%
     76    49    34740.5128    12    34739.0000    34883.0874    83800    0.41%
*   125    28      integral     0    34740.0000    34883.0874    84064    0.41%
    132    28    34740.0000     0    34740.0000    34883.0874    84064    0.41%
    137    27    34749.4178  4458    34740.0000    34883.0874    88837    0.41%
    152    18        cutoff          34740.0000    34828.5445    97064    0.25%
    165    19    34743.6701  5093    34740.0000    34817.4850    99938    0.22%

Clique cuts applied:  5853
Cover cuts applied:  39
Flow cuts applied:  22
Mixed integer rounding cuts applied:  218
Zero-half cuts applied:  49

Root node processing (before b&c):
  Real time             =  116.47 sec. (87794.78 ticks)
Parallel b&c, 4 threads:
  Real time             =   30.28 sec. (17597.33 ticks)
  Sync time (average)   =    2.51 sec.
  Wait time (average)   =    0.02 sec.
                          ------------
Total (root+branch&cut) =  146.75 sec. (105392.10 ticks)
