CPXPARAM_Read_DataCheck                          1
Found incumbent of value 0.000000 after 0.00 sec. (0.77 ticks)
Tried aggregator 1 time.
MIP Presolve modified 7 coefficients.
Reduced MIP has 2046 rows, 30015 columns, and 150060 nonzeros.
Reduced MIP has 30015 binaries, 0 generals, 0 SOSs, and 0 indicators.
Presolve time = 0.06 sec. (54.26 ticks)
Tried aggregator 1 time.
Reduced MIP has 2046 rows, 30015 columns, and 150060 nonzeros.
Reduced MIP has 30015 binaries, 0 generals, 0 SOSs, and 0 indicators.
Presolve time = 0.08 sec. (61.79 ticks)
Probing time = 0.01 sec. (7.70 ticks)
Clique table members: 59247.
MIP emphasis: balance optimality and feasibility.
MIP search method: dynamic search.
Parallel mode: deterministic, using up to 4 threads.
Root relaxation solution time = 0.23 sec. (155.68 ticks)

        Nodes                                         Cuts/
   Node  Left     Objective  IInf  Best Integer    Best Bound    ItCnt     Gap

*     0+    0                            0.0000   184624.0000              --- 
      0     0    87514.0465    25        0.0000    87514.0465     7916     --- 
*     0+    0                        59951.0000    87514.0465            45.98%
      0     0        cutoff          59951.0000    59951.0000    12235    0.00%
Elapsed time = 8.67 sec. (5270.51 ticks, tree = 0.01 MB, solutions = 2)

Clique cuts applied:  591
Cover cuts applied:  2
Mixed integer rounding cuts applied:  14
Gomory fractional cuts applied:  4

Root node processing (before b&c):
  Real time             =    8.67 sec. (5272.47 ticks)
Parallel b&c, 4 threads:
  Real time             =    0.00 sec. (0.00 ticks)
  Sync time (average)   =    0.00 sec.
  Wait time (average)   =    0.00 sec.
                          ------------
Total (root+branch&cut) =    8.67 sec. (5272.47 ticks)
