CPXPARAM_Read_DataCheck                          1
Found incumbent of value 0.000000 after 0.00 sec. (0.77 ticks)
Tried aggregator 1 time.
MIP Presolve modified 1 coefficients.
Reduced MIP has 2046 rows, 30015 columns, and 150060 nonzeros.
Reduced MIP has 30015 binaries, 0 generals, 0 SOSs, and 0 indicators.
Presolve time = 0.06 sec. (58.44 ticks)
Tried aggregator 1 time.
Reduced MIP has 2046 rows, 30015 columns, and 150060 nonzeros.
Reduced MIP has 30015 binaries, 0 generals, 0 SOSs, and 0 indicators.
Presolve time = 0.09 sec. (69.23 ticks)
Probing time = 0.02 sec. (7.30 ticks)
Clique table members: 59936.
MIP emphasis: balance optimality and feasibility.
MIP search method: dynamic search.
Parallel mode: deterministic, using up to 4 threads.
Root relaxation solution time = 0.13 sec. (99.30 ticks)

        Nodes                                         Cuts/
   Node  Left     Objective  IInf  Best Integer    Best Bound    ItCnt     Gap

*     0+    0                            0.0000   184624.0000              --- 
      0     0    35766.4044    24        0.0000    35766.4044     5694     --- 
*     0+    0                        13206.0000    35766.4044           170.83%
      0     0    33275.9903   943    13206.0000     Cuts: 611     7964  151.98%
*     0+    0                        28778.0000    33275.9903            15.63%
      0     0    32525.7216  1870    28778.0000     Cuts: 611     9920   13.02%
*     0+    0                        30310.0000    32525.7216             7.31%
      0     0    32159.8406  2623    30310.0000     Cuts: 611    11974    6.10%
      0     0    31808.3712  2854    30310.0000     Cuts: 611    14014    4.94%
      0     0    31496.1669  3432    30310.0000     Cuts: 611    16464    3.91%
      0     0    31284.9931  3490    30310.0000     Cuts: 611    18730    3.22%
*     0+    0                        30629.0000    31284.9931             2.14%
      0     0    31116.5364  4047    30629.0000     Cuts: 611    20850    1.59%
*     0+    0                        30858.0000    31116.5364             0.84%
      0     0    30977.5706  4159    30858.0000     Cuts: 611    22524    0.04%
*     0+    0                        30868.0000    30868.8750             0.00%
      0     0        cutoff          30868.0000    30868.0000    25797    0.00%
Elapsed time = 36.66 sec. (28223.15 ticks, tree = 0.01 MB, solutions = 7)

Clique cuts applied:  4230
Cover cuts applied:  16
Mixed integer rounding cuts applied:  67
Zero-half cuts applied:  1

Root node processing (before b&c):
  Real time             =   36.66 sec. (28226.14 ticks)
Parallel b&c, 4 threads:
  Real time             =    0.00 sec. (0.00 ticks)
  Sync time (average)   =    0.00 sec.
  Wait time (average)   =    0.00 sec.
                          ------------
Total (root+branch&cut) =   36.66 sec. (28226.14 ticks)
