CPXPARAM_Read_DataCheck                          1
Found incumbent of value 0.000000 after 0.00 sec. (0.26 ticks)
Tried aggregator 1 time.
MIP Presolve modified 1 coefficients.
Reduced MIP has 1033 rows, 10010 columns, and 50034 nonzeros.
Reduced MIP has 10010 binaries, 0 generals, 0 SOSs, and 0 indicators.
Presolve time = 0.03 sec. (19.48 ticks)
Tried aggregator 1 time.
Reduced MIP has 1033 rows, 10010 columns, and 50034 nonzeros.
Reduced MIP has 10010 binaries, 0 generals, 0 SOSs, and 0 indicators.
Presolve time = 0.05 sec. (23.25 ticks)
Probing time = 0.05 sec. (7.48 ticks)
Clique table members: 33189.
MIP emphasis: balance optimality and feasibility.
MIP search method: dynamic search.
Parallel mode: deterministic, using up to 4 threads.
Root relaxation solution time = 0.13 sec. (113.74 ticks)

        Nodes                                         Cuts/
   Node  Left     Objective  IInf  Best Integer    Best Bound    ItCnt     Gap

*     0+    0                            0.0000    61787.0000              --- 
*     0+    0                         8451.0000    61787.0000           631.12%
*     0+    0                         9103.0000    61787.0000           578.75%
      0     0    17719.0600    10     9103.0000    17719.0600     1676   94.65%
*     0+    0                        12103.0000    17719.0600            46.40%
      0     0    16102.0269   287    12103.0000     Cuts: 358     2530   33.04%
*     0+    0                        13214.0000    16102.0269            21.86%
      0     0    15242.2670   700    13214.0000     Cuts: 358     3258   12.47%
      0     0    15030.2876   822    13214.0000     Cuts: 358     3689    8.94%
      0     0        cutoff          13214.0000    13214.0000     4138    0.00%
Elapsed time = 3.66 sec. (1479.93 ticks, tree = 0.01 MB, solutions = 5)

Clique cuts applied:  884
Cover cuts applied:  5
Implied bound cuts applied:  2
Mixed integer rounding cuts applied:  31
Zero-half cuts applied:  8

Root node processing (before b&c):
  Real time             =    3.66 sec. (1480.80 ticks)
Parallel b&c, 4 threads:
  Real time             =    0.00 sec. (0.00 ticks)
  Sync time (average)   =    0.00 sec.
  Wait time (average)   =    0.00 sec.
                          ------------
Total (root+branch&cut) =    3.66 sec. (1480.80 ticks)
