CPXPARAM_Read_DataCheck                          1
Found incumbent of value 0.000000 after 0.00 sec. (0.26 ticks)
Tried aggregator 1 time.
MIP Presolve modified 1 coefficients.
Reduced MIP has 1033 rows, 10010 columns, and 50034 nonzeros.
Reduced MIP has 10010 binaries, 0 generals, 0 SOSs, and 0 indicators.
Presolve time = 0.03 sec. (19.62 ticks)
Tried aggregator 1 time.
Reduced MIP has 1033 rows, 10010 columns, and 50034 nonzeros.
Reduced MIP has 10010 binaries, 0 generals, 0 SOSs, and 0 indicators.
Presolve time = 0.05 sec. (23.39 ticks)
Probing time = 0.02 sec. (7.53 ticks)
Clique table members: 33053.
MIP emphasis: balance optimality and feasibility.
MIP search method: dynamic search.
Parallel mode: deterministic, using up to 4 threads.
Root relaxation solution time = 0.11 sec. (111.99 ticks)

        Nodes                                         Cuts/
   Node  Left     Objective  IInf  Best Integer    Best Bound    ItCnt     Gap

*     0+    0                            0.0000    61462.0000              --- 
*     0+    0                         6304.0000    61462.0000           874.97%
*     0+    0                         7494.0000    61462.0000           720.15%
      0     0    17488.6250    10     7494.0000    17488.6250     1756  133.37%
*     0+    0                        12056.0000    17488.6250            45.06%
      0     0    15641.8632   419    12056.0000     Cuts: 358     2757   29.74%
*     0+    0                        12206.0000    15641.8632            28.15%
      0     0    14619.4394   793    12206.0000     Cuts: 358     3770   19.77%
*     0+    0                        12254.0000    14619.4394            19.30%
      0     0    14089.7105  1189    12254.0000     Cuts: 358     4889   14.98%
*     0+    0                        12512.0000    14089.7105            12.61%
      0     0    13602.0051  1376    12512.0000     Cuts: 358     5743    7.41%
      0     0        cutoff          12512.0000    12512.0000     6633    0.00%
Elapsed time = 4.74 sec. (2563.30 ticks, tree = 0.01 MB, solutions = 7)

Clique cuts applied:  1291
Cover cuts applied:  6
Implied bound cuts applied:  14
Mixed integer rounding cuts applied:  36
Zero-half cuts applied:  8

Root node processing (before b&c):
  Real time             =    4.74 sec. (2564.34 ticks)
Parallel b&c, 4 threads:
  Real time             =    0.00 sec. (0.00 ticks)
  Sync time (average)   =    0.00 sec.
  Wait time (average)   =    0.00 sec.
                          ------------
Total (root+branch&cut) =    4.74 sec. (2564.34 ticks)
