CPXPARAM_Read_DataCheck                          1
Found incumbent of value 0.000000 after 0.00 sec. (0.26 ticks)
Tried aggregator 1 time.
MIP Presolve eliminated 3 rows and 0 columns.
MIP Presolve modified 1 coefficients.
Reduced MIP has 1030 rows, 10010 columns, and 47034 nonzeros.
Reduced MIP has 10010 binaries, 0 generals, 0 SOSs, and 0 indicators.
Presolve time = 0.02 sec. (18.24 ticks)
Tried aggregator 1 time.
Reduced MIP has 1030 rows, 10010 columns, and 47034 nonzeros.
Reduced MIP has 10010 binaries, 0 generals, 0 SOSs, and 0 indicators.
Presolve time = 0.02 sec. (20.48 ticks)
Probing time = 0.03 sec. (8.49 ticks)
Clique table members: 33577.
MIP emphasis: balance optimality and feasibility.
MIP search method: dynamic search.
Parallel mode: deterministic, using up to 4 threads.
Root relaxation solution time = 0.08 sec. (78.14 ticks)

        Nodes                                         Cuts/
   Node  Left     Objective  IInf  Best Integer    Best Bound    ItCnt     Gap

*     0+    0                            0.0000    61592.0000              --- 
*     0+    0                         1813.0000    61592.0000              --- 
*     0+    0                         1822.0000    61592.0000              --- 
      0     0    29240.2130    10     1822.0000    29240.2130     1989     --- 
*     0+    0                        12375.0000    29240.2130           136.28%
*     0+    0                        14587.0000    29240.2130           100.45%
      0     0    29215.1330    10    14587.0000  Cliques: 357     2004   21.04%
      0     0        cutoff          14587.0000    14587.0000     2011    0.00%
Elapsed time = 2.80 sec. (1334.64 ticks, tree = 0.01 MB, solutions = 5)

Clique cuts applied:  709
Implied bound cuts applied:  3

Root node processing (before b&c):
  Real time             =    2.80 sec. (1335.49 ticks)
Parallel b&c, 4 threads:
  Real time             =    0.00 sec. (0.00 ticks)
  Sync time (average)   =    0.00 sec.
  Wait time (average)   =    0.00 sec.
                          ------------
Total (root+branch&cut) =    2.80 sec. (1335.49 ticks)
