CPXPARAM_Read_DataCheck                          1
Found incumbent of value 0.000000 after 0.00 sec. (0.26 ticks)
Tried aggregator 1 time.
MIP Presolve modified 1 coefficients.
Reduced MIP has 1033 rows, 10010 columns, and 50034 nonzeros.
Reduced MIP has 10010 binaries, 0 generals, 0 SOSs, and 0 indicators.
Presolve time = 0.02 sec. (19.66 ticks)
Tried aggregator 1 time.
Reduced MIP has 1033 rows, 10010 columns, and 50034 nonzeros.
Reduced MIP has 10010 binaries, 0 generals, 0 SOSs, and 0 indicators.
Presolve time = 0.03 sec. (23.39 ticks)
Probing time = 0.01 sec. (7.55 ticks)
Clique table members: 33021.
MIP emphasis: balance optimality and feasibility.
MIP search method: dynamic search.
Parallel mode: deterministic, using up to 4 threads.
Root relaxation solution time = 0.11 sec. (124.71 ticks)

        Nodes                                         Cuts/
   Node  Left     Objective  IInf  Best Integer    Best Bound    ItCnt     Gap

*     0+    0                            0.0000    62075.0000              --- 
*     0+    0                         1500.0000    62075.0000              --- 
      0     0    17338.9987    12     1500.0000    17338.9987     1821     --- 
*     0+    0                         8878.0000    17338.9987            95.30%
      0     0    14895.9044    30     8878.0000     Cuts: 358     2993   67.78%
*     0+    0                        12105.0000    14895.9044            23.06%
      0     0    13603.3667   460    12105.0000     Cuts: 358     4470   12.38%
      0     0    13231.4611   869    12105.0000     Cuts: 358     5242    9.31%
      0     0        cutoff          12105.0000    12105.0000     6002    0.00%
Elapsed time = 2.89 sec. (1687.29 ticks, tree = 0.01 MB, solutions = 4)

Clique cuts applied:  853
Cover cuts applied:  1
Implied bound cuts applied:  11
Mixed integer rounding cuts applied:  31
Zero-half cuts applied:  11
Gomory fractional cuts applied:  1

Root node processing (before b&c):
  Real time             =    2.89 sec. (1688.12 ticks)
Parallel b&c, 4 threads:
  Real time             =    0.00 sec. (0.00 ticks)
  Sync time (average)   =    0.00 sec.
  Wait time (average)   =    0.00 sec.
                          ------------
Total (root+branch&cut) =    2.89 sec. (1688.12 ticks)
