CPXPARAM_Read_DataCheck                          1
Found incumbent of value 0.000000 after 0.00 sec. (0.13 ticks)
Tried aggregator 1 time.
MIP Presolve modified 1 coefficients.
Reduced MIP has 1017 rows, 5005 columns, and 25017 nonzeros.
Reduced MIP has 5005 binaries, 0 generals, 0 SOSs, and 0 indicators.
Presolve time = 0.02 sec. (10.50 ticks)
Probing time = 0.02 sec. (5.42 ticks)
Tried aggregator 1 time.
Reduced MIP has 1017 rows, 5005 columns, and 25017 nonzeros.
Reduced MIP has 5005 binaries, 0 generals, 0 SOSs, and 0 indicators.
Presolve time = 0.02 sec. (12.42 ticks)
Probing time = 0.02 sec. (5.44 ticks)
Clique table members: 16064.
MIP emphasis: balance optimality and feasibility.
MIP search method: dynamic search.
Parallel mode: deterministic, using up to 4 threads.
Root relaxation solution time = 0.03 sec. (45.89 ticks)

        Nodes                                         Cuts/
   Node  Left     Objective  IInf  Best Integer    Best Bound    ItCnt     Gap

*     0+    0                            0.0000    30948.0000              --- 
*     0+    0                         4665.0000    30948.0000           563.41%
*     0+    0                         4837.0000    30948.0000           539.82%
      0     0    10346.6340     5     4837.0000    10346.6340     1322  113.91%
*     0+    0                         7196.0000    10346.6340            43.78%
      0     0        cutoff           7196.0000     7196.0000     1508    0.00%
Elapsed time = 0.45 sec. (224.42 ticks, tree = 0.01 MB, solutions = 4)

Clique cuts applied:  349
Implied bound cuts applied:  2
Zero-half cuts applied:  3

Root node processing (before b&c):
  Real time             =    0.45 sec. (224.82 ticks)
Parallel b&c, 4 threads:
  Real time             =    0.00 sec. (0.00 ticks)
  Sync time (average)   =    0.00 sec.
  Wait time (average)   =    0.00 sec.
                          ------------
Total (root+branch&cut) =    0.45 sec. (224.82 ticks)
