CPXPARAM_Read_DataCheck                          1
Found incumbent of value 0.000000 after 0.00 sec. (0.13 ticks)
Tried aggregator 1 time.
MIP Presolve modified 1 coefficients.
Reduced MIP has 1017 rows, 5005 columns, and 25017 nonzeros.
Reduced MIP has 5005 binaries, 0 generals, 0 SOSs, and 0 indicators.
Presolve time = 0.00 sec. (8.97 ticks)
Probing time = 0.00 sec. (6.25 ticks)
Tried aggregator 1 time.
Reduced MIP has 1017 rows, 5005 columns, and 25017 nonzeros.
Reduced MIP has 5005 binaries, 0 generals, 0 SOSs, and 0 indicators.
Presolve time = 0.00 sec. (10.90 ticks)
Probing time = 0.02 sec. (6.14 ticks)
Clique table members: 17564.
MIP emphasis: balance optimality and feasibility.
MIP search method: dynamic search.
Parallel mode: deterministic, using up to 4 threads.
Root relaxation solution time = 0.05 sec. (43.54 ticks)

        Nodes                                         Cuts/
   Node  Left     Objective  IInf  Best Integer    Best Bound    ItCnt     Gap

*     0+    0                            0.0000    30920.0000              --- 
*     0+    0                         4752.0000    30920.0000           550.67%
*     0+    0                         4754.0000    30920.0000           550.40%
      0     0    14279.5850     5     4754.0000    14279.5850     1527  200.37%
*     0+    0                         4788.0000    14279.5850           198.24%
      0     0        cutoff           4788.0000     4788.0000     1531    0.00%
Elapsed time = 0.56 sec. (314.87 ticks, tree = 0.01 MB, solutions = 4)

Clique cuts applied:  354

Root node processing (before b&c):
  Real time             =    0.56 sec. (315.26 ticks)
Parallel b&c, 4 threads:
  Real time             =    0.00 sec. (0.00 ticks)
  Sync time (average)   =    0.00 sec.
  Wait time (average)   =    0.00 sec.
                          ------------
Total (root+branch&cut) =    0.56 sec. (315.26 ticks)
