CPXPARAM_Read_DataCheck                          1
Found incumbent of value 0.000000 after 0.00 sec. (0.13 ticks)
Tried aggregator 1 time.
MIP Presolve modified 1 coefficients.
Reduced MIP has 1017 rows, 5005 columns, and 25017 nonzeros.
Reduced MIP has 5005 binaries, 0 generals, 0 SOSs, and 0 indicators.
Presolve time = 0.02 sec. (10.52 ticks)
Probing time = 0.00 sec. (5.66 ticks)
Tried aggregator 1 time.
Reduced MIP has 1017 rows, 5005 columns, and 25017 nonzeros.
Reduced MIP has 5005 binaries, 0 generals, 0 SOSs, and 0 indicators.
Presolve time = 0.00 sec. (12.57 ticks)
Probing time = 0.02 sec. (5.38 ticks)
Clique table members: 16064.
MIP emphasis: balance optimality and feasibility.
MIP search method: dynamic search.
Parallel mode: deterministic, using up to 4 threads.
Root relaxation solution time = 0.05 sec. (50.32 ticks)

        Nodes                                         Cuts/
   Node  Left     Objective  IInf  Best Integer    Best Bound    ItCnt     Gap

*     0+    0                            0.0000    30920.0000              --- 
*     0+    0                         2655.0000    30920.0000              --- 
*     0+    0                         2704.0000    30920.0000              --- 
*     0+    0                         2715.0000    30920.0000              --- 
      0     0    10607.5950     7     2715.0000    10607.5950     1451  290.70%
*     0+    0                         6452.0000    10607.5950            64.41%
      0     0     8538.6174   207     6452.0000     Cuts: 354     1967   26.41%
      0     0        cutoff           6452.0000     6452.0000     2498    0.00%
Elapsed time = 0.72 sec. (465.96 ticks, tree = 0.01 MB, solutions = 5)

Clique cuts applied:  500
Cover cuts applied:  1
Implied bound cuts applied:  2
Mixed integer rounding cuts applied:  2
Zero-half cuts applied:  2
Gomory fractional cuts applied:  1

Root node processing (before b&c):
  Real time             =    0.72 sec. (466.40 ticks)
Parallel b&c, 4 threads:
  Real time             =    0.00 sec. (0.00 ticks)
  Sync time (average)   =    0.00 sec.
  Wait time (average)   =    0.00 sec.
                          ------------
Total (root+branch&cut) =    0.72 sec. (466.40 ticks)
