CPXPARAM_Read_DataCheck                          1
Found incumbent of value 0.000000 after 0.02 sec. (0.03 ticks)
Tried aggregator 1 time.
MIP Presolve modified 1 coefficients.
Reduced MIP has 133 rows, 1010 columns, and 5034 nonzeros.
Reduced MIP has 1010 binaries, 0 generals, 0 SOSs, and 0 indicators.
Presolve time = 0.00 sec. (2.04 ticks)
Probing time = 0.00 sec. (2.50 ticks)
Tried aggregator 1 time.
Reduced MIP has 133 rows, 1010 columns, and 5034 nonzeros.
Reduced MIP has 1010 binaries, 0 generals, 0 SOSs, and 0 indicators.
Presolve time = 0.00 sec. (2.41 ticks)
Probing time = 0.00 sec. (2.49 ticks)
Clique table members: 3401.
MIP emphasis: balance optimality and feasibility.
MIP search method: dynamic search.
Parallel mode: deterministic, using up to 4 threads.
Root relaxation solution time = 0.02 sec. (3.28 ticks)

        Nodes                                         Cuts/
   Node  Left     Objective  IInf  Best Integer    Best Bound    ItCnt     Gap

*     0+    0                            0.0000     6276.0000              --- 
*     0+    0                         1186.0000     6276.0000           429.17%
      0     0     1861.4800    10     1186.0000     1861.4800      200   56.95%
      0     0     1517.0873   108     1186.0000     Cuts: 142      445   27.92%
      0     0     1436.5872   155     1186.0000     Cuts: 146      634   21.13%
      0     0     1405.5049   221     1186.0000     Cuts: 140      823   18.51%
*     0+    0                         1366.0000     1405.5049             2.89%
      0     0        cutoff           1366.0000     1366.0000      962    0.00%
Elapsed time = 0.19 sec. (100.89 ticks, tree = 0.01 MB, solutions = 3)

Clique cuts applied:  253
Cover cuts applied:  16
Implied bound cuts applied:  18
Flow cuts applied:  1
Mixed integer rounding cuts applied:  29
Zero-half cuts applied:  16

Root node processing (before b&c):
  Real time             =    0.19 sec. (100.97 ticks)
Parallel b&c, 4 threads:
  Real time             =    0.00 sec. (0.00 ticks)
  Sync time (average)   =    0.00 sec.
  Wait time (average)   =    0.00 sec.
                          ------------
Total (root+branch&cut) =    0.19 sec. (100.97 ticks)
