CPXPARAM_Read_DataCheck                          1
Found incumbent of value 0.000000 after 0.00 sec. (0.12 ticks)
Tried aggregator 1 time.
MIP Presolve modified 1 coefficients.
Reduced MIP has 346 rows, 4515 columns, and 22560 nonzeros.
Reduced MIP has 4515 binaries, 0 generals, 0 SOSs, and 0 indicators.
Presolve time = 0.02 sec. (8.39 ticks)
Tried aggregator 1 time.
Reduced MIP has 346 rows, 4515 columns, and 22560 nonzeros.
Reduced MIP has 4515 binaries, 0 generals, 0 SOSs, and 0 indicators.
Presolve time = 0.01 sec. (9.96 ticks)
Probing time = 0.02 sec. (2.40 ticks)
Clique table members: 8340.
MIP emphasis: balance optimality and feasibility.
MIP search method: dynamic search.
Parallel mode: deterministic, using up to 4 threads.
Root relaxation solution time = 0.01 sec. (22.38 ticks)

        Nodes                                         Cuts/
   Node  Left     Objective  IInf  Best Integer    Best Bound    ItCnt     Gap

*     0+    0                            0.0000    28015.0000              --- 
      0     0     6064.7163    15        0.0000     6064.7163      701     --- 
*     0+    0                         5184.0000     6064.7163            16.99%
      0     0     5716.5556   324     5184.0000     Cuts: 186     1086   10.27%
*     0+    0                         5338.0000     5716.5556             7.09%
      0     0     5572.1856   457     5338.0000     Cuts: 186     1577    4.39%
*     0+    0                         5339.0000     5572.1856             4.37%
      0     0     5480.7075   621     5339.0000     Cuts: 186     2059    2.65%
*     0+    0                         5347.0000     5480.7075             2.50%
      0     0     5434.4759   775     5347.0000     Cuts: 186     2600    1.64%
*     0+    0                         5365.0000     5434.4759             1.29%
      0     0     5420.4625   778     5365.0000      Cuts: 99     2834    1.03%
*     0+    0                         5366.0000     5420.4625             1.01%
      0     0     5415.3119   817     5366.0000      Cuts: 83     3066    0.92%
*     0+    0                         5386.0000     5415.3119             0.54%
      0     0     5413.7117   845     5386.0000      Cuts: 42     3147    0.51%
      0     0     5412.9121   855     5386.0000      Cuts: 34     3244    0.50%
      0     0     5412.3129   801     5386.0000      Cuts: 24     3312    0.49%
*     0+    0                         5387.0000     5412.3129             0.47%
      0     0        cutoff           5387.0000     5387.0000     3404    0.00%
Elapsed time = 5.64 sec. (2617.14 ticks, tree = 0.01 MB, solutions = 9)

Clique cuts applied:  671
Cover cuts applied:  43
Flow cuts applied:  5
Mixed integer rounding cuts applied:  33
Zero-half cuts applied:  42

Root node processing (before b&c):
  Real time             =    5.64 sec. (2617.65 ticks)
Parallel b&c, 4 threads:
  Real time             =    0.00 sec. (0.00 ticks)
  Sync time (average)   =    0.00 sec.
  Wait time (average)   =    0.00 sec.
                          ------------
Total (root+branch&cut) =    5.64 sec. (2617.65 ticks)
