CPXPARAM_Read_DataCheck                          1
Found incumbent of value 0.000000 after 0.00 sec. (0.52 ticks)
Tried aggregator 1 time.
MIP Presolve modified 1 coefficients.
Reduced MIP has 2031 rows, 20010 columns, and 100030 nonzeros.
Reduced MIP has 20010 binaries, 0 generals, 0 SOSs, and 0 indicators.
Presolve time = 0.05 sec. (39.24 ticks)
Tried aggregator 1 time.
Reduced MIP has 2031 rows, 20010 columns, and 100030 nonzeros.
Reduced MIP has 20010 binaries, 0 generals, 0 SOSs, and 0 indicators.
Presolve time = 0.06 sec. (46.84 ticks)
Probing time = 0.02 sec. (5.13 ticks)
Clique table members: 21001.
MIP emphasis: balance optimality and feasibility.
MIP search method: dynamic search.
Parallel mode: deterministic, using up to 4 threads.
Root relaxation solution time = 0.22 sec. (270.09 ticks)

        Nodes                                         Cuts/
   Node  Left     Objective  IInf  Best Integer    Best Bound    ItCnt     Gap

*     0+    0                            0.0000   124372.0000              --- 
*     0+    0                        24793.0000   124372.0000           401.64%
      0     0    35192.5495    10    24793.0000    35192.5495       16   41.95%
*     0+    0                        25446.0000    35192.5495            38.30%
      0     0    32031.1979  1129    25446.0000     Cuts: 607     1494   25.88%
*     0+    0                        25839.0000    32031.1979            23.96%
      0     0    30659.7478  1922    25839.0000     Cuts: 607     3001   16.45%
      0     0    28725.5984  2658    25839.0000     Cuts: 607     5140    7.94%
      0     0        cutoff          25839.0000    25839.0000     6753    0.00%
Elapsed time = 7.73 sec. (5916.16 ticks, tree = 0.01 MB, solutions = 4)

Clique cuts applied:  2074
Cover cuts applied:  7
Implied bound cuts applied:  2
Mixed integer rounding cuts applied:  37

Root node processing (before b&c):
  Real time             =    7.75 sec. (5917.77 ticks)
Parallel b&c, 4 threads:
  Real time             =    0.00 sec. (0.00 ticks)
  Sync time (average)   =    0.00 sec.
  Wait time (average)   =    0.00 sec.
                          ------------
Total (root+branch&cut) =    7.75 sec. (5917.77 ticks)
