CPXPARAM_Read_DataCheck                          1
Found incumbent of value 0.000000 after 0.00 sec. (0.52 ticks)
Tried aggregator 1 time.
MIP Presolve eliminated 2 rows and 0 columns.
MIP Presolve modified 1 coefficients.
Reduced MIP has 2029 rows, 20010 columns, and 96030 nonzeros.
Reduced MIP has 20010 binaries, 0 generals, 0 SOSs, and 0 indicators.
Presolve time = 0.05 sec. (35.19 ticks)
Tried aggregator 1 time.
Reduced MIP has 2029 rows, 20010 columns, and 96030 nonzeros.
Reduced MIP has 20010 binaries, 0 generals, 0 SOSs, and 0 indicators.
Presolve time = 0.06 sec. (39.93 ticks)
Probing time = 0.02 sec. (5.54 ticks)
Clique table members: 20000.
MIP emphasis: balance optimality and feasibility.
MIP search method: dynamic search.
Parallel mode: deterministic, using up to 4 threads.
Root relaxation solution time = 0.20 sec. (245.20 ticks)

        Nodes                                         Cuts/
   Node  Left     Objective  IInf  Best Integer    Best Bound    ItCnt     Gap

*     0+    0                            0.0000   124237.0000              --- 
      0     0    66918.1605    10        0.0000    66918.1605       14     --- 
*     0+    0                        37665.0000    66918.1605            77.67%
      0     0    51536.9858   614    37665.0000     Cuts: 607     5789   36.83%
      0     0    48713.7675  1615    37665.0000     Cuts: 607     8260   29.33%
      0     0    47625.6166  2248    37665.0000     Cuts: 607    11071   25.24%
      0     0        cutoff          37665.0000    37665.0000    14047    0.00%
Elapsed time = 23.66 sec. (10141.90 ticks, tree = 0.01 MB, solutions = 2)

Clique cuts applied:  1985
Cover cuts applied:  4
Mixed integer rounding cuts applied:  36

Root node processing (before b&c):
  Real time             =   23.66 sec. (10143.25 ticks)
Parallel b&c, 4 threads:
  Real time             =    0.00 sec. (0.00 ticks)
  Sync time (average)   =    0.00 sec.
  Wait time (average)   =    0.00 sec.
                          ------------
Total (root+branch&cut) =   23.66 sec. (10143.25 ticks)
