CPXPARAM_Read_DataCheck                          1
Found incumbent of value 0.000000 after 0.00 sec. (0.52 ticks)
Tried aggregator 1 time.
MIP Presolve modified 1 coefficients.
Reduced MIP has 2031 rows, 20010 columns, and 100030 nonzeros.
Reduced MIP has 20010 binaries, 0 generals, 0 SOSs, and 0 indicators.
Presolve time = 0.05 sec. (39.29 ticks)
Tried aggregator 1 time.
Reduced MIP has 2031 rows, 20010 columns, and 100030 nonzeros.
Reduced MIP has 20010 binaries, 0 generals, 0 SOSs, and 0 indicators.
Presolve time = 0.06 sec. (46.51 ticks)
Probing time = 0.00 sec. (5.13 ticks)
Clique table members: 21014.
MIP emphasis: balance optimality and feasibility.
MIP search method: dynamic search.
Parallel mode: deterministic, using up to 4 threads.
Root relaxation solution time = 0.19 sec. (257.00 ticks)

        Nodes                                         Cuts/
   Node  Left     Objective  IInf  Best Integer    Best Bound    ItCnt     Gap

*     0+    0                            0.0000   123862.0000              --- 
*     0+    0                         5575.0000   123862.0000              --- 
*     0+    0                         5752.0000   123862.0000              --- 
*     0+    0                         5770.0000   123862.0000              --- 
      0     0    34502.4130    10     5770.0000    34502.4130       14  497.96%
*     0+    0                        10370.0000    34502.4130           232.71%
*     0+    0                        16556.0000    34502.4130           108.40%
      0     0    30248.9327  1041    16556.0000     Cuts: 607     2113   82.71%
*     0+    0                        22897.0000    30248.9327            32.11%
      0     0    27812.0378  1774    22897.0000     Cuts: 607     4479   21.47%
*     0+    0                        23995.0000    27812.0378            15.91%
      0     0    26168.2973  2439    23995.0000     Cuts: 607     7120    9.06%
      0     0    25594.9168  3301    23995.0000     Cuts: 607     8622    6.67%
      0     0    24800.2513  3737    23995.0000     Cuts: 607    10726    3.36%
      0     0    24445.3349  4277    23995.0000     Cuts: 607    12630    1.88%
      0     0    24202.7503  4704    23995.0000     Cuts: 607    14542    0.87%
      0     0    24085.4093  4564    23995.0000     Cuts: 607    16520    0.38%
      0     0        cutoff          23995.0000    23995.0000    17060    0.00%
Elapsed time = 21.80 sec. (16749.45 ticks, tree = 0.01 MB, solutions = 8)

Clique cuts applied:  3328
Cover cuts applied:  14
Implied bound cuts applied:  7
Flow cuts applied:  20
Mixed integer rounding cuts applied:  58

Root node processing (before b&c):
  Real time             =   21.81 sec. (16751.64 ticks)
Parallel b&c, 4 threads:
  Real time             =    0.00 sec. (0.00 ticks)
  Sync time (average)   =    0.00 sec.
  Wait time (average)   =    0.00 sec.
                          ------------
Total (root+branch&cut) =   21.81 sec. (16751.64 ticks)
