CPXPARAM_Read_DataCheck                          1
Found incumbent of value 0.000000 after 0.00 sec. (0.52 ticks)
Tried aggregator 1 time.
MIP Presolve modified 1 coefficients.
Reduced MIP has 2031 rows, 20010 columns, and 100030 nonzeros.
Reduced MIP has 20010 binaries, 0 generals, 0 SOSs, and 0 indicators.
Presolve time = 0.05 sec. (39.33 ticks)
Tried aggregator 1 time.
Reduced MIP has 2031 rows, 20010 columns, and 100030 nonzeros.
Reduced MIP has 20010 binaries, 0 generals, 0 SOSs, and 0 indicators.
Presolve time = 0.06 sec. (46.55 ticks)
Probing time = 0.02 sec. (5.13 ticks)
Clique table members: 21021.
MIP emphasis: balance optimality and feasibility.
MIP search method: dynamic search.
Parallel mode: deterministic, using up to 4 threads.
Root relaxation solution time = 0.23 sec. (256.23 ticks)

        Nodes                                         Cuts/
   Node  Left     Objective  IInf  Best Integer    Best Bound    ItCnt     Gap

*     0+    0                            0.0000   124060.0000              --- 
*     0+    0                         6006.0000   124060.0000              --- 
*     0+    0                         6996.0000   124060.0000              --- 
      0     0    34557.0435    10     6996.0000    34557.0435       13  393.95%
*     0+    0                        13394.0000    34557.0435           158.00%
*     0+    0                        23421.0000    34557.0435            47.55%
      0     0    30865.5903   962    23421.0000     Cuts: 607     1898   31.79%
*     0+    0                        23767.0000    30865.5903            29.87%
      0     0    29122.3355  1601    23767.0000     Cuts: 607     3690   22.53%
*     0+    0                        24053.0000    29122.3355            21.08%
      0     0    26401.9857  2322    24053.0000     Cuts: 607     6260    9.77%
*     0+    0                        24056.0000    26401.9857             9.75%
      0     0    25404.5551  2790    24056.0000     Cuts: 607     8262    5.61%
*     0+    0                        24110.0000    25404.5551             5.37%
      0     0    24848.9231  3426    24110.0000     Cuts: 607    10277    3.06%
*     0+    0                        24119.0000    24848.9231             3.03%
      0     0    24573.6606  4113    24119.0000     Cuts: 607    11806    1.89%
      0     0    24397.4984  4364    24119.0000     Cuts: 607    13466    1.15%

Clique cuts applied:  3583
Cover cuts applied:  7
Implied bound cuts applied:  6
Mixed integer rounding cuts applied:  84

Root node processing (before b&c):
  Real time             =   23.52 sec. (17337.29 ticks)
Parallel b&c, 4 threads:
  Real time             =    0.00 sec. (0.00 ticks)
  Sync time (average)   =    0.00 sec.
  Wait time (average)   =    0.00 sec.
                          ------------
Total (root+branch&cut) =   23.52 sec. (17337.29 ticks)
