CPXPARAM_Read_DataCheck                          1
Found incumbent of value 0.000000 after 0.00 sec. (0.52 ticks)
Tried aggregator 1 time.
MIP Presolve eliminated 1 rows and 0 columns.
MIP Presolve modified 1 coefficients.
Reduced MIP has 2030 rows, 20010 columns, and 98030 nonzeros.
Reduced MIP has 20010 binaries, 0 generals, 0 SOSs, and 0 indicators.
Presolve time = 0.05 sec. (35.55 ticks)
Tried aggregator 1 time.
Reduced MIP has 2030 rows, 20010 columns, and 98030 nonzeros.
Reduced MIP has 20010 binaries, 0 generals, 0 SOSs, and 0 indicators.
Presolve time = 0.06 sec. (40.56 ticks)
Probing time = 0.00 sec. (5.57 ticks)
Clique table members: 20000.
MIP emphasis: balance optimality and feasibility.
MIP search method: dynamic search.
Parallel mode: deterministic, using up to 4 threads.
Root relaxation solution time = 0.22 sec. (262.43 ticks)

        Nodes                                         Cuts/
   Node  Left     Objective  IInf  Best Integer    Best Bound    ItCnt     Gap

*     0+    0                            0.0000   124356.0000              --- 
      0     0    67011.3375    10        0.0000    67011.3375       16     --- 
*     0+    0                        40391.0000    67011.3375            65.91%
      0     0    55546.1125   576    40391.0000     Cuts: 607     4682   37.52%
      0     0    52018.5903  1453    40391.0000     Cuts: 607     8137   15.75%
      0     0    51142.3937  2032    40391.0000     Cuts: 607    10278   15.75%
      0     0        cutoff          40391.0000    40391.0000    13615    0.00%
Elapsed time = 21.30 sec. (9300.07 ticks, tree = 0.01 MB, solutions = 2)

Clique cuts applied:  1862
Cover cuts applied:  2
Implied bound cuts applied:  1
Mixed integer rounding cuts applied:  28

Root node processing (before b&c):
  Real time             =   21.30 sec. (9301.40 ticks)
Parallel b&c, 4 threads:
  Real time             =    0.00 sec. (0.00 ticks)
  Sync time (average)   =    0.00 sec.
  Wait time (average)   =    0.00 sec.
                          ------------
Total (root+branch&cut) =   21.30 sec. (9301.40 ticks)
