CPXPARAM_Read_DataCheck                          1
Found incumbent of value 0.000000 after 0.00 sec. (0.52 ticks)
Tried aggregator 1 time.
MIP Presolve eliminated 6 rows and 0 columns.
MIP Presolve modified 1 coefficients.
Reduced MIP has 2025 rows, 20010 columns, and 88030 nonzeros.
Reduced MIP has 20010 binaries, 0 generals, 0 SOSs, and 0 indicators.
Presolve time = 0.05 sec. (33.74 ticks)
Tried aggregator 1 time.
Reduced MIP has 2025 rows, 20010 columns, and 88030 nonzeros.
Reduced MIP has 20010 binaries, 0 generals, 0 SOSs, and 0 indicators.
Presolve time = 0.06 sec. (37.41 ticks)
Probing time = 0.00 sec. (5.49 ticks)
Clique table members: 20000.
MIP emphasis: balance optimality and feasibility.
MIP search method: dynamic search.
Parallel mode: deterministic, using up to 4 threads.
Root relaxation solution time = 0.19 sec. (257.52 ticks)

        Nodes                                         Cuts/
   Node  Left     Objective  IInf  Best Integer    Best Bound    ItCnt     Gap

*     0+    0                            0.0000   123073.0000              --- 
      0     0    65820.8043    12        0.0000    65820.8043       18     --- 
*     0+    0                        34331.0000    65820.8043            91.72%
      0     0        cutoff          34331.0000    34331.0000     5125    0.00%
Elapsed time = 5.78 sec. (2607.03 ticks, tree = 0.01 MB, solutions = 2)

Clique cuts applied:  584
Cover cuts applied:  1
Mixed integer rounding cuts applied:  14
Gomory fractional cuts applied:  7

Root node processing (before b&c):
  Real time             =    5.80 sec. (2608.37 ticks)
Parallel b&c, 4 threads:
  Real time             =    0.00 sec. (0.00 ticks)
  Sync time (average)   =    0.00 sec.
  Wait time (average)   =    0.00 sec.
                          ------------
Total (root+branch&cut) =    5.80 sec. (2608.37 ticks)
