CPXPARAM_Read_DataCheck                          1
Found incumbent of value 0.000000 after 0.00 sec. (1.31 ticks)
Tried aggregator 1 time.
MIP Presolve eliminated 2 rows and 0 columns.
MIP Presolve modified 6807 coefficients.
Reduced MIP has 10015 rows, 50005 columns, and 230017 nonzeros.
Reduced MIP has 50005 binaries, 0 generals, 0 SOSs, and 0 indicators.
Presolve time = 0.11 sec. (89.43 ticks)
Probing time = 0.11 sec. (42.86 ticks)
Tried aggregator 1 time.
Reduced MIP has 10015 rows, 50005 columns, and 230017 nonzeros.
Reduced MIP has 50005 binaries, 0 generals, 0 SOSs, and 0 indicators.
Presolve time = 0.14 sec. (100.33 ticks)
Probing time = 0.08 sec. (40.51 ticks)
Clique table members: 165064.
MIP emphasis: balance optimality and feasibility.
MIP search method: dynamic search.
Parallel mode: deterministic, using up to 4 threads.
Root relaxation solution time = 0.70 sec. (692.27 ticks)

        Nodes                                         Cuts/
   Node  Left     Objective  IInf  Best Integer    Best Bound    ItCnt     Gap

*     0+    0                            0.0000   308606.0000              --- 
      0     0   166803.9173     5        0.0000   166803.9173       16     --- 
*     0+    0                        98612.0000   166803.9173            69.15%
      0     0        cutoff          98612.0000    98612.0000       25    0.00%
Elapsed time = 27.28 sec. (16217.39 ticks, tree = 0.01 MB, solutions = 2)

Clique cuts applied:  2603

Root node processing (before b&c):
  Real time             =   27.30 sec. (16220.59 ticks)
Parallel b&c, 4 threads:
  Real time             =    0.00 sec. (0.00 ticks)
  Sync time (average)   =    0.00 sec.
  Wait time (average)   =    0.00 sec.
                          ------------
Total (root+branch&cut) =   27.30 sec. (16220.59 ticks)
