CPXPARAM_Read_DataCheck                          1
Found incumbent of value 0.000000 after 0.00 sec. (0.05 ticks)
Tried aggregator 1 time.
MIP Presolve modified 1 coefficients.
Reduced MIP has 233 rows, 2010 columns, and 10034 nonzeros.
Reduced MIP has 2010 binaries, 0 generals, 0 SOSs, and 0 indicators.
Presolve time = 0.00 sec. (3.89 ticks)
Probing time = 0.02 sec. (3.17 ticks)
Tried aggregator 1 time.
Reduced MIP has 233 rows, 2010 columns, and 10034 nonzeros.
Reduced MIP has 2010 binaries, 0 generals, 0 SOSs, and 0 indicators.
Presolve time = 0.02 sec. (4.61 ticks)
Probing time = 0.00 sec. (3.09 ticks)
Clique table members: 6693.
MIP emphasis: balance optimality and feasibility.
MIP search method: dynamic search.
Parallel mode: deterministic, using up to 4 threads.
Root relaxation solution time = 0.02 sec. (9.15 ticks)

        Nodes                                         Cuts/
   Node  Left     Objective  IInf  Best Integer    Best Bound    ItCnt     Gap

*     0+    0                            0.0000    12409.0000              --- 
*     0+    0                         1876.0000    12409.0000           561.46%
      0     0     3545.2483    14     1876.0000     3545.2483      414   88.98%
      0     0     3006.9409   112     1876.0000     Cuts: 158      701   60.28%
*     0+    0                         2456.0000     3006.9409            22.43%
      0     0     2796.6451   275     2456.0000     Cuts: 158     1058   13.87%
      0     0     2685.2221   415     2456.0000     Cuts: 158     1305    9.33%
      0     0     2615.7843   490     2456.0000     Cuts: 158     1634    4.74%
      0     0     2573.3724   491     2456.0000     Cuts: 158     1886    4.74%
*     0+    0                         2457.0000     2572.5067             4.70%
*     0+    0                         2458.0000     2572.5067             4.66%
*     0+    0                         2459.0000     2572.5067             4.62%
      0     0        cutoff           2459.0000     2459.0000     2010    0.00%
Elapsed time = 0.86 sec. (491.58 ticks, tree = 0.01 MB, solutions = 6)

Clique cuts applied:  442
Cover cuts applied:  14
Implied bound cuts applied:  24
Flow cuts applied:  2
Mixed integer rounding cuts applied:  41
Zero-half cuts applied:  23

Root node processing (before b&c):
  Real time             =    0.86 sec. (491.78 ticks)
Parallel b&c, 4 threads:
  Real time             =    0.00 sec. (0.00 ticks)
  Sync time (average)   =    0.00 sec.
  Wait time (average)   =    0.00 sec.
                          ------------
Total (root+branch&cut) =    0.86 sec. (491.78 ticks)
