CPXPARAM_Read_DataCheck                          1
Found incumbent of value 0.000000 after 0.00 sec. (0.05 ticks)
Tried aggregator 1 time.
MIP Presolve eliminated 4 rows and 0 columns.
MIP Presolve modified 1 coefficients.
Reduced MIP has 229 rows, 2010 columns, and 9234 nonzeros.
Reduced MIP has 2010 binaries, 0 generals, 0 SOSs, and 0 indicators.
Presolve time = 0.02 sec. (3.68 ticks)
Probing time = 0.00 sec. (3.13 ticks)
Tried aggregator 1 time.
Reduced MIP has 229 rows, 2010 columns, and 9234 nonzeros.
Reduced MIP has 2010 binaries, 0 generals, 0 SOSs, and 0 indicators.
Presolve time = 0.00 sec. (4.10 ticks)
Probing time = 0.00 sec. (3.06 ticks)
Clique table members: 6677.
MIP emphasis: balance optimality and feasibility.
MIP search method: dynamic search.
Parallel mode: deterministic, using up to 4 threads.
Root relaxation solution time = 0.02 sec. (6.37 ticks)

        Nodes                                         Cuts/
   Node  Left     Objective  IInf  Best Integer    Best Bound    ItCnt     Gap

*     0+    0                            0.0000    12362.0000              --- 
*     0+    0                         2183.0000    12362.0000           466.28%
      0     0     6388.7550    10     2183.0000     6388.7550      487  192.66%
*     0+    0                         3286.0000     6388.7550            94.42%
      0     0     6361.8850    10     3286.0000  Cliques: 157      502   93.61%
      0     0     6346.1052    18     3286.0000     Cuts: 157      514   93.13%
*     0+    0                         3358.0000     6346.1052            88.98%
      0     0     4977.8247   202     3358.0000     Cuts: 157     1121   12.95%
      0     0     4960.1183   200     3358.0000  Cliques: 157     1153   12.95%
      0     0     4938.2494   206     3358.0000  Cliques: 157     1181   12.95%
*     0+    0                         3360.0000     3792.7117            12.88%
      0     0        cutoff           3360.0000     3360.0000     1181    0.00%
Elapsed time = 0.34 sec. (227.33 ticks, tree = 0.01 MB, solutions = 5)

Clique cuts applied:  580
Cover cuts applied:  1
Implied bound cuts applied:  4
Mixed integer rounding cuts applied:  2
Zero-half cuts applied:  5

Root node processing (before b&c):
  Real time             =    0.34 sec. (227.51 ticks)
Parallel b&c, 4 threads:
  Real time             =    0.00 sec. (0.00 ticks)
  Sync time (average)   =    0.00 sec.
  Wait time (average)   =    0.00 sec.
                          ------------
Total (root+branch&cut) =    0.34 sec. (227.51 ticks)
