CPXPARAM_Read_DataCheck                          1
Found incumbent of value 0.000000 after 0.00 sec. (0.05 ticks)
Tried aggregator 1 time.
MIP Presolve modified 1 coefficients.
Reduced MIP has 233 rows, 2010 columns, and 10034 nonzeros.
Reduced MIP has 2010 binaries, 0 generals, 0 SOSs, and 0 indicators.
Presolve time = 0.00 sec. (3.92 ticks)
Probing time = 0.02 sec. (3.13 ticks)
Tried aggregator 1 time.
Reduced MIP has 233 rows, 2010 columns, and 10034 nonzeros.
Reduced MIP has 2010 binaries, 0 generals, 0 SOSs, and 0 indicators.
Presolve time = 0.00 sec. (4.64 ticks)
Probing time = 0.00 sec. (3.09 ticks)
Clique table members: 6653.
MIP emphasis: balance optimality and feasibility.
MIP search method: dynamic search.
Parallel mode: deterministic, using up to 4 threads.
Root relaxation solution time = 0.02 sec. (8.64 ticks)

        Nodes                                         Cuts/
   Node  Left     Objective  IInf  Best Integer    Best Bound    ItCnt     Gap

*     0+    0                            0.0000    12192.0000              --- 
*     0+    0                         1736.0000    12192.0000           602.30%
      0     0     3416.2067    12     1736.0000     3416.2067      395   96.79%
      0     0     2898.0124    87     1736.0000     Cuts: 158      678   66.94%
*     0+    0                         2151.0000     2898.0124            34.73%
      0     0     2624.9834   278     2151.0000     Cuts: 158     1058   22.04%
      0     0     2542.6956   391     2151.0000     Cuts: 158     1324   18.21%
*     0+    0                         2258.0000     2542.6956            12.61%
      0     0     2456.0752   441     2258.0000     Cuts: 158     1676    8.77%
*     0+    0                         2259.0000     2456.0752             8.72%
      0     0     2413.8557   531     2259.0000     Cuts: 158     1952    6.86%
*     0+    0                         2260.0000     2413.8557             6.81%
      0     0        cutoff           2260.0000     2260.0000     2251    0.00%
Elapsed time = 0.75 sec. (384.83 ticks, tree = 0.01 MB, solutions = 6)

Clique cuts applied:  496
Cover cuts applied:  13
Implied bound cuts applied:  24
Flow cuts applied:  2
Mixed integer rounding cuts applied:  59
Zero-half cuts applied:  9

Root node processing (before b&c):
  Real time             =    0.75 sec. (385.04 ticks)
Parallel b&c, 4 threads:
  Real time             =    0.00 sec. (0.00 ticks)
  Sync time (average)   =    0.00 sec.
  Wait time (average)   =    0.00 sec.
                          ------------
Total (root+branch&cut) =    0.75 sec. (385.04 ticks)
