CPXPARAM_Read_DataCheck                          1
Found incumbent of value 0.000000 after 0.00 sec. (0.77 ticks)
Tried aggregator 1 time.
MIP Presolve eliminated 2 rows and 0 columns.
MIP Presolve modified 1 coefficients.
Reduced MIP has 2047 rows, 30015 columns, and 146051 nonzeros.
Reduced MIP has 30015 binaries, 0 generals, 0 SOSs, and 0 indicators.
Presolve time = 0.06 sec. (55.75 ticks)
Tried aggregator 1 time.
Reduced MIP has 2047 rows, 30015 columns, and 146051 nonzeros.
Reduced MIP has 30015 binaries, 0 generals, 0 SOSs, and 0 indicators.
Presolve time = 0.09 sec. (63.07 ticks)
Probing time = 0.08 sec. (14.40 ticks)
Clique table members: 103091.
MIP emphasis: balance optimality and feasibility.
MIP search method: dynamic search.
Parallel mode: deterministic, using up to 4 threads.
Root relaxation solution time = 0.23 sec. (155.24 ticks)

        Nodes                                         Cuts/
   Node  Left     Objective  IInf  Best Integer    Best Bound    ItCnt     Gap

*     0+    0                            0.0000   184932.0000              --- 
      0     0   107670.2495    15        0.0000   107670.2495     6859     --- 
*     0+    0                        57125.0000   107670.2495            88.48%
      0     0   107631.6855    15    57125.0000  Cliques: 611     6896   64.41%
*     0+    0                        60279.0000    93916.4260            55.80%
      0     0   107615.3515    17    60279.0000     Cuts: 611     6929   44.76%
*     0+    0                        63680.0000    87259.2575            37.03%
      0     2   107615.3515    17    63680.0000    86769.4950     6929   36.26%
Elapsed time = 15.56 sec. (8902.09 ticks, tree = 0.01 MB, solutions = 4)
     38    33    64776.5497     6    63680.0000    86769.4950    20993   36.26%
     82    57    83618.5865    13    63680.0000    86769.4950    35318   36.26%
    112    75    79360.8672     8    63680.0000    86769.4950    48901   36.26%
    140    87    68286.1820     5    63680.0000    86769.4950    62986   36.26%
    171   100    76297.9005     8    63680.0000    86769.4950    76146   36.26%
    195   117    75804.2677     8    63680.0000    85929.2390    89968   34.94%
*   207+  100                        63738.0000    85929.2390            34.82%
    216   127    66317.7630     3    63738.0000    85929.2390    98069   34.82%
*   249   141      integral     0    64289.0000    85929.2390   112176   33.66%
    255   140        cutoff          64289.0000    84624.0432   109539   31.63%
    284   159    75873.4647     8    64289.0000    83617.3040   126084   30.06%
    406   207    66678.7947     8    64289.0000    82340.1610   157469   28.08%
Elapsed time = 21.64 sec. (12089.38 ticks, tree = 6.26 MB, solutions = 6)
    546   288    69130.9305     7    64289.0000    79919.2730   217513   24.31%
    593   309        cutoff          64289.0000    79342.9978   231528   23.42%
    596   310    70600.0553     6    64289.0000    79026.0203   230231   22.92%
    683   335    66225.0897     9    64289.0000    78708.1000   245831   22.43%
    835   387    66564.7030     4    64289.0000    77049.3268   281292   19.85%
    973   433    68631.6635     5    64289.0000    75572.7770   328854   17.55%
   1136   460        cutoff          64289.0000    74744.8425   368495   16.26%
   1312   466        cutoff          64289.0000    73574.2690   408864   14.44%
   1516   454        cutoff          64289.0000    72301.6940   445742   12.46%
   1986    12        cutoff          64289.0000    65720.1908   493576    2.23%
Elapsed time = 37.92 sec. (21710.57 ticks, tree = 0.07 MB, solutions = 6)

Clique cuts applied:  1220
Implied bound cuts applied:  5

Root node processing (before b&c):
  Real time             =   15.55 sec. (8896.71 ticks)
Parallel b&c, 4 threads:
  Real time             =   22.42 sec. (12833.67 ticks)
  Sync time (average)   =    2.42 sec.
  Wait time (average)   =    0.00 sec.
                          ------------
Total (root+branch&cut) =   37.97 sec. (21730.38 ticks)
