CPXPARAM_Read_DataCheck                          1
Found incumbent of value 0.000000 after 0.00 sec. (0.77 ticks)
Tried aggregator 1 time.
MIP Presolve modified 1 coefficients.
Reduced MIP has 2049 rows, 30015 columns, and 150051 nonzeros.
Reduced MIP has 30015 binaries, 0 generals, 0 SOSs, and 0 indicators.
Presolve time = 0.08 sec. (58.38 ticks)
Tried aggregator 1 time.
Reduced MIP has 2049 rows, 30015 columns, and 150051 nonzeros.
Reduced MIP has 30015 binaries, 0 generals, 0 SOSs, and 0 indicators.
Presolve time = 0.09 sec. (69.00 ticks)
Probing time = 0.08 sec. (15.63 ticks)
Clique table members: 100820.
MIP emphasis: balance optimality and feasibility.
MIP search method: dynamic search.
Parallel mode: deterministic, using up to 4 threads.
Root relaxation solution time = 0.19 sec. (129.13 ticks)

        Nodes                                         Cuts/
   Node  Left     Objective  IInf  Best Integer    Best Bound    ItCnt     Gap

*     0+    0                            0.0000   185461.0000              --- 
      0     0    47699.0425    15        0.0000    47699.0425     4390     --- 
*     0+    0                        10213.0000    47699.0425           367.04%
*     0+    0                        34417.0000    47699.0425            38.59%
      0     0    42713.1654    30    34417.0000     Cuts: 612     7017   24.10%
*     0+    0                        34541.0000    42713.1654            23.66%
      0     0    41194.8442   233    34541.0000     Cuts: 612     8982   19.26%
*     0+    0                        35285.0000    41194.8442            16.75%
      0     0    39643.5931   728    35285.0000     Cuts: 612    11502   12.35%
*     0+    0                        35287.0000    39643.5931            12.35%
      0     0    37878.1151   940    35287.0000     Cuts: 612    13623    7.34%
      0     0    37537.6754  1084    35287.0000     Cuts: 612    15292    6.38%
      0     0    37263.5339  1875    35287.0000     Cuts: 612    17311    5.60%
      0     0    37096.8639  2432    35287.0000     Cuts: 612    19541    5.13%
      0     0    36917.8727  2738    35287.0000     Cuts: 612    21933    4.62%
      0     0    36609.5448  3211    35287.0000     Cuts: 612    24387    3.75%
      0     0    36330.1141  3371    35287.0000     Cuts: 612    26887    2.96%
      0     0    36011.4816  3624    35287.0000     Cuts: 612    30724    2.05%
      0     0    35854.4447  3988    35287.0000     Cuts: 612    33567    1.61%
      0     0    35695.2196  4634    35287.0000     Cuts: 612    36479    1.16%
      0     0    35584.0742  4747    35287.0000     Cuts: 612    39227    0.84%
      0     0    35495.3963  5177    35287.0000     Cuts: 612    41747    0.59%
      0     0    35469.2797  5024    35287.0000     Cuts: 612    44004    0.52%
      0     0    35463.4667  4968    35287.0000     Cuts: 612    44731    0.50%
      0     0    35461.0533  4985    35287.0000     Cuts: 612    45195    0.49%
      0     0    35413.7749  5623    35287.0000     Cuts: 612    47341    0.36%
      0     0        cutoff          35287.0000    35287.0000    49511    0.00%
Elapsed time = 83.59 sec. (61699.89 ticks, tree = 0.01 MB, solutions = 6)

Clique cuts applied:  4673
Cover cuts applied:  17
Implied bound cuts applied:  14
Mixed integer rounding cuts applied:  361
Zero-half cuts applied:  23

Root node processing (before b&c):
  Real time             =   83.61 sec. (61702.78 ticks)
Parallel b&c, 4 threads:
  Real time             =    0.00 sec. (0.00 ticks)
  Sync time (average)   =    0.00 sec.
  Wait time (average)   =    0.00 sec.
                          ------------
Total (root+branch&cut) =   83.61 sec. (61702.78 ticks)
