CPXPARAM_Read_DataCheck                          1
Found incumbent of value 0.000000 after 0.02 sec. (0.77 ticks)
Tried aggregator 1 time.
MIP Presolve modified 1 coefficients.
Reduced MIP has 2049 rows, 30015 columns, and 150051 nonzeros.
Reduced MIP has 30015 binaries, 0 generals, 0 SOSs, and 0 indicators.
Presolve time = 0.06 sec. (58.31 ticks)
Tried aggregator 1 time.
Reduced MIP has 2049 rows, 30015 columns, and 150051 nonzeros.
Reduced MIP has 30015 binaries, 0 generals, 0 SOSs, and 0 indicators.
Presolve time = 0.11 sec. (69.44 ticks)
Probing time = 0.08 sec. (15.46 ticks)
Clique table members: 100879.
MIP emphasis: balance optimality and feasibility.
MIP search method: dynamic search.
Parallel mode: deterministic, using up to 4 threads.
Root relaxation solution time = 0.19 sec. (146.72 ticks)

        Nodes                                         Cuts/
   Node  Left     Objective  IInf  Best Integer    Best Bound    ItCnt     Gap

*     0+    0                            0.0000   184325.0000              --- 
      0     0    48194.9680    15        0.0000    48194.9680     4476     --- 
*     0+    0                         9791.0000    48194.9680           392.24%
*     0+    0                        26155.0000    48194.9680            84.27%
      0     0    42904.0477   385    26155.0000     Cuts: 612     7890   64.04%
*     0+    0                        32462.0000    42904.0477            32.17%
      0     0    39518.5583   751    32462.0000     Cuts: 612    11111   21.74%
*     0+    0                        32465.0000    39518.5583            21.73%
      0     0    38163.6751   768    32465.0000     Cuts: 612    13308   17.55%
*     0+    0                        32467.0000    38163.6751            17.55%
      0     0    37479.9809  1396    32467.0000     Cuts: 612    15293   15.44%
*     0+    0                        32468.0000    37479.9809            15.44%
      0     0    36982.1862  2240    32468.0000     Cuts: 612    17198   13.90%
*     0+    0                        32740.0000    36982.1862            12.96%
      0     0    36165.9854  2734    32740.0000     Cuts: 612    21815   10.46%
      0     0    35866.6064  3107    32740.0000     Cuts: 612    24030    9.55%
      0     0    35482.8715  3697    32740.0000     Cuts: 612    27655    8.38%
      0     0    35261.2691  4147    32740.0000     Cuts: 612    31051    7.70%
      0     0    35059.3536  4578    32740.0000     Cuts: 612    34063    7.08%
      0     0    34939.6686  4856    32740.0000     Cuts: 612    37329    6.72%
      0     0    34559.1000  5109    32740.0000     Cuts: 612    42668    5.56%
      0     0    34399.8527  5538    32740.0000     Cuts: 612    45999    5.07%
*     0+    0                        32872.0000    34399.8527             4.65%
      0     0    34326.0700  5752    32872.0000     Cuts: 612    49345    4.42%
*     0+    0                        32880.0000    34326.0700             4.40%
      0     0    34241.2232  6066    32880.0000     Cuts: 612    52573    4.14%
      0     0    34179.5108  6364    32880.0000     Cuts: 612    55684    3.95%
      0     0    34081.2080  6631    32880.0000     Cuts: 612    58658    3.65%
      0     0    33976.8870  6629    32880.0000     Cuts: 612    62465    3.34%
*     0+    0                        32881.0000    33976.8870             3.33%
      0     0    33896.0963  6919    32881.0000     Cuts: 612    65002    3.09%
      0     0    33830.6543  7026    32881.0000     Cuts: 612    66991    2.89%
      0     0    33771.2497  7253    32881.0000     Cuts: 612    69237    2.71%
      0     0    33735.0357  7067    32881.0000     Cuts: 612    71519    2.60%
      0     0    33623.5960  7101    32881.0000     Cuts: 612    74190    2.26%
      0     0    33592.4242  7239    32881.0000     Cuts: 612    75133    2.16%
*     0+    0                        32882.0000    33592.4242             2.16%
      0     0    33552.8908  7437    32882.0000     Cuts: 612    76703    2.04%
      0     0    33531.4021  7561    32882.0000     Cuts: 569    77945    1.97%
      0     0    33520.0352  7381    32882.0000     Cuts: 612    79156    1.94%
      0     0    33513.4804  7395    32882.0000     Cuts: 326    79815    1.92%
Heuristic still looking.
      0     2    33513.4804  7395    32882.0000    33513.4804    79815    1.92%
Elapsed time = 197.44 sec. (162359.14 ticks, tree = 0.01 MB, solutions = 12)
      1     3    33497.3276  6908    32882.0000    33513.3311    80467    1.92%
      2     4    33424.6533  5609    32882.0000    33513.3311    81548    1.92%
      3     5    33380.7075  4969    32882.0000    33513.3311    82262    1.92%
      4     3    33393.5609  6487    32882.0000    33513.3311    81673    1.92%
      5     4    33185.3555  5221    32882.0000    33513.3311    82711    1.92%
      8     7    33347.2868  5971    32882.0000    33497.2897    85072    1.87%
     10    10    33276.2385  3461    32882.0000    33393.5348    89081    1.56%
     12    11    33132.7710  3986    32882.0000    33393.4247    90960    1.56%
     13    10        cutoff          32882.0000    33393.4247    91206    1.56%
     19    12    32946.2540  4351    32882.0000    33393.4247    93357    1.56%
Elapsed time = 213.47 sec. (172833.32 ticks, tree = 0.36 MB, solutions = 12)
     22    12    33074.9335  4229    32882.0000    33393.4247    97925    1.56%
     30    11        cutoff          32882.0000    33393.4247   102900    1.56%
     33    11        cutoff          32882.0000    33393.4247   102451    1.56%
     36    12    32913.7233  4158    32882.0000    33393.4247   106870    1.56%
     43    11    32934.1592  2293    32882.0000    33393.4247   111068    1.56%
     47     9    32900.1049  1754    32882.0000    33380.1062   115809    1.51%
     56     8        cutoff          32882.0000    33320.2507   116528    1.33%
     60     4        cutoff          32882.0000    33320.2507   122392    1.33%
     61     7    32959.8066  4834    32882.0000    33319.8190   121460    1.33%
     62     2        cutoff          32882.0000    33319.8190   127191    1.33%
Elapsed time = 234.20 sec. (187909.36 ticks, tree = 0.01 MB, solutions = 12)
     63     4    32896.1466  4530    32882.0000    33319.8190   128885    1.33%

Clique cuts applied:  6110
Cover cuts applied:  31
Implied bound cuts applied:  89
Flow cuts applied:  32
Mixed integer rounding cuts applied:  450
Zero-half cuts applied:  84

Root node processing (before b&c):
  Real time             =  193.31 sec. (159578.27 ticks)
Parallel b&c, 4 threads:
  Real time             =   44.05 sec. (31474.14 ticks)
  Sync time (average)   =   10.80 sec.
  Wait time (average)   =    0.02 sec.
                          ------------
Total (root+branch&cut) =  237.36 sec. (191052.41 ticks)
