CPXPARAM_Read_DataCheck                          1
Found incumbent of value 0.000000 after 0.00 sec. (0.77 ticks)
Tried aggregator 1 time.
MIP Presolve eliminated 6 rows and 0 columns.
MIP Presolve modified 1 coefficients.
Reduced MIP has 2043 rows, 30015 columns, and 138051 nonzeros.
Reduced MIP has 30015 binaries, 0 generals, 0 SOSs, and 0 indicators.
Presolve time = 0.06 sec. (54.27 ticks)
Tried aggregator 1 time.
Reduced MIP has 2043 rows, 30015 columns, and 138051 nonzeros.
Reduced MIP has 30015 binaries, 0 generals, 0 SOSs, and 0 indicators.
Presolve time = 0.08 sec. (60.46 ticks)
Probing time = 0.09 sec. (16.09 ticks)
Clique table members: 99091.
MIP emphasis: balance optimality and feasibility.
MIP search method: dynamic search.
Parallel mode: deterministic, using up to 4 threads.
Root relaxation solution time = 0.39 sec. (290.62 ticks)

        Nodes                                         Cuts/
   Node  Left     Objective  IInf  Best Integer    Best Bound    ItCnt     Gap

*     0+    0                            0.0000   184624.0000              --- 
      0     0   103955.7993    19        0.0000   103955.7993     7966     --- 
*     0+    0                        55018.0000   103955.7993            88.95%
      0     0        cutoff          55018.0000    55018.0000     8031    0.00%
Elapsed time = 8.34 sec. (4786.72 ticks, tree = 0.01 MB, solutions = 2)

Clique cuts applied:  610

Root node processing (before b&c):
  Real time             =    8.34 sec. (4788.61 ticks)
Parallel b&c, 4 threads:
  Real time             =    0.00 sec. (0.00 ticks)
  Sync time (average)   =    0.00 sec.
  Wait time (average)   =    0.00 sec.
                          ------------
Total (root+branch&cut) =    8.34 sec. (4788.61 ticks)
