CPXPARAM_Read_DataCheck                          1
Found incumbent of value 0.000000 after 0.00 sec. (0.05 ticks)
Tried aggregator 1 time.
MIP Presolve eliminated 5 rows and 0 columns.
MIP Presolve modified 1 coefficients.
Reduced MIP has 226 rows, 2010 columns, and 9030 nonzeros.
Reduced MIP has 2010 binaries, 0 generals, 0 SOSs, and 0 indicators.
Presolve time = 0.00 sec. (3.51 ticks)
Probing time = 0.00 sec. (1.60 ticks)
Tried aggregator 1 time.
Reduced MIP has 226 rows, 2010 columns, and 9030 nonzeros.
Reduced MIP has 2010 binaries, 0 generals, 0 SOSs, and 0 indicators.
Presolve time = 0.02 sec. (3.91 ticks)
Probing time = 0.00 sec. (1.60 ticks)
Clique table members: 2000.
MIP emphasis: balance optimality and feasibility.
MIP search method: dynamic search.
Parallel mode: deterministic, using up to 4 threads.
Root relaxation solution time = 0.02 sec. (5.98 ticks)

        Nodes                                         Cuts/
   Node  Left     Objective  IInf  Best Integer    Best Bound    ItCnt     Gap

*     0+    0                            0.0000    12123.0000              --- 
*     0+    0                         1801.0000    12123.0000           573.13%
      0     0     6426.0900    10     1801.0000     6426.0900      465  256.81%
*     0+    0                         3119.0000     6426.0900           106.03%
      0     0     4676.4246   218     3119.0000     Cuts: 156     1087   49.93%
*     0+    0                         3710.0000     4676.4246            26.05%
      0     0     4327.4437   404     3710.0000     Cuts: 156     1624   16.64%
      0     0     3995.0890   424     3710.0000     Cuts: 156     2160    7.68%
      0     0        cutoff           3710.0000     3710.0000     2790    0.00%
Elapsed time = 0.45 sec. (298.38 ticks, tree = 0.01 MB, solutions = 4)

Clique cuts applied:  531
Cover cuts applied:  5
Mixed integer rounding cuts applied:  30
Zero-half cuts applied:  6

Root node processing (before b&c):
  Real time             =    0.47 sec. (298.54 ticks)
Parallel b&c, 4 threads:
  Real time             =    0.00 sec. (0.00 ticks)
  Sync time (average)   =    0.00 sec.
  Wait time (average)   =    0.00 sec.
                          ------------
Total (root+branch&cut) =    0.47 sec. (298.54 ticks)
