CPXPARAM_Read_DataCheck                          1
Found incumbent of value 0.000000 after 0.00 sec. (0.03 ticks)
Tried aggregator 1 time.
MIP Presolve eliminated 6 rows and 0 columns.
MIP Presolve modified 1 coefficients.
Reduced MIP has 127 rows, 1010 columns, and 4434 nonzeros.
Reduced MIP has 1010 binaries, 0 generals, 0 SOSs, and 0 indicators.
Presolve time = 0.00 sec. (1.91 ticks)
Probing time = 0.00 sec. (2.41 ticks)
Tried aggregator 1 time.
Reduced MIP has 127 rows, 1010 columns, and 4434 nonzeros.
Reduced MIP has 1010 binaries, 0 generals, 0 SOSs, and 0 indicators.
Presolve time = 0.00 sec. (2.10 ticks)
Probing time = 0.00 sec. (2.41 ticks)
Clique table members: 3277.
MIP emphasis: balance optimality and feasibility.
MIP search method: dynamic search.
Parallel mode: deterministic, using up to 4 threads.
Root relaxation solution time = 0.00 sec. (2.21 ticks)

        Nodes                                         Cuts/
   Node  Left     Objective  IInf  Best Integer    Best Bound    ItCnt     Gap

*     0+    0                            0.0000     6135.0000              --- 
*     0+    0                          243.0000     6135.0000              --- 
      0     0     3539.2400    10      243.0000     3539.2400      230     --- 
*     0+    0                         1857.0000     3539.2400            90.59%
      0     0     3445.3715    33     1857.0000     Cuts: 149      268   85.53%
      0     0     3384.6091    56     1857.0000     Cuts: 150      309   82.26%
      0     0     3251.2495   125     1857.0000     Cuts: 149      428   75.08%
      0     0     2949.4969   218     1857.0000     Cuts: 148      662   58.83%
      0     0     2647.6847   323     1857.0000     Cuts: 147      929   42.58%
*     0+    0                         1996.0000     2647.6847            32.65%
*     0+    0                         2067.0000     2647.6847            28.09%
      0     0        cutoff           2067.0000     2067.0000     1059    0.00%
Elapsed time = 0.16 sec. (108.16 ticks, tree = 0.01 MB, solutions = 5)

GUB cover cuts applied:  9
Clique cuts applied:  472
Cover cuts applied:  27
Implied bound cuts applied:  1

Root node processing (before b&c):
  Real time             =    0.16 sec. (108.25 ticks)
Parallel b&c, 4 threads:
  Real time             =    0.00 sec. (0.00 ticks)
  Sync time (average)   =    0.00 sec.
  Wait time (average)   =    0.00 sec.
                          ------------
Total (root+branch&cut) =    0.16 sec. (108.25 ticks)
