CPXPARAM_Read_DataCheck                          1
Found incumbent of value 0.000000 after 0.00 sec. (0.03 ticks)
Tried aggregator 1 time.
MIP Presolve eliminated 2 rows and 0 columns.
MIP Presolve modified 1 coefficients.
Reduced MIP has 131 rows, 1010 columns, and 4834 nonzeros.
Reduced MIP has 1010 binaries, 0 generals, 0 SOSs, and 0 indicators.
Presolve time = 0.00 sec. (1.99 ticks)
Probing time = 0.00 sec. (2.35 ticks)
Tried aggregator 1 time.
Reduced MIP has 131 rows, 1010 columns, and 4834 nonzeros.
Reduced MIP has 1010 binaries, 0 generals, 0 SOSs, and 0 indicators.
Presolve time = 0.00 sec. (2.22 ticks)
Probing time = 0.00 sec. (2.27 ticks)
Clique table members: 3477.
MIP emphasis: balance optimality and feasibility.
MIP search method: dynamic search.
Parallel mode: deterministic, using up to 4 threads.
Root relaxation solution time = 0.00 sec. (2.93 ticks)

        Nodes                                         Cuts/
   Node  Left     Objective  IInf  Best Integer    Best Bound    ItCnt     Gap

*     0+    0                            0.0000     6348.0000              --- 
*     0+    0                          502.0000     6348.0000              --- 
      0     0     3495.3833    13      502.0000     3495.3833      285  596.29%
      0     0     3419.9285    31      502.0000     Cuts: 148      344  581.26%
      0     0     2952.9459   216      502.0000     Cuts: 148      602  488.24%
      0     0     2895.0394   238      502.0000     Cuts: 150      723  476.70%
      0     0     2590.7675   379      502.0000     Cuts: 147     1039  416.09%
*     0+    0                         1976.0000     2590.7675            31.11%
*     0+    0                         2013.0000     2590.7675            28.70%
      0     0        cutoff           2013.0000     2013.0000     1316    0.00%
Elapsed time = 0.16 sec. (116.26 ticks, tree = 0.01 MB, solutions = 4)

GUB cover cuts applied:  4
Clique cuts applied:  543
Cover cuts applied:  19

Root node processing (before b&c):
  Real time             =    0.16 sec. (116.35 ticks)
Parallel b&c, 4 threads:
  Real time             =    0.00 sec. (0.00 ticks)
  Sync time (average)   =    0.00 sec.
  Wait time (average)   =    0.00 sec.
                          ------------
Total (root+branch&cut) =    0.16 sec. (116.35 ticks)
