CPXPARAM_Read_DataCheck                          1
Found incumbent of value 0.000000 after 0.00 sec. (2.56 ticks)
Tried aggregator 1 time.
MIP Presolve modified 1 coefficients.
Reduced MIP has 10033 rows, 100010 columns, and 500034 nonzeros.
Reduced MIP has 100010 binaries, 0 generals, 0 SOSs, and 0 indicators.
Presolve time = 0.30 sec. (204.29 ticks)
Tried aggregator 1 time.
Reduced MIP has 10033 rows, 100010 columns, and 500034 nonzeros.
Reduced MIP has 100010 binaries, 0 generals, 0 SOSs, and 0 indicators.
Presolve time = 0.42 sec. (244.63 ticks)
Probing time = 0.31 sec. (52.02 ticks)
Clique table members: 330169.
MIP emphasis: balance optimality and feasibility.
MIP search method: dynamic search.
Parallel mode: deterministic, using up to 4 threads.
Root relaxation solution time = 1.48 sec. (908.73 ticks)

        Nodes                                         Cuts/
   Node  Left     Objective  IInf  Best Integer    Best Bound    ItCnt     Gap

*     0+    0                            0.0000   620573.0000              --- 
*     0+    0                        33411.0000   620573.0000              --- 
      0     0   172996.6956    10    33411.0000   172996.6956       17  417.78%
*     0+    0                       111992.0000   172996.6956            54.47%
      0     0   172991.3122    10   111992.0000 Cliques: 2608       22   44.82%
      0     0   156234.2744  4895   111992.0000    Cuts: 2608     8308   39.50%
*     0+    0                       113084.0000   156234.2744            38.16%
      0     0   150905.4442  5373   113084.0000    Cuts: 2608    13221   30.04%
*     0+    0                       115562.0000   147057.7381            27.25%
      0     0   143312.7652  8876   115562.0000    Cuts: 2608    21098   20.85%
*     0+    0                       115676.0000   139658.5094            20.73%
      0     0   139551.8906 12518   115676.0000    Cuts: 2608    27320   15.99%
      0     0   133794.1920 16083   115676.0000    Cuts: 2608    36115    9.71%

Clique cuts applied:  12546
Cover cuts applied:  7
Implied bound cuts applied:  4
Mixed integer rounding cuts applied:  68

Root node processing (before b&c):
  Real time             =  303.02 sec. (174202.90 ticks)
Parallel b&c, 4 threads:
  Real time             =    0.00 sec. (0.00 ticks)
  Sync time (average)   =    0.00 sec.
  Wait time (average)   =    0.00 sec.
                          ------------
Total (root+branch&cut) =  303.02 sec. (174202.90 ticks)
