CPXPARAM_Read_DataCheck                          1
Found incumbent of value 0.000000 after 0.00 sec. (1.31 ticks)
Tried aggregator 1 time.
MIP Presolve modified 2 coefficients.
Reduced MIP has 10016 rows, 50005 columns, and 250020 nonzeros.
Reduced MIP has 50005 binaries, 0 generals, 0 SOSs, and 0 indicators.
Presolve time = 0.11 sec. (89.41 ticks)
Probing time = 0.05 sec. (16.08 ticks)
Tried aggregator 1 time.
Reduced MIP has 10016 rows, 50005 columns, and 250020 nonzeros.
Reduced MIP has 50005 binaries, 0 generals, 0 SOSs, and 0 indicators.
Presolve time = 0.14 sec. (104.55 ticks)
Probing time = 0.05 sec. (16.08 ticks)
Clique table members: 99749.
MIP emphasis: balance optimality and feasibility.
MIP search method: dynamic search.
Parallel mode: deterministic, using up to 4 threads.
Root relaxation solution time = 1.30 sec. (1035.17 ticks)

        Nodes                                         Cuts/
   Node  Left     Objective  IInf  Best Integer    Best Bound    ItCnt     Gap

*     0+    0                            0.0000   309953.0000              --- 
      0     0   143707.4024     8        0.0000   143707.4024       40     --- 
*     0+    0                        85040.0000   143707.4024            68.99%
      0     0        cutoff          85040.0000    85040.0000    10181    0.00%
Elapsed time = 41.80 sec. (25312.51 ticks, tree = 0.01 MB, solutions = 2)

Clique cuts applied:  2589
Cover cuts applied:  2
Mixed integer rounding cuts applied:  9
Gomory fractional cuts applied:  4

Root node processing (before b&c):
  Real time             =   41.81 sec. (25316.02 ticks)
Parallel b&c, 4 threads:
  Real time             =    0.00 sec. (0.00 ticks)
  Sync time (average)   =    0.00 sec.
  Wait time (average)   =    0.00 sec.
                          ------------
Total (root+branch&cut) =   41.81 sec. (25316.02 ticks)
