CPXPARAM_Read_DataCheck                          1
Found incumbent of value 0.000000 after 0.00 sec. (1.31 ticks)
Tried aggregator 1 time.
MIP Presolve modified 1 coefficients.
Reduced MIP has 10016 rows, 50005 columns, and 250020 nonzeros.
Reduced MIP has 50005 binaries, 0 generals, 0 SOSs, and 0 indicators.
Presolve time = 0.13 sec. (146.33 ticks)
Probing time = 0.03 sec. (13.87 ticks)
Tried aggregator 1 time.
Reduced MIP has 10016 rows, 50005 columns, and 250020 nonzeros.
Reduced MIP has 50005 binaries, 0 generals, 0 SOSs, and 0 indicators.
Presolve time = 0.17 sec. (167.38 ticks)
Probing time = 0.05 sec. (13.87 ticks)
Clique table members: 109756.
MIP emphasis: balance optimality and feasibility.
MIP search method: dynamic search.
Parallel mode: deterministic, using up to 4 threads.
Root relaxation solution time = 0.81 sec. (806.54 ticks)

        Nodes                                         Cuts/
   Node  Left     Objective  IInf  Best Integer    Best Bound    ItCnt     Gap

*     0+    0                            0.0000   309953.0000              --- 
      0     0    87695.1344     5        0.0000    87695.1344       14     --- 
*     0+    0                        75961.0000    87695.1344            15.45%
      0     0        cutoff          75961.0000    75961.0000     5277    0.00%
Elapsed time = 23.84 sec. (16808.82 ticks, tree = 0.01 MB, solutions = 2)

Clique cuts applied:  2595
Cover cuts applied:  4
Mixed integer rounding cuts applied:  5

Root node processing (before b&c):
  Real time             =   23.84 sec. (16812.14 ticks)
Parallel b&c, 4 threads:
  Real time             =    0.00 sec. (0.00 ticks)
  Sync time (average)   =    0.00 sec.
  Wait time (average)   =    0.00 sec.
                          ------------
Total (root+branch&cut) =   23.84 sec. (16812.14 ticks)
