CPXPARAM_Read_DataCheck                          1
Found incumbent of value 0.000000 after 0.00 sec. (1.31 ticks)
Tried aggregator 1 time.
MIP Presolve modified 1 coefficients.
Reduced MIP has 10016 rows, 50005 columns, and 250020 nonzeros.
Reduced MIP has 50005 binaries, 0 generals, 0 SOSs, and 0 indicators.
Presolve time = 0.09 sec. (84.07 ticks)
Probing time = 0.03 sec. (16.08 ticks)
Tried aggregator 1 time.
Reduced MIP has 10016 rows, 50005 columns, and 250020 nonzeros.
Reduced MIP has 50005 binaries, 0 generals, 0 SOSs, and 0 indicators.
Presolve time = 0.16 sec. (104.50 ticks)
Probing time = 0.05 sec. (16.08 ticks)
Clique table members: 99749.
MIP emphasis: balance optimality and feasibility.
MIP search method: dynamic search.
Parallel mode: deterministic, using up to 4 threads.
Root relaxation solution time = 0.61 sec. (687.01 ticks)

        Nodes                                         Cuts/
   Node  Left     Objective  IInf  Best Integer    Best Bound    ItCnt     Gap

*     0+    0                            0.0000   309577.0000              --- 
      0     0   156798.7152     9        0.0000   156798.7152       14     --- 
*     0+    0                        98435.0000   156798.7152            59.29%
      0     0        cutoff          98435.0000    98435.0000    11193    0.00%
Elapsed time = 42.00 sec. (23740.45 ticks, tree = 0.01 MB, solutions = 2)

Clique cuts applied:  2597
Mixed integer rounding cuts applied:  6
Gomory fractional cuts applied:  1

Root node processing (before b&c):
  Real time             =   42.03 sec. (23743.80 ticks)
Parallel b&c, 4 threads:
  Real time             =    0.00 sec. (0.00 ticks)
  Sync time (average)   =    0.00 sec.
  Wait time (average)   =    0.00 sec.
                          ------------
Total (root+branch&cut) =   42.03 sec. (23743.80 ticks)
