CPXPARAM_Read_DataCheck                          1
Found incumbent of value 0.000000 after 0.00 sec. (1.31 ticks)
Tried aggregator 1 time.
MIP Presolve modified 1 coefficients.
Reduced MIP has 10016 rows, 50005 columns, and 250020 nonzeros.
Reduced MIP has 50005 binaries, 0 generals, 0 SOSs, and 0 indicators.
Presolve time = 0.09 sec. (84.06 ticks)
Probing time = 0.03 sec. (16.08 ticks)
Tried aggregator 1 time.
Reduced MIP has 10016 rows, 50005 columns, and 250020 nonzeros.
Reduced MIP has 50005 binaries, 0 generals, 0 SOSs, and 0 indicators.
Presolve time = 0.16 sec. (104.51 ticks)
Probing time = 0.05 sec. (16.08 ticks)
Clique table members: 99749.
MIP emphasis: balance optimality and feasibility.
MIP search method: dynamic search.
Parallel mode: deterministic, using up to 4 threads.
Root relaxation solution time = 0.94 sec. (874.71 ticks)

        Nodes                                         Cuts/
   Node  Left     Objective  IInf  Best Integer    Best Bound    ItCnt     Gap

*     0+    0                            0.0000   309040.0000              --- 
*     0+    0                        57096.0000   309040.0000           441.26%
      0     0   161860.3904     7    57096.0000   161860.3904       26  183.49%
*     0+    0                       109000.0000   161860.3904            48.50%
      0     0        cutoff         109000.0000   109000.0000    10686    0.00%
Elapsed time = 41.44 sec. (21515.25 ticks, tree = 0.01 MB, solutions = 3)

Clique cuts applied:  2597
Mixed integer rounding cuts applied:  7

Root node processing (before b&c):
  Real time             =   41.47 sec. (21518.93 ticks)
Parallel b&c, 4 threads:
  Real time             =    0.00 sec. (0.00 ticks)
  Sync time (average)   =    0.00 sec.
  Wait time (average)   =    0.00 sec.
                          ------------
Total (root+branch&cut) =   41.47 sec. (21518.93 ticks)
