CPXPARAM_Read_DataCheck                          1
Found incumbent of value 0.000000 after 0.00 sec. (1.31 ticks)
Tried aggregator 1 time.
MIP Presolve modified 3 coefficients.
Reduced MIP has 10016 rows, 50005 columns, and 250020 nonzeros.
Reduced MIP has 50005 binaries, 0 generals, 0 SOSs, and 0 indicators.
Presolve time = 0.11 sec. (89.42 ticks)
Probing time = 0.05 sec. (16.08 ticks)
Tried aggregator 1 time.
Reduced MIP has 10016 rows, 50005 columns, and 250020 nonzeros.
Reduced MIP has 50005 binaries, 0 generals, 0 SOSs, and 0 indicators.
Presolve time = 0.16 sec. (104.54 ticks)
Probing time = 0.05 sec. (16.08 ticks)
Clique table members: 99749.
MIP emphasis: balance optimality and feasibility.
MIP search method: dynamic search.
Parallel mode: deterministic, using up to 4 threads.
Root relaxation solution time = 1.02 sec. (865.51 ticks)

        Nodes                                         Cuts/
   Node  Left     Objective  IInf  Best Integer    Best Bound    ItCnt     Gap

*     0+    0                            0.0000   308606.0000              --- 
*     0+    0                        94209.0000   308606.0000           227.58%
      0     0   156703.9775     7    94209.0000   156703.9775       28   66.34%
*     0+    0                        98612.0000   156703.9775            58.91%
      0     0        cutoff          98612.0000    98612.0000     6586    0.00%
Elapsed time = 36.91 sec. (19576.42 ticks, tree = 0.01 MB, solutions = 3)

Clique cuts applied:  2598
Cover cuts applied:  2
Mixed integer rounding cuts applied:  4

Root node processing (before b&c):
  Real time             =   36.92 sec. (19580.07 ticks)
Parallel b&c, 4 threads:
  Real time             =    0.00 sec. (0.00 ticks)
  Sync time (average)   =    0.00 sec.
  Wait time (average)   =    0.00 sec.
                          ------------
Total (root+branch&cut) =   36.92 sec. (19580.07 ticks)
