CPXPARAM_Read_DataCheck                          1
Found incumbent of value 0.000000 after 0.00 sec. (1.31 ticks)
Tried aggregator 1 time.
MIP Presolve modified 1 coefficients.
Reduced MIP has 10016 rows, 50005 columns, and 250020 nonzeros.
Reduced MIP has 50005 binaries, 0 generals, 0 SOSs, and 0 indicators.
Presolve time = 0.11 sec. (84.06 ticks)
Probing time = 0.05 sec. (16.08 ticks)
Tried aggregator 1 time.
Reduced MIP has 10016 rows, 50005 columns, and 250020 nonzeros.
Reduced MIP has 50005 binaries, 0 generals, 0 SOSs, and 0 indicators.
Presolve time = 0.14 sec. (104.55 ticks)
Probing time = 0.05 sec. (16.08 ticks)
Clique table members: 99749.
MIP emphasis: balance optimality and feasibility.
MIP search method: dynamic search.
Parallel mode: deterministic, using up to 4 threads.
Root relaxation solution time = 0.66 sec. (654.04 ticks)

        Nodes                                         Cuts/
   Node  Left     Objective  IInf  Best Integer    Best Bound    ItCnt     Gap

*     0+    0                            0.0000   310174.0000              --- 
      0     0   161946.1961     6        0.0000   161946.1961       12     --- 
*     0+    0                       105467.0000   161946.1961            53.55%
      0     0        cutoff         105467.0000   105467.0000    16047    0.00%
Elapsed time = 45.38 sec. (25132.67 ticks, tree = 0.01 MB, solutions = 2)

Clique cuts applied:  2593
Cover cuts applied:  1
Mixed integer rounding cuts applied:  8
Gomory fractional cuts applied:  2

Root node processing (before b&c):
  Real time             =   45.39 sec. (25136.07 ticks)
Parallel b&c, 4 threads:
  Real time             =    0.00 sec. (0.00 ticks)
  Sync time (average)   =    0.00 sec.
  Wait time (average)   =    0.00 sec.
                          ------------
Total (root+branch&cut) =   45.39 sec. (25136.07 ticks)
