CPXPARAM_Read_DataCheck                          1
Found incumbent of value 0.000000 after 0.00 sec. (1.31 ticks)
Tried aggregator 1 time.
MIP Presolve modified 1 coefficients.
Reduced MIP has 10016 rows, 50005 columns, and 250020 nonzeros.
Reduced MIP has 50005 binaries, 0 generals, 0 SOSs, and 0 indicators.
Presolve time = 0.11 sec. (84.05 ticks)
Probing time = 0.05 sec. (16.08 ticks)
Tried aggregator 1 time.
Reduced MIP has 10016 rows, 50005 columns, and 250020 nonzeros.
Reduced MIP has 50005 binaries, 0 generals, 0 SOSs, and 0 indicators.
Presolve time = 0.16 sec. (104.57 ticks)
Probing time = 0.05 sec. (16.08 ticks)
Clique table members: 99749.
MIP emphasis: balance optimality and feasibility.
MIP search method: dynamic search.
Parallel mode: deterministic, using up to 4 threads.
Root relaxation solution time = 0.76 sec. (662.40 ticks)

        Nodes                                         Cuts/
   Node  Left     Objective  IInf  Best Integer    Best Bound    ItCnt     Gap

*     0+    0                            0.0000   308978.0000              --- 
      0     0   126122.9461    12        0.0000   126122.9461       20     --- 
*     0+    0                        70353.0000   126122.9461            79.27%
      0     0        cutoff          70353.0000    70353.0000     8539    0.00%
Elapsed time = 38.84 sec. (23276.98 ticks, tree = 0.01 MB, solutions = 2)

Clique cuts applied:  2591
Cover cuts applied:  2
Mixed integer rounding cuts applied:  7
Gomory fractional cuts applied:  4

Root node processing (before b&c):
  Real time             =   38.84 sec. (23280.44 ticks)
Parallel b&c, 4 threads:
  Real time             =    0.00 sec. (0.00 ticks)
  Sync time (average)   =    0.00 sec.
  Wait time (average)   =    0.00 sec.
                          ------------
Total (root+branch&cut) =   38.84 sec. (23280.44 ticks)
