CPXPARAM_Read_DataCheck                          1
Found incumbent of value 0.000000 after 0.00 sec. (1.31 ticks)
Tried aggregator 1 time.
MIP Presolve modified 1 coefficients.
Reduced MIP has 10016 rows, 50005 columns, and 250020 nonzeros.
Reduced MIP has 50005 binaries, 0 generals, 0 SOSs, and 0 indicators.
Presolve time = 0.13 sec. (146.33 ticks)
Probing time = 0.03 sec. (13.87 ticks)
Tried aggregator 1 time.
Reduced MIP has 10016 rows, 50005 columns, and 250020 nonzeros.
Reduced MIP has 50005 binaries, 0 generals, 0 SOSs, and 0 indicators.
Presolve time = 0.17 sec. (167.38 ticks)
Probing time = 0.03 sec. (13.87 ticks)
Clique table members: 109756.
MIP emphasis: balance optimality and feasibility.
MIP search method: dynamic search.
Parallel mode: deterministic, using up to 4 threads.
Root relaxation solution time = 0.72 sec. (820.80 ticks)

        Nodes                                         Cuts/
   Node  Left     Objective  IInf  Best Integer    Best Bound    ItCnt     Gap

*     0+    0                            0.0000   310892.0000              --- 
      0     0    87947.6767     5        0.0000    87947.6767       14     --- 
*     0+    0                        74176.0000    87947.6767            18.57%
      0     0        cutoff          74176.0000    74176.0000     5036    0.00%
Elapsed time = 21.52 sec. (14402.55 ticks, tree = 0.01 MB, solutions = 2)

Clique cuts applied:  2598
Cover cuts applied:  2
Mixed integer rounding cuts applied:  4

Root node processing (before b&c):
  Real time             =   21.53 sec. (14405.82 ticks)
Parallel b&c, 4 threads:
  Real time             =    0.00 sec. (0.00 ticks)
  Sync time (average)   =    0.00 sec.
  Wait time (average)   =    0.00 sec.
                          ------------
Total (root+branch&cut) =   21.53 sec. (14405.82 ticks)
