CPXPARAM_Read_DataCheck                          1
Found incumbent of value 0.000000 after 0.02 sec. (2.56 ticks)
Tried aggregator 1 time.
MIP Presolve eliminated 4 rows and 0 columns.
MIP Presolve modified 1 coefficients.
Reduced MIP has 10029 rows, 100010 columns, and 460034 nonzeros.
Reduced MIP has 100010 binaries, 0 generals, 0 SOSs, and 0 indicators.
Presolve time = 0.27 sec. (178.06 ticks)
Tried aggregator 1 time.
Reduced MIP has 10029 rows, 100010 columns, and 460034 nonzeros.
Reduced MIP has 100010 binaries, 0 generals, 0 SOSs, and 0 indicators.
Presolve time = 0.38 sec. (199.28 ticks)
Probing time = 0.23 sec. (42.83 ticks)
Clique table members: 330077.
MIP emphasis: balance optimality and feasibility.
MIP search method: dynamic search.
Parallel mode: deterministic, using up to 4 threads.
Root relaxation solution time = 1.83 sec. (1063.87 ticks)

        Nodes                                         Cuts/
   Node  Left     Objective  IInf  Best Integer    Best Bound    ItCnt     Gap

*     0+    0                            0.0000   619886.0000              --- 
*     0+    0                        44693.0000   619886.0000              --- 
      0     0   366174.7809    10    44693.0000   366174.7809       24  719.31%
*     0+    0                       214344.0000   366174.7809            70.84%
*     0+    0                       225726.0000   366174.7809            62.22%
      0     0        cutoff         225726.0000   225726.0000       46    0.00%
Elapsed time = 121.42 sec. (45731.29 ticks, tree = 0.01 MB, solutions = 4)

Clique cuts applied:  2607

Root node processing (before b&c):
  Real time             =  121.45 sec. (45738.90 ticks)
Parallel b&c, 4 threads:
  Real time             =    0.00 sec. (0.00 ticks)
  Sync time (average)   =    0.00 sec.
  Wait time (average)   =    0.00 sec.
                          ------------
Total (root+branch&cut) =  121.45 sec. (45738.90 ticks)
