CPXPARAM_Read_DataCheck                          1
Found incumbent of value 0.000000 after 0.00 sec. (0.04 ticks)
Tried aggregator 1 time.
MIP Presolve modified 1 coefficients.
Reduced MIP has 149 rows, 1515 columns, and 7551 nonzeros.
Reduced MIP has 1515 binaries, 0 generals, 0 SOSs, and 0 indicators.
Presolve time = 0.00 sec. (2.89 ticks)
Probing time = 0.00 sec. (2.70 ticks)
Tried aggregator 1 time.
Reduced MIP has 149 rows, 1515 columns, and 7551 nonzeros.
Reduced MIP has 1515 binaries, 0 generals, 0 SOSs, and 0 indicators.
Presolve time = 0.00 sec. (3.45 ticks)
Probing time = 0.00 sec. (2.63 ticks)
Clique table members: 5198.
MIP emphasis: balance optimality and feasibility.
MIP search method: dynamic search.
Parallel mode: deterministic, using up to 4 threads.
Root relaxation solution time = 0.00 sec. (5.33 ticks)

        Nodes                                         Cuts/
   Node  Left     Objective  IInf  Best Integer    Best Bound    ItCnt     Gap

*     0+    0                            0.0000     8896.0000              --- 
*     0+    0                         1372.0000     8896.0000           548.40%
      0     0     2517.4300    15     1372.0000     2517.4300      263   83.49%
      0     0     2018.2148   114     1372.0000     Cuts: 150      603   47.10%
      0     0     1862.4512   197     1372.0000     Cuts: 150      931   35.75%
*     0+    0                         1672.0000     1862.4512            11.39%
      0     0     1799.2247   282     1672.0000     Cuts: 150     1300    7.61%
      0     0     1770.5081   362     1672.0000     Cuts: 145     1565    5.89%
      0     0     1748.6909   352     1672.0000     Cuts: 141     1823    4.59%
*     0+    0                         1705.0000     1748.6909             2.56%
      0     0     1739.5812   388     1705.0000     Cuts: 119     1984    2.03%
      0     0     1735.6356   385     1705.0000     Cuts: 112     2097    1.80%
      0     0     1733.1430   391     1705.0000      Cuts: 82     2216    1.65%
*     0+    0                         1706.0000     1733.1430             1.59%
      0     0     1731.7450   395     1706.0000      Cuts: 50     2293    1.51%
      0     0     1730.5177   385     1706.0000      Cuts: 42     2351    1.44%
      0     0     1729.6452   392     1706.0000      Cuts: 34     2409    1.39%
*     0+    0                         1718.0000     1729.6452             0.68%
      0     0     1729.1656   366     1718.0000      Cuts: 38     2461    0.61%
      0     0     1728.1264   389     1718.0000      Cuts: 25     2516    0.59%
      0     0     1727.8286   378     1718.0000      Cuts: 34     2574    0.57%
      0     0     1727.6984   379     1718.0000      Cuts: 28     2608    0.56%
      0     0     1727.3730   417     1718.0000      Cuts: 35     2660    0.39%

Repeating presolve.
Tried aggregator 1 time.
MIP Presolve eliminated 1 rows and 584 columns.
MIP Presolve modified 14 coefficients.
Reduced MIP has 148 rows, 931 columns, and 4585 nonzeros.
Reduced MIP has 931 binaries, 0 generals, 0 SOSs, and 0 indicators.
Presolve time = 0.00 sec. (2.07 ticks)
Probing time = 0.02 sec. (2.32 ticks)
Tried aggregator 1 time.
Reduced MIP has 148 rows, 931 columns, and 4585 nonzeros.
Reduced MIP has 931 binaries, 0 generals, 0 SOSs, and 0 indicators.
Presolve time = 0.00 sec. (2.14 ticks)
Represolve time = 0.02 sec. (16.95 ticks)
Probing time = 0.02 sec. (2.32 ticks)
Clique table members: 3223.
MIP emphasis: balance optimality and feasibility.
MIP search method: dynamic search.
Parallel mode: deterministic, using up to 4 threads.
Root relaxation solution time = 0.05 sec. (60.64 ticks)

        Nodes                                         Cuts/
   Node  Left     Objective  IInf  Best Integer    Best Bound    ItCnt     Gap

*     0+    0                         1718.0000     1724.3570             0.37%
      0     0     1727.3730   417     1718.0000     1724.3570     3653    0.37%
      0     0     1726.8915   385     1718.0000      Cuts: 40     3701    0.37%
      0     0     1723.7685   388     1718.0000      Cuts: 84     3857    0.34%
      0     0     1723.4197   387     1718.0000      Cuts: 98     3909    0.32%
*     0+    0                         1720.0000     1723.4197             0.20%
      0     0        cutoff           1720.0000     1720.0000     3953    0.00%
Elapsed time = 1.56 sec. (858.46 ticks, tree = 0.01 MB, solutions = 7)

Clique cuts applied:  243
Cover cuts applied:  41
Implied bound cuts applied:  47
Flow cuts applied:  11
Mixed integer rounding cuts applied:  59
Zero-half cuts applied:  36

Root node processing (before b&c):
  Real time             =    1.56 sec. (858.61 ticks)
Parallel b&c, 4 threads:
  Real time             =    0.00 sec. (0.00 ticks)
  Sync time (average)   =    0.00 sec.
  Wait time (average)   =    0.00 sec.
                          ------------
Total (root+branch&cut) =    1.56 sec. (858.61 ticks)
