CPXPARAM_Read_DataCheck                          1
Found incumbent of value 0.000000 after 0.00 sec. (0.03 ticks)
Tried aggregator 1 time.
MIP Presolve eliminated 3 rows and 0 columns.
MIP Presolve modified 1 coefficients.
Reduced MIP has 130 rows, 1010 columns, and 4734 nonzeros.
Reduced MIP has 1010 binaries, 0 generals, 0 SOSs, and 0 indicators.
Presolve time = 0.00 sec. (1.97 ticks)
Probing time = 0.00 sec. (2.33 ticks)
Tried aggregator 1 time.
Reduced MIP has 130 rows, 1010 columns, and 4734 nonzeros.
Reduced MIP has 1010 binaries, 0 generals, 0 SOSs, and 0 indicators.
Presolve time = 0.02 sec. (2.19 ticks)
Probing time = 0.00 sec. (2.27 ticks)
Clique table members: 3427.
MIP emphasis: balance optimality and feasibility.
MIP search method: dynamic search.
Parallel mode: deterministic, using up to 4 threads.
Root relaxation solution time = 0.00 sec. (2.51 ticks)

        Nodes                                         Cuts/
   Node  Left     Objective  IInf  Best Integer    Best Bound    ItCnt     Gap

*     0+    0                            0.0000     6085.0000              --- 
*     0+    0                         1396.0000     6085.0000           335.89%
      0     0     3390.3100    10     1396.0000     3390.3100      259  142.86%
      0     0     3293.0762    34     1396.0000     Cuts: 149      320  135.89%
*     0+    0                         1671.0000     3293.0762            97.07%
      0     0     3252.9602    44     1671.0000     Cuts: 150      362   94.67%
      0     0     3228.5251    53     1671.0000     Cuts: 150      401   93.21%
      0     0     3027.8723   131     1671.0000     Cuts: 150      523   81.20%
      0     0     2657.2715   264     1671.0000     Cuts: 147      806   59.02%
      0     0     2574.9091   243     1671.0000     Cuts: 145      939   54.09%
*     0+    0                         1818.0000     2574.9091            41.63%
      0     0        cutoff           1818.0000     1818.0000     1243    0.00%
Elapsed time = 0.16 sec. (115.93 ticks, tree = 0.01 MB, solutions = 4)

GUB cover cuts applied:  6
Clique cuts applied:  551
Cover cuts applied:  33

Root node processing (before b&c):
  Real time             =    0.16 sec. (116.02 ticks)
Parallel b&c, 4 threads:
  Real time             =    0.00 sec. (0.00 ticks)
  Sync time (average)   =    0.00 sec.
  Wait time (average)   =    0.00 sec.
                          ------------
Total (root+branch&cut) =    0.16 sec. (116.02 ticks)
