CPXPARAM_Read_DataCheck                          1
Found incumbent of value 0.000000 after 0.02 sec. (0.52 ticks)
Tried aggregator 1 time.
MIP Presolve eliminated 7 rows and 0 columns.
MIP Presolve modified 1 coefficients.
Reduced MIP has 2026 rows, 20010 columns, and 86034 nonzeros.
Reduced MIP has 20010 binaries, 0 generals, 0 SOSs, and 0 indicators.
Presolve time = 0.03 sec. (34.64 ticks)
Tried aggregator 1 time.
Reduced MIP has 2026 rows, 20010 columns, and 86034 nonzeros.
Reduced MIP has 20010 binaries, 0 generals, 0 SOSs, and 0 indicators.
Presolve time = 0.05 sec. (38.10 ticks)
Probing time = 0.05 sec. (14.23 ticks)
Clique table members: 63077.
MIP emphasis: balance optimality and feasibility.
MIP search method: dynamic search.
Parallel mode: deterministic, using up to 4 threads.
Root relaxation solution time = 0.20 sec. (231.64 ticks)

        Nodes                                         Cuts/
   Node  Left     Objective  IInf  Best Integer    Best Bound    ItCnt     Gap

*     0+    0                            0.0000   124372.0000              --- 
      0     0    68591.4873    11        0.0000    68591.4873       14     --- 
*     0+    0                        37848.0000    68591.4873            81.23%
      0     0        cutoff          37848.0000    37848.0000       51    0.00%
Elapsed time = 6.34 sec. (2792.91 ticks, tree = 0.01 MB, solutions = 2)

Clique cuts applied:  606

Root node processing (before b&c):
  Real time             =    6.34 sec. (2794.15 ticks)
Parallel b&c, 4 threads:
  Real time             =    0.00 sec. (0.00 ticks)
  Sync time (average)   =    0.00 sec.
  Wait time (average)   =    0.00 sec.
                          ------------
Total (root+branch&cut) =    6.34 sec. (2794.15 ticks)
