CPXPARAM_Read_DataCheck                          1
Found incumbent of value 0.000000 after 0.00 sec. (0.52 ticks)
Tried aggregator 1 time.
MIP Presolve eliminated 5 rows and 0 columns.
MIP Presolve modified 1 coefficients.
Reduced MIP has 2028 rows, 20010 columns, and 90034 nonzeros.
Reduced MIP has 20010 binaries, 0 generals, 0 SOSs, and 0 indicators.
Presolve time = 0.05 sec. (35.40 ticks)
Tried aggregator 1 time.
Reduced MIP has 2028 rows, 20010 columns, and 90034 nonzeros.
Reduced MIP has 20010 binaries, 0 generals, 0 SOSs, and 0 indicators.
Presolve time = 0.05 sec. (39.35 ticks)
Probing time = 0.06 sec. (14.42 ticks)
Clique table members: 65077.
MIP emphasis: balance optimality and feasibility.
MIP search method: dynamic search.
Parallel mode: deterministic, using up to 4 threads.
Root relaxation solution time = 0.27 sec. (254.69 ticks)

        Nodes                                         Cuts/
   Node  Left     Objective  IInf  Best Integer    Best Bound    ItCnt     Gap

*     0+    0                            0.0000   124598.0000              --- 
*     0+    0                         5758.0000   124598.0000              --- 
      0     0    70329.6632    14     5758.0000    70329.6632       17     --- 
*     0+    0                        30105.0000    70329.6632           133.61%
      0     0        cutoff          30105.0000    30105.0000       39    0.00%
Elapsed time = 5.41 sec. (2929.67 ticks, tree = 0.01 MB, solutions = 3)

Clique cuts applied:  607

Root node processing (before b&c):
  Real time             =    5.42 sec. (2931.06 ticks)
Parallel b&c, 4 threads:
  Real time             =    0.00 sec. (0.00 ticks)
  Sync time (average)   =    0.00 sec.
  Wait time (average)   =    0.00 sec.
                          ------------
Total (root+branch&cut) =    5.42 sec. (2931.06 ticks)
