CPXPARAM_Read_DataCheck                          1
Found incumbent of value 0.000000 after 0.00 sec. (0.05 ticks)
Tried aggregator 1 time.
MIP Presolve eliminated 4 rows and 0 columns.
MIP Presolve modified 1 coefficients.
Reduced MIP has 229 rows, 2010 columns, and 9234 nonzeros.
Reduced MIP has 2010 binaries, 0 generals, 0 SOSs, and 0 indicators.
Presolve time = 0.00 sec. (3.68 ticks)
Probing time = 0.00 sec. (3.40 ticks)
Tried aggregator 1 time.
Reduced MIP has 229 rows, 2010 columns, and 9234 nonzeros.
Reduced MIP has 2010 binaries, 0 generals, 0 SOSs, and 0 indicators.
Presolve time = 0.02 sec. (4.10 ticks)
Probing time = 0.00 sec. (3.36 ticks)
Clique table members: 6677.
MIP emphasis: balance optimality and feasibility.
MIP search method: dynamic search.
Parallel mode: deterministic, using up to 4 threads.
Root relaxation solution time = 0.02 sec. (8.53 ticks)

        Nodes                                         Cuts/
   Node  Left     Objective  IInf  Best Integer    Best Bound    ItCnt     Gap

*     0+    0                            0.0000    12487.0000              --- 
      0     0     6678.4867    12        0.0000     6678.4867      536     --- 
      0     0     6660.9967    13        0.0000  Cliques: 157      553     --- 
      0     0     6650.4501    19        0.0000     Cuts: 157      565     --- 
*     0+    0                         3934.0000     6650.4501            69.05%
      0     0     5822.7500    12     3934.0000     Cuts: 157      716    5.86%
      0     0     4389.3264    63     3934.0000     Cuts: 157     1092    5.86%
      0     0     4198.5840   290     3934.0000     Cuts: 157     1370    5.86%
      0     0        cutoff           3934.0000     3934.0000     1613    0.00%
Elapsed time = 0.33 sec. (225.19 ticks, tree = 0.01 MB, solutions = 2)

Clique cuts applied:  872
Cover cuts applied:  9
Implied bound cuts applied:  7
Mixed integer rounding cuts applied:  11
Zero-half cuts applied:  1

Root node processing (before b&c):
  Real time             =    0.33 sec. (225.34 ticks)
Parallel b&c, 4 threads:
  Real time             =    0.00 sec. (0.00 ticks)
  Sync time (average)   =    0.00 sec.
  Wait time (average)   =    0.00 sec.
                          ------------
Total (root+branch&cut) =    0.33 sec. (225.34 ticks)
