CPXPARAM_Read_DataCheck                          1
Found incumbent of value 0.000000 after 0.00 sec. (0.05 ticks)
Tried aggregator 1 time.
MIP Presolve modified 1 coefficients.
Reduced MIP has 233 rows, 2010 columns, and 10034 nonzeros.
Reduced MIP has 2010 binaries, 0 generals, 0 SOSs, and 0 indicators.
Presolve time = 0.00 sec. (3.88 ticks)
Probing time = 0.01 sec. (3.15 ticks)
Tried aggregator 1 time.
Reduced MIP has 233 rows, 2010 columns, and 10034 nonzeros.
Reduced MIP has 2010 binaries, 0 generals, 0 SOSs, and 0 indicators.
Presolve time = 0.00 sec. (4.61 ticks)
Probing time = 0.02 sec. (3.08 ticks)
Clique table members: 6697.
MIP emphasis: balance optimality and feasibility.
MIP search method: dynamic search.
Parallel mode: deterministic, using up to 4 threads.
Root relaxation solution time = 0.00 sec. (7.96 ticks)

        Nodes                                         Cuts/
   Node  Left     Objective  IInf  Best Integer    Best Bound    ItCnt     Gap

*     0+    0                            0.0000    12065.0000              --- 
*     0+    0                         1533.0000    12065.0000           687.02%
      0     0     3612.1800    10     1533.0000     3612.1800      348  135.63%
      0     0     3002.3536   167     1533.0000     Cuts: 158      697   95.85%
*     0+    0                         2516.0000     3002.3536            19.33%
      0     0     2769.5318   280     2516.0000     Cuts: 158     1030   10.08%
      0     0     2671.7311   426     2516.0000     Cuts: 158     1319    6.19%
*     0+    0                         2556.0000     2671.7311             4.53%
      0     0     2606.8339   541     2556.0000     Cuts: 158     1672    1.99%
      0     0     2586.2931   570     2556.0000     Cuts: 158     1958    1.19%
      0     0        cutoff           2556.0000     2556.0000     2199    0.00%
Elapsed time = 0.58 sec. (360.07 ticks, tree = 0.01 MB, solutions = 4)

Clique cuts applied:  448
Cover cuts applied:  20
Implied bound cuts applied:  8
Mixed integer rounding cuts applied:  47
Zero-half cuts applied:  46

Root node processing (before b&c):
  Real time             =    0.59 sec. (360.24 ticks)
Parallel b&c, 4 threads:
  Real time             =    0.00 sec. (0.00 ticks)
  Sync time (average)   =    0.00 sec.
  Wait time (average)   =    0.00 sec.
                          ------------
Total (root+branch&cut) =    0.59 sec. (360.24 ticks)
