CPXPARAM_Read_DataCheck                          1
Found incumbent of value 0.000000 after 0.00 sec. (0.05 ticks)
Tried aggregator 1 time.
MIP Presolve modified 1 coefficients.
Reduced MIP has 233 rows, 2010 columns, and 10034 nonzeros.
Reduced MIP has 2010 binaries, 0 generals, 0 SOSs, and 0 indicators.
Presolve time = 0.02 sec. (3.91 ticks)
Probing time = 0.00 sec. (3.14 ticks)
Tried aggregator 1 time.
Reduced MIP has 233 rows, 2010 columns, and 10034 nonzeros.
Reduced MIP has 2010 binaries, 0 generals, 0 SOSs, and 0 indicators.
Presolve time = 0.00 sec. (4.66 ticks)
Probing time = 0.00 sec. (3.02 ticks)
Clique table members: 6661.
MIP emphasis: balance optimality and feasibility.
MIP search method: dynamic search.
Parallel mode: deterministic, using up to 4 threads.
Root relaxation solution time = 0.02 sec. (8.74 ticks)

        Nodes                                         Cuts/
   Node  Left     Objective  IInf  Best Integer    Best Bound    ItCnt     Gap

*     0+    0                            0.0000    12588.0000              --- 
*     0+    0                         2135.0000    12588.0000           489.60%
      0     0     3478.7200    10     2135.0000     3478.7200      386   62.94%
      0     0     2989.0544   115     2135.0000     Cuts: 158      724   40.00%
*     0+    0                         2552.0000     2989.0544            17.13%
      0     0     2789.8698   127     2552.0000     Cuts: 158     1034    9.32%
      0     0     2691.6081   299     2552.0000     Cuts: 158     1398    5.47%
      0     0     2658.8371   378     2552.0000     Cuts: 158     1657    4.19%
      0     0        cutoff           2552.0000     2552.0000     1961    0.00%
Elapsed time = 0.44 sec. (249.99 ticks, tree = 0.01 MB, solutions = 3)

Clique cuts applied:  359
Cover cuts applied:  11
Implied bound cuts applied:  7
Mixed integer rounding cuts applied:  52
Zero-half cuts applied:  14

Root node processing (before b&c):
  Real time             =    0.44 sec. (250.14 ticks)
Parallel b&c, 4 threads:
  Real time             =    0.00 sec. (0.00 ticks)
  Sync time (average)   =    0.00 sec.
  Wait time (average)   =    0.00 sec.
                          ------------
Total (root+branch&cut) =    0.44 sec. (250.14 ticks)
