CPXPARAM_Read_DataCheck                          1
Found incumbent of value 0.000000 after 0.00 sec. (0.05 ticks)
Tried aggregator 1 time.
MIP Presolve modified 1 coefficients.
Reduced MIP has 233 rows, 2010 columns, and 10034 nonzeros.
Reduced MIP has 2010 binaries, 0 generals, 0 SOSs, and 0 indicators.
Presolve time = 0.00 sec. (3.90 ticks)
Probing time = 0.02 sec. (3.19 ticks)
Tried aggregator 1 time.
Reduced MIP has 233 rows, 2010 columns, and 10034 nonzeros.
Reduced MIP has 2010 binaries, 0 generals, 0 SOSs, and 0 indicators.
Presolve time = 0.00 sec. (4.62 ticks)
Probing time = 0.00 sec. (3.04 ticks)
Clique table members: 6685.
MIP emphasis: balance optimality and feasibility.
MIP search method: dynamic search.
Parallel mode: deterministic, using up to 4 threads.
Root relaxation solution time = 0.02 sec. (8.53 ticks)

        Nodes                                         Cuts/
   Node  Left     Objective  IInf  Best Integer    Best Bound    ItCnt     Gap

*     0+    0                            0.0000    12362.0000              --- 
*     0+    0                         2257.0000    12362.0000           447.72%
*     0+    0                         2275.0000    12362.0000           443.38%
      0     0     3490.7700    10     2275.0000     3490.7700      390   53.44%
      0     0     3148.8079    96     2275.0000     Cuts: 158      616   38.41%
*     0+    0                         2409.0000     3148.8079            30.71%
      0     0     2743.5191   304     2409.0000     Cuts: 158     1023   13.89%
      0     0     2600.3247   403     2409.0000     Cuts: 158     1290    7.94%
*     0+    0                         2429.0000     2600.3247             7.05%
      0     0     2529.9476   513     2429.0000     Cuts: 158     1531    4.16%
*     0+    0                         2430.0000     2529.9476             4.11%
      0     0        cutoff           2430.0000     2430.0000     1794    0.00%
Elapsed time = 0.69 sec. (364.18 ticks, tree = 0.01 MB, solutions = 6)

Clique cuts applied:  508
Cover cuts applied:  10
Implied bound cuts applied:  13
Mixed integer rounding cuts applied:  27
Zero-half cuts applied:  7

Root node processing (before b&c):
  Real time             =    0.69 sec. (364.37 ticks)
Parallel b&c, 4 threads:
  Real time             =    0.00 sec. (0.00 ticks)
  Sync time (average)   =    0.00 sec.
  Wait time (average)   =    0.00 sec.
                          ------------
Total (root+branch&cut) =    0.69 sec. (364.37 ticks)
