CPXPARAM_Read_DataCheck                          1
Found incumbent of value 0.000000 after 0.00 sec. (0.26 ticks)
Tried aggregator 1 time.
MIP Presolve modified 1 coefficients.
Reduced MIP has 2017 rows, 10005 columns, and 50017 nonzeros.
Reduced MIP has 10005 binaries, 0 generals, 0 SOSs, and 0 indicators.
Presolve time = 0.02 sec. (17.70 ticks)
Probing time = 0.02 sec. (10.68 ticks)
Tried aggregator 1 time.
Reduced MIP has 2017 rows, 10005 columns, and 50017 nonzeros.
Reduced MIP has 10005 binaries, 0 generals, 0 SOSs, and 0 indicators.
Presolve time = 0.03 sec. (21.99 ticks)
Probing time = 0.02 sec. (9.75 ticks)
Clique table members: 35064.
MIP emphasis: balance optimality and feasibility.
MIP search method: dynamic search.
Parallel mode: deterministic, using up to 4 threads.
Root relaxation solution time = 0.14 sec. (132.57 ticks)

        Nodes                                         Cuts/
   Node  Left     Objective  IInf  Best Integer    Best Bound    ItCnt     Gap

*     0+    0                            0.0000    61978.0000              --- 
*     0+    0                         4326.0000    61978.0000              --- 
*     0+    0                         4352.0000    61978.0000              --- 
      0     0    34178.7650     5     4352.0000    34178.7650     2869  685.36%
*     0+    0                        17488.0000    34178.7650            95.44%
*     0+    0                        18556.0000    34178.7650            84.19%
      0     0        cutoff          18556.0000    18556.0000     2885    0.00%
Elapsed time = 1.88 sec. (1029.54 ticks, tree = 0.01 MB, solutions = 5)

Clique cuts applied:  604

Root node processing (before b&c):
  Real time             =    1.88 sec. (1030.39 ticks)
Parallel b&c, 4 threads:
  Real time             =    0.00 sec. (0.00 ticks)
  Sync time (average)   =    0.00 sec.
  Wait time (average)   =    0.00 sec.
                          ------------
Total (root+branch&cut) =    1.88 sec. (1030.39 ticks)
