CPXPARAM_Read_DataCheck                          1
Found incumbent of value 0.000000 after 0.00 sec. (0.26 ticks)
Tried aggregator 1 time.
MIP Presolve modified 1 coefficients.
Reduced MIP has 2017 rows, 10005 columns, and 50017 nonzeros.
Reduced MIP has 10005 binaries, 0 generals, 0 SOSs, and 0 indicators.
Presolve time = 0.02 sec. (21.75 ticks)
Probing time = 0.02 sec. (8.82 ticks)
Tried aggregator 1 time.
Reduced MIP has 2017 rows, 10005 columns, and 50017 nonzeros.
Reduced MIP has 10005 binaries, 0 generals, 0 SOSs, and 0 indicators.
Presolve time = 0.03 sec. (25.88 ticks)
Probing time = 0.02 sec. (8.94 ticks)
Clique table members: 32064.
MIP emphasis: balance optimality and feasibility.
MIP search method: dynamic search.
Parallel mode: deterministic, using up to 4 threads.
Root relaxation solution time = 0.16 sec. (154.51 ticks)

        Nodes                                         Cuts/
   Node  Left     Objective  IInf  Best Integer    Best Bound    ItCnt     Gap

*     0+    0                            0.0000    61978.0000              --- 
*     0+    0                         8677.0000    61978.0000           614.28%
*     0+    0                         9469.0000    61978.0000           554.54%
*     0+    0                         9722.0000    61978.0000           537.50%
      0     0    21378.2630     5     9722.0000    21378.2630     2682  119.90%
*     0+    0                        14732.0000    21378.2630            45.11%
      0     0        cutoff          14732.0000    14732.0000     3030    0.00%
Elapsed time = 1.38 sec. (694.37 ticks, tree = 0.01 MB, solutions = 5)

Clique cuts applied:  600
Implied bound cuts applied:  1
Mixed integer rounding cuts applied:  3

Root node processing (before b&c):
  Real time             =    1.39 sec. (695.23 ticks)
Parallel b&c, 4 threads:
  Real time             =    0.00 sec. (0.00 ticks)
  Sync time (average)   =    0.00 sec.
  Wait time (average)   =    0.00 sec.
                          ------------
Total (root+branch&cut) =    1.39 sec. (695.23 ticks)
