CPXPARAM_Read_DataCheck                          1
Found incumbent of value 0.000000 after 0.00 sec. (0.26 ticks)
Tried aggregator 1 time.
MIP Presolve modified 1 coefficients.
Reduced MIP has 2017 rows, 10005 columns, and 50017 nonzeros.
Reduced MIP has 10005 binaries, 0 generals, 0 SOSs, and 0 indicators.
Presolve time = 0.03 sec. (17.70 ticks)
Probing time = 0.02 sec. (9.99 ticks)
Tried aggregator 1 time.
Reduced MIP has 2017 rows, 10005 columns, and 50017 nonzeros.
Reduced MIP has 10005 binaries, 0 generals, 0 SOSs, and 0 indicators.
Presolve time = 0.02 sec. (21.53 ticks)
Probing time = 0.02 sec. (9.32 ticks)
Clique table members: 35064.
MIP emphasis: balance optimality and feasibility.
MIP search method: dynamic search.
Parallel mode: deterministic, using up to 4 threads.
Root relaxation solution time = 0.11 sec. (121.10 ticks)

        Nodes                                         Cuts/
   Node  Left     Objective  IInf  Best Integer    Best Bound    ItCnt     Gap

*     0+    0                            0.0000    61793.0000              --- 
*     0+    0                        15303.0000    61793.0000           303.80%
*     0+    0                        15459.0000    61793.0000           299.72%
      0     0    32565.1745     5    15459.0000    32565.1745     2827  110.66%
*     0+    0                        18326.0000    32565.1745            77.70%
      0     0        cutoff          18326.0000    18326.0000     2837    0.00%
Elapsed time = 1.77 sec. (992.68 ticks, tree = 0.01 MB, solutions = 4)

Clique cuts applied:  604

Root node processing (before b&c):
  Real time             =    1.77 sec. (993.46 ticks)
Parallel b&c, 4 threads:
  Real time             =    0.00 sec. (0.00 ticks)
  Sync time (average)   =    0.00 sec.
  Wait time (average)   =    0.00 sec.
                          ------------
Total (root+branch&cut) =    1.77 sec. (993.46 ticks)
