CPXPARAM_Read_DataCheck                          1
Found incumbent of value 0.000000 after 0.00 sec. (0.26 ticks)
Tried aggregator 1 time.
MIP Presolve modified 1 coefficients.
Reduced MIP has 2017 rows, 10005 columns, and 50017 nonzeros.
Reduced MIP has 10005 binaries, 0 generals, 0 SOSs, and 0 indicators.
Presolve time = 0.03 sec. (21.75 ticks)
Probing time = 0.03 sec. (9.22 ticks)
Tried aggregator 1 time.
Reduced MIP has 2017 rows, 10005 columns, and 50017 nonzeros.
Reduced MIP has 10005 binaries, 0 generals, 0 SOSs, and 0 indicators.
Presolve time = 0.03 sec. (25.54 ticks)
Probing time = 0.02 sec. (8.58 ticks)
Clique table members: 32064.
MIP emphasis: balance optimality and feasibility.
MIP search method: dynamic search.
Parallel mode: deterministic, using up to 4 threads.
Root relaxation solution time = 0.13 sec. (145.36 ticks)

        Nodes                                         Cuts/
   Node  Left     Objective  IInf  Best Integer    Best Bound    ItCnt     Gap

*     0+    0                            0.0000    61793.0000              --- 
*     0+    0                         4123.0000    61793.0000              --- 
      0     0    21297.0065     5     4123.0000    21297.0065     2571  416.54%
*     0+    0                        13753.0000    21297.0065            54.85%
      0     0    20519.5123     9    13753.0000     Cuts: 604     2712   24.75%
*     0+    0                        14167.0000    17156.5950            21.10%
      0     0        cutoff          14167.0000    14167.0000     3734    0.00%
Elapsed time = 1.92 sec. (1174.62 ticks, tree = 0.01 MB, solutions = 4)

Clique cuts applied:  1183
Cover cuts applied:  1
Implied bound cuts applied:  2
Mixed integer rounding cuts applied:  6
Zero-half cuts applied:  1

Root node processing (before b&c):
  Real time             =    1.92 sec. (1175.43 ticks)
Parallel b&c, 4 threads:
  Real time             =    0.00 sec. (0.00 ticks)
  Sync time (average)   =    0.00 sec.
  Wait time (average)   =    0.00 sec.
                          ------------
Total (root+branch&cut) =    1.92 sec. (1175.43 ticks)
