CPXPARAM_Read_DataCheck                          1
Found incumbent of value 0.000000 after 0.00 sec. (0.26 ticks)
Tried aggregator 1 time.
MIP Presolve modified 1 coefficients.
Reduced MIP has 2017 rows, 10005 columns, and 50017 nonzeros.
Reduced MIP has 10005 binaries, 0 generals, 0 SOSs, and 0 indicators.
Presolve time = 0.02 sec. (17.70 ticks)
Probing time = 0.02 sec. (9.70 ticks)
Tried aggregator 1 time.
Reduced MIP has 2017 rows, 10005 columns, and 50017 nonzeros.
Reduced MIP has 10005 binaries, 0 generals, 0 SOSs, and 0 indicators.
Presolve time = 0.03 sec. (21.54 ticks)
Probing time = 0.02 sec. (9.37 ticks)
Clique table members: 35064.
MIP emphasis: balance optimality and feasibility.
MIP search method: dynamic search.
Parallel mode: deterministic, using up to 4 threads.
Root relaxation solution time = 0.11 sec. (124.19 ticks)

        Nodes                                         Cuts/
   Node  Left     Objective  IInf  Best Integer    Best Bound    ItCnt     Gap

*     0+    0                            0.0000    62256.0000              --- 
*     0+    0                         7746.0000    62256.0000           703.72%
      0     0    34086.2350     5     7746.0000    34086.2350     2848  340.05%
*     0+    0                        19205.0000    34086.2350            77.49%
*     0+    0                        20298.0000    34086.2350            67.93%
      0     0        cutoff          20298.0000    20298.0000     2858    0.00%
Elapsed time = 1.72 sec. (1015.88 ticks, tree = 0.01 MB, solutions = 4)

Clique cuts applied:  604

Root node processing (before b&c):
  Real time             =    1.72 sec. (1016.66 ticks)
Parallel b&c, 4 threads:
  Real time             =    0.00 sec. (0.00 ticks)
  Sync time (average)   =    0.00 sec.
  Wait time (average)   =    0.00 sec.
                          ------------
Total (root+branch&cut) =    1.72 sec. (1016.66 ticks)
