CPXPARAM_Read_DataCheck                          1
Found incumbent of value 0.000000 after 0.00 sec. (0.13 ticks)
Tried aggregator 1 time.
MIP Presolve modified 1 coefficients.
Reduced MIP has 1017 rows, 5005 columns, and 25017 nonzeros.
Reduced MIP has 5005 binaries, 0 generals, 0 SOSs, and 0 indicators.
Presolve time = 0.02 sec. (8.99 ticks)
Probing time = 0.02 sec. (5.83 ticks)
Tried aggregator 1 time.
Reduced MIP has 1017 rows, 5005 columns, and 25017 nonzeros.
Reduced MIP has 5005 binaries, 0 generals, 0 SOSs, and 0 indicators.
Presolve time = 0.02 sec. (10.91 ticks)
Probing time = 0.02 sec. (5.86 ticks)
Clique table members: 17564.
MIP emphasis: balance optimality and feasibility.
MIP search method: dynamic search.
Parallel mode: deterministic, using up to 4 threads.
Root relaxation solution time = 0.05 sec. (39.56 ticks)

        Nodes                                         Cuts/
   Node  Left     Objective  IInf  Best Integer    Best Bound    ItCnt     Gap

*     0+    0                            0.0000    30972.0000              --- 
      0     0    16183.9800     5        0.0000    16183.9800     1541     --- 
*     0+    0                         7093.0000    16183.9800           128.17%
*     0+    0                         8639.0000    16183.9800            87.34%
      0     0        cutoff           8639.0000     8639.0000     1560    0.00%
Elapsed time = 0.50 sec. (300.22 ticks, tree = 0.01 MB, solutions = 3)

Clique cuts applied:  354

Root node processing (before b&c):
  Real time             =    0.52 sec. (300.58 ticks)
Parallel b&c, 4 threads:
  Real time             =    0.00 sec. (0.00 ticks)
  Sync time (average)   =    0.00 sec.
  Wait time (average)   =    0.00 sec.
                          ------------
Total (root+branch&cut) =    0.52 sec. (300.58 ticks)
