CPXPARAM_Read_DataCheck                          1
Found incumbent of value 0.000000 after 0.00 sec. (0.13 ticks)
Tried aggregator 1 time.
MIP Presolve modified 1 coefficients.
Reduced MIP has 1017 rows, 5005 columns, and 25017 nonzeros.
Reduced MIP has 5005 binaries, 0 generals, 0 SOSs, and 0 indicators.
Presolve time = 0.02 sec. (8.96 ticks)
Probing time = 0.02 sec. (5.90 ticks)
Tried aggregator 1 time.
Reduced MIP has 1017 rows, 5005 columns, and 25017 nonzeros.
Reduced MIP has 5005 binaries, 0 generals, 0 SOSs, and 0 indicators.
Presolve time = 0.02 sec. (10.88 ticks)
Probing time = 0.02 sec. (5.72 ticks)
Clique table members: 17564.
MIP emphasis: balance optimality and feasibility.
MIP search method: dynamic search.
Parallel mode: deterministic, using up to 4 threads.
Root relaxation solution time = 0.05 sec. (39.40 ticks)

        Nodes                                         Cuts/
   Node  Left     Objective  IInf  Best Integer    Best Bound    ItCnt     Gap

*     0+    0                            0.0000    30948.0000              --- 
      0     0    16983.7990     5        0.0000    16983.7990     1326     --- 
*     0+    0                        10262.0000    16983.7990            65.50%
*     0+    0                        10424.0000    16983.7990            62.93%
      0     0    16962.8970     5    10424.0000  Cliques: 354     1336    0.01%
*     0+    0                        10425.0000    10425.5556             0.01%
      0     0        cutoff          10425.0000    10425.0000     1345    0.00%
Elapsed time = 0.88 sec. (512.83 ticks, tree = 0.01 MB, solutions = 4)

Clique cuts applied:  706

Root node processing (before b&c):
  Real time             =    0.88 sec. (513.23 ticks)
Parallel b&c, 4 threads:
  Real time             =    0.00 sec. (0.00 ticks)
  Sync time (average)   =    0.00 sec.
  Wait time (average)   =    0.00 sec.
                          ------------
Total (root+branch&cut) =    0.88 sec. (513.23 ticks)
