CPXPARAM_Read_DataCheck                          1
Found incumbent of value 0.000000 after 0.00 sec. (0.13 ticks)
Tried aggregator 1 time.
MIP Presolve modified 1 coefficients.
Reduced MIP has 1017 rows, 5005 columns, and 25017 nonzeros.
Reduced MIP has 5005 binaries, 0 generals, 0 SOSs, and 0 indicators.
Presolve time = 0.02 sec. (8.96 ticks)
Probing time = 0.02 sec. (5.92 ticks)
Tried aggregator 1 time.
Reduced MIP has 1017 rows, 5005 columns, and 25017 nonzeros.
Reduced MIP has 5005 binaries, 0 generals, 0 SOSs, and 0 indicators.
Presolve time = 0.02 sec. (10.83 ticks)
Probing time = 0.02 sec. (5.93 ticks)
Clique table members: 17564.
MIP emphasis: balance optimality and feasibility.
MIP search method: dynamic search.
Parallel mode: deterministic, using up to 4 threads.
Root relaxation solution time = 0.03 sec. (37.53 ticks)

        Nodes                                         Cuts/
   Node  Left     Objective  IInf  Best Integer    Best Bound    ItCnt     Gap

*     0+    0                            0.0000    31000.0000              --- 
      0     0    17320.7860     5        0.0000    17320.7860     1409     --- 
*     0+    0                         7338.0000    17320.7860           136.04%
*     0+    0                        11481.0000    17320.7860            50.86%

Clique cuts applied:  354

Root node processing (before b&c):
  Real time             =    0.61 sec. (323.58 ticks)
Parallel b&c, 4 threads:
  Real time             =    0.00 sec. (0.00 ticks)
  Sync time (average)   =    0.00 sec.
  Wait time (average)   =    0.00 sec.
                          ------------
Total (root+branch&cut) =    0.61 sec. (323.58 ticks)
