CPXPARAM_Read_DataCheck                          1
Found incumbent of value 0.000000 after 0.00 sec. (0.13 ticks)
Tried aggregator 1 time.
MIP Presolve modified 1 coefficients.
Reduced MIP has 1017 rows, 5005 columns, and 25017 nonzeros.
Reduced MIP has 5005 binaries, 0 generals, 0 SOSs, and 0 indicators.
Presolve time = 0.02 sec. (10.51 ticks)
Probing time = 0.02 sec. (5.81 ticks)
Tried aggregator 1 time.
Reduced MIP has 1017 rows, 5005 columns, and 25017 nonzeros.
Reduced MIP has 5005 binaries, 0 generals, 0 SOSs, and 0 indicators.
Presolve time = 0.02 sec. (12.42 ticks)
Probing time = 0.02 sec. (5.53 ticks)
Clique table members: 16064.
MIP emphasis: balance optimality and feasibility.
MIP search method: dynamic search.
Parallel mode: deterministic, using up to 4 threads.
Root relaxation solution time = 0.05 sec. (49.16 ticks)

        Nodes                                         Cuts/
   Node  Left     Objective  IInf  Best Integer    Best Bound    ItCnt     Gap

*     0+    0                            0.0000    30715.0000              --- 
*     0+    0                         4501.0000    30715.0000           582.40%
*     0+    0                         4753.0000    30715.0000           546.22%
      0     0    10742.5717     7     4753.0000    10742.5717     1388  126.02%
*     0+    0                         7030.0000    10742.5717            52.81%
      0     0     9227.5290   399     7030.0000     Cuts: 354     2149   28.26%
*     0+    0                         7321.0000     9016.5590            23.16%
      0     0        cutoff           7321.0000     7321.0000     2553    0.00%
Elapsed time = 0.84 sec. (591.53 ticks, tree = 0.01 MB, solutions = 5)

Clique cuts applied:  539
Cover cuts applied:  3
Implied bound cuts applied:  3
Mixed integer rounding cuts applied:  4
Zero-half cuts applied:  4

Root node processing (before b&c):
  Real time             =    0.84 sec. (591.97 ticks)
Parallel b&c, 4 threads:
  Real time             =    0.00 sec. (0.00 ticks)
  Sync time (average)   =    0.00 sec.
  Wait time (average)   =    0.00 sec.
                          ------------
Total (root+branch&cut) =    0.84 sec. (591.97 ticks)
