CPXPARAM_Read_DataCheck                          1
Found incumbent of value 0.000000 after 0.00 sec. (0.13 ticks)
Tried aggregator 1 time.
MIP Presolve eliminated 2 rows and 0 columns.
MIP Presolve modified 1 coefficients.
Reduced MIP has 1015 rows, 5005 columns, and 23017 nonzeros.
Reduced MIP has 5005 binaries, 0 generals, 0 SOSs, and 0 indicators.
Presolve time = 0.03 sec. (9.13 ticks)
Probing time = 0.02 sec. (5.08 ticks)
Tried aggregator 1 time.
Reduced MIP has 1015 rows, 5005 columns, and 23017 nonzeros.
Reduced MIP has 5005 binaries, 0 generals, 0 SOSs, and 0 indicators.
Presolve time = 0.02 sec. (10.21 ticks)
Probing time = 0.02 sec. (5.00 ticks)
Clique table members: 16564.
MIP emphasis: balance optimality and feasibility.
MIP search method: dynamic search.
Parallel mode: deterministic, using up to 4 threads.
Root relaxation solution time = 0.03 sec. (37.79 ticks)

        Nodes                                         Cuts/
   Node  Left     Objective  IInf  Best Integer    Best Bound    ItCnt     Gap

*     0+    0                            0.0000    30548.0000              --- 
      0     0    14255.5040     5        0.0000    14255.5040     1484     --- 
*     0+    0                         3011.0000    14255.5040           373.45%
*     0+    0                         6861.0000    14255.5040           107.78%
      0     0        cutoff           6861.0000     6861.0000     1493    0.00%
Elapsed time = 0.52 sec. (293.46 ticks, tree = 0.01 MB, solutions = 3)

Clique cuts applied:  353

Root node processing (before b&c):
  Real time             =    0.52 sec. (293.82 ticks)
Parallel b&c, 4 threads:
  Real time             =    0.00 sec. (0.00 ticks)
  Sync time (average)   =    0.00 sec.
  Wait time (average)   =    0.00 sec.
                          ------------
Total (root+branch&cut) =    0.52 sec. (293.82 ticks)
