CPXPARAM_Read_DataCheck                          1
Found incumbent of value 0.000000 after 0.00 sec. (2.56 ticks)
Tried aggregator 1 time.
MIP Presolve modified 1 coefficients.
Reduced MIP has 10031 rows, 100010 columns, and 500040 nonzeros.
Reduced MIP has 100010 binaries, 0 generals, 0 SOSs, and 0 indicators.
Presolve time = 0.31 sec. (204.49 ticks)
Tried aggregator 1 time.
Reduced MIP has 10031 rows, 100010 columns, and 500040 nonzeros.
Reduced MIP has 100010 binaries, 0 generals, 0 SOSs, and 0 indicators.
Presolve time = 0.44 sec. (243.75 ticks)
Probing time = 0.11 sec. (23.07 ticks)
Clique table members: 204501.
MIP emphasis: balance optimality and feasibility.
MIP search method: dynamic search.
Parallel mode: deterministic, using up to 4 threads.
Root relaxation solution time = 0.67 sec. (426.62 ticks)

        Nodes                                         Cuts/
   Node  Left     Objective  IInf  Best Integer    Best Bound    ItCnt     Gap

*     0+    0                            0.0000   619872.0000              --- 
      0     0   149272.8165    10        0.0000   149272.8165    18468     --- 
*     0+    0                       129014.0000   149272.8165            15.70%
      0     0   141011.8733  4516   129014.0000    Cuts: 2607    25043    6.24%
*     0+    0                       130610.0000   137059.1111             4.94%
      0     0        cutoff         130610.0000   130610.0000    30883    0.00%
Elapsed time = 88.67 sec. (46184.21 ticks, tree = 0.01 MB, solutions = 3)

Clique cuts applied:  4896
Cover cuts applied:  3
Mixed integer rounding cuts applied:  13

Root node processing (before b&c):
  Real time             =   88.70 sec. (46191.39 ticks)
Parallel b&c, 4 threads:
  Real time             =    0.00 sec. (0.00 ticks)
  Sync time (average)   =    0.00 sec.
  Wait time (average)   =    0.00 sec.
                          ------------
Total (root+branch&cut) =   88.70 sec. (46191.39 ticks)
