CPXPARAM_Read_DataCheck                          1
Found incumbent of value 0.000000 after 0.00 sec. (2.56 ticks)
Tried aggregator 1 time.
MIP Presolve modified 3 coefficients.
Reduced MIP has 10031 rows, 100010 columns, and 500040 nonzeros.
Reduced MIP has 100010 binaries, 0 generals, 0 SOSs, and 0 indicators.
Presolve time = 0.33 sec. (178.15 ticks)
Tried aggregator 1 time.
Reduced MIP has 10031 rows, 100010 columns, and 500040 nonzeros.
Reduced MIP has 100010 binaries, 0 generals, 0 SOSs, and 0 indicators.
Presolve time = 0.44 sec. (206.86 ticks)
Probing time = 0.14 sec. (25.70 ticks)
Clique table members: 199499.
MIP emphasis: balance optimality and feasibility.
MIP search method: dynamic search.
Parallel mode: deterministic, using up to 4 threads.
Root relaxation solution time = 1.44 sec. (830.31 ticks)

        Nodes                                         Cuts/
   Node  Left     Objective  IInf  Best Integer    Best Bound    ItCnt     Gap

*     0+    0                            0.0000   619872.0000              --- 
*     0+    0                       170399.0000   619872.0000           263.78%
      0     0   342751.4361    12   170399.0000   342751.4361       14  101.15%
*     0+    0                       216529.0000   342751.4361            58.29%
      0     0   303643.1298  4347   216529.0000    Cuts: 2607    13911   18.66%
      0     0        cutoff         216529.0000   216529.0000    30577    0.00%
Elapsed time = 211.08 sec. (93498.35 ticks, tree = 0.01 MB, solutions = 3)

Clique cuts applied:  5177
Cover cuts applied:  2
Mixed integer rounding cuts applied:  10

Root node processing (before b&c):
  Real time             =  211.11 sec. (93505.61 ticks)
Parallel b&c, 4 threads:
  Real time             =    0.00 sec. (0.00 ticks)
  Sync time (average)   =    0.00 sec.
  Wait time (average)   =    0.00 sec.
                          ------------
Total (root+branch&cut) =  211.11 sec. (93505.61 ticks)
