CPXPARAM_Read_DataCheck                          1
Found incumbent of value 0.000000 after 0.00 sec. (2.56 ticks)
Tried aggregator 1 time.
MIP Presolve modified 1 coefficients.
Reduced MIP has 10031 rows, 100010 columns, and 500040 nonzeros.
Reduced MIP has 100010 binaries, 0 generals, 0 SOSs, and 0 indicators.
Presolve time = 0.31 sec. (204.73 ticks)
Tried aggregator 1 time.
Reduced MIP has 10031 rows, 100010 columns, and 500040 nonzeros.
Reduced MIP has 100010 binaries, 0 generals, 0 SOSs, and 0 indicators.
Presolve time = 0.44 sec. (244.05 ticks)
Probing time = 0.09 sec. (23.07 ticks)
Clique table members: 204532.
MIP emphasis: balance optimality and feasibility.
MIP search method: dynamic search.
Parallel mode: deterministic, using up to 4 threads.
Root relaxation solution time = 0.86 sec. (560.93 ticks)

        Nodes                                         Cuts/
   Node  Left     Objective  IInf  Best Integer    Best Bound    ItCnt     Gap

*     0+    0                            0.0000   619284.0000              --- 
      0     0   138572.1200    12        0.0000   138572.1200    20393     --- 
*     0+    0                       120785.0000   138572.1200            14.73%
      0     0   130196.5647  4294   120785.0000    Cuts: 2607    27497    5.20%
*     0+    0                       121196.0000   127065.1934             4.84%
      0     0        cutoff         121196.0000   121196.0000    33260    0.00%
Elapsed time = 90.81 sec. (52434.79 ticks, tree = 0.01 MB, solutions = 3)

Clique cuts applied:  4796
Cover cuts applied:  4
Mixed integer rounding cuts applied:  14
Gomory fractional cuts applied:  1

Root node processing (before b&c):
  Real time             =   90.84 sec. (52441.98 ticks)
Parallel b&c, 4 threads:
  Real time             =    0.00 sec. (0.00 ticks)
  Sync time (average)   =    0.00 sec.
  Wait time (average)   =    0.00 sec.
                          ------------
Total (root+branch&cut) =   90.84 sec. (52441.98 ticks)
