CPXPARAM_Read_DataCheck                          1
Found incumbent of value 0.000000 after 0.00 sec. (2.56 ticks)
Tried aggregator 1 time.
MIP Presolve modified 5 coefficients.
Reduced MIP has 10031 rows, 100010 columns, and 500040 nonzeros.
Reduced MIP has 100010 binaries, 0 generals, 0 SOSs, and 0 indicators.
Presolve time = 0.30 sec. (178.13 ticks)
Tried aggregator 1 time.
Reduced MIP has 10031 rows, 100010 columns, and 500040 nonzeros.
Reduced MIP has 100010 binaries, 0 generals, 0 SOSs, and 0 indicators.
Presolve time = 0.42 sec. (206.83 ticks)
Probing time = 0.14 sec. (25.70 ticks)
Clique table members: 199499.
MIP emphasis: balance optimality and feasibility.
MIP search method: dynamic search.
Parallel mode: deterministic, using up to 4 threads.
Root relaxation solution time = 2.05 sec. (1276.95 ticks)

        Nodes                                         Cuts/
   Node  Left     Objective  IInf  Best Integer    Best Bound    ItCnt     Gap

*     0+    0                            0.0000   619284.0000              --- 
      0     0   272889.5995    19        0.0000   272889.5995       28     --- 
*     0+    0                       117247.0000   272889.5995           132.75%
      0     0        cutoff         117247.0000   117247.0000    24978    0.00%
Elapsed time = 84.77 sec. (46142.07 ticks, tree = 0.01 MB, solutions = 2)

Clique cuts applied:  2583
Mixed integer rounding cuts applied:  16
Gomory fractional cuts applied:  8

Root node processing (before b&c):
  Real time             =   84.80 sec. (46148.79 ticks)
Parallel b&c, 4 threads:
  Real time             =    0.00 sec. (0.00 ticks)
  Sync time (average)   =    0.00 sec.
  Wait time (average)   =    0.00 sec.
                          ------------
Total (root+branch&cut) =   84.80 sec. (46148.79 ticks)
