CPXPARAM_Read_DataCheck                          1
Found incumbent of value 0.000000 after 0.02 sec. (2.56 ticks)
Tried aggregator 1 time.
MIP Presolve modified 1 coefficients.
Reduced MIP has 10031 rows, 100010 columns, and 500040 nonzeros.
Reduced MIP has 100010 binaries, 0 generals, 0 SOSs, and 0 indicators.
Presolve time = 0.31 sec. (204.08 ticks)
Tried aggregator 1 time.
Reduced MIP has 10031 rows, 100010 columns, and 500040 nonzeros.
Reduced MIP has 100010 binaries, 0 generals, 0 SOSs, and 0 indicators.
Presolve time = 0.42 sec. (243.40 ticks)
Probing time = 0.11 sec. (23.08 ticks)
Clique table members: 204452.
MIP emphasis: balance optimality and feasibility.
MIP search method: dynamic search.
Parallel mode: deterministic, using up to 4 threads.
Root relaxation solution time = 0.70 sec. (429.59 ticks)

        Nodes                                         Cuts/
   Node  Left     Objective  IInf  Best Integer    Best Bound    ItCnt     Gap

*     0+    0                            0.0000   619823.0000              --- 
*     0+    0                        47454.0000   619823.0000              --- 
      0     0   145996.8754    10    47454.0000   145996.8754    18206  207.66%
*     0+    0                       129305.0000   145996.8754            12.91%
      0     0        cutoff         129305.0000   129305.0000    24427    0.00%
Elapsed time = 41.83 sec. (19417.84 ticks, tree = 0.01 MB, solutions = 3)

Clique cuts applied:  2592
Cover cuts applied:  3
Mixed integer rounding cuts applied:  8
Gomory fractional cuts applied:  4

Root node processing (before b&c):
  Real time             =   41.86 sec. (19425.03 ticks)
Parallel b&c, 4 threads:
  Real time             =    0.00 sec. (0.00 ticks)
  Sync time (average)   =    0.00 sec.
  Wait time (average)   =    0.00 sec.
                          ------------
Total (root+branch&cut) =   41.86 sec. (19425.03 ticks)
