CPXPARAM_Read_DataCheck                          1
Found incumbent of value 0.000000 after 0.01 sec. (2.56 ticks)
Tried aggregator 1 time.
MIP Presolve modified 3 coefficients.
Reduced MIP has 10031 rows, 100010 columns, and 500040 nonzeros.
Reduced MIP has 100010 binaries, 0 generals, 0 SOSs, and 0 indicators.
Presolve time = 0.28 sec. (178.14 ticks)
Tried aggregator 1 time.
Reduced MIP has 10031 rows, 100010 columns, and 500040 nonzeros.
Reduced MIP has 100010 binaries, 0 generals, 0 SOSs, and 0 indicators.
Presolve time = 0.41 sec. (206.85 ticks)
Probing time = 0.11 sec. (25.70 ticks)
Clique table members: 199499.
MIP emphasis: balance optimality and feasibility.
MIP search method: dynamic search.
Parallel mode: deterministic, using up to 4 threads.
Root relaxation solution time = 1.39 sec. (883.03 ticks)

        Nodes                                         Cuts/
   Node  Left     Objective  IInf  Best Integer    Best Bound    ItCnt     Gap

*     0+    0                            0.0000   619395.0000              --- 
      0     0   313990.9996    14        0.0000   313990.9996       16     --- 
*     0+    0                       210276.0000   313990.9996            49.32%
      0     0        cutoff         210276.0000   210276.0000    22704    0.00%
Elapsed time = 101.39 sec. (45894.03 ticks, tree = 0.01 MB, solutions = 2)

Clique cuts applied:  2590
Cover cuts applied:  2
Mixed integer rounding cuts applied:  13
Gomory fractional cuts applied:  2

Root node processing (before b&c):
  Real time             =  101.42 sec. (45900.64 ticks)
Parallel b&c, 4 threads:
  Real time             =    0.00 sec. (0.00 ticks)
  Sync time (average)   =    0.00 sec.
  Wait time (average)   =    0.00 sec.
                          ------------
Total (root+branch&cut) =  101.42 sec. (45900.64 ticks)
