CPXPARAM_Read_DataCheck                          1
Found incumbent of value 0.000000 after 0.00 sec. (2.56 ticks)
Tried aggregator 1 time.
MIP Presolve modified 10 coefficients.
Reduced MIP has 10031 rows, 100010 columns, and 500040 nonzeros.
Reduced MIP has 100010 binaries, 0 generals, 0 SOSs, and 0 indicators.
Presolve time = 0.31 sec. (178.14 ticks)
Tried aggregator 1 time.
Reduced MIP has 10031 rows, 100010 columns, and 500040 nonzeros.
Reduced MIP has 100010 binaries, 0 generals, 0 SOSs, and 0 indicators.
Presolve time = 0.38 sec. (206.83 ticks)
Probing time = 0.13 sec. (25.70 ticks)
Clique table members: 199499.
MIP emphasis: balance optimality and feasibility.
MIP search method: dynamic search.
Parallel mode: deterministic, using up to 4 threads.
Root relaxation solution time = 1.39 sec. (883.63 ticks)

        Nodes                                         Cuts/
   Node  Left     Objective  IInf  Best Integer    Best Bound    ItCnt     Gap

*     0+    0                            0.0000   620573.0000              --- 
      0     0   301493.3721    12        0.0000   301493.3721       16     --- 
*     0+    0                       165548.0000   301493.3721            82.12%
      0     0        cutoff         165548.0000   165548.0000    19547    0.00%
Elapsed time = 95.36 sec. (42687.32 ticks, tree = 0.01 MB, solutions = 2)

Clique cuts applied:  2595
Mixed integer rounding cuts applied:  9
Gomory fractional cuts applied:  3

Root node processing (before b&c):
  Real time             =   95.39 sec. (42693.95 ticks)
Parallel b&c, 4 threads:
  Real time             =    0.00 sec. (0.00 ticks)
  Sync time (average)   =    0.00 sec.
  Wait time (average)   =    0.00 sec.
                          ------------
Total (root+branch&cut) =   95.39 sec. (42693.95 ticks)
