CPXPARAM_Read_DataCheck                          1
Found incumbent of value 0.000000 after 0.01 sec. (2.56 ticks)
Tried aggregator 1 time.
MIP Presolve modified 1 coefficients.
Reduced MIP has 10031 rows, 100010 columns, and 500040 nonzeros.
Reduced MIP has 100010 binaries, 0 generals, 0 SOSs, and 0 indicators.
Presolve time = 0.30 sec. (204.33 ticks)
Tried aggregator 1 time.
Reduced MIP has 10031 rows, 100010 columns, and 500040 nonzeros.
Reduced MIP has 100010 binaries, 0 generals, 0 SOSs, and 0 indicators.
Presolve time = 0.50 sec. (243.66 ticks)
Probing time = 0.11 sec. (23.07 ticks)
Clique table members: 204484.
MIP emphasis: balance optimality and feasibility.
MIP search method: dynamic search.
Parallel mode: deterministic, using up to 4 threads.
Root relaxation solution time = 0.97 sec. (537.56 ticks)

        Nodes                                         Cuts/
   Node  Left     Objective  IInf  Best Integer    Best Bound    ItCnt     Gap

*     0+    0                            0.0000   619395.0000              --- 
*     0+    0                        25816.0000   619395.0000              --- 
      0     0   139096.2479    10    25816.0000   139096.2479    20079  438.80%
*     0+    0                       117546.0000   139096.2479            18.33%
      0     0   130109.8980  4272   117546.0000    Cuts: 2607    27121    8.53%
*     0+    0                       118959.0000   127571.8192             7.24%
      0     0        cutoff         118959.0000   118959.0000    33623    0.00%
Elapsed time = 93.97 sec. (51702.08 ticks, tree = 0.01 MB, solutions = 4)

Clique cuts applied:  4789
Cover cuts applied:  3
Mixed integer rounding cuts applied:  14

Root node processing (before b&c):
  Real time             =   93.98 sec. (51709.93 ticks)
Parallel b&c, 4 threads:
  Real time             =    0.00 sec. (0.00 ticks)
  Sync time (average)   =    0.00 sec.
  Wait time (average)   =    0.00 sec.
                          ------------
Total (root+branch&cut) =   93.98 sec. (51709.93 ticks)
