CPXPARAM_Read_DataCheck                          1
Found incumbent of value 0.000000 after 0.00 sec. (2.56 ticks)
Tried aggregator 1 time.
MIP Presolve modified 1 coefficients.
Reduced MIP has 10031 rows, 100010 columns, and 500040 nonzeros.
Reduced MIP has 100010 binaries, 0 generals, 0 SOSs, and 0 indicators.
Presolve time = 0.33 sec. (204.74 ticks)
Tried aggregator 1 time.
Reduced MIP has 10031 rows, 100010 columns, and 500040 nonzeros.
Reduced MIP has 100010 binaries, 0 generals, 0 SOSs, and 0 indicators.
Presolve time = 0.39 sec. (244.38 ticks)
Probing time = 0.09 sec. (23.07 ticks)
Clique table members: 204532.
MIP emphasis: balance optimality and feasibility.
MIP search method: dynamic search.
Parallel mode: deterministic, using up to 4 threads.
Root relaxation solution time = 0.77 sec. (480.60 ticks)

        Nodes                                         Cuts/
   Node  Left     Objective  IInf  Best Integer    Best Bound    ItCnt     Gap

*     0+    0                            0.0000   622176.0000              --- 
      0     0   138256.3117    10        0.0000   138256.3117    18697     --- 
*     0+    0                       116960.0000   138256.3117            18.21%
      0     0   128427.1230  4050   116960.0000    Cuts: 2607    26006    5.13%
      0     0        cutoff         116960.0000   116960.0000    32000    0.00%
Elapsed time = 79.81 sec. (45024.92 ticks, tree = 0.01 MB, solutions = 2)

Clique cuts applied:  4662
Cover cuts applied:  3
Mixed integer rounding cuts applied:  16

Root node processing (before b&c):
  Real time             =   79.84 sec. (45031.53 ticks)
Parallel b&c, 4 threads:
  Real time             =    0.00 sec. (0.00 ticks)
  Sync time (average)   =    0.00 sec.
  Wait time (average)   =    0.00 sec.
                          ------------
Total (root+branch&cut) =   79.84 sec. (45031.53 ticks)
