CPXPARAM_Read_DataCheck                          1
Found incumbent of value 0.000000 after 0.00 sec. (0.08 ticks)
Tried aggregator 1 time.
MIP Presolve eliminated 7 rows and 0 columns.
MIP Presolve modified 404 coefficients.
Reduced MIP has 326 rows, 3010 columns, and 12934 nonzeros.
Reduced MIP has 3010 binaries, 0 generals, 0 SOSs, and 0 indicators.
Presolve time = 0.00 sec. (8.18 ticks)
Tried aggregator 1 time.
Reduced MIP has 326 rows, 3010 columns, and 12934 nonzeros.
Reduced MIP has 3010 binaries, 0 generals, 0 SOSs, and 0 indicators.
Presolve time = 0.02 sec. (5.76 ticks)
Probing time = 0.02 sec. (3.34 ticks)
Clique table members: 9527.
MIP emphasis: balance optimality and feasibility.
MIP search method: dynamic search.
Parallel mode: deterministic, using up to 4 threads.
Root relaxation solution time = 0.02 sec. (10.09 ticks)

        Nodes                                         Cuts/
   Node  Left     Objective  IInf  Best Integer    Best Bound    ItCnt     Gap

*     0+    0                            0.0000    18469.0000              --- 
      0     0     9928.1393    10        0.0000     9928.1393      637     --- 
*     0+    0                         5481.0000     9928.1393            81.14%
      0     0     9898.3940    10     5481.0000  Cliques: 181      658   43.62%
      0     0     9882.5374    10     5481.0000  Cliques: 181      674   43.62%
*     0+    0                         5622.0000     7872.0136            40.02%
      0     0        cutoff           5622.0000     5622.0000      674    0.00%
Elapsed time = 0.33 sec. (185.93 ticks, tree = 0.01 MB, solutions = 3)

Clique cuts applied:  355

Root node processing (before b&c):
  Real time             =    0.34 sec. (186.14 ticks)
Parallel b&c, 4 threads:
  Real time             =    0.00 sec. (0.00 ticks)
  Sync time (average)   =    0.00 sec.
  Wait time (average)   =    0.00 sec.
                          ------------
Total (root+branch&cut) =    0.34 sec. (186.14 ticks)
