CPXPARAM_Read_DataCheck                          1
Found incumbent of value 0.000000 after 0.00 sec. (0.08 ticks)
Tried aggregator 1 time.
MIP Presolve modified 1 coefficients.
Reduced MIP has 333 rows, 3010 columns, and 15034 nonzeros.
Reduced MIP has 3010 binaries, 0 generals, 0 SOSs, and 0 indicators.
Presolve time = 0.02 sec. (5.78 ticks)
Tried aggregator 1 time.
Reduced MIP has 333 rows, 3010 columns, and 15034 nonzeros.
Reduced MIP has 3010 binaries, 0 generals, 0 SOSs, and 0 indicators.
Presolve time = 0.00 sec. (6.85 ticks)
Probing time = 0.00 sec. (3.66 ticks)
Clique table members: 9909.
MIP emphasis: balance optimality and feasibility.
MIP search method: dynamic search.
Parallel mode: deterministic, using up to 4 threads.
Root relaxation solution time = 0.02 sec. (16.24 ticks)

        Nodes                                         Cuts/
   Node  Left     Objective  IInf  Best Integer    Best Bound    ItCnt     Gap

*     0+    0                            0.0000    18690.0000              --- 
*     0+    0                         2644.0000    18690.0000           606.88%
      0     0     5041.5678    12     2644.0000     5041.5678      541   90.68%
*     0+    0                         3081.0000     5041.5678            63.63%
      0     0     4198.9078   193     3081.0000     Cuts: 183     1072   36.28%
*     0+    0                         3410.0000     4198.9078            23.14%
      0     0     3857.2244   334     3410.0000     Cuts: 183     1581   13.12%
      0     0     3682.5829   514     3410.0000     Cuts: 183     1948    7.99%
      0     0     3614.6923   621     3410.0000     Cuts: 183     2332    6.00%
      0     0     3530.3938   691     3410.0000     Cuts: 183     2692    3.53%
*     0+    0                         3412.0000     3530.3938             3.47%
      0     0        cutoff           3412.0000     3412.0000     3162    0.00%
Elapsed time = 1.70 sec. (909.43 ticks, tree = 0.01 MB, solutions = 5)

Clique cuts applied:  626
Cover cuts applied:  14
Implied bound cuts applied:  17
Mixed integer rounding cuts applied:  43
Zero-half cuts applied:  5
Gomory fractional cuts applied:  1

Root node processing (before b&c):
  Real time             =    1.70 sec. (909.71 ticks)
Parallel b&c, 4 threads:
  Real time             =    0.00 sec. (0.00 ticks)
  Sync time (average)   =    0.00 sec.
  Wait time (average)   =    0.00 sec.
                          ------------
Total (root+branch&cut) =    1.70 sec. (909.71 ticks)
