CPXPARAM_Read_DataCheck                          1
Found incumbent of value 0.000000 after 0.00 sec. (0.08 ticks)
Tried aggregator 1 time.
MIP Presolve eliminated 4 rows and 0 columns.
MIP Presolve modified 1 coefficients.
Reduced MIP has 329 rows, 3010 columns, and 13834 nonzeros.
Reduced MIP has 3010 binaries, 0 generals, 0 SOSs, and 0 indicators.
Presolve time = 0.02 sec. (5.42 ticks)
Tried aggregator 1 time.
Reduced MIP has 329 rows, 3010 columns, and 13834 nonzeros.
Reduced MIP has 3010 binaries, 0 generals, 0 SOSs, and 0 indicators.
Presolve time = 0.00 sec. (6.06 ticks)
Probing time = 0.02 sec. (3.89 ticks)
Clique table members: 9977.
MIP emphasis: balance optimality and feasibility.
MIP search method: dynamic search.
Parallel mode: deterministic, using up to 4 threads.
Root relaxation solution time = 0.02 sec. (15.85 ticks)

        Nodes                                         Cuts/
   Node  Left     Objective  IInf  Best Integer    Best Bound    ItCnt     Gap

*     0+    0                            0.0000    18389.0000              --- 
      0     0     9787.0267    12        0.0000     9787.0267      818     --- 
*     0+    0                         3861.0000     9787.0267           153.48%
      0     0        cutoff           3861.0000     3861.0000      855    0.00%
Elapsed time = 0.19 sec. (114.63 ticks, tree = 0.01 MB, solutions = 2)

Clique cuts applied:  182

Root node processing (before b&c):
  Real time             =    0.19 sec. (114.82 ticks)
Parallel b&c, 4 threads:
  Real time             =    0.00 sec. (0.00 ticks)
  Sync time (average)   =    0.00 sec.
  Wait time (average)   =    0.00 sec.
                          ------------
Total (root+branch&cut) =    0.19 sec. (114.82 ticks)
