CPXPARAM_Read_DataCheck                          1
Found incumbent of value 0.000000 after 0.00 sec. (0.08 ticks)
Tried aggregator 1 time.
MIP Presolve modified 1 coefficients.
Reduced MIP has 333 rows, 3010 columns, and 15034 nonzeros.
Reduced MIP has 3010 binaries, 0 generals, 0 SOSs, and 0 indicators.
Presolve time = 0.00 sec. (5.74 ticks)
Tried aggregator 1 time.
Reduced MIP has 333 rows, 3010 columns, and 15034 nonzeros.
Reduced MIP has 3010 binaries, 0 generals, 0 SOSs, and 0 indicators.
Presolve time = 0.00 sec. (6.86 ticks)
Probing time = 0.02 sec. (3.73 ticks)
Clique table members: 9981.
MIP emphasis: balance optimality and feasibility.
MIP search method: dynamic search.
Parallel mode: deterministic, using up to 4 threads.
Root relaxation solution time = 0.02 sec. (16.83 ticks)

        Nodes                                         Cuts/
   Node  Left     Objective  IInf  Best Integer    Best Bound    ItCnt     Gap

*     0+    0                            0.0000    18404.0000              --- 
*     0+    0                         2296.0000    18404.0000           701.57%
*     0+    0                         2386.0000    18404.0000           671.33%
      0     0     5266.8433    10     2386.0000     5266.8433      590  120.74%
      0     0     4507.5692   109     2386.0000     Cuts: 183     1004   88.92%
*     0+    0                         3480.0000     4507.5692            29.53%
      0     0     4124.1747   347     3480.0000     Cuts: 183     1540   18.51%
*     0+    0                         3602.0000     4124.1747            14.50%
      0     0     3851.0961   457     3602.0000     Cuts: 183     1972    6.92%
      0     0        cutoff           3602.0000     3602.0000     2294    0.00%
Elapsed time = 0.78 sec. (447.46 ticks, tree = 0.01 MB, solutions = 5)

Clique cuts applied:  460
Cover cuts applied:  6
Implied bound cuts applied:  13
Mixed integer rounding cuts applied:  33
Zero-half cuts applied:  6

Root node processing (before b&c):
  Real time             =    0.78 sec. (447.74 ticks)
Parallel b&c, 4 threads:
  Real time             =    0.00 sec. (0.00 ticks)
  Sync time (average)   =    0.00 sec.
  Wait time (average)   =    0.00 sec.
                          ------------
Total (root+branch&cut) =    0.78 sec. (447.74 ticks)
