CPXPARAM_Read_DataCheck                          1
Found incumbent of value 0.000000 after 0.00 sec. (0.08 ticks)
Tried aggregator 1 time.
MIP Presolve modified 1 coefficients.
Reduced MIP has 333 rows, 3010 columns, and 15034 nonzeros.
Reduced MIP has 3010 binaries, 0 generals, 0 SOSs, and 0 indicators.
Presolve time = 0.02 sec. (5.76 ticks)
Tried aggregator 1 time.
Reduced MIP has 333 rows, 3010 columns, and 15034 nonzeros.
Reduced MIP has 3010 binaries, 0 generals, 0 SOSs, and 0 indicators.
Presolve time = 0.00 sec. (6.83 ticks)
Probing time = 0.00 sec. (3.69 ticks)
Clique table members: 9949.
MIP emphasis: balance optimality and feasibility.
MIP search method: dynamic search.
Parallel mode: deterministic, using up to 4 threads.
Root relaxation solution time = 0.02 sec. (15.28 ticks)

        Nodes                                         Cuts/
   Node  Left     Objective  IInf  Best Integer    Best Bound    ItCnt     Gap

*     0+    0                            0.0000    18539.0000              --- 
*     0+    0                         2444.0000    18539.0000           658.55%
      0     0     5237.3000    10     2444.0000     5237.3000      523  114.29%
      0     0     4504.1120    91     2444.0000     Cuts: 183      898   84.29%
*     0+    0                         3793.0000     4504.1120            18.75%
      0     0     4177.3952   311     3793.0000     Cuts: 183     1430   10.13%
      0     0     4103.6509   467     3793.0000     Cuts: 183     1773    8.19%
*     0+    0                         3801.0000     4103.6509             7.96%
      0     0     3994.5603   557     3801.0000     Cuts: 183     2246    5.09%
*     0+    0                         3803.0000     3994.5603             5.04%
      0     0        cutoff           3803.0000     3803.0000     2686    0.00%
Elapsed time = 1.14 sec. (494.27 ticks, tree = 0.01 MB, solutions = 5)

Clique cuts applied:  532
Cover cuts applied:  8
Implied bound cuts applied:  12
Mixed integer rounding cuts applied:  41
Zero-half cuts applied:  14

Root node processing (before b&c):
  Real time             =    1.14 sec. (494.54 ticks)
Parallel b&c, 4 threads:
  Real time             =    0.00 sec. (0.00 ticks)
  Sync time (average)   =    0.00 sec.
  Wait time (average)   =    0.00 sec.
                          ------------
Total (root+branch&cut) =    1.14 sec. (494.54 ticks)
