CPXPARAM_Read_DataCheck                          1
Found incumbent of value 0.000000 after 0.00 sec. (0.08 ticks)
Tried aggregator 1 time.
MIP Presolve eliminated 3 rows and 0 columns.
MIP Presolve modified 1 coefficients.
Reduced MIP has 330 rows, 3010 columns, and 14134 nonzeros.
Reduced MIP has 3010 binaries, 0 generals, 0 SOSs, and 0 indicators.
Presolve time = 0.00 sec. (5.46 ticks)
Tried aggregator 1 time.
Reduced MIP has 330 rows, 3010 columns, and 14134 nonzeros.
Reduced MIP has 3010 binaries, 0 generals, 0 SOSs, and 0 indicators.
Presolve time = 0.00 sec. (6.13 ticks)
Probing time = 0.02 sec. (3.36 ticks)
Clique table members: 10127.
MIP emphasis: balance optimality and feasibility.
MIP search method: dynamic search.
Parallel mode: deterministic, using up to 4 threads.
Root relaxation solution time = 0.02 sec. (10.21 ticks)

        Nodes                                         Cuts/
   Node  Left     Objective  IInf  Best Integer    Best Bound    ItCnt     Gap

*     0+    0                            0.0000    18690.0000              --- 
      0     0    10355.7767    10        0.0000    10355.7767      606     --- 
*     0+    0                         6236.0000    10355.7767            66.06%
      0     0    10315.2233    10     6236.0000  Cliques: 182      623   39.61%
      0     0    10308.3600    10     6236.0000  Cliques: 182      631   39.61%
*     0+    0                         6336.0000     8705.9122            37.40%
      0     0        cutoff           6336.0000     6336.0000      631    0.00%
Elapsed time = 0.34 sec. (190.96 ticks, tree = 0.01 MB, solutions = 3)

Clique cuts applied:  362

Root node processing (before b&c):
  Real time             =    0.34 sec. (191.17 ticks)
Parallel b&c, 4 threads:
  Real time             =    0.00 sec. (0.00 ticks)
  Sync time (average)   =    0.00 sec.
  Wait time (average)   =    0.00 sec.
                          ------------
Total (root+branch&cut) =    0.34 sec. (191.17 ticks)
