CPXPARAM_Read_DataCheck                          1
Found incumbent of value 0.000000 after 0.00 sec. (0.08 ticks)
Tried aggregator 1 time.
MIP Presolve eliminated 5 rows and 0 columns.
MIP Presolve modified 1 coefficients.
Reduced MIP has 328 rows, 3010 columns, and 13534 nonzeros.
Reduced MIP has 3010 binaries, 0 generals, 0 SOSs, and 0 indicators.
Presolve time = 0.00 sec. (5.36 ticks)
Tried aggregator 1 time.
Reduced MIP has 328 rows, 3010 columns, and 13534 nonzeros.
Reduced MIP has 3010 binaries, 0 generals, 0 SOSs, and 0 indicators.
Presolve time = 0.02 sec. (5.95 ticks)
Probing time = 0.00 sec. (3.67 ticks)
Clique table members: 9827.
MIP emphasis: balance optimality and feasibility.
MIP search method: dynamic search.
Parallel mode: deterministic, using up to 4 threads.
Root relaxation solution time = 0.00 sec. (9.93 ticks)

        Nodes                                         Cuts/
   Node  Left     Objective  IInf  Best Integer    Best Bound    ItCnt     Gap

*     0+    0                            0.0000    18575.0000              --- 
*     0+    0                         3131.0000    18575.0000           493.26%
      0     0    10410.0833    10     3131.0000    10410.0833      609  232.48%
*     0+    0                         5491.0000    10410.0833            89.58%
*     0+    0                         5989.0000    10410.0833            73.82%
      0     0    10371.0800    10     5989.0000  Cliques: 182      635   33.71%
      0     0    10350.4759    16     5989.0000     Cuts: 182      663   33.71%
      0     2    10350.4759    16     5989.0000     6842.3967      663   14.25%
Elapsed time = 0.36 sec. (202.29 ticks, tree = 0.01 MB, solutions = 4)

Clique cuts applied:  353
Implied bound cuts applied:  1

Root node processing (before b&c):
  Real time             =    0.36 sec. (201.67 ticks)
Parallel b&c, 4 threads:
  Real time             =    0.11 sec. (65.36 ticks)
  Sync time (average)   =    0.01 sec.
  Wait time (average)   =    0.00 sec.
                          ------------
Total (root+branch&cut) =    0.47 sec. (267.03 ticks)
