CPXPARAM_Read_DataCheck                          1
Found incumbent of value 0.000000 after 0.00 sec. (0.08 ticks)
Tried aggregator 1 time.
MIP Presolve modified 1 coefficients.
Reduced MIP has 333 rows, 3010 columns, and 15034 nonzeros.
Reduced MIP has 3010 binaries, 0 generals, 0 SOSs, and 0 indicators.
Presolve time = 0.00 sec. (5.76 ticks)
Tried aggregator 1 time.
Reduced MIP has 333 rows, 3010 columns, and 15034 nonzeros.
Reduced MIP has 3010 binaries, 0 generals, 0 SOSs, and 0 indicators.
Presolve time = 0.02 sec. (6.83 ticks)
Probing time = 0.02 sec. (3.68 ticks)
Clique table members: 9953.
MIP emphasis: balance optimality and feasibility.
MIP search method: dynamic search.
Parallel mode: deterministic, using up to 4 threads.
Root relaxation solution time = 0.02 sec. (15.74 ticks)

        Nodes                                         Cuts/
   Node  Left     Objective  IInf  Best Integer    Best Bound    ItCnt     Gap

*     0+    0                            0.0000    18787.0000              --- 
*     0+    0                         2873.0000    18787.0000           553.92%
*     0+    0                         2877.0000    18787.0000           553.01%
      0     0     5189.2067    10     2877.0000     5189.2067      542   80.37%
*     0+    0                         3306.0000     5189.2067            56.96%
      0     0     4560.6650   266     3306.0000     Cuts: 183      911   37.95%
*     0+    0                         3722.0000     4560.6650            22.53%
      0     0     4202.6214   525     3722.0000     Cuts: 183     1277   12.91%
      0     0     3947.1169   613     3722.0000     Cuts: 183     1618    6.05%
*     0+    0                         3723.0000     3947.1169             6.02%
      0     0        cutoff           3723.0000     3723.0000     1957    0.00%
Elapsed time = 0.80 sec. (474.40 ticks, tree = 0.01 MB, solutions = 6)

Clique cuts applied:  606
Cover cuts applied:  6
Implied bound cuts applied:  8
Mixed integer rounding cuts applied:  14
Zero-half cuts applied:  3

Root node processing (before b&c):
  Real time             =    0.80 sec. (474.69 ticks)
Parallel b&c, 4 threads:
  Real time             =    0.00 sec. (0.00 ticks)
  Sync time (average)   =    0.00 sec.
  Wait time (average)   =    0.00 sec.
                          ------------
Total (root+branch&cut) =    0.80 sec. (474.69 ticks)
