CPXPARAM_Read_DataCheck                          1
Found incumbent of value 0.000000 after 0.00 sec. (0.08 ticks)
Tried aggregator 1 time.
MIP Presolve modified 1 coefficients.
Reduced MIP has 333 rows, 3010 columns, and 15034 nonzeros.
Reduced MIP has 3010 binaries, 0 generals, 0 SOSs, and 0 indicators.
Presolve time = 0.00 sec. (5.73 ticks)
Tried aggregator 1 time.
Reduced MIP has 333 rows, 3010 columns, and 15034 nonzeros.
Reduced MIP has 3010 binaries, 0 generals, 0 SOSs, and 0 indicators.
Presolve time = 0.00 sec. (6.85 ticks)
Probing time = 0.02 sec. (3.68 ticks)
Clique table members: 9997.
MIP emphasis: balance optimality and feasibility.
MIP search method: dynamic search.
Parallel mode: deterministic, using up to 4 threads.
Root relaxation solution time = 0.02 sec. (15.63 ticks)

        Nodes                                         Cuts/
   Node  Left     Objective  IInf  Best Integer    Best Bound    ItCnt     Gap

*     0+    0                            0.0000    18317.0000              --- 
*     0+    0                         2690.0000    18317.0000           580.93%
      0     0     5277.1344    12     2690.0000     5277.1344      580   96.18%
      0     0     4408.2356    84     2690.0000     Cuts: 183     1053   63.87%
*     0+    0                         3578.0000     4408.2356            23.20%
      0     0     4104.3001   121     3578.0000     Cuts: 183     1413   14.71%
      0     0     3982.3016   246     3578.0000     Cuts: 183     1744   11.30%
*     0+    0                         3685.0000     3982.3016             8.07%
      0     0     3883.3398   442     3685.0000     Cuts: 183     2191    5.38%
      0     0        cutoff           3685.0000     3685.0000     2691    0.00%
Elapsed time = 0.75 sec. (433.25 ticks, tree = 0.01 MB, solutions = 4)

Clique cuts applied:  414
Cover cuts applied:  7
Implied bound cuts applied:  9
Mixed integer rounding cuts applied:  43
Zero-half cuts applied:  11
Gomory fractional cuts applied:  1

Root node processing (before b&c):
  Real time             =    0.75 sec. (433.51 ticks)
Parallel b&c, 4 threads:
  Real time             =    0.00 sec. (0.00 ticks)
  Sync time (average)   =    0.00 sec.
  Wait time (average)   =    0.00 sec.
                          ------------
Total (root+branch&cut) =    0.75 sec. (433.51 ticks)
