CPXPARAM_Read_DataCheck                          1
Found incumbent of value 0.000000 after 0.00 sec. (0.26 ticks)
Tried aggregator 1 time.
MIP Presolve modified 1 coefficients.
Reduced MIP has 2016 rows, 10005 columns, and 50015 nonzeros.
Reduced MIP has 10005 binaries, 0 generals, 0 SOSs, and 0 indicators.
Presolve time = 0.02 sec. (21.77 ticks)
Probing time = 0.00 sec. (3.32 ticks)
Tried aggregator 1 time.
Reduced MIP has 2016 rows, 10005 columns, and 50015 nonzeros.
Reduced MIP has 10005 binaries, 0 generals, 0 SOSs, and 0 indicators.
Presolve time = 0.03 sec. (26.13 ticks)
Probing time = 0.02 sec. (3.32 ticks)
Clique table members: 12000.
MIP emphasis: balance optimality and feasibility.
MIP search method: dynamic search.
Parallel mode: deterministic, using up to 4 threads.
Root relaxation solution time = 0.16 sec. (161.04 ticks)

        Nodes                                         Cuts/
   Node  Left     Objective  IInf  Best Integer    Best Bound    ItCnt     Gap

*     0+    0                            0.0000    61978.0000              --- 
*     0+    0                         2559.0000    61978.0000              --- 
*     0+    0                         2914.0000    61978.0000              --- 
*     0+    0                         3027.0000    61978.0000              --- 
*     0+    0                         3053.0000    61978.0000              --- 
      0     0    21612.2780     7     3053.0000    21612.2780     2723  607.90%
*     0+    0                         8334.0000    21612.2780           159.33%
*     0+    0                        14398.0000    21612.2780            50.11%
      0     0    18241.4391   443    14398.0000     Cuts: 604     4091   26.69%
*     0+    0                        14829.0000    18241.4391            23.01%

Clique cuts applied:  815
Cover cuts applied:  2
Implied bound cuts applied:  2
Mixed integer rounding cuts applied:  7
Zero-half cuts applied:  1

Root node processing (before b&c):
  Real time             =    2.89 sec. (1564.41 ticks)
Parallel b&c, 4 threads:
  Real time             =    0.00 sec. (0.00 ticks)
  Sync time (average)   =    0.00 sec.
  Wait time (average)   =    0.00 sec.
                          ------------
Total (root+branch&cut) =    2.89 sec. (1564.41 ticks)
