CPXPARAM_Read_DataCheck                          1
Found incumbent of value 0.000000 after 0.00 sec. (0.26 ticks)
Tried aggregator 1 time.
MIP Presolve modified 1 coefficients.
Reduced MIP has 2016 rows, 10005 columns, and 50015 nonzeros.
Reduced MIP has 10005 binaries, 0 generals, 0 SOSs, and 0 indicators.
Presolve time = 0.02 sec. (17.00 ticks)
Probing time = 0.00 sec. (3.84 ticks)
Tried aggregator 1 time.
Reduced MIP has 2016 rows, 10005 columns, and 50015 nonzeros.
Reduced MIP has 10005 binaries, 0 generals, 0 SOSs, and 0 indicators.
Presolve time = 0.03 sec. (20.83 ticks)
Probing time = 0.02 sec. (3.84 ticks)
Clique table members: 10000.
MIP emphasis: balance optimality and feasibility.
MIP search method: dynamic search.
Parallel mode: deterministic, using up to 4 threads.
Root relaxation solution time = 0.08 sec. (116.86 ticks)

        Nodes                                         Cuts/
   Node  Left     Objective  IInf  Best Integer    Best Bound    ItCnt     Gap

*     0+    0                            0.0000    61978.0000              --- 
      0     0    32782.8060     5        0.0000    32782.8060     2855     --- 
*     0+    0                        13969.0000    32782.8060           134.68%
*     0+    0                        19211.0000    32782.8060            70.65%
      0     0        cutoff          19211.0000    19211.0000     4981    0.00%
Elapsed time = 1.92 sec. (1133.65 ticks, tree = 0.01 MB, solutions = 3)

Clique cuts applied:  600
Cover cuts applied:  1
Mixed integer rounding cuts applied:  3

Root node processing (before b&c):
  Real time             =    1.92 sec. (1134.37 ticks)
Parallel b&c, 4 threads:
  Real time             =    0.00 sec. (0.00 ticks)
  Sync time (average)   =    0.00 sec.
  Wait time (average)   =    0.00 sec.
                          ------------
Total (root+branch&cut) =    1.92 sec. (1134.37 ticks)
