CPXPARAM_Read_DataCheck                          1
Found incumbent of value 0.000000 after 0.00 sec. (0.26 ticks)
Tried aggregator 1 time.
MIP Presolve modified 1 coefficients.
Reduced MIP has 2016 rows, 10005 columns, and 50015 nonzeros.
Reduced MIP has 10005 binaries, 0 generals, 0 SOSs, and 0 indicators.
Presolve time = 0.02 sec. (17.00 ticks)
Probing time = 0.00 sec. (3.84 ticks)
Tried aggregator 1 time.
Reduced MIP has 2016 rows, 10005 columns, and 50015 nonzeros.
Reduced MIP has 10005 binaries, 0 generals, 0 SOSs, and 0 indicators.
Presolve time = 0.03 sec. (20.83 ticks)
Probing time = 0.00 sec. (3.84 ticks)
Clique table members: 10000.
MIP emphasis: balance optimality and feasibility.
MIP search method: dynamic search.
Parallel mode: deterministic, using up to 4 threads.
Root relaxation solution time = 0.11 sec. (117.12 ticks)

        Nodes                                         Cuts/
   Node  Left     Objective  IInf  Best Integer    Best Bound    ItCnt     Gap

*     0+    0                            0.0000    61793.0000              --- 
*     0+    0                        19681.0000    61793.0000           213.97%
*     0+    0                        19808.0000    61793.0000           211.96%
      0     0    32571.4535     5    19808.0000    32571.4535     2799   64.44%
*     0+    0                        20282.0000    32571.4535            60.59%
      0     0        cutoff          20282.0000    20282.0000     4330    0.00%
Elapsed time = 1.75 sec. (1009.93 ticks, tree = 0.01 MB, solutions = 4)

Clique cuts applied:  601
Cover cuts applied:  1
Mixed integer rounding cuts applied:  2

Root node processing (before b&c):
  Real time             =    1.75 sec. (1010.72 ticks)
Parallel b&c, 4 threads:
  Real time             =    0.00 sec. (0.00 ticks)
  Sync time (average)   =    0.00 sec.
  Wait time (average)   =    0.00 sec.
                          ------------
Total (root+branch&cut) =    1.75 sec. (1010.72 ticks)
