CPXPARAM_Read_DataCheck                          1
Found incumbent of value 0.000000 after 0.00 sec. (0.26 ticks)
Tried aggregator 1 time.
MIP Presolve modified 1 coefficients.
Reduced MIP has 2016 rows, 10005 columns, and 50015 nonzeros.
Reduced MIP has 10005 binaries, 0 generals, 0 SOSs, and 0 indicators.
Presolve time = 0.03 sec. (21.77 ticks)
Probing time = 0.00 sec. (3.32 ticks)
Tried aggregator 1 time.
Reduced MIP has 2016 rows, 10005 columns, and 50015 nonzeros.
Reduced MIP has 10005 binaries, 0 generals, 0 SOSs, and 0 indicators.
Presolve time = 0.03 sec. (26.12 ticks)
Probing time = 0.02 sec. (3.32 ticks)
Clique table members: 12000.
MIP emphasis: balance optimality and feasibility.
MIP search method: dynamic search.
Parallel mode: deterministic, using up to 4 threads.
Root relaxation solution time = 0.11 sec. (143.51 ticks)

        Nodes                                         Cuts/
   Node  Left     Objective  IInf  Best Integer    Best Bound    ItCnt     Gap

*     0+    0                            0.0000    61978.0000              --- 
*     0+    0                         4136.0000    61978.0000              --- 
*     0+    0                         4168.0000    61978.0000              --- 
*     0+    0                         4175.0000    61978.0000              --- 
      0     0    21378.2630     5     4175.0000    21378.2630     2683  412.05%
*     0+    0                        15195.0000    21378.2630            40.69%
      0     0        cutoff          15195.0000    15195.0000     3870    0.00%
Elapsed time = 1.36 sec. (827.83 ticks, tree = 0.01 MB, solutions = 5)

Clique cuts applied:  596
Cover cuts applied:  4
Mixed integer rounding cuts applied:  4

Root node processing (before b&c):
  Real time             =    1.36 sec. (828.69 ticks)
Parallel b&c, 4 threads:
  Real time             =    0.00 sec. (0.00 ticks)
  Sync time (average)   =    0.00 sec.
  Wait time (average)   =    0.00 sec.
                          ------------
Total (root+branch&cut) =    1.36 sec. (828.69 ticks)
