CPXPARAM_Read_DataCheck                          1
Found incumbent of value 0.000000 after 0.00 sec. (0.26 ticks)
Tried aggregator 1 time.
MIP Presolve modified 1 coefficients.
Reduced MIP has 2016 rows, 10005 columns, and 50015 nonzeros.
Reduced MIP has 10005 binaries, 0 generals, 0 SOSs, and 0 indicators.
Presolve time = 0.02 sec. (21.77 ticks)
Probing time = 0.00 sec. (3.32 ticks)
Tried aggregator 1 time.
Reduced MIP has 2016 rows, 10005 columns, and 50015 nonzeros.
Reduced MIP has 10005 binaries, 0 generals, 0 SOSs, and 0 indicators.
Presolve time = 0.03 sec. (26.12 ticks)
Probing time = 0.02 sec. (3.32 ticks)
Clique table members: 12000.
MIP emphasis: balance optimality and feasibility.
MIP search method: dynamic search.
Parallel mode: deterministic, using up to 4 threads.
Root relaxation solution time = 0.17 sec. (176.50 ticks)

        Nodes                                         Cuts/
   Node  Left     Objective  IInf  Best Integer    Best Bound    ItCnt     Gap

*     0+    0                            0.0000    61545.0000              --- 
*     0+    0                         4356.0000    61545.0000              --- 
*     0+    0                         4799.0000    61545.0000              --- 
*     0+    0                         4995.0000    61545.0000              --- 
*     0+    0                         5044.0000    61545.0000              --- 
      0     0    20607.2370     5     5044.0000    20607.2370       12  308.55%
*     0+    0                        11842.0000    20607.2370            74.02%
      0     0    16466.5210   724    11842.0000     Cuts: 604     1480   39.05%
*     0+    0                        13266.0000    16466.5210            24.13%
      0     0        cutoff          13266.0000    13266.0000     2536    0.00%
Elapsed time = 2.98 sec. (1663.45 ticks, tree = 0.01 MB, solutions = 7)

Clique cuts applied:  963
Cover cuts applied:  2
Implied bound cuts applied:  2
Mixed integer rounding cuts applied:  4

Root node processing (before b&c):
  Real time             =    2.98 sec. (1664.45 ticks)
Parallel b&c, 4 threads:
  Real time             =    0.00 sec. (0.00 ticks)
  Sync time (average)   =    0.00 sec.
  Wait time (average)   =    0.00 sec.
                          ------------
Total (root+branch&cut) =    2.98 sec. (1664.45 ticks)
