CPXPARAM_Read_DataCheck                          1
Found incumbent of value 0.000000 after 0.00 sec. (0.26 ticks)
Tried aggregator 1 time.
MIP Presolve modified 1 coefficients.
Reduced MIP has 2016 rows, 10005 columns, and 50015 nonzeros.
Reduced MIP has 10005 binaries, 0 generals, 0 SOSs, and 0 indicators.
Presolve time = 0.02 sec. (21.77 ticks)
Probing time = 0.00 sec. (3.32 ticks)
Tried aggregator 1 time.
Reduced MIP has 2016 rows, 10005 columns, and 50015 nonzeros.
Reduced MIP has 10005 binaries, 0 generals, 0 SOSs, and 0 indicators.
Presolve time = 0.03 sec. (26.13 ticks)
Probing time = 0.00 sec. (3.32 ticks)
Clique table members: 12000.
MIP emphasis: balance optimality and feasibility.
MIP search method: dynamic search.
Parallel mode: deterministic, using up to 4 threads.
Root relaxation solution time = 0.13 sec. (175.78 ticks)

        Nodes                                         Cuts/
   Node  Left     Objective  IInf  Best Integer    Best Bound    ItCnt     Gap

*     0+    0                            0.0000    62055.0000              --- 
*     0+    0                         4007.0000    62055.0000              --- 
      0     0    20474.3550     5     4007.0000    20474.3550       12  410.96%
*     0+    0                        13347.0000    20474.3550            53.40%
      0     0        cutoff          13347.0000    13347.0000     1322    0.00%
Elapsed time = 1.27 sec. (1027.82 ticks, tree = 0.01 MB, solutions = 3)

Clique cuts applied:  596
Cover cuts applied:  2
Implied bound cuts applied:  1
Mixed integer rounding cuts applied:  5

Root node processing (before b&c):
  Real time             =    1.28 sec. (1028.55 ticks)
Parallel b&c, 4 threads:
  Real time             =    0.00 sec. (0.00 ticks)
  Sync time (average)   =    0.00 sec.
  Wait time (average)   =    0.00 sec.
                          ------------
Total (root+branch&cut) =    1.28 sec. (1028.55 ticks)
