CPXPARAM_Read_DataCheck                          1
Found incumbent of value 0.000000 after 0.00 sec. (3.82 ticks)
Tried aggregator 1 time.
MIP Presolve eliminated 3 rows and 0 columns.
MIP Presolve modified 1 coefficients.
Reduced MIP has 10046 rows, 150015 columns, and 720051 nonzeros.
Reduced MIP has 150015 binaries, 0 generals, 0 SOSs, and 0 indicators.
Presolve time = 0.52 sec. (275.77 ticks)
Tried aggregator 1 time.
Reduced MIP has 10046 rows, 150015 columns, and 720051 nonzeros.
Reduced MIP has 150015 binaries, 0 generals, 0 SOSs, and 0 indicators.
Presolve time = 0.66 sec. (311.16 ticks)
Probing time = 0.52 sec. (73.86 ticks)
Clique table members: 510091.
MIP emphasis: balance optimality and feasibility.
MIP search method: dynamic search.
Parallel mode: deterministic, using up to 4 threads.
Root relaxation solution time = 2.72 sec. (1539.23 ticks)

        Nodes                                         Cuts/
   Node  Left     Objective  IInf  Best Integer    Best Bound    ItCnt     Gap

*     0+    0                            0.0000   928439.0000              --- 
      0     0   511340.2059    15        0.0000   511340.2059       19     --- 
*     0+    0                       248616.0000   511340.2059           105.67%
      0     0   511296.9605    15   248616.0000 Cliques: 2611       61   61.28%
*     0+    0                       259883.0000   400969.8388            54.29%
      0     0   511288.6135    15   259883.0000 Cliques: 2611       72   40.81%
      0     2   511288.6135    15   259883.0000   365953.0236       72   40.81%
Elapsed time = 353.56 sec. (147021.77 ticks, tree = 0.01 MB, solutions = 3)
      3     4   426466.4031    11   259883.0000   365953.0236     4471   40.81%
     14    11   385194.3610     9   259883.0000   365953.0236    17480   40.81%
     28    23   370307.5317     8   259883.0000   365953.0236    37813   40.81%
     34    32   305121.8976     5   259883.0000   365953.0236    55739   40.81%
     39    37   313045.7927     5   259883.0000   365953.0236    72198   40.81%
     43    39   312937.3413     5   259883.0000   365953.0236    82150   40.81%
     44    44   295811.8525     4   259883.0000   365953.0236    93087   40.81%
     47    45   294080.0897     4   259883.0000   365953.0236    98308   40.81%
     51    49   292281.7831     4   259883.0000   365953.0236   113162   40.81%
     72    60   358274.8043     8   259883.0000   365953.0236   153883   40.81%
Elapsed time = 365.09 sec. (150430.91 ticks, tree = 4.87 MB, solutions = 3)
     93    74   313797.7010     5   259883.0000   365953.0236   201678   40.81%
    111    83   274570.6519     3   259883.0000   365953.0236   238261   40.81%
    136   100   330178.7674     6   259883.0000   365953.0236   292443   40.81%
    157   110   330294.1923     6   259883.0000   365953.0236   319341   40.81%
    172   118   291131.3203     3   259883.0000   365953.0236   345302   40.81%
    198   126   317459.2508     5   259883.0000   365953.0236   380939   40.81%
    217   149   342307.1085     7   259883.0000   365953.0236   469433   40.81%
    241   158   304011.3030     4   259883.0000   365953.0236   496172   40.81%
    263   172   287288.7877     6   259883.0000   365953.0236   531324   40.81%
    277   178   358485.5996     8   259883.0000   365953.0236   569943   40.81%
Elapsed time = 395.63 sec. (160637.56 ticks, tree = 23.59 MB, solutions = 3)
    300   188   311750.2758     5   259883.0000   365953.0236   585222   40.81%
    314   204   300437.6652     4   259883.0000   365953.0236   652449   40.81%
    336   210   306490.9103     5   259883.0000   365953.0236   677334   40.81%
    344   213   264242.5153     2   259883.0000   365953.0236   687965   40.81%
    361   226   277987.1799     3   259883.0000   365953.0236   730909   40.81%
    367   228   359123.6719     8   259883.0000   365953.0236   747889   40.81%
    374   231        cutoff         259883.0000   365953.0236   755092   40.81%
    380   235   297149.2823     4   259883.0000   365953.0236   767248   40.81%
    384   235   351023.8602    11   259883.0000   365953.0236   776792   40.81%
    390   241   272083.3099     2   259883.0000   365953.0236   789900   40.81%
Elapsed time = 424.28 sec. (171690.04 ticks, tree = 35.37 MB, solutions = 3)
    398   245   285968.6856     3   259883.0000   365953.0236   801856   40.81%
    405   250   286970.8823     3   259883.0000   365953.0236   824147   40.81%
    409   250   349926.6794     8   259883.0000   365953.0236   830228   40.81%
    420   257   319608.5279     6   259883.0000   365953.0236   848366   40.81%
    431   260   341673.3825    11   259883.0000   365953.0236   858395   40.81%
    439   263   302760.6609     5   259883.0000   365953.0236   864339   40.81%
    453   271        cutoff         259883.0000   365953.0236   900204   40.81%
    466   277   337245.5427    10   259883.0000   365953.0236   914309   40.81%
    475   275   298407.2634     4   259883.0000   365953.0236   893652   40.81%
    486   290   300300.0674     4   259883.0000   365953.0236   953575   40.81%
Elapsed time = 445.44 sec. (182394.35 ticks, tree = 46.69 MB, solutions = 3)
    496   291   341009.0528     7   259883.0000   365953.0236   964142   40.81%
    509   300   309997.2546     5   259883.0000   365953.0236   985022   40.81%
    525   302   275436.1489     3   259883.0000   365953.0236   993721   40.81%
    544   328   272653.7562     3   259883.0000   364489.8045  1097455   40.25%
    561   308   262020.0608     1   259883.0000   364489.8045  1011542   40.25%
    582   335   331631.5787     7   259883.0000   364489.8045  1122973   40.25%
    591   336   288444.9761     4   259883.0000   364489.8045  1124474   40.25%
    603   359   296592.7023     4   259883.0000   364489.8045  1197396   40.25%
    629   366   284515.4715     3   259883.0000   363961.0558  1206023   40.05%
    641   365   309250.2255     7   259883.0000   363961.0558  1219567   40.05%
Elapsed time = 468.11 sec. (192692.10 ticks, tree = 61.70 MB, solutions = 3)
    655   338   323796.1635     6   259883.0000   363961.0558  1131409   40.05%
    677   385   290672.1214     4   259883.0000   361709.4577  1272244   39.18%
    702   392   280709.0357     3   259883.0000   361584.3027  1292567   39.13%
    719   397   328609.0906     9   259883.0000   359584.3094  1319493   38.36%
    743   399   267521.6780     2   259883.0000   359584.3094  1311444   38.36%
    761   430        cutoff         259883.0000   358666.6886  1425441   38.01%
    777   418   277645.0048     3   259883.0000   358666.6886  1384478   38.01%
    793   439   320985.2498     9   259883.0000   355271.6907  1444786   36.70%
    809   445   294975.3693     4   259883.0000   352415.8880  1460098   35.61%
    820   454        cutoff         259883.0000   352415.8880  1504439   35.61%
Elapsed time = 489.83 sec. (202874.58 ticks, tree = 83.19 MB, solutions = 3)
    839   463   295978.8248     7   259883.0000   350196.3709  1517700   34.75%
    853   472   323508.9237     8   259883.0000   350196.3709  1553322   34.75%
    875   473   275405.9607     3   259883.0000   348458.6167  1552992   34.08%
    892   482   263967.7934     2   259883.0000   348458.6167  1585741   34.08%
    910   494   264239.7718     2   259883.0000   347930.5621  1610172   33.88%
    928   513   321035.5349     6   259883.0000   346924.6849  1664815   33.49%
    944   507   312569.6236     6   259883.0000   346924.6849  1668949   33.49%
    970   520   296521.9870     4   259883.0000   346343.9740  1696871   33.27%
    988   524   268362.4248     2   259883.0000   346343.9740  1697200   33.27%
   1006   545   278374.5379     3   259883.0000   345224.4018  1797958   32.84%
Elapsed time = 513.58 sec. (213191.69 ticks, tree = 101.68 MB, solutions = 3)
   1027   527   272006.4935     3   259883.0000   345224.4018  1702956   32.84%
   1051   554   288514.7110     4   259883.0000   344361.9455  1835143   32.51%
   1068   557   305346.6882     6   259883.0000   344361.9455  1851412   32.51%
   1087   568        cutoff         259883.0000   343261.1090  1879396   32.08%
   1108   577   303031.3357     7   259883.0000   343261.1090  1899066   32.08%
   1120   584   299642.3806     7   259883.0000   342987.7564  1923461   31.98%
   1133   598   306130.2136     8   259883.0000   342628.8466  1975371   31.84%
   1144   594   287248.4681     4   259883.0000   341605.3625  1952848   31.45%
   1156   609   307553.1095     8   259883.0000   340131.9411  1998574   30.88%
   1176   612   299534.0645     7   259883.0000   339343.6879  2016745   30.58%
Elapsed time = 532.55 sec. (223213.78 ticks, tree = 116.94 MB, solutions = 3)
   1194   616   288527.6210     3   259883.0000   338562.5587  2019093   30.27%
   1208   628   306379.6954     6   259883.0000   337689.0332  2051242   29.94%
   1219   622        cutoff         259883.0000   337689.0332  2028857   29.94%
   1234   625   273558.6286     4   259883.0000   337280.7313  2031328   29.78%
   1254   645   292647.0197     7   259883.0000   336906.3665  2091614   29.64%
   1263   650   292443.3930     6   259883.0000   335868.8570  2108047   29.24%
   1274   657   302837.7055     5   259883.0000   335868.8570  2140857   29.24%
   1296   654   280410.7831     3   259883.0000   335693.1556  2117668   29.17%
   1312   661        cutoff         259883.0000   334910.6428  2152375   28.87%
   1327   678   272612.3006     3   259883.0000   334200.0002  2193758   28.60%
Elapsed time = 548.97 sec. (233379.54 ticks, tree = 130.60 MB, solutions = 3)
   1349   684   300916.0375     4   259883.0000   334007.0914  2220677   28.52%
   1373   666    infeasible         259883.0000   334007.0914  2162797   28.52%
   1389   689   297956.2427     6   259883.0000   333159.4836  2240347   28.20%
   1402   688   288051.2655     4   259883.0000   333159.4836  2240919   28.20%
   1417   699   287786.5351     5   259883.0000   332508.1922  2274354   27.95%
   1441   696   294618.0797     8   259883.0000   331576.2780  2264445   27.59%
   1454   709   274179.7883     3   259883.0000   331197.9975  2316238   27.44%
   1470   709   274717.7055     6   259883.0000   330745.5592  2320761   27.27%
   1481   723   274579.2516     3   259883.0000   329923.6912  2371455   26.95%
   1535   741   294951.1444     4   259883.0000   328492.6587  2447211   26.40%
Elapsed time = 572.50 sec. (246245.07 ticks, tree = 144.49 MB, solutions = 3)
   1590   746   291610.5455     8   259883.0000   327604.6695  2470806   26.06%
   1656   774   261759.3917     2   259883.0000   326242.3188  2565610   25.53%
   1706   785   279378.2808     4   259883.0000   324622.9858  2607639   24.91%
   1793   790   275510.5672     4   259883.0000   323551.7700  2632158   24.50%
   1860   815   274896.9526     6   259883.0000   321991.1082  2720954   23.90%
   1927   827        cutoff         259883.0000   320634.1240  2808166   23.38%
   2004   841   260706.1346     2   259883.0000   317522.5371  2869038   22.18%
   2075   845   263818.5595     3   259883.0000   316949.7175  2879951   21.96%
   2141   864   272114.9717     3   259883.0000   315579.3187  2983362   21.43%
   2221   876   282212.4151     4   259883.0000   313510.0060  3079132   20.64%
Elapsed time = 637.88 sec. (284905.17 ticks, tree = 173.22 MB, solutions = 3)
   2299   882   262675.5596     3   259883.0000   312580.7355  3137571   20.28%
   2382   881        cutoff         259883.0000   311175.5321  3173559   19.74%
   2480   883        cutoff         259883.0000   310093.2964  3268441   19.32%
   2570   885   262563.8273     4   259883.0000   308967.8253  3355343   18.89%
   2642   882        cutoff         259883.0000   307463.0349  3401939   18.31%
   2736   874   274612.2657     6   259883.0000   305575.3482  3498371   17.58%
   2826   874   265692.9185     5   259883.0000   305031.5500  3488199   17.37%
   2919   843        cutoff         259883.0000   303237.1716  3600991   16.68%
   3024   837   272731.8112     3   259883.0000   301506.1497  3648147   16.02%
   3136   781   262355.7811     5   259883.0000   299027.7050  3779214   15.06%
Elapsed time = 714.03 sec. (323429.74 ticks, tree = 146.23 MB, solutions = 3)
   3236   759   260846.4272     5   259883.0000   298254.2030  3820850   14.76%
   3355   690   261393.4796     3   259883.0000   295197.9730  3932736   13.59%
   3471   624        cutoff         259883.0000   292156.5725  4024265   12.42%
   3712   580   262704.0906     2   259883.0000   289031.4279  4058280   11.22%

Clique cuts applied:  5221

Root node processing (before b&c):
  Real time             =  353.19 sec. (146910.48 ticks)
Parallel b&c, 4 threads:
  Real time             =  411.42 sec. (195503.58 ticks)
  Sync time (average)   =   55.47 sec.
  Wait time (average)   =    0.07 sec.
                          ------------
Total (root+branch&cut) =  764.61 sec. (342414.05 ticks)
