CPXPARAM_Read_DataCheck                          1
Found incumbent of value 0.000000 after 0.00 sec. (3.82 ticks)
Tried aggregator 1 time.
MIP Presolve modified 1 coefficients.
Reduced MIP has 10049 rows, 150015 columns, and 750051 nonzeros.
Reduced MIP has 150015 binaries, 0 generals, 0 SOSs, and 0 indicators.
Presolve time = 0.48 sec. (295.57 ticks)
Tried aggregator 1 time.
Reduced MIP has 10049 rows, 150015 columns, and 750051 nonzeros.
Reduced MIP has 150015 binaries, 0 generals, 0 SOSs, and 0 indicators.
Presolve time = 0.70 sec. (351.35 ticks)
Probing time = 0.50 sec. (72.69 ticks)
Clique table members: 503309.
MIP emphasis: balance optimality and feasibility.
MIP search method: dynamic search.
Parallel mode: deterministic, using up to 4 threads.
Root relaxation solution time = 2.05 sec. (1148.73 ticks)

        Nodes                                         Cuts/
   Node  Left     Objective  IInf  Best Integer    Best Bound    ItCnt     Gap

*     0+    0                            0.0000   927681.0000              --- 
      0     0   242520.9213    15        0.0000   242520.9213    18800     --- 
*     0+    0                        27576.0000   242520.9213           779.46%
*     0+    0                       171928.0000   242520.9213            41.06%
      0     0   214211.0797  1918   171928.0000    Cuts: 2612    35377   24.59%
*     0+    0                       177005.0000   214211.0797            21.02%
      0     0   209273.3035  2491   177005.0000    Cuts: 2612    41768   18.23%
*     0+    0                       177006.0000   209273.3035            18.23%
      0     0   202099.6067  2873   177006.0000    Cuts: 2612    50079   14.18%
      0     0   200566.2797  3972   177006.0000    Cuts: 2612    55077   13.31%
      0     0   194969.6743  6851   177006.0000    Cuts: 2612    68076   10.15%
      0     0   194341.0531  8511   177006.0000    Cuts: 2612    74776    9.79%
      0     0   191759.5245 11297   177006.0000    Cuts: 2612    93637    8.34%
      0     0   191173.0350 12928   177006.0000    Cuts: 2612   103014    8.00%
      0     0   189111.1030 15523   177006.0000    Cuts: 2612   123941    6.84%
      0     0   187837.8220 18071   177006.0000    Cuts: 2612   145699    6.12%
      0     0   187145.2219 20024   177006.0000    Cuts: 2612   166607    5.73%
      0     0   185879.8659 22336   177006.0000    Cuts: 2612   191170    5.01%
      0     0   185438.2648 23976   177006.0000    Cuts: 2612   216258    4.76%
      0     0   185094.9695 25043   177006.0000    Cuts: 2612   245161    4.57%
      0     0   184775.5651 26209   177006.0000    Cuts: 2612   269774    4.39%
      0     0   184314.2060 27531   177006.0000    Cuts: 2612   302859    4.13%
      0     0   183842.4220 28972   177006.0000    Cuts: 2612   337762    3.57%

Clique cuts applied:  25582
Cover cuts applied:  8
Implied bound cuts applied:  55
Flow cuts applied:  1
Mixed integer rounding cuts applied:  1062
Zero-half cuts applied:  8

Root node processing (before b&c):
  Real time             = 3066.30 sec. (2105440.49 ticks)
Parallel b&c, 4 threads:
  Real time             =    0.00 sec. (0.00 ticks)
  Sync time (average)   =    0.00 sec.
  Wait time (average)   =    0.00 sec.
                          ------------
Total (root+branch&cut) = 3066.30 sec. (2105440.49 ticks)
