CPXPARAM_Read_DataCheck                          1
Found incumbent of value 0.000000 after 0.02 sec. (3.82 ticks)
Tried aggregator 1 time.
MIP Presolve modified 1 coefficients.
Reduced MIP has 10049 rows, 150015 columns, and 750051 nonzeros.
Reduced MIP has 150015 binaries, 0 generals, 0 SOSs, and 0 indicators.
Presolve time = 0.50 sec. (265.85 ticks)
Tried aggregator 1 time.
Reduced MIP has 10049 rows, 150015 columns, and 750051 nonzeros.
Reduced MIP has 150015 binaries, 0 generals, 0 SOSs, and 0 indicators.
Presolve time = 0.67 sec. (319.92 ticks)
Probing time = 0.52 sec. (70.61 ticks)
Clique table members: 525091.
MIP emphasis: balance optimality and feasibility.
MIP search method: dynamic search.
Parallel mode: deterministic, using up to 4 threads.
Root relaxation solution time = 2.91 sec. (1678.61 ticks)

        Nodes                                         Cuts/
   Node  Left     Objective  IInf  Best Integer    Best Bound    ItCnt     Gap

*     0+    0                            0.0000   924950.0000              --- 
      0     0   545988.4004    15        0.0000   545988.4004       20     --- 
*     0+    0                       299855.0000   545988.4004            82.08%
      0     0   545924.7138    15   299855.0000 Cliques: 2612       76   40.27%
      0     0   545915.3002    15   299855.0000 Cliques: 2612       95   33.11%
      0     2   545915.3002    15   299855.0000   399148.1091       95   33.11%
Elapsed time = 362.22 sec. (138652.86 ticks, tree = 0.01 MB, solutions = 2)
      1     3   520207.7636    14   299855.0000   399148.1091     1201   33.11%
      3     3   503838.9202    13   299855.0000   399148.1091     1826   33.11%
     10    10   404734.1496    10   299855.0000   399148.1091    18142   33.11%
     20    18   375653.8876     8   299855.0000   399148.1091    30553   33.11%
     27    26   365342.0476     7   299855.0000   399148.1091    44692   33.11%
     32    32   367196.9051     9   299855.0000   399148.1091    56030   33.11%
     37    35   358072.3358     8   299855.0000   399148.1091    63631   33.11%
     41    38   320133.9465     5   299855.0000   399148.1091    71429   33.11%
     45    41   328106.3499     3   299855.0000   399148.1091    80822   33.11%
     61    46   306841.9141     3   299855.0000   399148.1091   101186   33.11%
Elapsed time = 373.25 sec. (142165.32 ticks, tree = 4.17 MB, solutions = 2)
     84    53   367302.3298     6   299855.0000   399148.1091   125010   33.11%
     96    75   339781.6656     5   299855.0000   399148.1091   199726   33.11%
    113    77        cutoff         299855.0000   399148.1091   223940   33.11%
    130    81   311705.5168     3   299855.0000   399148.1091   241885   33.11%
    142    97   355279.0915     5   299855.0000   399148.1091   307639   33.11%
    158   105        cutoff         299855.0000   399148.1091   352969   33.11%
    175   107        cutoff         299855.0000   399148.1091   390430   33.11%
    195   122   343736.3396     4   299855.0000   399148.1091   435057   33.11%
    207   133   315184.6205     3   299855.0000   399148.1091   472857   33.11%
    223   144   350100.2019     6   299855.0000   399148.1091   514634   33.11%
Elapsed time = 404.02 sec. (152451.35 ticks, tree = 15.73 MB, solutions = 2)
    238   146        cutoff         299855.0000   399148.1091   521868   33.11%
    250   158   369340.7279     9   299855.0000   399148.1091   570075   33.11%
    264   164   337401.9390     4   299855.0000   399148.1091   588161   33.11%
    281   176   352681.2836     5   299855.0000   399148.1091   625929   33.11%
    296   185   326202.3654     4   299855.0000   399148.1091   667193   33.11%
    314   186   379930.8440     7   299855.0000   399148.1091   678732   33.11%
    321   185   354255.1857     6   299855.0000   399148.1091   656557   33.11%
    341   199        cutoff         299855.0000   399148.1091   742894   33.11%
    357   214   339656.6897     4   299855.0000   399148.1091   800027   33.11%
    369   214   310401.9117     2   299855.0000   399148.1091   794630   33.11%
Elapsed time = 435.03 sec. (162658.16 ticks, tree = 32.36 MB, solutions = 2)
    385   234   369885.3500     7   299855.0000   399148.1091   873481   33.11%
    403   238   338764.2390     6   299855.0000   399148.1091   880633   33.11%
    415   241   335544.9271     4   299855.0000   399148.1091   897845   33.11%
    433   243   313762.5903     2   299855.0000   399148.1091   902920   33.11%
    448   258   332911.8288     9   299855.0000   399148.1091   952244   33.11%
    459   271   308948.8288     2   299855.0000   399148.1091   981743   33.11%
    477   277   336454.4979     4   299855.0000   399148.1091  1000436   33.11%
    487   278        cutoff         299855.0000   399148.1091  1007328   33.11%
    506   281   334712.2469     5   299855.0000   399148.1091  1017865   33.11%
    523   311   311696.9709     3   299855.0000   399148.1091  1113893   33.11%
Elapsed time = 466.16 sec. (172888.57 ticks, tree = 49.69 MB, solutions = 2)
    530   307   316928.0903     3   299855.0000   399148.1091  1097476   33.11%
    535   315        cutoff         299855.0000   399148.1091  1135544   33.11%
    542   320   354983.3192     6   299855.0000   397212.8193  1155247   32.47%
    546   326   330657.9649     7   299855.0000   396682.4318  1184960   32.29%
    559   330   314358.1197     2   299855.0000   395031.4483  1202059   31.74%
    580   326        cutoff         299855.0000   394742.1717  1206416   31.64%
    596   334   362492.0132     9   299855.0000   394742.1717  1219619   31.64%
    608   336   301037.0180     3   299855.0000   394742.1717  1229994   31.64%
    630   345   351633.3240    10   299855.0000   394742.1717  1259791   31.64%
    655   348   347638.7590     7   299855.0000   394209.6223  1265965   31.47%
Elapsed time = 492.98 sec. (183691.28 ticks, tree = 61.94 MB, solutions = 2)
    670   375   315620.5800     4   299855.0000   392932.4546  1340113   31.04%
    685   384   336979.1938    12   299855.0000   392125.5149  1368991   30.77%
    700   386   320414.7138     9   299855.0000   391069.0740  1371373   30.42%
    713   380   354641.0505     7   299855.0000   390208.1694  1352150   30.13%
    729   411   323363.4982     4   299855.0000   387563.8817  1445795   29.25%
    746   412   348506.3363     7   299855.0000   386376.3410  1452724   28.85%
    765   421   340482.6438    10   299855.0000   386320.0550  1489188   28.84%
    784   427   324815.4979     3   299855.0000   384782.4533  1495645   28.32%
    806   430   338851.1905     5   299855.0000   383221.8462  1519550   27.80%
    821   452   320423.5040     4   299855.0000   383078.1344  1583260   27.75%
Elapsed time = 522.36 sec. (193957.37 ticks, tree = 81.35 MB, solutions = 2)
    840   459    infeasible         299855.0000   383018.2612  1614068   27.73%
    854   467   312059.2438     4   299855.0000   382203.6983  1635857   27.46%
    870   464   338573.9531     5   299855.0000   381522.0190  1630453   27.24%
    884   466   304115.4229     3   299855.0000   380258.7229  1640260   26.81%
    900   488   302205.7627     4   299855.0000   379587.2193  1723878   26.59%
    915   481   310675.9247     3   299855.0000   378685.8618  1703349   26.29%
    934   496   326298.9712     4   299855.0000   378683.5954  1756888   26.29%
    948   504   348694.5783     9   299855.0000   378265.2101  1782748   26.15%
    966   520   339158.2191     6   299855.0000   377563.0807  1844901   25.92%
    988   514   331341.9223     9   299855.0000   377563.0807  1825625   25.92%
Elapsed time = 550.11 sec. (204411.49 ticks, tree = 97.31 MB, solutions = 2)
    997   524   314608.9363     3   299855.0000   376956.7826  1852498   25.71%
   1012   537   321870.8360     6   299855.0000   375374.9466  1899377   25.19%
   1033   530   322780.4622     7   299855.0000   374962.2613  1870022   25.05%
   1045   543   336883.7458    10   299855.0000   373955.2227  1917309   24.71%
   1061   541   316499.9873     6   299855.0000   373856.6313  1919307   24.68%
   1076   551   305607.3119     3   299855.0000   373817.8963  1926595   24.67%
   1089   561   301863.3420     2   299855.0000   373376.0960  1980393   24.52%
   1106   571   309403.5374     3   299855.0000   372582.9447  2000463   24.25%
   1126   563   324681.9012     7   299855.0000   371724.8640  1996498   23.97%
   1140   574   311525.4822     2   299855.0000   371032.5685  2010195   23.74%
Elapsed time = 577.11 sec. (214703.31 ticks, tree = 110.74 MB, solutions = 2)
   1159   575   325706.4994     5   299855.0000   370137.0008  2015850   23.44%
   1176   588   335508.6939    10   299855.0000   369572.2127  2088338   23.25%
   1190   591   303191.6139     8   299855.0000   369022.4916  2095471   23.07%
   1207   591   324527.4074     4   299855.0000   368891.3867  2099228   23.02%
   1222   607        cutoff         299855.0000   368288.3651  2171592   22.82%
   1236   614   307170.7265     6   299855.0000   368243.1542  2196335   22.81%
   1255   609   323572.5819     5   299855.0000   367936.6012  2185959   22.70%
   1269   615   333312.5183     5   299855.0000   366473.2569  2203307   22.22%
   1280   625   322212.9521     7   299855.0000   366473.2569  2236915   22.22%
   1294   634   328580.0556     8   299855.0000   366132.2231  2278301   22.10%
Elapsed time = 605.41 sec. (225172.40 ticks, tree = 121.41 MB, solutions = 2)
   1312   629   333709.9815     5   299855.0000   365670.0727  2283587   21.95%
   1327   642    infeasible         299855.0000   364848.2563  2302656   21.67%
   1342   645   311131.5739     4   299855.0000   364848.2563  2306614   21.67%
   1360   646   320422.9380     5   299855.0000   364399.6972  2310538   21.53%
   1371   656   310258.0296     3   299855.0000   363936.3101  2377743   21.37%
   1390   658        cutoff         299855.0000   363348.9319  2386451   21.17%
   1405   659   300664.1476     5   299855.0000   363135.2935  2385583   21.10%
   1426   663   330633.3892     6   299855.0000   362418.9018  2420079   20.86%
   1440   667   301751.3217     2   299855.0000   362418.9018  2426426   20.86%
   1516   679   315093.4897     9   299855.0000   359900.2452  2474771   20.02%
Elapsed time = 637.25 sec. (238237.35 ticks, tree = 130.68 MB, solutions = 2)
   1580   689        cutoff         299855.0000   358621.5683  2554579   19.60%
   1639   701   304242.1998     2   299855.0000   356186.8320  2641562   18.79%
   1703   716   302125.9632     1   299855.0000   354513.2337  2728317   18.23%
   1772   725   304576.9766     6   299855.0000   353031.6596  2779267   17.73%
   1839   738   334705.8534     5   299855.0000   352564.3553  2856507   17.58%
   1900   746   314104.6659     4   299855.0000   350642.9067  2908998   16.94%
   1967   751   311434.6997     2   299855.0000   349417.7649  3007019   16.53%
   2035   751        cutoff         299855.0000   348097.2258  3036568   16.09%
*  2109   751      integral     0   302760.0000   345897.8855  3154526   14.25%
   2113   748   311145.1859     7   302760.0000   345897.8855  3185432   14.25%
   2186   748        cutoff         302760.0000   344903.9781  3174929   13.92%
Elapsed time = 730.23 sec. (276897.13 ticks, tree = 143.01 MB, solutions = 3)
   2263   726        cutoff         302760.0000   343759.0362  3304407   13.54%
   2353   703        cutoff         302760.0000   342515.0646  3379209   13.13%
   2432   690   304616.8769     4   302760.0000   340164.7311  3438331   12.35%
   2483   657        cutoff         302760.0000   339633.6680  3498298   12.18%
   2520   685   311482.1344     3   302760.0000   339633.6680  3439194   12.18%
   2547   617   307678.0925     2   302760.0000   336469.1070  3570348   11.13%
   2569   606   306450.6504     6   302760.0000   336469.1070  3589189   11.13%
   2605   583        cutoff         302760.0000   336469.1070  3605555   11.13%
   2678   550        cutoff         302760.0000   332212.2162  3641954    9.73%
   2902   342        cutoff         302760.0000   323477.4274  3717022    6.84%
Elapsed time = 1050.86 sec. (371575.78 ticks, tree = 47.93 MB, solutions = 3)

Clique cuts applied:  5224

Root node processing (before b&c):
  Real time             =  361.88 sec. (138534.23 ticks)
Parallel b&c, 4 threads:
  Real time             =  697.80 sec. (235767.23 ticks)
  Sync time (average)   =   55.28 sec.
  Wait time (average)   =    0.05 sec.
                          ------------
Total (root+branch&cut) = 1059.67 sec. (374301.46 ticks)
