CPXPARAM_Read_DataCheck                          1
Found incumbent of value 0.000000 after 0.00 sec. (3.82 ticks)
Tried aggregator 1 time.
MIP Presolve eliminated 4 rows and 0 columns.
MIP Presolve modified 1 coefficients.
Reduced MIP has 10045 rows, 150015 columns, and 710051 nonzeros.
Reduced MIP has 150015 binaries, 0 generals, 0 SOSs, and 0 indicators.
Presolve time = 0.42 sec. (273.88 ticks)
Tried aggregator 1 time.
Reduced MIP has 10045 rows, 150015 columns, and 710051 nonzeros.
Reduced MIP has 150015 binaries, 0 generals, 0 SOSs, and 0 indicators.
Presolve time = 0.58 sec. (307.96 ticks)
Probing time = 0.52 sec. (72.65 ticks)
Clique table members: 505091.
MIP emphasis: balance optimality and feasibility.
MIP search method: dynamic search.
Parallel mode: deterministic, using up to 4 threads.
Root relaxation solution time = 2.83 sec. (1572.09 ticks)

        Nodes                                         Cuts/
   Node  Left     Objective  IInf  Best Integer    Best Bound    ItCnt     Gap

*     0+    0                            0.0000   930914.0000              --- 
*     0+    0                        72719.0000   930914.0000              --- 
      0     0   532545.4281    15    72719.0000   532545.4281       20  632.33%
*     0+    0                       278061.0000   532545.4281            91.52%
      0     0   532492.8183    15   278061.0000 Cliques: 2611       51   54.12%
*     0+    0                       297732.0000   428551.3042            43.94%
      0     0   532457.7394    20   297732.0000    Cuts: 2611      106   32.26%
      0     2   532457.7394    20   297732.0000   393776.2933      106   32.26%
Elapsed time = 359.53 sec. (144502.47 ticks, tree = 0.01 MB, solutions = 4)
      2     3   505733.6568    19   297732.0000   393776.2933     1567   32.26%
      6     7   404008.1053    10   297732.0000   393776.2933    10922   32.26%
     11    10   401071.3364    11   297732.0000   393776.2933    18455   32.26%
     19    14   395948.6869     9   297732.0000   393776.2933    27018   32.26%
     27    21   363123.1227    11   297732.0000   393776.2933    39687   32.26%
     30    25   355714.4751     9   297732.0000   393776.2933    47680   32.26%
     34    31   339408.4008     8   297732.0000   393776.2933    58502   32.26%
     39    33   311435.8533     3   297732.0000   393776.2933    63403   32.26%
     41    39   354133.6702     8   297732.0000   393776.2933    76771   32.26%
     55    47   303640.0577     5   297732.0000   393776.2933    96524   32.26%
Elapsed time = 373.23 sec. (148189.16 ticks, tree = 3.48 MB, solutions = 4)
     71    52   299795.3932     3   297732.0000   393776.2933   121769   32.26%
     89    69   366806.8510     8   297732.0000   393776.2933   178632   32.26%
    104    72        cutoff         297732.0000   393776.2933   198718   32.26%
    120    87   363556.1973     9   297732.0000   393776.2933   238348   32.26%
    134   100   308824.6494     4   297732.0000   393776.2933   278953   32.26%
    155   101   399496.8081    10   297732.0000   393776.2933   302289   32.26%
    167   110   354790.4111     6   297732.0000   393776.2933   339567   32.26%
    173   110   327950.9553     5   297732.0000   393776.2933   337263   32.26%
    192   120   384818.0387     9   297732.0000   393776.2933   384919   32.26%
    206   133   375171.7106    10   297732.0000   393776.2933   439752   32.26%
Elapsed time = 407.89 sec. (158582.52 ticks, tree = 14.57 MB, solutions = 4)
    221   130        cutoff         297732.0000   393776.2933   436386   32.26%
    238   144   318306.6003     5   297732.0000   393776.2933   470921   32.26%
    256   154   372866.5523    12   297732.0000   393776.2933   513742   32.26%
    265   169   305688.3531     5   297732.0000   393776.2933   560535   32.26%
    284   169   368559.8341    10   297732.0000   393776.2933   567496   32.26%
    298   186   331673.1528     8   297732.0000   393776.2933   625644   32.26%
    314   186   351776.3166     7   297732.0000   393776.2933   619227   32.26%
    326   196   375100.4121    10   297732.0000   393776.2933   663927   32.26%
    341   199   340994.0457     7   297732.0000   393776.2933   668249   32.26%
    356   212   308917.2534     4   297732.0000   393776.2933   703054   32.26%
Elapsed time = 444.44 sec. (168834.36 ticks, tree = 30.74 MB, solutions = 4)
    375   218   305543.1497     3   297732.0000   393776.2933   722632   32.26%
    384   225   298599.4205     7   297732.0000   393776.2933   760915   32.26%
    390   232   323113.1912     7   297732.0000   393776.2933   781760   32.26%
    397   233        cutoff         297732.0000   393776.2933   783820   32.26%
    400   221   357184.5633     9   297732.0000   393776.2933   730902   32.26%
    404   244   314806.6850     3   297732.0000   393776.2933   830947   32.26%
    408   244   372962.6801     9   297732.0000   393776.2933   838690   32.26%
    410   246   345732.8646     9   297732.0000   393776.2933   845900   32.26%
    415   247        cutoff         297732.0000   393776.2933   857026   32.26%
    420   250   326544.9612     5   297732.0000   393776.2933   868444   32.26%
Elapsed time = 536.09 sec. (192701.75 ticks, tree = 36.75 MB, solutions = 4)
    427   253   340019.1100     6   297732.0000   393776.2933   879801   32.26%
    431   257   300879.6225     5   297732.0000   393776.2933   888169   32.26%
    437   259   329653.1284     5   297732.0000   393776.2933   898963   32.26%
    442   260   348484.9919     7   297732.0000   393776.2933   906851   32.26%
    445   263   323096.2967     5   297732.0000   393776.2933   910016   32.26%
    452   262   340284.9051     9   297732.0000   390994.1436   908472   31.32%
    467   265   304335.7205     8   297732.0000   387294.4832   917281   30.08%
    482   266        cutoff         297732.0000   387294.4832   924331   30.08%
    501   269   328240.4698     4   297732.0000   387294.4832   932698   30.08%
    521   277   354226.0626    16   297732.0000   387294.4832   958532   30.08%
Elapsed time = 586.36 sec. (204202.65 ticks, tree = 40.20 MB, solutions = 4)
    533   280   316217.5631    10   297732.0000   387294.4832   967891   30.08%
    544   296   309616.9085     7   297732.0000   386489.6434   999972   29.81%
    561   286   302935.4020     5   297732.0000   384787.3898   966128   29.24%
    581   300   347531.1833     7   297732.0000   384787.3898  1012827   29.24%
    596   311   317669.5086     6   297732.0000   384787.3898  1043320   29.24%
    610   313   335700.5053     9   297732.0000   381892.6973  1049607   28.27%
    629   338   354325.4217     8   297732.0000   381462.7422  1130988   28.12%
    643   356   351857.8467     8   297732.0000   380842.5383  1181723   27.91%
    657   352   322692.2134     4   297732.0000   380842.5383  1171777   27.91%
    667   360   299135.8853     5   297732.0000   380842.5383  1195268   27.91%
Elapsed time = 616.56 sec. (214336.20 ticks, tree = 59.85 MB, solutions = 4)
    688   372   323959.8680    10   297732.0000   378412.1001  1236325   27.10%
    699   373   345792.4669     8   297732.0000   378412.1001  1243606   27.10%
    720   377   307867.3660     4   297732.0000   378196.1251  1250151   27.03%
    738   383   324743.4610     7   297732.0000   377751.4066  1281751   26.88%
    750   389   318783.9081    10   297732.0000   377751.4066  1306691   26.88%
    761   391   301814.5572     9   297732.0000   377751.4066  1309155   26.88%
    777   395   312707.7374     5   297732.0000   375684.7149  1341337   26.18%
    786   397   318843.6518     7   297732.0000   374306.4477  1345356   25.72%
    800   408   318491.9786     5   297732.0000   373795.8180  1382601   25.55%
    808   409   309956.4234     5   297732.0000   373795.8180  1383599   25.55%
Elapsed time = 644.31 sec. (225312.34 ticks, tree = 73.71 MB, solutions = 4)
    818   432        cutoff         297732.0000   371698.5386  1448738   24.84%
    829   439   306264.4773     6   297732.0000   369351.9017  1460800   24.06%
    836   436   331401.7374     5   297732.0000   369351.9017  1464592   24.06%
    849   433   330687.2754     7   297732.0000   369351.9017  1453968   24.06%
    861   442   316508.0859     7   297732.0000   368201.9074  1470945   23.67%
    883   439   322470.0199     9   297732.0000   368024.0341  1486037   23.61%
    898   444   334955.9409     7   297732.0000   367971.1063  1502702   23.59%
    915   447        cutoff         297732.0000   367622.3728  1510537   23.47%
    935   457   307064.9905     5   297732.0000   367622.3728  1559939   23.47%
    952   451   322669.3812     6   297732.0000   367622.3728  1544779   23.47%
Elapsed time = 671.88 sec. (235690.43 ticks, tree = 81.11 MB, solutions = 4)
    974   471   330332.7682    10   297732.0000   367119.2331  1611497   23.31%
    990   462   308581.1918     6   297732.0000   366996.7185  1579519   23.26%
   1007   481   325620.7860     5   297732.0000   366013.3976  1652203   22.93%
   1025   481        cutoff         297732.0000   366013.3976  1657688   22.93%
   1042   476   322739.7328     8   297732.0000   366013.3976  1627902   22.93%
   1061   501   326451.7619    10   297732.0000   364061.1669  1718970   22.28%
   1079   509   325407.1930     8   297732.0000   363092.4071  1748808   21.95%
   1095   510        cutoff         297732.0000   362377.7410  1751498   21.71%
   1106   496   307548.1145     6   297732.0000   362377.7410  1718798   21.71%
   1125   512        cutoff         297732.0000   362377.7410  1762085   21.71%
Elapsed time = 701.19 sec. (245805.93 ticks, tree = 94.29 MB, solutions = 4)
   1143   514   302883.5328    11   297732.0000   362377.7410  1769250   21.71%
   1166   522   315133.0495     7   297732.0000   358696.9035  1807159   20.48%
   1174   523   298508.9760     4   297732.0000   358696.9035  1809367   20.48%
   1193   522    infeasible         297732.0000   357896.5152  1817427   20.21%
   1206   525   306457.2442     3   297732.0000   357896.5152  1821181   20.21%
   1221   532   312597.6853     4   297732.0000   357896.5152  1875762   20.21%
   1240   543   300235.7440     5   297732.0000   355951.3681  1932161   19.55%
   1259   540        cutoff         297732.0000   355951.3681  1906326   19.55%
   1274   542   325810.6548     8   297732.0000   355201.6115  1934281   19.30%
   1338   554   298681.1511     4   297732.0000   353357.9970  1995721   18.68%
Elapsed time = 735.05 sec. (258906.42 ticks, tree = 103.33 MB, solutions = 4)
   1419   561   309293.9226     3   297732.0000   352663.4327  2086078   18.45%
   1494   570   304653.2360     5   297732.0000   350045.4792  2120074   17.57%
   1568   572   314182.0307     7   297732.0000   348013.1509  2217554   16.89%
   1642   575   298388.6619     6   297732.0000   346823.2301  2260464   16.49%
   1728   566        cutoff         297732.0000   344873.9545  2369033   15.83%
   1811   550   303175.6419     8   297732.0000   341464.8768  2451954   14.69%
   1906   535        cutoff         297732.0000   339001.2647  2502210   13.86%
   1989   507        cutoff         297732.0000   336845.2875  2585367   13.14%
   2099   445   300157.2891     8   297732.0000   331257.1383  2685714   11.26%
   2284   295        cutoff         297732.0000   322567.3828  2768241    8.34%
Elapsed time = 841.44 sec. (297420.72 ticks, tree = 36.56 MB, solutions = 4)

Clique cuts applied:  5220
Implied bound cuts applied:  1

Root node processing (before b&c):
  Real time             =  359.19 sec. (144389.79 ticks)
Parallel b&c, 4 threads:
  Real time             =  491.53 sec. (156273.14 ticks)
  Sync time (average)   =   41.76 sec.
  Wait time (average)   =    0.07 sec.
                          ------------
Total (root+branch&cut) =  850.72 sec. (300662.93 ticks)
