CPXPARAM_Read_DataCheck                          1
Found incumbent of value 0.000000 after 0.00 sec. (0.04 ticks)
Tried aggregator 1 time.
MIP Presolve modified 1 coefficients.
Reduced MIP has 316 rows, 1505 columns, and 7520 nonzeros.
Reduced MIP has 1505 binaries, 0 generals, 0 SOSs, and 0 indicators.
Presolve time = 0.00 sec. (2.72 ticks)
Probing time = 0.00 sec. (1.64 ticks)
Tried aggregator 1 time.
Reduced MIP has 316 rows, 1505 columns, and 7520 nonzeros.
Reduced MIP has 1505 binaries, 0 generals, 0 SOSs, and 0 indicators.
Presolve time = 0.00 sec. (3.28 ticks)
Probing time = 0.00 sec. (1.64 ticks)
Clique table members: 2732.
MIP emphasis: balance optimality and feasibility.
MIP search method: dynamic search.
Parallel mode: deterministic, using up to 4 threads.
Root relaxation solution time = 0.00 sec. (6.38 ticks)

        Nodes                                         Cuts/
   Node  Left     Objective  IInf  Best Integer    Best Bound    ItCnt     Gap

*     0+    0                            0.0000     9378.0000              --- 
      0     0     3651.4585     8        0.0000     3651.4585      462     --- 
      0     0     1933.7555   213        0.0000     Cuts: 179      858     --- 
*     0+    0                         1729.0000     1933.7555            11.84%
      0     0        cutoff           1729.0000     1729.0000     1078    0.00%
Elapsed time = 0.13 sec. (115.98 ticks, tree = 0.01 MB, solutions = 2)

Clique cuts applied:  331
Cover cuts applied:  3
Mixed integer rounding cuts applied:  8
Zero-half cuts applied:  4
Gomory fractional cuts applied:  3

Root node processing (before b&c):
  Real time             =    0.13 sec. (116.09 ticks)
Parallel b&c, 4 threads:
  Real time             =    0.00 sec. (0.00 ticks)
  Sync time (average)   =    0.00 sec.
  Wait time (average)   =    0.00 sec.
                          ------------
Total (root+branch&cut) =    0.13 sec. (116.09 ticks)
