CPXPARAM_Read_DataCheck                          1
Found incumbent of value 0.000000 after 0.00 sec. (0.04 ticks)
Tried aggregator 1 time.
MIP Presolve modified 1 coefficients.
Reduced MIP has 316 rows, 1505 columns, and 7520 nonzeros.
Reduced MIP has 1505 binaries, 0 generals, 0 SOSs, and 0 indicators.
Presolve time = 0.00 sec. (3.14 ticks)
Probing time = 0.00 sec. (1.63 ticks)
Tried aggregator 1 time.
Reduced MIP has 316 rows, 1505 columns, and 7520 nonzeros.
Reduced MIP has 1505 binaries, 0 generals, 0 SOSs, and 0 indicators.
Presolve time = 0.02 sec. (3.72 ticks)
Probing time = 0.00 sec. (1.64 ticks)
Clique table members: 3040.
MIP emphasis: balance optimality and feasibility.
MIP search method: dynamic search.
Parallel mode: deterministic, using up to 4 threads.
Root relaxation solution time = 0.00 sec. (5.59 ticks)

        Nodes                                         Cuts/
   Node  Left     Objective  IInf  Best Integer    Best Bound    ItCnt     Gap

*     0+    0                            0.0000     9594.0000              --- 
      0     0     2488.2069     7        0.0000     2488.2069      452     --- 
      0     0     2305.7000     2        0.0000     Cuts: 179      628     --- 
      0     0     2270.4680   152        0.0000     Cuts: 112      840     --- 
*     0+    0                         2237.0000     2270.4680             1.50%
      0     0     2269.4368   191     2237.0000      Cuts: 22      901    1.45%
*     0+    0                         2264.0000     2269.4368             0.24%
*     0+    0                         2265.0000     2269.4368             0.20%
*     0+    0                         2267.0000     2269.4368             0.11%
*     0+    0                         2268.0000     2269.4368             0.06%
      0     0        cutoff           2268.0000     2268.0000      901    0.00%
Elapsed time = 0.13 sec. (106.30 ticks, tree = 0.01 MB, solutions = 6)

Clique cuts applied:  243
Cover cuts applied:  5

Root node processing (before b&c):
  Real time             =    0.13 sec. (106.44 ticks)
Parallel b&c, 4 threads:
  Real time             =    0.00 sec. (0.00 ticks)
  Sync time (average)   =    0.00 sec.
  Wait time (average)   =    0.00 sec.
                          ------------
Total (root+branch&cut) =    0.13 sec. (106.44 ticks)
