CPXPARAM_Read_DataCheck                          1
Found incumbent of value 0.000000 after 0.00 sec. (0.04 ticks)
Tried aggregator 1 time.
MIP Presolve modified 3 coefficients.
Reduced MIP has 316 rows, 1505 columns, and 7520 nonzeros.
Reduced MIP has 1505 binaries, 0 generals, 0 SOSs, and 0 indicators.
Presolve time = 0.00 sec. (2.89 ticks)
Probing time = 0.02 sec. (1.64 ticks)
Tried aggregator 1 time.
Reduced MIP has 316 rows, 1505 columns, and 7520 nonzeros.
Reduced MIP has 1505 binaries, 0 generals, 0 SOSs, and 0 indicators.
Presolve time = 0.00 sec. (3.29 ticks)
Probing time = 0.00 sec. (1.64 ticks)
Clique table members: 2732.
MIP emphasis: balance optimality and feasibility.
MIP search method: dynamic search.
Parallel mode: deterministic, using up to 4 threads.
Root relaxation solution time = 0.01 sec. (5.94 ticks)

        Nodes                                         Cuts/
   Node  Left     Objective  IInf  Best Integer    Best Bound    ItCnt     Gap

*     0+    0                            0.0000     9140.0000              --- 
      0     0     4749.0123    11        0.0000     4749.0123      473     --- 
      0     0     3483.4252   257        0.0000     Cuts: 179     1131     --- 
*     0+    0                         2849.0000     3483.4252            22.27%
      0     0        cutoff           2849.0000     2849.0000     1650    0.00%
Elapsed time = 0.25 sec. (171.95 ticks, tree = 0.01 MB, solutions = 2)

Clique cuts applied:  304
Cover cuts applied:  4
Mixed integer rounding cuts applied:  18
Zero-half cuts applied:  5

Root node processing (before b&c):
  Real time             =    0.25 sec. (172.06 ticks)
Parallel b&c, 4 threads:
  Real time             =    0.00 sec. (0.00 ticks)
  Sync time (average)   =    0.00 sec.
  Wait time (average)   =    0.00 sec.
                          ------------
Total (root+branch&cut) =    0.25 sec. (172.06 ticks)
