CPXPARAM_Read_DataCheck                          1
Found incumbent of value 0.000000 after 0.00 sec. (0.04 ticks)
Tried aggregator 1 time.
MIP Presolve modified 1 coefficients.
Reduced MIP has 316 rows, 1505 columns, and 7520 nonzeros.
Reduced MIP has 1505 binaries, 0 generals, 0 SOSs, and 0 indicators.
Presolve time = 0.00 sec. (3.15 ticks)
Probing time = 0.00 sec. (1.63 ticks)
Tried aggregator 1 time.
Reduced MIP has 316 rows, 1505 columns, and 7520 nonzeros.
Reduced MIP has 1505 binaries, 0 generals, 0 SOSs, and 0 indicators.
Presolve time = 0.00 sec. (3.71 ticks)
Probing time = 0.00 sec. (1.64 ticks)
Clique table members: 3040.
MIP emphasis: balance optimality and feasibility.
MIP search method: dynamic search.
Parallel mode: deterministic, using up to 4 threads.
Root relaxation solution time = 0.00 sec. (5.00 ticks)

        Nodes                                         Cuts/
   Node  Left     Objective  IInf  Best Integer    Best Bound    ItCnt     Gap

*     0+    0                            0.0000     9140.0000              --- 
      0     0     2825.8240     7        0.0000     2825.8240      424     --- 
      0     0     2500.4223   175        0.0000     Cuts: 179      661     --- 
*     0+    0                         2320.0000     2500.4223             7.78%
      0     0        cutoff           2320.0000     2320.0000      886    0.00%
Elapsed time = 0.14 sec. (115.84 ticks, tree = 0.01 MB, solutions = 2)

Clique cuts applied:  278
Cover cuts applied:  6
Mixed integer rounding cuts applied:  11
Zero-half cuts applied:  3

Root node processing (before b&c):
  Real time             =    0.14 sec. (115.95 ticks)
Parallel b&c, 4 threads:
  Real time             =    0.00 sec. (0.00 ticks)
  Sync time (average)   =    0.00 sec.
  Wait time (average)   =    0.00 sec.
                          ------------
Total (root+branch&cut) =    0.14 sec. (115.95 ticks)
