CPXPARAM_Read_DataCheck                          1
Found incumbent of value 0.000000 after 0.00 sec. (0.04 ticks)
Tried aggregator 1 time.
MIP Presolve eliminated 9 rows and 0 columns.
MIP Presolve modified 1 coefficients.
Reduced MIP has 140 rows, 1515 columns, and 6651 nonzeros.
Reduced MIP has 1515 binaries, 0 generals, 0 SOSs, and 0 indicators.
Presolve time = 0.00 sec. (2.75 ticks)
Probing time = 0.02 sec. (2.52 ticks)
Tried aggregator 1 time.
Reduced MIP has 140 rows, 1515 columns, and 6651 nonzeros.
Reduced MIP has 1515 binaries, 0 generals, 0 SOSs, and 0 indicators.
Presolve time = 0.00 sec. (3.04 ticks)
Probing time = 0.00 sec. (2.46 ticks)
Clique table members: 4891.
MIP emphasis: balance optimality and feasibility.
MIP search method: dynamic search.
Parallel mode: deterministic, using up to 4 threads.
Root relaxation solution time = 0.00 sec. (3.78 ticks)

        Nodes                                         Cuts/
   Node  Left     Objective  IInf  Best Integer    Best Bound    ItCnt     Gap

*     0+    0                            0.0000     9283.0000              --- 
*     0+    0                         1201.0000     9283.0000           672.94%
      0     0     5029.8600    15     1201.0000     5029.8600      322  318.81%
      0     0     4943.6228    24     1201.0000     Cuts: 150      368  311.63%
      0     0     4885.5219    45     1201.0000     Cuts: 150      402  306.79%
      0     0     4504.7943   191     1201.0000     Cuts: 150      563  275.09%
      0     0     4337.3768   273     1201.0000     Cuts: 150      716  261.15%
*     0+    0                         2505.0000     4337.3768            73.15%
      0     0        cutoff           2505.0000     2505.0000      891    0.00%
Elapsed time = 0.17 sec. (107.90 ticks, tree = 0.01 MB, solutions = 3)

GUB cover cuts applied:  13
Clique cuts applied:  607
Cover cuts applied:  28

Root node processing (before b&c):
  Real time             =    0.17 sec. (108.01 ticks)
Parallel b&c, 4 threads:
  Real time             =    0.00 sec. (0.00 ticks)
  Sync time (average)   =    0.00 sec.
  Wait time (average)   =    0.00 sec.
                          ------------
Total (root+branch&cut) =    0.17 sec. (108.01 ticks)
