CPXPARAM_Read_DataCheck                          1
Found incumbent of value 0.000000 after 0.00 sec. (0.04 ticks)
Tried aggregator 1 time.
MIP Presolve modified 1 coefficients.
Reduced MIP has 317 rows, 1505 columns, and 7517 nonzeros.
Reduced MIP has 1505 binaries, 0 generals, 0 SOSs, and 0 indicators.
Presolve time = 0.02 sec. (3.14 ticks)
Probing time = 0.00 sec. (3.01 ticks)
Tried aggregator 1 time.
Reduced MIP has 317 rows, 1505 columns, and 7517 nonzeros.
Reduced MIP has 1505 binaries, 0 generals, 0 SOSs, and 0 indicators.
Presolve time = 0.00 sec. (3.73 ticks)
Probing time = 0.00 sec. (3.11 ticks)
Clique table members: 4864.
MIP emphasis: balance optimality and feasibility.
MIP search method: dynamic search.
Parallel mode: deterministic, using up to 4 threads.
Root relaxation solution time = 0.00 sec. (6.58 ticks)

        Nodes                                         Cuts/
   Node  Left     Objective  IInf  Best Integer    Best Bound    ItCnt     Gap

*     0+    0                            0.0000     9371.0000              --- 
*     0+    0                         1980.0000     9371.0000           373.28%
*     0+    0                         1986.0000     9371.0000           371.85%
      0     0     3257.4533     5     1986.0000     3257.4533      428   64.02%
      0     0     2718.6635   286     1986.0000     Cuts: 179      671   36.89%
*     0+    0                         2300.0000     2718.6635            18.20%
      0     0        cutoff           2300.0000     2300.0000      947    0.00%
Elapsed time = 0.14 sec. (132.09 ticks, tree = 0.01 MB, solutions = 4)

Clique cuts applied:  300
Cover cuts applied:  7
Implied bound cuts applied:  4
Mixed integer rounding cuts applied:  5
Zero-half cuts applied:  4

Root node processing (before b&c):
  Real time             =    0.14 sec. (132.21 ticks)
Parallel b&c, 4 threads:
  Real time             =    0.00 sec. (0.00 ticks)
  Sync time (average)   =    0.00 sec.
  Wait time (average)   =    0.00 sec.
                          ------------
Total (root+branch&cut) =    0.14 sec. (132.21 ticks)
