CPXPARAM_Read_DataCheck                          1
Found incumbent of value 0.000000 after 0.00 sec. (0.04 ticks)
Tried aggregator 1 time.
MIP Presolve modified 1 coefficients.
Reduced MIP has 317 rows, 1505 columns, and 7517 nonzeros.
Reduced MIP has 1505 binaries, 0 generals, 0 SOSs, and 0 indicators.
Presolve time = 0.02 sec. (3.15 ticks)
Probing time = 0.00 sec. (3.05 ticks)
Tried aggregator 1 time.
Reduced MIP has 317 rows, 1505 columns, and 7517 nonzeros.
Reduced MIP has 1505 binaries, 0 generals, 0 SOSs, and 0 indicators.
Presolve time = 0.00 sec. (3.73 ticks)
Probing time = 0.00 sec. (3.14 ticks)
Clique table members: 4864.
MIP emphasis: balance optimality and feasibility.
MIP search method: dynamic search.
Parallel mode: deterministic, using up to 4 threads.
Root relaxation solution time = 0.02 sec. (8.24 ticks)

        Nodes                                         Cuts/
   Node  Left     Objective  IInf  Best Integer    Best Bound    ItCnt     Gap

*     0+    0                            0.0000     9378.0000              --- 
*     0+    0                         1069.0000     9378.0000           777.27%
      0     0     3167.8200     5     1069.0000     3167.8200      476  196.33%
      0     0     2587.1493    52     1069.0000     Cuts: 179      705  142.02%
      0     0     2248.9058   147     1069.0000     Cuts: 179     1005  110.37%
*     0+    0                         1669.0000     2248.9058            34.75%
      0     0        cutoff           1669.0000     1669.0000     1243    0.00%
Elapsed time = 0.22 sec. (131.22 ticks, tree = 0.01 MB, solutions = 3)

Clique cuts applied:  250
Cover cuts applied:  3
Implied bound cuts applied:  6
Mixed integer rounding cuts applied:  18
Zero-half cuts applied:  7

Root node processing (before b&c):
  Real time             =    0.22 sec. (131.34 ticks)
Parallel b&c, 4 threads:
  Real time             =    0.00 sec. (0.00 ticks)
  Sync time (average)   =    0.00 sec.
  Wait time (average)   =    0.00 sec.
                          ------------
Total (root+branch&cut) =    0.22 sec. (131.34 ticks)
