CPXPARAM_Read_DataCheck                          1
Found incumbent of value 0.000000 after 0.00 sec. (0.04 ticks)
Tried aggregator 1 time.
MIP Presolve modified 1 coefficients.
Reduced MIP has 317 rows, 1505 columns, and 7517 nonzeros.
Reduced MIP has 1505 binaries, 0 generals, 0 SOSs, and 0 indicators.
Presolve time = 0.00 sec. (3.14 ticks)
Probing time = 0.02 sec. (3.07 ticks)
Tried aggregator 1 time.
Reduced MIP has 317 rows, 1505 columns, and 7517 nonzeros.
Reduced MIP has 1505 binaries, 0 generals, 0 SOSs, and 0 indicators.
Presolve time = 0.00 sec. (3.72 ticks)
Probing time = 0.00 sec. (3.14 ticks)
Clique table members: 4864.
MIP emphasis: balance optimality and feasibility.
MIP search method: dynamic search.
Parallel mode: deterministic, using up to 4 threads.
Root relaxation solution time = 0.02 sec. (7.04 ticks)

        Nodes                                         Cuts/
   Node  Left     Objective  IInf  Best Integer    Best Bound    ItCnt     Gap

*     0+    0                            0.0000     9232.0000              --- 
*     0+    0                         1476.0000     9232.0000           525.47%
      0     0     3137.7333     5     1476.0000     3137.7333      437  112.58%
      0     0     2636.3327   247     1476.0000     Cuts: 179      707   78.61%
*     0+    0                         2189.0000     2636.3327            20.44%
      0     0        cutoff           2189.0000     2189.0000      925    0.00%
Elapsed time = 0.16 sec. (129.34 ticks, tree = 0.01 MB, solutions = 3)

Clique cuts applied:  285
Cover cuts applied:  7
Implied bound cuts applied:  1
Mixed integer rounding cuts applied:  4
Zero-half cuts applied:  4

Root node processing (before b&c):
  Real time             =    0.16 sec. (129.45 ticks)
Parallel b&c, 4 threads:
  Real time             =    0.00 sec. (0.00 ticks)
  Sync time (average)   =    0.00 sec.
  Wait time (average)   =    0.00 sec.
                          ------------
Total (root+branch&cut) =    0.16 sec. (129.45 ticks)
