CPXPARAM_Read_DataCheck                          1
Found incumbent of value 0.000000 after 0.00 sec. (0.04 ticks)
Tried aggregator 1 time.
MIP Presolve modified 1 coefficients.
Reduced MIP has 317 rows, 1505 columns, and 7517 nonzeros.
Reduced MIP has 1505 binaries, 0 generals, 0 SOSs, and 0 indicators.
Presolve time = 0.02 sec. (3.15 ticks)
Probing time = 0.00 sec. (3.01 ticks)
Tried aggregator 1 time.
Reduced MIP has 317 rows, 1505 columns, and 7517 nonzeros.
Reduced MIP has 1505 binaries, 0 generals, 0 SOSs, and 0 indicators.
Presolve time = 0.00 sec. (3.73 ticks)
Probing time = 0.02 sec. (3.12 ticks)
Clique table members: 4864.
MIP emphasis: balance optimality and feasibility.
MIP search method: dynamic search.
Parallel mode: deterministic, using up to 4 threads.
Root relaxation solution time = 0.00 sec. (6.86 ticks)

        Nodes                                         Cuts/
   Node  Left     Objective  IInf  Best Integer    Best Bound    ItCnt     Gap

*     0+    0                            0.0000     9140.0000              --- 
*     0+    0                         2280.0000     9140.0000           300.88%
      0     0     3251.2867     5     2280.0000     3251.2867      428   42.60%
      0     0     2772.7338   105     2280.0000     Cuts: 179      578   21.61%
*     0+    0                         2320.0000     2772.7338            19.51%
      0     0        cutoff           2320.0000     2320.0000      763    0.00%
Elapsed time = 0.13 sec. (97.74 ticks, tree = 0.01 MB, solutions = 3)

Clique cuts applied:  251
Cover cuts applied:  3
Implied bound cuts applied:  1
Mixed integer rounding cuts applied:  3
Zero-half cuts applied:  5

Root node processing (before b&c):
  Real time             =    0.13 sec. (97.85 ticks)
Parallel b&c, 4 threads:
  Real time             =    0.00 sec. (0.00 ticks)
  Sync time (average)   =    0.00 sec.
  Wait time (average)   =    0.00 sec.
                          ------------
Total (root+branch&cut) =    0.13 sec. (97.85 ticks)
