CPXPARAM_Read_DataCheck                          1
Found incumbent of value 0.000000 after 0.02 sec. (3.82 ticks)
Tried aggregator 1 time.
MIP Presolve modified 1 coefficients.
Reduced MIP has 10049 rows, 150015 columns, and 750051 nonzeros.
Reduced MIP has 150015 binaries, 0 generals, 0 SOSs, and 0 indicators.
Presolve time = 0.50 sec. (265.85 ticks)
Tried aggregator 1 time.
Reduced MIP has 10049 rows, 150015 columns, and 750051 nonzeros.
Reduced MIP has 150015 binaries, 0 generals, 0 SOSs, and 0 indicators.
Presolve time = 0.67 sec. (319.92 ticks)
Probing time = 0.50 sec. (71.87 ticks)
Clique table members: 525091.
MIP emphasis: balance optimality and feasibility.
MIP search method: dynamic search.
Parallel mode: deterministic, using up to 4 threads.
Root relaxation solution time = 2.83 sec. (1628.35 ticks)

        Nodes                                         Cuts/
   Node  Left     Objective  IInf  Best Integer    Best Bound    ItCnt     Gap

*     0+    0                            0.0000   924950.0000              --- 
      0     0   547658.1489    15        0.0000   547658.1489       19     --- 
*     0+    0                       336888.0000   547658.1489            62.56%
      0     0   547596.7195    15   336888.0000 Cliques: 2612       53   28.27%
      0     0   547590.8512    15   336888.0000 Cliques: 2612       58   16.75%
      0     2   547590.8512    15   336888.0000   387952.0170       58   15.16%
Elapsed time = 365.11 sec. (143413.65 ticks, tree = 0.01 MB, solutions = 2)
      3     5   481300.3013    12   336888.0000   387952.0170     7208   15.16%
     16    12   400113.5528     9   336888.0000   387952.0170    24267   15.16%
     25    18   353397.9891     6   336888.0000   387952.0170    36311   15.16%
     29    28   398968.6887     7   336888.0000   387952.0170    55846   15.16%
     33    34   366467.6844     5   336888.0000   387952.0170    72229   15.16%
     36    35   372629.2732     6   336888.0000   387952.0170    73731   15.16%
     40    38   409059.0643     9   336888.0000   387952.0170    93520   15.16%
     43    38   369858.7406     5   336888.0000   387952.0170    86005   15.16%
     49    42   352449.1424     6   336888.0000   387952.0170   110169   15.16%
     68    47   337992.3967     3   336888.0000   387952.0170   129726   15.16%
Elapsed time = 376.77 sec. (146972.14 ticks, tree = 4.18 MB, solutions = 2)
     85    59   408038.9463     9   336888.0000   387952.0170   183130   15.16%
    101    73   405350.5713     8   336888.0000   387952.0170   223942   15.16%
    119    81   425925.3130    10   336888.0000   387952.0170   249977   15.16%
    132    90   375264.2083     6   336888.0000   387952.0170   273975   15.16%
    147    94   339085.4482     4   336888.0000   387952.0170   293932   15.16%
    164   106   352237.2704     4   336888.0000   387952.0170   322768   15.16%
    186   117        cutoff         336888.0000   387952.0170   350512   15.16%
    203   121   386946.9796     6   336888.0000   387952.0170   364670   15.16%
    223   132   347974.1658     8   336888.0000   387952.0170   385417   15.16%
    247   143   367628.5659     6   336888.0000   387952.0170   420878   15.16%
Elapsed time = 409.78 sec. (156923.06 ticks, tree = 17.35 MB, solutions = 2)
    272   161   357981.1623     8   336888.0000   387952.0170   467004   15.16%
    293   156   372238.3890     9   336888.0000   387952.0170   460567   15.16%
    315   176   375727.7004     7   336888.0000   387952.0170   515758   15.16%
    338   186   354118.1333     5   336888.0000   387952.0170   538044   15.16%
    361   201   338354.5478     7   336888.0000   387952.0170   579803   15.16%
    382   207   360870.5248     6   336888.0000   387952.0170   602903   15.16%
    404   213        cutoff         336888.0000   387952.0170   619239   15.16%
    425   211   346559.3849     4   336888.0000   387952.0170   623661   15.16%
    453   219   339259.1632     4   336888.0000   387952.0170   662559   15.16%
    484   222   349593.8258    10   336888.0000   387952.0170   675426   15.16%
Elapsed time = 444.98 sec. (166922.42 ticks, tree = 32.17 MB, solutions = 2)
    511   234   366700.8957     6   336888.0000   387952.0170   707285   15.16%
    541   248   362067.7047     6   336888.0000   387952.0170   773650   15.16%
    560   256   361269.7838     5   336888.0000   387952.0170   792003   15.16%
    582   265   347855.1686     5   336888.0000   387952.0170   837201   15.16%
    607   268   348691.7641     5   336888.0000   387952.0170   858887   15.16%
    641   272   347149.6058     9   336888.0000   387952.0170   896314   15.16%
    672   279   360752.1212     5   336888.0000   387952.0170   941063   15.16%
    699   279   338903.7670     4   336888.0000   387952.0170   930875   15.16%
    722   285        cutoff         336888.0000   387952.0170   969339   15.16%
    745   284   344240.5901     9   336888.0000   387952.0170   961803   15.16%
Elapsed time = 476.64 sec. (176849.89 ticks, tree = 44.91 MB, solutions = 2)
    775   295   340102.6932     3   336888.0000   386963.3447  1031999   14.86%
    802   296        cutoff         336888.0000   386213.3327  1047409   14.64%
    833   297   349224.4456     6   336888.0000   384298.1076  1088983   14.07%
    862   295   339718.4178     7   336888.0000   383205.4402  1099535   13.75%
    888   292   341141.7003    10   336888.0000   381339.9524  1140517   13.19%
    914   286   344166.3278     5   336888.0000   381339.9524  1169580   13.19%
    945   274        cutoff         336888.0000   377731.5276  1206576   12.12%
    972   277   360454.3414     6   336888.0000   375859.8868  1201761   11.57%
    999   259        cutoff         336888.0000   375859.8868  1243040   11.57%
   1030   247   338871.4348     5   336888.0000   373188.3928  1287725   10.78%
Elapsed time = 508.09 sec. (186857.14 ticks, tree = 31.74 MB, solutions = 2)
   1066   232   354479.0795     5   336888.0000   370752.3518  1309922   10.05%
   1114   231   337004.8846     5   336888.0000   368076.5098  1316248    9.26%
   1177   178        cutoff         336888.0000   361299.3672  1348807    7.25%
   1217   103        cutoff         336888.0000   356584.2175  1378643    5.85%

Clique cuts applied:  5224

Root node processing (before b&c):
  Real time             =  364.77 sec. (143297.62 ticks)
Parallel b&c, 4 threads:
  Real time             =  159.44 sec. (48421.02 ticks)
  Sync time (average)   =   17.45 sec.
  Wait time (average)   =    0.05 sec.
                          ------------
Total (root+branch&cut) =  524.20 sec. (191718.64 ticks)
