CPXPARAM_Read_DataCheck                          1
Found incumbent of value 0.000000 after 0.00 sec. (3.82 ticks)
Tried aggregator 1 time.
MIP Presolve eliminated 6 rows and 0 columns.
MIP Presolve modified 1 coefficients.
Reduced MIP has 10043 rows, 150015 columns, and 690051 nonzeros.
Reduced MIP has 150015 binaries, 0 generals, 0 SOSs, and 0 indicators.
Presolve time = 0.50 sec. (270.06 ticks)
Tried aggregator 1 time.
Reduced MIP has 10043 rows, 150015 columns, and 690051 nonzeros.
Reduced MIP has 150015 binaries, 0 generals, 0 SOSs, and 0 indicators.
Presolve time = 0.64 sec. (301.50 ticks)
Probing time = 0.47 sec. (68.48 ticks)
Clique table members: 495091.
MIP emphasis: balance optimality and feasibility.
MIP search method: dynamic search.
Parallel mode: deterministic, using up to 4 threads.
Root relaxation solution time = 2.89 sec. (1527.99 ticks)

        Nodes                                         Cuts/
   Node  Left     Objective  IInf  Best Integer    Best Bound    ItCnt     Gap

*     0+    0                            0.0000   927681.0000              --- 
*     0+    0                        29562.0000   927681.0000              --- 
      0     0   537199.0447    15    29562.0000   537199.0447    30519     --- 
*     0+    0                       335277.0000   537199.0447            60.23%
      0     0   537194.4785    15   335277.0000 Cliques: 2610    30523   25.29%
      0     0   537153.8822    15   335277.0000 Cliques: 2610    30569   12.33%
      0     2   537153.8822    15   335277.0000   376611.0677    30569   12.33%
Elapsed time = 417.42 sec. (146928.36 ticks, tree = 0.01 MB, solutions = 3)
      1     3   481172.8546    13   335277.0000   376611.0677    35688   12.33%
      5     4   458810.7660    12   335277.0000   376611.0677    37468   12.33%
     15    12   417370.8228     8   335277.0000   376611.0677    55715   12.33%
     22    15   420870.9381     9   335277.0000   376611.0677    62331   12.33%
     29    16   405909.3007     8   335277.0000   376611.0677    65373   12.33%
     32    24   380875.1212     5   335277.0000   376611.0677    83262   12.33%
     40    33   336746.4565     5   335277.0000   376611.0677   107758   12.33%
     48    38   369178.3288     4   335277.0000   376611.0677   122673   12.33%
     53    40   355187.4543     3   335277.0000   376611.0677   140843   12.33%
     70    51   336052.3044     8   335277.0000   376611.0677   166541   12.33%
Elapsed time = 429.86 sec. (150917.62 ticks, tree = 4.40 MB, solutions = 3)
     87    61   347479.0891     4   335277.0000   376611.0677   214397   12.33%
    117    70   387127.4375     6   335277.0000   376611.0677   243220   12.33%
    131    88   337543.5252     4   335277.0000   376611.0677   275407   12.33%
    178   114   416467.0814     8   335277.0000   376611.0677   303639   12.33%
    201   117   346970.7306     6   335277.0000   376611.0677   318297   12.33%
    220   141   380093.0816     8   335277.0000   376611.0677   360107   12.33%
    239   151   371225.1000     7   335277.0000   376611.0677   385027   12.33%
    256   169   346678.2554     6   335277.0000   376611.0677   423447   12.33%
    270   172   349402.7994     4   335277.0000   376611.0677   446190   12.33%
    285   178   367419.7418     7   335277.0000   376611.0677   468132   12.33%
Elapsed time = 459.45 sec. (160856.08 ticks, tree = 21.95 MB, solutions = 3)
    303   179   380905.4607     7   335277.0000   376611.0677   467274   12.33%
    315   182   369484.2249     6   335277.0000   376611.0677   476945   12.33%
    331   195   371051.5310     5   335277.0000   376611.0677   498985   12.33%
    354   196   339891.3464     6   335277.0000   376611.0677   497968   12.33%
    374   215   376289.3020    10   335277.0000   376611.0677   550242   12.33%
    390   219   343494.9745     8   335277.0000   376611.0677   552254   12.33%
    415   240        cutoff         335277.0000   376611.0677   611178   12.33%
    437   249   370702.1757     7   335277.0000   376611.0677   624072   12.33%
    457   256   364712.1702     5   335277.0000   376611.0677   643040   12.33%
    474   252   355331.7855     7   335277.0000   376611.0677   631198   12.33%
Elapsed time = 487.83 sec. (170715.92 ticks, tree = 39.29 MB, solutions = 3)
    496   262   339117.4702     4   335277.0000   376611.0677   657742   12.33%
    519   285   370622.7661     9   335277.0000   376611.0677   715065   12.33%
    538   284   345981.6188     8   335277.0000   376611.0677   707491   12.33%
    566   297   355583.2837     5   335277.0000   376611.0677   746413   12.33%
    586   309   355169.0935     7   335277.0000   376611.0677   771384   12.33%
    613   313   349050.2615     6   335277.0000   376611.0677   776097   12.33%
    626   326        cutoff         335277.0000   376611.0677   818762   12.33%
    651   329   336433.2064     6   335277.0000   376611.0677   822502   12.33%
    668   332   339936.0377     9   335277.0000   376611.0677   845146   12.33%
    688   338   340179.4623     5   335277.0000   376611.0677   863596   12.33%
Elapsed time = 511.97 sec. (180618.36 ticks, tree = 54.32 MB, solutions = 3)
    702   338   348740.4713     8   335277.0000   376611.0677   866835   12.33%
    718   343   355723.9123     6   335277.0000   376611.0677   890998   12.33%
    743   346   344372.0925     6   335277.0000   376611.0677   910504   12.33%
    772   346   340692.0796     5   335277.0000   376611.0677   914890   12.33%
    794   349   352619.0566     7   335277.0000   376611.0677   948158   12.33%
    810   349   350097.2611     7   335277.0000   376611.0677   951662   12.33%
    829   353   340363.8479     5   335277.0000   376611.0677   983612   12.33%
    856   352   338644.7600     4   335277.0000   376611.0677   998771   12.33%
    886   350        cutoff         335277.0000   376611.0677  1002382   12.33%
    909   351   337632.4737    10   335277.0000   376611.0677  1037799   12.33%
Elapsed time = 536.52 sec. (190858.80 ticks, tree = 56.89 MB, solutions = 3)
    931   340   346722.0365     8   335277.0000   376611.0677  1080895   12.33%
    959   347        cutoff         335277.0000   376611.0677  1070055   12.33%
    991   343   339464.1601     9   335277.0000   376611.0677  1100632   12.33%
   1026   334        cutoff         335277.0000   373221.7257  1123854   11.32%
   1058   328        cutoff         335277.0000   373221.7257  1160783   11.32%
   1091   298   338981.4547     5   335277.0000   369688.4196  1193670   10.26%
   1191   194        cutoff         335277.0000   357066.5854  1235405    6.50%
   1297    88    infeasible         335277.0000   351670.4860  1237480    4.89%

Clique cuts applied:  5219

Root node processing (before b&c):
  Real time             =  417.08 sec. (146819.13 ticks)
Parallel b&c, 4 threads:
  Real time             =  144.45 sec. (52683.60 ticks)
  Sync time (average)   =   20.27 sec.
  Wait time (average)   =    0.07 sec.
                          ------------
Total (root+branch&cut) =  561.53 sec. (199502.73 ticks)
