CPXPARAM_Read_DataCheck                          1
Found incumbent of value 0.000000 after 0.02 sec. (3.82 ticks)
Tried aggregator 1 time.
MIP Presolve modified 1 coefficients.
Reduced MIP has 10049 rows, 150015 columns, and 750051 nonzeros.
Reduced MIP has 150015 binaries, 0 generals, 0 SOSs, and 0 indicators.
Presolve time = 0.50 sec. (295.57 ticks)
Tried aggregator 1 time.
Reduced MIP has 10049 rows, 150015 columns, and 750051 nonzeros.
Reduced MIP has 150015 binaries, 0 generals, 0 SOSs, and 0 indicators.
Presolve time = 0.72 sec. (351.35 ticks)
Probing time = 0.47 sec. (68.24 ticks)
Clique table members: 503309.
MIP emphasis: balance optimality and feasibility.
MIP search method: dynamic search.
Parallel mode: deterministic, using up to 4 threads.
Root relaxation solution time = 2.11 sec. (1148.76 ticks)

        Nodes                                         Cuts/
   Node  Left     Objective  IInf  Best Integer    Best Bound    ItCnt     Gap

*     0+    0                            0.0000   927681.0000              --- 
      0     0   242520.9213    15        0.0000   242520.9213    18800     --- 
*     0+    0                        27576.0000   242520.9213           779.46%
*     0+    0                       180596.0000   242520.9213            34.29%
      0     0   213884.1011  2824   180596.0000    Cuts: 2612    35694   18.43%
*     0+    0                       180690.0000   213884.1011            18.37%
      0     0   204373.6314  3475   180690.0000    Cuts: 2612    46469   13.11%
*     0+    0                       181382.0000   204373.6314            12.68%
      0     0   200750.4374  4952   181382.0000    Cuts: 2612    53872   10.68%
      0     0   196544.3677  8235   181382.0000    Cuts: 2612    64155    8.36%
*     0+    0                       181488.0000   196544.3677             8.30%
      0     0   194487.1727 11611   181488.0000    Cuts: 2612    73999    7.16%
      0     0   193542.9618 13277   181488.0000    Cuts: 2612    81640    6.64%
      0     0   191888.9712 15660   181488.0000    Cuts: 2612    92334    5.73%
      0     0   190548.5690 17229   181488.0000    Cuts: 2612   110743    4.99%
      0     0   189861.0898 18218   181488.0000    Cuts: 2612   127035    4.61%
      0     0   189272.7719 20062   181488.0000    Cuts: 2612   139697    4.29%
      0     0   188479.3794 21409   181488.0000    Cuts: 2612   154832    3.85%
      0     0   188103.7766 22556   181488.0000    Cuts: 2612   168405    3.65%
      0     0   187774.8034 23588   181488.0000    Cuts: 2612   181730    3.46%
      0     0   186928.7966 24965   181488.0000    Cuts: 2612   201996    3.00%
      0     0   186544.7705 26563   181488.0000    Cuts: 2612   216142    2.79%
      0     0   185963.0106 27864   181488.0000    Cuts: 2612   236577    2.47%
      0     0   185350.1164 29369   181488.0000    Cuts: 2612   251557    2.13%
      0     0   184739.9528 30843   181488.0000    Cuts: 2612   266195    1.79%
      0     0   184342.8678 32211   181488.0000    Cuts: 2612   281475    1.57%
      0     0   183983.4623 33280   181488.0000    Cuts: 2612   294675    1.38%
      0     0        cutoff         181488.0000   181488.0000   312684    0.00%
Elapsed time = 2373.83 sec. (1330361.55 ticks, tree = 0.01 MB, solutions = 6)

Clique cuts applied:  27631
Cover cuts applied:  10
Implied bound cuts applied:  17
Flow cuts applied:  2
Mixed integer rounding cuts applied:  692
Zero-half cuts applied:  3

Root node processing (before b&c):
  Real time             = 2373.91 sec. (1330376.12 ticks)
Parallel b&c, 4 threads:
  Real time             =    0.00 sec. (0.00 ticks)
  Sync time (average)   =    0.00 sec.
  Wait time (average)   =    0.00 sec.
                          ------------
Total (root+branch&cut) = 2373.91 sec. (1330376.12 ticks)
