CPXPARAM_Read_DataCheck                          1
Found incumbent of value 0.000000 after 0.02 sec. (3.82 ticks)
Tried aggregator 1 time.
MIP Presolve eliminated 8 rows and 0 columns.
MIP Presolve modified 1 coefficients.
Reduced MIP has 10041 rows, 150015 columns, and 670051 nonzeros.
Reduced MIP has 150015 binaries, 0 generals, 0 SOSs, and 0 indicators.
Presolve time = 0.47 sec. (266.19 ticks)
Tried aggregator 1 time.
Reduced MIP has 10041 rows, 150015 columns, and 670051 nonzeros.
Reduced MIP has 150015 binaries, 0 generals, 0 SOSs, and 0 indicators.
Presolve time = 0.66 sec. (295.11 ticks)
Probing time = 0.36 sec. (54.68 ticks)
Clique table members: 485091.
MIP emphasis: balance optimality and feasibility.
MIP search method: dynamic search.
Parallel mode: deterministic, using up to 4 threads.
Root relaxation solution time = 2.42 sec. (1286.91 ticks)

        Nodes                                         Cuts/
   Node  Left     Objective  IInf  Best Integer    Best Bound    ItCnt     Gap

*     0+    0                            0.0000   932071.0000              --- 
      0     0   493271.2999    15        0.0000   493271.2999       16     --- 
*     0+    0                       284855.0000   493271.2999            73.17%
      0     0   493206.7265    15   284855.0000 Cliques: 2610       73   30.87%
      0     0   493174.0490    15   284855.0000 Cliques: 2610       99   18.69%
      0     2   493174.0490    15   284855.0000   338102.8835       99   18.69%
Elapsed time = 342.88 sec. (128454.93 ticks, tree = 0.01 MB, solutions = 2)
      2     4   457907.3290    13   284855.0000   338102.8835     2154   18.69%
      8     7   419849.1130    12   284855.0000   338102.8835     8128   18.69%
     24    13   348033.5071     8   284855.0000   338102.8835    19863   18.69%
     33    34   334712.2412     7   284855.0000   338102.8835    48365   18.69%
     38    36   309496.3884     5   284855.0000   338102.8835    55042   18.69%
     42    41   300166.7112     2   284855.0000   338102.8835    65172   18.69%
     45    40   295942.9049     4   284855.0000   338102.8835    64698   18.69%
     57    47   379805.4624    10   284855.0000   338102.8835    85652   18.69%
     64    50   346829.0604     8   284855.0000   338102.8835    94981   18.69%
     86    65   408553.3429    11   284855.0000   338102.8835   146242   18.69%
Elapsed time = 355.27 sec. (131974.03 ticks, tree = 6.25 MB, solutions = 2)
    118    78   303899.2659     2   284855.0000   338102.8835   172214   18.69%
    134    96   307070.8280     3   284855.0000   338102.8835   217269   18.69%
    148   102   351727.7647     8   284855.0000   338102.8835   234204   18.69%
    160   111   325512.2463     5   284855.0000   338102.8835   248409   18.69%
    173   114   298594.6236     2   284855.0000   338102.8835   251830   18.69%
    195   130    infeasible         284855.0000   338102.8835   273127   18.69%
    218   138   330245.0302     5   284855.0000   338102.8835   308471   18.69%
    242   151   306057.6088     5   284855.0000   338102.8835   346189   18.69%
    259   157   327108.5950     5   284855.0000   338102.8835   359605   18.69%
    271   166   287808.4706     2   284855.0000   338102.8835   375282   18.69%
Elapsed time = 378.00 sec. (142030.12 ticks, tree = 20.10 MB, solutions = 2)
    296   175   304940.0891     3   284855.0000   338102.8835   389944   18.69%
    312   187   310584.7734     4   284855.0000   338102.8835   414358   18.69%
    329   194   293162.5756     2   284855.0000   338102.8835   430537   18.69%
    354   211   305969.9822     4   284855.0000   338102.8835   457589   18.69%
    382   211   337387.9484     8   284855.0000   338102.8835   457010   18.69%
    391   224   315161.7466     6   284855.0000   338102.8835   497237   18.69%
    407   238   323983.1916     6   284855.0000   338102.8835   513991   18.69%
    430   237   298577.9323     3   284855.0000   338102.8835   511113   18.69%
    448   248   320110.4530     6   284855.0000   338102.8835   525125   18.69%
    472   257   319833.5245     5   284855.0000   338102.8835   539977   18.69%
Elapsed time = 399.52 sec. (152234.90 ticks, tree = 38.36 MB, solutions = 2)
    490   265   293242.3824     3   284855.0000   338102.8835   553772   18.69%
    514   273   310233.9449     5   284855.0000   338102.8835   575807   18.69%
    537   286   304818.4630     4   284855.0000   338102.8835   596037   18.69%
    556   296   297774.8564     4   284855.0000   338102.8835   632298   18.69%
    575   291        cutoff         284855.0000   338102.8835   613226   18.69%
    601   304        cutoff         284855.0000   338102.8835   647958   18.69%
    619   305   307004.8538     6   284855.0000   338102.8835   650152   18.69%
    651   332   297713.1171     6   284855.0000   338102.8835   700545   18.69%
    671   335   285604.4871     4   284855.0000   338102.8835   705485   18.69%
    690   333        cutoff         284855.0000   338102.8835   711285   18.69%
Elapsed time = 418.56 sec. (162172.31 ticks, tree = 55.24 MB, solutions = 2)
    705   345   312619.2110     7   284855.0000   338102.8835   745299   18.69%
    727   352   301440.9414     5   284855.0000   338102.8835   757572   18.69%
    747   354   313551.5700     6   284855.0000   338102.8835   779525   18.69%
    763   355   314372.3352     5   284855.0000   338102.8835   783419   18.69%
    784   368   294280.3060     4   284855.0000   338102.8835   809611   18.69%
    805   375   298583.0491     5   284855.0000   338102.8835   827225   18.69%
    826   376   295592.0904     3   284855.0000   338102.8835   839178   18.69%
    841   377        cutoff         284855.0000   338102.8835   850504   18.69%
    850   386   305516.6376     6   284855.0000   338102.8835   871223   18.69%
    860   389   290876.0068     4   284855.0000   338102.8835   875640   18.69%
Elapsed time = 436.75 sec. (172512.53 ticks, tree = 66.13 MB, solutions = 2)
    879   389   303768.7341     5   284855.0000   338102.8835   882027   18.69%
    890   391        cutoff         284855.0000   338102.8835   886825   18.69%
    908   394        cutoff         284855.0000   338067.3164   905510   18.68%
    938   403   290797.2539     6   284855.0000   337209.9198   924991   18.38%
    957   402        cutoff         284855.0000   337209.9198   928360   18.38%
    983   401        cutoff         284855.0000   335653.2918   939628   17.83%
   1004   407   293254.7328     4   284855.0000   335037.5942   967562   17.62%
   1029   405        cutoff         284855.0000   334455.0634   954137   17.41%
   1055   408        cutoff         284855.0000   333969.8424  1002245   17.24%
   1076   409        cutoff         284855.0000   333884.6818  1003827   17.21%
Elapsed time = 453.34 sec. (182417.49 ticks, tree = 70.77 MB, solutions = 2)
   1100   411   286212.4136     5   284855.0000   333381.8748  1040160   17.04%
   1131   410        cutoff         284855.0000   331880.8875  1031703   16.51%
   1153   409        cutoff         284855.0000   330878.0721  1056783   16.16%
   1180   410        cutoff         284855.0000   329885.4319  1071557   15.81%
   1209   407   289261.0010     5   284855.0000   328087.6829  1093567   15.18%
   1240   400        cutoff         284855.0000   327075.0380  1107508   14.82%
   1266   391   292790.9364     5   284855.0000   326378.6671  1143741   14.58%
   1285   391   286558.8409     3   284855.0000   325579.5111  1147206   14.30%
   1315   388        cutoff         284855.0000   325321.3855  1155464   14.21%
   1351   367   285959.1195     3   284855.0000   323737.4090  1188321   13.65%
Elapsed time = 473.52 sec. (192344.22 ticks, tree = 58.99 MB, solutions = 2)
   1381   349        cutoff         284855.0000   321154.8827  1230513   12.74%
   1419   332        cutoff         284855.0000   321154.8827  1244375   12.74%
   1456   314        cutoff         284855.0000   316684.3517  1261172   11.17%
   1511   253        cutoff         284855.0000   315785.9694  1290325   10.86%
   1621   158        cutoff         284855.0000   304672.9043  1308296    6.96%
   1761     6        cutoff         284855.0000   294813.2068  1308436    3.50%

Clique cuts applied:  5220

Root node processing (before b&c):
  Real time             =  342.50 sec. (128357.48 ticks)
Parallel b&c, 4 threads:
  Real time             =  146.67 sec. (69827.28 ticks)
  Sync time (average)   =   18.20 sec.
  Wait time (average)   =    0.07 sec.
                          ------------
Total (root+branch&cut) =  489.17 sec. (198184.76 ticks)
