CPXPARAM_Read_DataCheck                          1
Found incumbent of value 0.000000 after 0.00 sec. (0.03 ticks)
Tried aggregator 1 time.
MIP Presolve eliminated 5 rows and 0 columns.
MIP Presolve modified 1 coefficients.
Reduced MIP has 126 rows, 1010 columns, and 4530 nonzeros.
Reduced MIP has 1010 binaries, 0 generals, 0 SOSs, and 0 indicators.
Presolve time = 0.00 sec. (1.86 ticks)
Probing time = 0.00 sec. (1.40 ticks)
Tried aggregator 1 time.
Reduced MIP has 126 rows, 1010 columns, and 4530 nonzeros.
Reduced MIP has 1010 binaries, 0 generals, 0 SOSs, and 0 indicators.
Presolve time = 0.02 sec. (2.06 ticks)
Probing time = 0.00 sec. (1.40 ticks)
Clique table members: 1000.
MIP emphasis: balance optimality and feasibility.
MIP search method: dynamic search.
Parallel mode: deterministic, using up to 4 threads.
Root relaxation solution time = 0.00 sec. (2.87 ticks)

        Nodes                                         Cuts/
   Node  Left     Objective  IInf  Best Integer    Best Bound    ItCnt     Gap

*     0+    0                            0.0000     6354.0000              --- 
*     0+    0                          311.0000     6354.0000              --- 
      0     0     3609.8600    10      311.0000     3609.8600      276     --- 
      0     0     2553.4195   141      311.0000     Cuts: 143      685  721.04%
      0     0     2198.8429   285      311.0000     Cuts: 141     1256  607.02%
*     0+    0                         1954.0000     2198.8429            12.53%
      0     0        cutoff           1954.0000     1954.0000     1752    0.00%
Elapsed time = 0.16 sec. (114.20 ticks, tree = 0.01 MB, solutions = 3)

Clique cuts applied:  309
Cover cuts applied:  13
Implied bound cuts applied:  4
Mixed integer rounding cuts applied:  54
Zero-half cuts applied:  5

Root node processing (before b&c):
  Real time             =    0.16 sec. (114.28 ticks)
Parallel b&c, 4 threads:
  Real time             =    0.00 sec. (0.00 ticks)
  Sync time (average)   =    0.00 sec.
  Wait time (average)   =    0.00 sec.
                          ------------
Total (root+branch&cut) =    0.16 sec. (114.28 ticks)
