CPXPARAM_Read_DataCheck                          1
Found incumbent of value 0.000000 after 0.00 sec. (0.03 ticks)
Tried aggregator 1 time.
MIP Presolve eliminated 1 rows and 0 columns.
MIP Presolve modified 63 coefficients.
Reduced MIP has 130 rows, 1010 columns, and 4930 nonzeros.
Reduced MIP has 1010 binaries, 0 generals, 0 SOSs, and 0 indicators.
Presolve time = 0.00 sec. (1.93 ticks)
Probing time = 0.00 sec. (1.41 ticks)
Tried aggregator 1 time.
Reduced MIP has 130 rows, 1010 columns, and 4930 nonzeros.
Reduced MIP has 1010 binaries, 0 generals, 0 SOSs, and 0 indicators.
Presolve time = 0.02 sec. (2.19 ticks)
Probing time = 0.00 sec. (1.41 ticks)
Clique table members: 1000.
MIP emphasis: balance optimality and feasibility.
MIP search method: dynamic search.
Parallel mode: deterministic, using up to 4 threads.
Root relaxation solution time = 0.00 sec. (2.95 ticks)

        Nodes                                         Cuts/
   Node  Left     Objective  IInf  Best Integer    Best Bound    ItCnt     Gap

*     0+    0                            0.0000     6307.0000              --- 
      0     0     3361.0467    14        0.0000     3361.0467      287     --- 
*     0+    0                         2010.0000     3361.0467            67.22%
      0     0     2435.5182   187     2010.0000     Cuts: 147      652   21.17%
      0     0     2206.2739   249     2010.0000     Cuts: 146      989    9.76%
*     0+    0                         2150.0000     2206.2739             2.62%
      0     0        cutoff           2150.0000     2150.0000     1258    0.00%
Elapsed time = 0.19 sec. (114.92 ticks, tree = 0.01 MB, solutions = 3)

GUB cover cuts applied:  1
Clique cuts applied:  352
Cover cuts applied:  14
Implied bound cuts applied:  3
Flow cuts applied:  2
Mixed integer rounding cuts applied:  24
Zero-half cuts applied:  4

Root node processing (before b&c):
  Real time             =    0.19 sec. (115.00 ticks)
Parallel b&c, 4 threads:
  Real time             =    0.00 sec. (0.00 ticks)
  Sync time (average)   =    0.00 sec.
  Wait time (average)   =    0.00 sec.
                          ------------
Total (root+branch&cut) =    0.19 sec. (115.00 ticks)
