CPXPARAM_Read_DataCheck                          1
Found incumbent of value 0.000000 after 0.00 sec. (0.03 ticks)
Tried aggregator 1 time.
MIP Presolve modified 1 coefficients.
Reduced MIP has 131 rows, 1010 columns, and 5030 nonzeros.
Reduced MIP has 1010 binaries, 0 generals, 0 SOSs, and 0 indicators.
Presolve time = 0.00 sec. (2.08 ticks)
Probing time = 0.00 sec. (1.60 ticks)
Tried aggregator 1 time.
Reduced MIP has 131 rows, 1010 columns, and 5030 nonzeros.
Reduced MIP has 1010 binaries, 0 generals, 0 SOSs, and 0 indicators.
Presolve time = 0.00 sec. (2.45 ticks)
Probing time = 0.02 sec. (1.60 ticks)
Clique table members: 1056.
MIP emphasis: balance optimality and feasibility.
MIP search method: dynamic search.
Parallel mode: deterministic, using up to 4 threads.
Root relaxation solution time = 0.00 sec. (3.17 ticks)

        Nodes                                         Cuts/
   Node  Left     Objective  IInf  Best Integer    Best Bound    ItCnt     Gap

*     0+    0                            0.0000     6288.0000              --- 
*     0+    0                         1107.0000     6288.0000           468.02%
      0     0     1745.2800    14     1107.0000     1745.2800      205   57.66%
      0     0     1469.2637   149     1107.0000     Cuts: 138      415   32.72%
*     0+    0                         1273.0000     1469.2637            15.42%
      0     0     1382.8822    57     1273.0000     Cuts: 132      583    8.63%
*     0+    0                         1341.0000     1382.8822             3.12%
      0     0     1376.4275   118     1341.0000      Cuts: 38      612    2.64%
      0     0     1375.7273    57     1341.0000      Cuts: 10      635    2.59%
      0     0     1375.5121   133     1341.0000      Cuts: 13      657    2.57%
      0     0     1375.4942   170     1341.0000       Cuts: 5      669    2.57%
*     0+    0                         1369.0000     1375.4942             0.47%
      0     0     1375.4721   136     1369.0000       Cuts: 5      673    0.47%
      0     0        cutoff           1369.0000     1369.0000      673    0.00%
Elapsed time = 0.23 sec. (127.62 ticks, tree = 0.01 MB, solutions = 5)

Clique cuts applied:  152
Cover cuts applied:  12
Implied bound cuts applied:  8
Flow cuts applied:  1
Mixed integer rounding cuts applied:  6
Zero-half cuts applied:  10
Gomory fractional cuts applied:  1

Root node processing (before b&c):
  Real time             =    0.23 sec. (127.72 ticks)
Parallel b&c, 4 threads:
  Real time             =    0.00 sec. (0.00 ticks)
  Sync time (average)   =    0.00 sec.
  Wait time (average)   =    0.00 sec.
                          ------------
Total (root+branch&cut) =    0.23 sec. (127.72 ticks)
