CPXPARAM_Read_DataCheck                          1
Found incumbent of value 0.000000 after 0.00 sec. (0.52 ticks)
Tried aggregator 1 time.
MIP Presolve modified 1 coefficients.
Reduced MIP has 2033 rows, 20010 columns, and 100034 nonzeros.
Reduced MIP has 20010 binaries, 0 generals, 0 SOSs, and 0 indicators.
Presolve time = 0.06 sec. (39.27 ticks)
Tried aggregator 1 time.
Reduced MIP has 2033 rows, 20010 columns, and 100034 nonzeros.
Reduced MIP has 20010 binaries, 0 generals, 0 SOSs, and 0 indicators.
Presolve time = 0.06 sec. (46.81 ticks)
Probing time = 0.05 sec. (12.14 ticks)
Clique table members: 65993.
MIP emphasis: balance optimality and feasibility.
MIP search method: dynamic search.
Parallel mode: deterministic, using up to 4 threads.
Root relaxation solution time = 0.20 sec. (256.28 ticks)

        Nodes                                         Cuts/
   Node  Left     Objective  IInf  Best Integer    Best Bound    ItCnt     Gap

*     0+    0                            0.0000   124060.0000              --- 
*     0+    0                        13004.0000   124060.0000           854.01%
*     0+    0                        14694.0000   124060.0000           744.29%
      0     0    34557.0435    10    14694.0000    34557.0435       13  135.18%
*     0+    0                        23382.0000    34557.0435            47.79%
      0     0    30863.1277   453    23382.0000     Cuts: 608     1440   32.00%
      0     0    28477.0103  1235    23382.0000     Cuts: 608     3741   21.79%
*     0+    0                        23463.0000    28477.0103            21.37%
      0     0    27588.4949  1564    23463.0000     Cuts: 608     5785   17.58%
*     0+    0                        23747.0000    27588.4949            16.18%
      0     0    26582.0163  2213    23747.0000     Cuts: 608     8269   11.94%
*     0+    0                        23786.0000    26582.0163            11.75%
      0     0    26117.5380  3003    23786.0000     Cuts: 608     9697    9.80%
      0     0    25706.2610  3689    23786.0000     Cuts: 608    11361    8.07%
*     0+    0                        24120.0000    25706.2610             6.58%
      0     0        cutoff          24120.0000    24120.0000    13795    0.00%
Elapsed time = 16.45 sec. (12524.88 ticks, tree = 0.01 MB, solutions = 8)

Clique cuts applied:  2850
Cover cuts applied:  6
Implied bound cuts applied:  17
Mixed integer rounding cuts applied:  83

Root node processing (before b&c):
  Real time             =   16.47 sec. (12527.11 ticks)
Parallel b&c, 4 threads:
  Real time             =    0.00 sec. (0.00 ticks)
  Sync time (average)   =    0.00 sec.
  Wait time (average)   =    0.00 sec.
                          ------------
Total (root+branch&cut) =   16.47 sec. (12527.11 ticks)
