CPXPARAM_Read_DataCheck                          1
Found incumbent of value 0.000000 after 0.00 sec. (0.12 ticks)
Tried aggregator 1 time.
MIP Presolve modified 1 coefficients.
Reduced MIP has 346 rows, 4515 columns, and 22545 nonzeros.
Reduced MIP has 4515 binaries, 0 generals, 0 SOSs, and 0 indicators.
Presolve time = 0.02 sec. (8.39 ticks)
Tried aggregator 1 time.
Reduced MIP has 346 rows, 4515 columns, and 22545 nonzeros.
Reduced MIP has 4515 binaries, 0 generals, 0 SOSs, and 0 indicators.
Presolve time = 0.02 sec. (10.02 ticks)
Probing time = 0.00 sec. (2.40 ticks)
Clique table members: 4602.
MIP emphasis: balance optimality and feasibility.
MIP search method: dynamic search.
Parallel mode: deterministic, using up to 4 threads.
Root relaxation solution time = 0.03 sec. (26.43 ticks)

        Nodes                                         Cuts/
   Node  Left     Objective  IInf  Best Integer    Best Bound    ItCnt     Gap

*     0+    0                            0.0000    28015.0000              --- 
      0     0     7321.3600    15        0.0000     7321.3600      623     --- 
*     0+    0                         2309.0000     7321.3600           217.08%
*     0+    0                         5319.0000     7321.3600            37.65%
      0     0     6318.7115   249     5319.0000     Cuts: 186     1289   18.80%
      0     0     5893.0106   428     5319.0000     Cuts: 186     1946   10.79%
      0     0     5628.9762   608     5319.0000     Cuts: 186     2614    5.83%
*     0+    0                         5339.0000     5628.9762             5.43%
      0     0     5534.0903   755     5339.0000     Cuts: 186     3111    3.65%
      0     0     5462.0976   814     5339.0000     Cuts: 186     3675    2.31%
*     0+    0                         5353.0000     5462.0976             2.04%
      0     0     5428.7139   861     5353.0000     Cuts: 186     4201    1.41%
*     0+    0                         5383.0000     5428.7139             0.85%
      0     0     5419.5922   890     5383.0000      Cuts: 78     4402    0.65%
*     0+    0                         5385.0000     5417.9235             0.61%
      0     0     5414.7209   911     5385.0000      Cuts: 93     4584    0.55%
      0     0     5412.8462   917     5385.0000      Cuts: 45     4673    0.52%
      0     0     5411.3864   957     5385.0000      Cuts: 59     4768    0.49%
*     0+    0                         5386.0000     5411.3864             0.47%
*     0+    0                         5387.0000     5411.3864             0.45%
      0     0     5410.9104   957     5387.0000      Cuts: 35     4862    0.44%
      0     0     5410.3651   964     5387.0000      Cuts: 44     4918    0.43%
      0     2     5410.3651   964     5387.0000     5410.3651     4918    0.43%
Elapsed time = 7.50 sec. (3373.08 ticks, tree = 0.01 MB, solutions = 9)

Clique cuts applied:  699
Cover cuts applied:  53
Implied bound cuts applied:  14
Flow cuts applied:  1
Mixed integer rounding cuts applied:  74
Zero-half cuts applied:  31
Gomory fractional cuts applied:  1

Root node processing (before b&c):
  Real time             =    7.48 sec. (3360.42 ticks)
Parallel b&c, 4 threads:
  Real time             =    0.34 sec. (211.77 ticks)
  Sync time (average)   =    0.09 sec.
  Wait time (average)   =    0.01 sec.
                          ------------
Total (root+branch&cut) =    7.83 sec. (3572.19 ticks)
