CPXPARAM_Read_DataCheck                          1
Found incumbent of value 0.000000 after 0.00 sec. (0.12 ticks)
Tried aggregator 1 time.
MIP Presolve eliminated 9 rows and 0 columns.
MIP Presolve modified 1 coefficients.
Reduced MIP has 337 rows, 4515 columns, and 19845 nonzeros.
Reduced MIP has 4515 binaries, 0 generals, 0 SOSs, and 0 indicators.
Presolve time = 0.00 sec. (7.50 ticks)
Tried aggregator 1 time.
Reduced MIP has 337 rows, 4515 columns, and 19845 nonzeros.
Reduced MIP has 4515 binaries, 0 generals, 0 SOSs, and 0 indicators.
Presolve time = 0.02 sec. (8.33 ticks)
Probing time = 0.00 sec. (1.99 ticks)
Clique table members: 4500.
MIP emphasis: balance optimality and feasibility.
MIP search method: dynamic search.
Parallel mode: deterministic, using up to 4 threads.
Root relaxation solution time = 0.02 sec. (18.74 ticks)

        Nodes                                         Cuts/
   Node  Left     Objective  IInf  Best Integer    Best Bound    ItCnt     Gap

*     0+    0                            0.0000    27601.0000              --- 
      0     0    14429.0033    17        0.0000    14429.0033      891     --- 
*     0+    0                         6365.0000    14429.0033           126.69%
      0     0     8688.1539   207     6365.0000     Cuts: 184     2119   36.50%
      0     0     8085.8113   414     6365.0000     Cuts: 184     2609   27.04%
      0     0     7790.2432   564     6365.0000     Cuts: 184     3043   22.39%
      0     0     7243.6302   542     6365.0000     Cuts: 184     3579   13.80%
      0     0     6896.5314   859     6365.0000     Cuts: 184     3982    8.35%
      0     0     6566.7351   467     6365.0000     Cuts: 184     4389    2.28%
      0     0        cutoff           6365.0000     6365.0000     4782    0.00%
Elapsed time = 1.78 sec. (892.15 ticks, tree = 0.01 MB, solutions = 2)

Clique cuts applied:  1039
Cover cuts applied:  8
Implied bound cuts applied:  3
Mixed integer rounding cuts applied:  35
Zero-half cuts applied:  9

Root node processing (before b&c):
  Real time             =    1.78 sec. (892.45 ticks)
Parallel b&c, 4 threads:
  Real time             =    0.00 sec. (0.00 ticks)
  Sync time (average)   =    0.00 sec.
  Wait time (average)   =    0.00 sec.
                          ------------
Total (root+branch&cut) =    1.78 sec. (892.45 ticks)
