CPXPARAM_Read_DataCheck                          1
Found incumbent of value 0.000000 after 0.02 sec. (3.82 ticks)
Tried aggregator 1 time.
MIP Presolve modified 5 coefficients.
Reduced MIP has 10046 rows, 150015 columns, and 750060 nonzeros.
Reduced MIP has 150015 binaries, 0 generals, 0 SOSs, and 0 indicators.
Presolve time = 0.48 sec. (270.30 ticks)
Tried aggregator 1 time.
Reduced MIP has 10046 rows, 150015 columns, and 750060 nonzeros.
Reduced MIP has 150015 binaries, 0 generals, 0 SOSs, and 0 indicators.
Presolve time = 0.64 sec. (307.84 ticks)
Probing time = 0.20 sec. (33.90 ticks)
Clique table members: 299249.
MIP emphasis: balance optimality and feasibility.
MIP search method: dynamic search.
Parallel mode: deterministic, using up to 4 threads.
Root relaxation solution time = 2.91 sec. (1573.27 ticks)

        Nodes                                         Cuts/
   Node  Left     Objective  IInf  Best Integer    Best Bound    ItCnt     Gap

*     0+    0                            0.0000   929858.0000              --- 
      0     0   526203.3238    19        0.0000   526203.3238       18     --- 
*     0+    0                       314061.0000   526203.3238            67.55%
      0     0   459304.7705  1937   314061.0000    Cuts: 2611    34748   46.25%
*     0+    0                       315419.0000   459304.7705            45.62%
      0     0   445106.6556  5493   315419.0000    Cuts: 2611    49429   39.83%
*     0+    0                       329864.0000   441055.7264            33.71%
      0     0   439036.8207  7824   329864.0000    Cuts: 2611    62658   26.82%
      0     0   433769.8218 10004   329864.0000    Cuts: 2611    80247   22.06%
      0     0   431512.6977 12690   329864.0000    Cuts: 2611    93047   18.00%
      0     0   430555.9793 15573   329864.0000    Cuts: 2611   103490   14.74%
Heuristic still looking.
Heuristic still looking.
      0     2   430555.9793 15573   329864.0000   369914.2368   103490   12.14%
Elapsed time = 1226.61 sec. (557545.22 ticks, tree = 0.01 MB, solutions = 4)
      1     3   412733.8462 14762   329864.0000   369914.2368   111366   12.14%
      2     4   403882.1316 14653   329864.0000   369914.2368   118477   12.14%
      3     4   392381.0456 13969   329864.0000   369914.2368   120540   12.14%
      4     5   402632.9555  7850   329864.0000   369914.2368   125271   12.14%
      5     3   422619.5773 14331   329864.0000   369914.2368   110952   12.14%
      6     7   398651.1129  7206   329864.0000   369914.2368   139939   12.14%
      7     6   387318.9622 14051   329864.0000   369914.2368   133950   12.14%
      8     9   395382.3237  4730   329864.0000   369914.2368   153971   12.14%
      9     5   403129.6422  8159   329864.0000   369914.2368   122138   12.14%
     10    10   387732.1526  4009   329864.0000   369914.2368   163071   12.14%
Elapsed time = 1428.11 sec. (651468.01 ticks, tree = 0.59 MB, solutions = 4)
     11    11   376191.0619  3355   329864.0000   369914.2368   168353   12.14%
     12    10   382058.3145 13397   329864.0000   369914.2368   161401   12.14%
     13    14   366669.5106  2317   329864.0000   369914.2368   188356   12.14%
     14    11   397741.6702  6581   329864.0000   369914.2368   165808   12.14%
     15    15   352078.6074   521   329864.0000   369914.2368   198575   12.14%
     16    15   378341.6193 12819   329864.0000   369914.2368   190116   12.14%
     17    16   336636.7499  3828   329864.0000   369914.2368   206043   12.14%
     18    19   332820.4236    13   329864.0000   369914.2368   232682   12.14%
     21    16   394035.3805  6203   329864.0000   369914.2368   200692   12.14%
     22    16   369210.2419 12461   329864.0000   369914.2368   196518   12.14%
Elapsed time = 1531.78 sec. (695639.16 ticks, tree = 1.47 MB, solutions = 4)
     24    17   384746.2225  5620   329864.0000   369914.2368   205366   12.14%
     25    21   366487.6801 11944   329864.0000   369914.2368   237193   12.14%
     26    22   357570.0127 11185   329864.0000   369914.2368   241081   12.14%
     28    25   372146.9145  4712   329864.0000   369914.2368   272985   12.14%
     29    18   389993.4193  6930   329864.0000   369914.2368   247613   12.14%
     30    22   402071.6409 13194   329864.0000   369914.2368   259464   12.14%
     32    27   349561.0985  5727   329864.0000   369914.2368   275992   12.14%
     33    28   348711.7820  3681   329864.0000   369914.2368   277234   12.14%
     35    28   383581.5824  6808   329864.0000   369914.2368   310780   12.14%
     36    29   342238.9953  3706   329864.0000   369914.2368   280909   12.14%
Elapsed time = 1628.36 sec. (738583.67 ticks, tree = 2.39 MB, solutions = 4)
     38    29   354759.9414  3234   329864.0000   369914.2368   294201   12.14%
     43    30   343480.1071  1749   329864.0000   369914.2368   300818   12.14%
     44    34        cutoff         329864.0000   369914.2368   346651   12.14%
     45    33        cutoff         329864.0000   369914.2368   348203   12.14%
     46    29   361585.4693  7122   329864.0000   369914.2368   318872   12.14%
     47    29   396427.6654 12667   329864.0000   369914.2368   325137   12.14%
     48    38   378280.9698  6614   329864.0000   369914.2368   364416   12.14%
     49    34   378191.5815  7206   329864.0000   369914.2368   360849   12.14%
     50    39   389516.8020 11811   329864.0000   369914.2368   375394   12.14%
     51    39   369023.1803  6154   329864.0000   369914.2368   369793   12.14%
Elapsed time = 1753.05 sec. (785214.36 ticks, tree = 3.30 MB, solutions = 4)
     52    30   390099.2654 13037   329864.0000   369914.2368   343076   12.14%
     54    39   374763.8928    50   329864.0000   369914.2368   387629   12.14%
     56    40   369048.3183    52   329864.0000   369914.2368   389365   12.14%
     57    41   340355.3973    41   329864.0000   369914.2368   393851   12.14%
     58    42   360864.9856    40   329864.0000   369914.2368   395594   12.14%
     59    43   338248.2346    34   329864.0000   369914.2368   399032   12.14%
     62    44   349577.8698    33   329864.0000   369914.2368   402768   12.14%
     64    46   344746.9209    30   329864.0000   369914.2368   408111   12.14%
     67    46   341883.4039    16   329864.0000   369914.2368   409835   12.14%
     71    44        cutoff         329864.0000   369914.2368   411462   12.14%
Elapsed time = 1796.09 sec. (808899.64 ticks, tree = 3.85 MB, solutions = 4)
     73    36   389096.0672  9897   329864.0000   369914.2368   402860   12.14%
     74    40   386598.2563 10444   329864.0000   369914.2368   383565   12.14%
     75    40   348953.0671  4509   329864.0000   369914.2368   424714   12.14%
     76    41   338771.2278  3727   329864.0000   369914.2368   428621   12.14%
     77    40        cutoff         329864.0000   369914.2368   430894   12.14%
     79    37   384343.5219 10436   329864.0000   369914.2368   409376   12.14%
     81    43   361575.9329  9855   329864.0000   369914.2368   448755   12.14%
     82    42   369928.2879  8200   329864.0000   369914.2368   447585   12.14%
     83    44   378046.2180 10491   329864.0000   369914.2368   451317   12.14%
     84    40   386107.6921  6821   329864.0000   369914.2368   444152   12.14%
Elapsed time = 1919.47 sec. (860174.06 ticks, tree = 4.47 MB, solutions = 4)
     85    44   378837.3735 13096   329864.0000   369914.2368   426111   12.14%
     86    45   354429.9045  9967   329864.0000   369914.2368   456824   12.14%
     87    45   359049.6351  6551   329864.0000   369914.2368   466970   12.14%
     88    47   380877.1451  6656   329864.0000   369914.2368   493972   12.14%
     89    57   369157.1463 10455   329864.0000   369914.2368   550934   12.14%
     90    48   374064.8445  6103   329864.0000   369914.2368   497780   12.14%
     93    49   364473.7112  5772   329864.0000   369914.2368   501723   12.14%
     94    58   351537.7144  9867   329864.0000   369914.2368   557477   12.14%
     96    47   336778.7284  1674   329864.0000   369914.2368   486522   12.14%
     97    62        cutoff         329864.0000   369914.2368   593047   12.14%
Elapsed time = 2026.63 sec. (897432.65 ticks, tree = 7.22 MB, solutions = 4)
     99    61   347691.8904  4526   329864.0000   369914.2368   570469   12.14%
    100    59   360652.7817 10445   329864.0000   369914.2368   562406   12.14%
    102    62   337591.6208  3789   329864.0000   369914.2368   574326   12.14%
    103    61        cutoff         329864.0000   369914.2368   577316   12.14%
    105    67   341728.2565  9982   329864.0000   369914.2368   615712   12.14%
    106    69   354904.7875 12528   329864.0000   369914.2368   627980   12.14%
    107    68   357804.1823  9879   329864.0000   369914.2368   619534   12.14%
    108    69   351957.8316  9225   329864.0000   369914.2368   623753   12.14%
    109    70   350429.4081  3964   329864.0000   369914.2368   625783   12.14%
    110    71   342326.0486  3887   329864.0000   369914.2368   628163   12.14%
Elapsed time = 2135.95 sec. (948940.30 ticks, tree = 7.57 MB, solutions = 4)
    112    73   335823.3088  3797   329864.0000   369914.2368   643628   12.14%
    117    61   370707.5769 12919   329864.0000   369914.2368   590002   12.14%
    118    70   349349.8088 12050   329864.0000   369914.2368   639838   12.14%
    119    75   361689.0560 12831   329864.0000   369914.2368   673180   12.14%
    120    62   418817.6664 11222   329864.0000   369914.2368   604739   12.14%
    121    72   382720.2055  7085   329864.0000   369914.2368   657899   12.14%
    122    77   346331.2130 11167   329864.0000   369914.2368   692948   12.14%
    123    73   380698.4537  4322   329864.0000   369914.2368   660839   12.14%
    124    76   353076.8272 12411   329864.0000   369914.2368   678659   12.14%
    125    78   345246.4075  6096   329864.0000   369914.2368   695321   12.14%
Elapsed time = 2257.42 sec. (994229.27 ticks, tree = 8.43 MB, solutions = 4)
    126    79   344097.3771  4052   329864.0000   369914.2368   697466   12.14%
    127    80   343236.8850    17   329864.0000   369914.2368   698704   12.14%
    128    81   335471.9538    15   329864.0000   369914.2368   700406   12.14%
    131    76   409290.0611  8301   329864.0000   369914.2368   708232   12.14%
    132    77   350226.3312 11844   329864.0000   369914.2368   686077   12.14%
    133    80   374111.5845  6500   329864.0000   369914.2368   710822   12.14%
    134    76   372885.7597  4366   329864.0000   369914.2368   718947   12.14%
    135    77   364538.1390  4334   329864.0000   369914.2368   721272   12.14%
    136    78   363304.9969    34   329864.0000   369914.2368   722580   12.14%
    139    81   350137.7885    23   329864.0000   369914.2368   728697   12.14%
Elapsed time = 2393.58 sec. (1038186.42 ticks, tree = 9.87 MB, solutions = 4)
    144    77   399371.5101  7139   329864.0000   369914.2368   715882   12.14%
    146    79   344359.5412 10829   329864.0000   369914.2368   744019   12.14%
    149    80   343374.6085  5835   329864.0000   369914.2368   747594   12.14%
    151    81   342350.5775  3774   329864.0000   369914.2368   749483   12.14%
    154    87        cutoff         329864.0000   369914.2368   796733   12.14%
    159    87   373488.0240   338   329864.0000   369914.2368   808775   12.14%
    160    88   359422.2210   219   329864.0000   369914.2368   817907   12.14%
    161    90   369787.0451  6596   329864.0000   369914.2368   823956   12.14%
    162    89   355308.5170  6674   329864.0000   369914.2368   829864   12.14%
    163    91   361571.0587  6435   329864.0000   369914.2368   828324   12.14%
Elapsed time = 2587.14 sec. (1112955.61 ticks, tree = 11.71 MB, solutions = 4)
    166    92   355123.6858  6313   329864.0000   369914.2368   832058   12.14%
    169    96        cutoff         329864.0000   369914.2368   885828   12.14%
    170    87   387641.5676 11808   329864.0000   369914.2368   811387   12.14%
    172   106   346360.4713  5157   329864.0000   369914.2368   943835   12.14%
    173   107   337625.1060  4740   329864.0000   369914.2368   947474   12.14%
    175   108   330536.8287  4238   329864.0000   369914.2368   950714   12.14%
    179   105   368226.1945  9491   329864.0000   369914.2368   914056   12.14%
    181    97   399893.0607 12656   329864.0000   369914.2368   900547   12.14%
    182   107   366534.3723 12806   329864.0000   369914.2368   962347   12.14%
    185   108   358177.5167 12787   329864.0000   369914.2368   965804   12.14%
Elapsed time = 2823.34 sec. (1205123.64 ticks, tree = 13.03 MB, solutions = 4)
    186   109   355644.9718  7188   329864.0000   369914.2368   971123   12.14%
    187   107   359969.5597  6092   329864.0000   369914.2368   944180   12.14%
    188   110   347394.3465  5715   329864.0000   369914.2368   977784   12.14%
    189   116   350705.7723  4973   329864.0000   369914.2368  1061196   12.14%
    192   111   338861.6772  4523   329864.0000   369914.2368   987875   12.14%
    195   117   338761.1608  2439   329864.0000   369914.2368  1070995   12.14%
    198   113   350222.0323 12870   329864.0000   369914.2368  1033592   12.14%
    201   113   345499.7450 12274   329864.0000   369914.2368  1039907   12.14%
    202   118   375703.2029  9703   329864.0000   369914.2368  1078976   12.14%
    203   116   375579.0160  9552   329864.0000   369914.2368  1087136   12.14%
Elapsed time = 3016.88 sec. (1279757.94 ticks, tree = 14.55 MB, solutions = 4)
    205   117   366127.1290  8471   329864.0000   369914.2368  1092339   12.14%
    209   125   335649.0653 12427   329864.0000   369914.2368  1194159   12.14%
    210   123   357925.5904  6824   329864.0000   369914.2368  1170672   12.14%
    212   126   333114.5684 11917   329864.0000   369914.2368  1197903   12.14%
    213   124   349540.5130  5560   329864.0000   369914.2368  1179440   12.14%
    214   127   331632.8833  9330   329864.0000   369914.2368  1201166   12.14%
    218   120   363760.2371  6319   329864.0000   369914.2368  1096691   12.14%
    220   125   339410.7465  3309   329864.0000   369914.2368  1192141   12.14%
    223   129   355085.2952  5138   329864.0000   369914.2368  1226638   12.14%
    225   130   344382.8454  2894   329864.0000   369914.2368  1237134   12.14%
Elapsed time = 3204.08 sec. (1362472.57 ticks, tree = 16.32 MB, solutions = 4)
    227   128        cutoff         329864.0000   369914.2368  1241798   12.14%
    228   132   357825.6323  5801   329864.0000   369914.2368  1255304   12.14%
    229   127   365081.9547 12716   329864.0000   369914.2368  1216813   12.14%
    231   124   376557.9842 12728   329864.0000   369914.2368  1209881   12.14%
    232   134   336145.1395  1680   329864.0000   369914.2368  1273810   12.14%
    235   136   367545.6306 12473   329864.0000   369914.2368  1322084   12.14%
    237   129   376910.5998 12939   329864.0000   369914.2368  1255410   12.14%
    238   135   350995.3204 11910   329864.0000   369914.2368  1285906   12.14%
    239   137   358898.9063 11969   329864.0000   369914.2368  1330101   12.14%
    240   137   368002.5742 12706   329864.0000   369914.2368  1367749   12.14%
Elapsed time = 3415.24 sec. (1448139.02 ticks, tree = 18.67 MB, solutions = 4)
    242   138   353220.6440 11061   329864.0000   369914.2368  1338054   12.14%
    243   136   348038.2467 10868   329864.0000   369914.2368  1296819   12.14%
    246   139   362738.3336 12199   329864.0000   369914.2368  1406679   12.14%
    249   142   342029.9827    21   329864.0000   369914.2368  1347191   12.14%
    252   142        cutoff         329864.0000   369914.2368  1350149   12.14%
    254   143   339997.6175  5262   329864.0000   369914.2368  1435684   12.14%
    255   144   333438.8087  4907   329864.0000   369914.2368  1439358   12.14%
    259   140   357166.0900 11777   329864.0000   369914.2368  1415844   12.14%
    260   150   358025.3830  4746   329864.0000   369914.2368  1482000   12.14%
    261   139   353997.2724 11959   329864.0000   369914.2368  1387372   12.14%
Elapsed time = 3555.20 sec. (1506544.48 ticks, tree = 22.37 MB, solutions = 4)
    263   152   341058.6450  3122   329864.0000   369914.2368  1493167   12.14%
    265   143   365921.7119 12585   329864.0000   369914.2368  1451498   12.14%
    269   141   354143.5078 10590   329864.0000   369914.2368  1427561   12.14%
    271   144   357376.8759 12261   329864.0000   369914.2368  1457172   12.14%
    273   156   342106.1006  3440   329864.0000   369914.2368  1511343   12.14%
    278   157   346095.6916  5184   329864.0000   369914.2368  1530461   12.14%
    280   158   339467.6424  5003   329864.0000   369914.2368  1534881   12.14%
    283   159   330462.3704  4572   329864.0000   369914.2368  1538079   12.14%
    286   154   341868.9867  6473   329864.0000   369914.2368  1517545   12.14%
    287   146   344794.0598 10829   329864.0000   369914.2368  1471282   12.14%
Elapsed time = 3729.92 sec. (1574884.39 ticks, tree = 24.13 MB, solutions = 4)
    288   155   336906.8147  6305   329864.0000   369914.2368  1521450   12.14%
    289   160   343638.2592  5851   329864.0000   369914.2368  1564278   12.14%
    291   162   341588.6018    25   329864.0000   369914.2368  1567493   12.14%
    297   167   332826.0551  3778   329864.0000   369914.2368  1623417   12.14%
    301   158   364033.7409 11963   329864.0000   369914.2368  1552015   12.14%
    302   157   356843.8920 12442   329864.0000   369914.2368  1532757   12.14%
    303   162   366585.4946  7582   329864.0000   369914.2368  1581079   12.14%
    304   167   360590.8868  6918   329864.0000   369914.2368  1634246   12.14%
    305   168   352149.5030  6772   329864.0000   369914.2368  1637282   12.14%
    309   169   344094.5357  6721   329864.0000   369914.2368  1640540   12.14%
Elapsed time = 3883.55 sec. (1639431.28 ticks, tree = 26.88 MB, solutions = 4)
    310   164   348388.1042  4488   329864.0000   369914.2368  1596108   12.14%
    312   160   349266.6484 10213   329864.0000   369914.2368  1564788   12.14%
    314   176   348382.3836  5528   329864.0000   369914.2368  1697032   12.14%
    319   177   347443.9585  3344   329864.0000   369914.2368  1698930   12.14%
    325   178   341179.3222  3136   329864.0000   369914.2368  1703699   12.14%
    330   174   336050.4122 11991   329864.0000   369914.2368  1672800   12.14%
    331   175   334806.3579  9844   329864.0000   369914.2368  1675396   12.14%
    334   175        cutoff         329864.0000   369914.2368  1677815   12.14%
    336   183   351451.3213  5569   329864.0000   369914.2368  1743995   12.14%
    337   184   344392.8933  5293   329864.0000   369914.2368  1747532   12.14%
Elapsed time = 4024.88 sec. (1695908.90 ticks, tree = 29.95 MB, solutions = 4)
    339   164   358602.5016 12088   329864.0000   369914.2368  1622276   12.14%
    341   180   362035.6852  6255   329864.0000   369914.2368  1723293   12.14%
    344   175   360731.2143 12231   329864.0000   369914.2368  1688888   12.14%
    347   182   350181.8306  5562   329864.0000   369914.2368  1733924   12.14%
    349   184   342977.0091  3232   329864.0000   369914.2368  1737414   12.14%
    355   184   359693.6723 10540   329864.0000   369914.2368  1762460   12.14%
    356   193   355167.4275 11720   329864.0000   369914.2368  1844078   12.14%
    358   190   344931.5398  5581   329864.0000   369914.2368  1816174   12.14%
    359   186   342520.9965 10128   329864.0000   369914.2368  1770149   12.14%
    362   192   337745.7726  3318   329864.0000   369914.2368  1820590   12.14%
Elapsed time = 4225.75 sec. (1771967.14 ticks, tree = 34.97 MB, solutions = 4)
    365   203   344433.5890  6358   329864.0000   369914.2368  1895053   12.14%
    367   194   352126.3269 10590   329864.0000   369914.2368  1853151   12.14%
    369   191   377199.5362  3791   329864.0000   369914.2368  1831437   12.14%
    374   207        cutoff         329864.0000   369914.2368  1935063   12.14%
    378   207   349471.0234  3948   329864.0000   369914.2368  1940299   12.14%
    383   209        cutoff         329864.0000   369914.2368  1943734   12.14%
    386   194   341849.1448  4149   329864.0000   369914.2368  1845563   12.14%
    388   196        cutoff         329864.0000   369914.2368  1867391   12.14%
    391   217   348454.0982  2350   329864.0000   369914.2368  1991979   12.14%
    392   218   338543.5247  1665   329864.0000   369914.2368  1997493   12.14%
Elapsed time = 4392.44 sec. (1847097.37 ticks, tree = 38.57 MB, solutions = 4)
    396   204   357741.0683 12149   329864.0000   369914.2368  1916267   12.14%
    397   210   348594.8588 10212   329864.0000   369914.2368  1960433   12.14%
    398   211   347830.4669  5446   329864.0000   369914.2368  1962870   12.14%
    400   213   340631.9342  3194   329864.0000   369914.2368  1968068   12.14%
    407   217   353106.3010 12680   329864.0000   369914.2368  2010998   12.14%
    408   221   358441.9934 12771   329864.0000   369914.2368  2035413   12.14%
    409   218   345149.0801 12767   329864.0000   369914.2368  2014346   12.14%
    411   222   349960.5744 12210   329864.0000   369914.2368  2039239   12.14%
    413   215   341373.6276  6302   329864.0000   369914.2368  1981288   12.14%
    415   220   341565.3846  5785   329864.0000   369914.2368  2020751   12.14%
Elapsed time = 4560.16 sec. (1914648.55 ticks, tree = 40.21 MB, solutions = 4)
    419   218   333855.6094    27   329864.0000   369914.2368  1989227   12.14%
    425   223   343744.4265 12595   329864.0000   369914.2368  2046603   12.14%
    427   226   340982.6429  5052   329864.0000   369914.2368  2083649   12.14%
    429   224   342042.7999  9962   329864.0000   369914.2368  2051122   12.14%
    431   227   334128.6968  4797   329864.0000   369914.2368  2088721   12.14%
    436   227   332637.3198  5873   329864.0000   369914.2368  2056467   12.14%
    441   224   332409.9882  3463   329864.0000   369914.2368  2040035   12.14%
    444   234   363627.5866  4036   329864.0000   369914.2368  2144965   12.14%
    445   226   353609.7023  6678   329864.0000   369914.2368  2099979   12.14%
    446   235   347436.9963  4292   329864.0000   369914.2368  2152276   12.14%
Elapsed time = 4718.74 sec. (1975875.58 ticks, tree = 42.68 MB, solutions = 4)
    449   236   359671.5888  3676   329864.0000   369914.2368  2156251   12.14%
    452   237   350647.9986  3392   329864.0000   369914.2368  2159573   12.14%
    454   238   346739.1667  2781   329864.0000   369914.2368  2165768   12.14%
    458   239   339167.6646  2239   329864.0000   369914.2368  2170600   12.14%
    464   229   366886.4884    91   329864.0000   369914.2368  2121766   12.14%
    467   240   344819.3245 10942   329864.0000   369914.2368  2203895   12.14%
    471   234   334313.8090    23   329864.0000   369914.2368  2134629   12.14%
    474   233   343536.2717  3950   329864.0000   369914.2368  2140745   12.14%
    482   242   338025.7877  5361   329864.0000   369914.2368  2212149   12.14%
    483   249   335142.6508  9643   329864.0000   369914.2368  2251447   12.14%
Elapsed time = 4878.28 sec. (2039323.04 ticks, tree = 46.78 MB, solutions = 4)
    485   249        cutoff         329864.0000   369914.2368  2253491   12.14%
    490   238   363604.3988 12239   329864.0000   369914.2368  2187333   12.14%
    491   235   343208.2855 12759   329864.0000   369914.2368  2157534   12.14%
    492   242   354331.2189 10180   329864.0000   369914.2368  2229319   12.14%
    494   259   341180.2134  9948   329864.0000   369914.2368  2330322   12.14%
    497   260   339684.3633  5798   329864.0000   369914.2368  2332790   12.14%
    499   260        cutoff         329864.0000   369914.2368  2335454   12.14%
    501   250   343575.0960 12731   329864.0000   369914.2368  2269001   12.14%
    503   266   350938.7416 10557   329864.0000   369914.2368  2399709   12.14%
    504   245   337280.2076  8968   329864.0000   369914.2368  2242749   12.14%
Elapsed time = 5043.95 sec. (2107642.20 ticks, tree = 51.59 MB, solutions = 4)
    506   268   348785.5763  3631   329864.0000   369914.2368  2404799   12.14%
    510   246   329988.4388  8022   329864.0000   369914.2368  2246873   12.14%
    516   270   360190.3138  4549   329864.0000   369914.2368  2416633   12.14%
    519   271   349819.0110  3836   329864.0000   369914.2368  2420810   12.14%
    524   272   339529.3912  2812   329864.0000   369914.2368  2427857   12.14%
    528   263   339473.1928  5808   329864.0000   369914.2368  2355126   12.14%
    532   245   360634.0669 12117   329864.0000   369914.2368  2264845   12.14%
    534   271   345537.7440 12774   329864.0000   369914.2368  2444015   12.14%
    536   272   337488.2925 12281   329864.0000   369914.2368  2448086   12.14%
    539   265   341126.5896  5304   329864.0000   369914.2368  2376504   12.14%
Elapsed time = 5284.38 sec. (2204673.11 ticks, tree = 54.63 MB, solutions = 4)
    541   273   332553.0210 12603   329864.0000   369914.2368  2455281   12.14%
    546   273   347827.0511 10472   329864.0000   369914.2368  2476135   12.14%
    547   274   346890.4513  5385   329864.0000   369914.2368  2478806   12.14%
    550   278   339337.6106  3972   329864.0000   369914.2368  2533260   12.14%
    553   277   331234.0383  2968   329864.0000   369914.2368  2484865   12.14%
    561   292   341611.8466  6918   329864.0000   369914.2368  2644898   12.14%
    563   278   347084.1685  5574   329864.0000   369914.2368  2548492   12.14%
    565   279   341337.3492  5257   329864.0000   369914.2368  2552939   12.14%
    569   285   340363.3448 12222   329864.0000   369914.2368  2592641   12.14%
    576   279        cutoff         329864.0000   369914.2368  2558885   12.14%
Elapsed time = 5481.09 sec. (2279298.95 ticks, tree = 59.86 MB, solutions = 4)
    580   286   333999.6512 12298   329864.0000   369914.2368  2597580   12.14%
    581   287   331290.6438 11934   329864.0000   369914.2368  2601945   12.14%
    583   288   329970.0638  9645   329864.0000   369914.2368  2604844   12.14%
    586   293   341625.2937 12776   329864.0000   369914.2368  2670072   12.14%
    587   279   337437.3625  3640   329864.0000   369914.2368  2521788   12.14%
    588   279   354060.3198 12614   329864.0000   369914.2368  2571760   12.14%
    590   301        cutoff         329864.0000   369914.2368  2702368   12.14%
    593   295   338520.1851  5845   329864.0000   369914.2368  2677495   12.14%
    595   296   334072.7594  5922   329864.0000   369914.2368  2679627   12.14%
    599   306   344101.8556  9864   329864.0000   369914.2368  2758584   12.14%
Elapsed time = 5651.59 sec. (2351083.72 ticks, tree = 63.35 MB, solutions = 4)
    601   307   342796.1093  5806   329864.0000   369914.2368  2761275   12.14%
    606   294   337379.2521 12482   329864.0000   369914.2368  2687055   12.14%
    608   309   337981.9936  5021   329864.0000   369914.2368  2805471   12.14%
    610   302   346414.8677  5495   329864.0000   369914.2368  2719209   12.14%
    619   304   339181.7647  3235   329864.0000   369914.2368  2723310   12.14%
    624   308   353983.6390  6806   329864.0000   369914.2368  2776994   12.14%
    625   305   342698.9065  6019   329864.0000   369914.2368  2735728   12.14%
    627   310   343840.6370 10092   329864.0000   369914.2368  2820991   12.14%
    629   310   343915.6580  4062   329864.0000   369914.2368  2784382   12.14%
    633   313   332225.3396    21   329864.0000   369914.2368  2788178   12.14%
Elapsed time = 5842.11 sec. (2425684.74 ticks, tree = 64.58 MB, solutions = 4)
    639   311   338364.7193  9750   329864.0000   369914.2368  2826211   12.14%
    642   310   337555.2748  5834   329864.0000   369914.2368  2873989   12.14%
    645   310        cutoff         329864.0000   369914.2368  2876506   12.14%
    647   313   338852.1358  3142   329864.0000   369914.2368  2806554   12.14%
    651   310        cutoff         329864.0000   369914.2368  2834145   12.14%
    653   306   339307.1356 12562   329864.0000   369914.2368  2753927   12.14%
    655   314   337264.4689  9862   329864.0000   369014.8753  2909233   11.87%
    658   311        cutoff         329864.0000   369014.8753  2891975   11.87%
    665   314   339781.3435    75   329864.0000   369014.8753  2918435   11.87%
    670   310   341026.0858 11845   329864.0000   369014.8753  2844626   11.87%
Elapsed time = 6008.16 sec. (2488746.70 ticks, tree = 68.55 MB, solutions = 4)
    671   322   346340.9279  5538   329864.0000   368224.7168  2980272   11.63%
    673   324   339169.4207  3222   329864.0000   368224.7168  2984947   11.63%
    678   314   339268.1236  6253   329864.0000   367540.0843  2929552   11.42%
    680   327   332300.1385  5926   329864.0000   367540.0843  3035321   11.42%
    683   315   334028.2434  6002   329864.0000   367540.0843  2934264   11.42%
    687   324   342780.9992 10586   329864.0000   367540.0843  3000804   11.42%
    689   329   331723.7264  9410   329864.0000   366884.8194  3091445   11.22%
    690   330   330645.3320  5812   329864.0000   366884.8194  3093372   11.22%
    695   325   336658.4528  9733   329864.0000   366884.8194  3009666   11.22%
    697   326   336009.8425  4994   329864.0000   366884.8194  3011914   11.22%
Elapsed time = 6212.19 sec. (2569706.75 ticks, tree = 69.05 MB, solutions = 4)
    702   317   333325.4845  5892   329864.0000   366884.8194  2955077   11.22%
    705   329   338176.3891 12511   329864.0000   366884.8194  3102013   11.22%
    709   317   352065.3368  5723   329864.0000   366884.8194  2959164   11.22%
    713   319   339743.0454  5792   329864.0000   366884.8194  2961840   11.22%
    719   326   334017.2948  5969   329864.0000   366884.8194  3026661   11.22%
    721   328   331971.7980    30   329864.0000   366884.8194  3029518   11.22%
    727   320   332600.3796  6787   329864.0000   366884.8194  2971482   11.22%
    730   328   346103.3443  9625   329864.0000   366570.1793  3072814   11.13%
    731   329   345517.6641  5081   329864.0000   366570.1793  3074515   11.13%
    732   330   338836.9247  4738   329864.0000   366570.1793  3077628   11.13%
Elapsed time = 6355.20 sec. (2624571.42 ticks, tree = 71.19 MB, solutions = 4)
    737   330   340011.3356  4232   329864.0000   366570.1793  3124491   11.13%
    738   331   335247.4861  4035   329864.0000   366570.1793  3128704   11.13%
    741   327   341906.2418 12374   329864.0000   366570.1793  3041286   11.13%
    742   333   338899.1655 12271   329864.0000   366570.1793  3159424   11.13%
    743   341   340455.3202  9911   329864.0000   366124.1728  3215867   10.99%
    745   330   356551.7814  4122   329864.0000   366124.1728  3139861   10.99%
    748   342   334218.4382 10013   329864.0000   366124.1728  3220416   10.99%
    751   344   351214.3221  3998   329864.0000   366124.1728  3275221   10.99%
    752   350   333723.1856 10090   329864.0000   365035.5542  3341822   10.66%
    754   345   341916.2276  3714   329864.0000   365035.5542  3279592   10.66%
Elapsed time = 6501.88 sec. (2687116.16 ticks, tree = 75.77 MB, solutions = 4)
    761   334   338731.7599  6966   329864.0000   365035.5542  3176547   10.66%
    764   345        cutoff         329864.0000   365035.5542  3285555   10.66%
    770   335   334051.0681  3491   329864.0000   365035.5542  3185117   10.66%
    773   345   345719.1424  4976   329864.0000   365035.5542  3294239   10.66%
    774   345   332401.7151  6835   329864.0000   365035.5542  3248491   10.66%
    778   344        cutoff         329864.0000   365035.5542  3250949   10.66%
    780   348   339572.5749 12508   329864.0000   365035.5542  3359165   10.66%
    782   335   341891.8565  5742   329864.0000   365035.5542  3196757   10.66%
    784   337   331836.6212  5830   329864.0000   365035.5542  3199791   10.66%
    789   344   342769.0423  9150   329864.0000   365035.5542  3262312   10.66%
Elapsed time = 6673.00 sec. (2751251.28 ticks, tree = 75.77 MB, solutions = 4)
    791   335   330662.9960  6895   329864.0000   365035.5542  3206986   10.66%
    797   349   358980.9783  4221   329864.0000   364524.3139  3403086   10.51%
    802   350   354744.8892  4195   329864.0000   364524.3139  3406710   10.51%
    803   351   346482.2578  4200   329864.0000   364524.3139  3409221   10.51%
    807   352   338580.8639  4251   329864.0000   364524.3139  3411607   10.51%
    808   350   346504.9875  9936   329864.0000   364524.3139  3382668   10.51%
    810   354   331111.7958  3699   329864.0000   364524.3139  3418317   10.51%
    814   351   341004.6248  9660   329864.0000   364524.3139  3388684   10.51%
    816   357   333372.3807  5026   329864.0000   363672.8604  3527709   10.25%
    819   353   334022.2445  8819   329864.0000   363672.8604  3455204   10.25%
Elapsed time = 6835.70 sec. (2819709.06 ticks, tree = 78.02 MB, solutions = 4)
    821   354   332937.1093 10064   329864.0000   363672.8604  3427824   10.25%
    826   355   331472.6361    39   329864.0000   363672.8604  3460033   10.25%
    830   354   353041.6025  6404   329864.0000   361582.7855  3465086    9.62%
    832   359        cutoff         329864.0000   361582.7855  3591038    9.62%
    835   356   336369.6871  6511   329864.0000   361582.7855  3470336    9.62%
    839   356   339900.1760 12394   329864.0000   361582.7855  3540297    9.62%
    843   359   336750.9680  5886   329864.0000   361582.7855  3600830    9.62%
    846   356   343875.8313  4255   329864.0000   361582.7855  3484247    9.62%
    848   352   334961.2544  5818   329864.0000   361582.7855  3448105    9.62%
    851   357   339103.0436  3861   329864.0000   361582.7855  3489112    9.62%
Elapsed time = 6987.08 sec. (2875354.73 ticks, tree = 78.25 MB, solutions = 4)
    852   358   332691.0915  3600   329864.0000   361582.7855  3491811    9.62%
    859   351   334494.6426  6643   329864.0000   361582.7855  3456000    9.62%
    860   358   336019.7346  9831   329864.0000   361582.7855  3551928    9.62%
    866   357   330229.6782    77   329864.0000   361545.4115  3557601    9.60%
    869   359   333835.7453  3880   329864.0000   361545.4115  3651147    9.60%
    872   357   332696.5181 12064   329864.0000   361545.4115  3623430    9.60%
    874   358   339338.8319  5247   329864.0000   361545.4115  3506409    9.60%
    875   359   338549.8744  3203   329864.0000   361545.4115  3508479    9.60%
    877   360   332046.8776  2964   329864.0000   361545.4115  3511839    9.60%
    887   357   335578.9870  3334   329864.0000   361545.4115  3634840    9.60%
Elapsed time = 7136.63 sec. (2936459.67 ticks, tree = 78.50 MB, solutions = 4)
    890   356   337076.9934 12384   329864.0000   361545.4115  3570051    9.60%
    893   359   331707.6829  4952   329864.0000   361545.4115  3670353    9.60%
    901   357   334471.6575 12051   329864.0000   360730.8016  3574931    9.36%
    902   368   333189.8387  9780   329864.0000   360152.6763  3770428    9.18%
    905   356   331191.8063  8883   329864.0000   360152.6763  3650441    9.18%
    906   366   330624.3608  4877   329864.0000   359670.1699  3836915    9.04%
    909   367   337760.9709 12520   329864.0000   359670.1699  3733139    9.04%
    910   359   342756.1364 12174   329864.0000   359670.1699  3685588    9.04%
    911   368   335942.9976  9966   329864.0000   359670.1699  3737890    9.04%
    913   369   334608.8328  5834   329864.0000   359670.1699  3740454    9.04%
Elapsed time = 7319.16 sec. (3010419.95 ticks, tree = 79.41 MB, solutions = 4)
    921   365   331261.5760 12171   329864.0000   359670.1699  3848338    9.04%
    927   359        cutoff         329864.0000   359670.1699  3698691    9.04%
    928   360   335464.7244  5898   329864.0000   359670.1699  3705424    9.04%
    931   367   333517.4081    34   329864.0000   358880.5662  3898451    8.80%
    935   369   329940.2643  9696   329864.0000   358880.5662  3754704    8.80%
    939   364   335497.4256 12553   329864.0000   358880.5662  3862717    8.80%
    943   368   330978.2920  9131   329864.0000   358880.5662  3764001    8.80%
    952   360        cutoff         329864.0000   358880.5662  3868792    8.80%
    953   367   333640.6307  8150   329864.0000   358880.5662  3914796    8.80%
    956   367   332719.8180  6674   329864.0000   358880.5662  3772308    8.80%
Elapsed time = 7539.08 sec. (3091592.65 ticks, tree = 78.89 MB, solutions = 4)
    957   362   330008.7328  4015   329864.0000   358602.4310  3986926    8.71%
    960   361   335939.4513 12669   329864.0000   358602.4310  3938132    8.71%
    961   366   333684.3370 12757   329864.0000   358602.4310  3817853    8.71%
    965   360   352634.6417  5802   329864.0000   358602.4310  3996668    8.71%
    969   366   334674.6633 12010   329864.0000   357811.1438  3926470    8.47%
    975   364   330007.8276  5842   329864.0000   357811.1438  4002900    8.47%
    980   367   333241.1475  9869   329864.0000   357811.1438  3930467    8.47%
    981   368   332209.9395  5935   329864.0000   357811.1438  3932357    8.47%
    987   362   330189.8060  2915   329864.0000   357811.1438  3957043    8.47%
   1005   360   335102.2208  2674   329864.0000   356549.1994  4060979    8.09%
Elapsed time = 7685.66 sec. (3154110.18 ticks, tree = 78.19 MB, solutions = 4)
   1011   354   335961.6188  4149   329864.0000   356549.1994  4117863    8.09%
   1017   357   348866.7998  2533   329864.0000   356549.1994  4067755    8.09%
   1024   356        cutoff         329864.0000   356549.1994  4072756    8.09%
   1025   353   345367.4754  6510   329864.0000   356549.1994  4127539    8.09%
   1027   354   336627.5343  6578   329864.0000   356549.1994  4131770    8.09%
   1031   359   340765.9888 12595   329864.0000   356549.1994  4075609    8.09%
   1032   359   337696.0196  5884   329864.0000   356549.1994  4083327    8.09%
   1036   362   331147.7776 12123   329864.0000   356549.1994  4031116    8.09%
   1040   361   337738.0229  5810   329864.0000   356549.1994  4081875    8.09%
   1048   359   347747.8386  3970   329864.0000   356549.1994  4094289    8.09%
Elapsed time = 7852.45 sec. (3214369.28 ticks, tree = 75.82 MB, solutions = 4)
   1049   360   339569.4043  3402   329864.0000   356549.1994  4099478    8.09%
   1056   345   332157.0264    84   329864.0000   354327.9795  4266667    7.42%
   1059   353   337992.5924 12590   329864.0000   354327.9795  4146731    7.42%
   1060   354   336361.4342  9907   329864.0000   354327.9795  4151412    7.42%
   1062   355   335167.7492  5915   329864.0000   354327.9795  4153823    7.42%
   1067   353   337626.5389    40   329864.0000   354327.9795  4160202    7.42%
   1072   353   337048.7380  9871   329864.0000   354327.9795  4189423    7.42%
   1078   354   335649.8646  5816   329864.0000   354327.9795  4192132    7.42%
   1083   346   332477.3415  1553   329864.0000   353997.0322  4315176    7.32%
   1092   352   333980.2785  5752   329864.0000   353997.0322  4213648    7.32%
Elapsed time = 8043.00 sec. (3283452.20 ticks, tree = 72.41 MB, solutions = 4)
   1096   338   337564.9620  1649   329864.0000   353997.0322  4352736    7.32%
   1099   344   333039.1010  6647   329864.0000   353997.0322  4326484    7.32%
   1104   339        cutoff         329864.0000   353997.0322  4330760    7.32%
   1105   350   345181.2023  3541   329864.0000   353997.0322  4225379    7.32%
   1107   351   335566.2774  2327   329864.0000   353997.0322  4232335    7.32%
   1116   340   343838.3554  3710   329864.0000   353997.0322  4341698    7.32%
   1120   334   333933.0468   973   329864.0000   353997.0322  4395391    7.32%
   1133   331        cutoff         329864.0000   351874.0565  4432164    6.67%
   1135   328   337281.7402  1327   329864.0000   351583.4791  4492354    6.58%
   1138   322   331422.7139  5198   329864.0000   351583.4791  4503116    6.58%
Elapsed time = 8196.44 sec. (3357359.70 ticks, tree = 67.32 MB, solutions = 4)
   1141   326        cutoff         329864.0000   351583.4791  4501227    6.58%
   1151   332   335658.8108  1746   329864.0000   351583.4791  4447938    6.58%
   1158   321   339328.7121  4219   329864.0000   351583.4791  4509974    6.58%
   1159   322   335704.8254  3943   329864.0000   351583.4791  4513698    6.58%
   1160   328   333361.9956  1002   329864.0000   351583.4791  4462333    6.58%
   1169   317   334388.5243    87   329864.0000   351583.4791  4532747    6.58%
   1178   324   341181.1212  2077   329864.0000   351583.4791  4518833    6.58%
   1179   325   331163.3421  1191   329864.0000   351583.4791  4528709    6.58%
   1187   313        cutoff         329864.0000   349409.9237  4547422    5.93%
   1188   310   343777.8708  2717   329864.0000   349409.9237  4607586    5.93%
Elapsed time = 8338.20 sec. (3412911.79 ticks, tree = 62.20 MB, solutions = 4)
   1190   311   334301.9555  1806   329864.0000   349409.9237  4615730    5.93%
   1196   314   343053.3429  3390   329864.0000   349409.9237  4557404    5.93%
   1197   313   331656.7611  1376   329864.0000   349409.9237  4588684    5.93%
   1214   304   338992.0857  9097   329864.0000   348910.1894  4661105    5.77%
   1216   305   337301.8088  3607   329864.0000   348910.1894  4664392    5.77%
   1221   306   330641.1342  3189   329864.0000   348910.1894  4667563    5.77%
   1227   296        cutoff         329864.0000   348910.1894  4698167    5.77%
   1234   309   341776.3029  3618   329864.0000   348910.1894  4600283    5.77%
   1235   303   331061.3081   994   329864.0000   348910.1894  4681223    5.77%
   1242   282        cutoff         329864.0000   348590.8471  4791458    5.68%
Elapsed time = 8510.67 sec. (3481236.63 ticks, tree = 54.54 MB, solutions = 4)
   1251   289   332119.8650   997   329864.0000   348590.8471  4747459    5.68%
   1257   291   339448.3432 10128   329864.0000   348590.8471  4712645    5.68%
   1262   288   333115.0994  1700   329864.0000   346483.9852  4762476    5.04%
   1270   280        cutoff         329864.0000   346483.9852  4869321    5.04%
   1278   277   336289.5508    79   329864.0000   346483.9852  4876489    5.04%
   1289   270   330002.3429  1538   329864.0000   346483.9852  4889827    5.04%
   1293   293   330983.3527  9206   329864.0000   346483.9852  4725348    5.04%
   1301   262        cutoff         329864.0000   346387.2759  4915328    5.01%
   1307   270   340641.6277  3382   329864.0000   346387.2759  4896362    5.01%
   1309   270        cutoff         329864.0000   346387.2759  4900289    5.01%
Elapsed time = 8698.80 sec. (3555375.11 ticks, tree = 45.89 MB, solutions = 4)
   1313   287   339628.5342  2853   329864.0000   346387.2759  4791850    5.01%
   1314   258   335671.0785  9081   329864.0000   346387.2759  4941008    5.01%
   1318   259   334050.8892  3546   329864.0000   346387.2759  4944586    5.01%
   1321   287   331925.5719  1698   329864.0000   346387.2759  4812177    5.01%
   1330   248   337487.2604  3952   329864.0000   344804.4844  5039200    4.53%
   1333   250   330712.9533    56   329864.0000   344804.4844  5042325    4.53%
   1342   263   333293.4809  8100   329864.0000   344804.4844  4939999    4.53%
   1345   264   332139.2738  3223   329864.0000   344804.4844  4941878    4.53%
   1354   258   335066.8277  8850   329864.0000   344804.4844  4959999    4.53%
   1355   259   333621.6797  3536   329864.0000   344804.4844  4963423    4.53%
Elapsed time = 8894.39 sec. (3632433.07 ticks, tree = 43.42 MB, solutions = 4)
   1358   243   334617.8624  9572   329864.0000   344804.4844  5061138    4.53%
   1359   261   334425.3545  9121   329864.0000   344804.4844  4957305    4.53%
   1364   257        cutoff         329864.0000   344804.4844  4978704    4.53%
   1366   257   338266.5486  4050   329864.0000   344804.4844  4981991    4.53%
   1370   258        cutoff         329864.0000   344804.4844  4985164    4.53%
   1376   236   340216.1100  5865   329864.0000   343895.3562  5191370    4.25%
   1377   237   335751.2418  5983   329864.0000   343895.3562  5194237    4.25%
   1385   253   332576.7955  9431   329864.0000   343895.3562  5009759    4.25%
   1389   241   337466.1174 10169   329864.0000   343208.0976  5079129    4.05%
   1390   232        cutoff         329864.0000   343208.0976  5248562    4.05%
Elapsed time = 9065.89 sec. (3700086.50 ticks, tree = 38.93 MB, solutions = 4)
   1394   236        cutoff         329864.0000   343208.0976  5141315    4.05%
   1396   234        cutoff         329864.0000   343208.0976  5145566    4.05%
   1400   242   334676.1129  9842   329864.0000   343208.0976  5085730    4.05%
   1404   241        cutoff         329864.0000   343208.0976  5089147    4.05%
   1411   232        cutoff         329864.0000   343208.0976  5158188    4.05%
   1418   224   336786.4615  3752   329864.0000   343208.0976  5302766    4.05%
   1420   230   331085.7991  6687   329864.0000   343208.0976  5286058    4.05%
   1465   224        cutoff         329864.0000   342041.9170  5307659    3.69%
   1469   186   335028.9576  3907   329864.0000   342041.9170  5378691    3.69%
   1475   224   331535.2182  6651   329864.0000   342041.9170  5314575    3.69%
Elapsed time = 9231.13 sec. (3764483.84 ticks, tree = 23.95 MB, solutions = 4)
   1478   222        cutoff         329864.0000   342041.9170  5316300    3.69%
   1493   172        cutoff         329864.0000   341846.9201  5429765    3.63%
   1501   178   335509.0880 10090   329864.0000   340200.7784  5406732    3.13%
   1504   163   333528.6225  2598   329864.0000   340200.7784  5471043    3.13%
   1509   173   333176.1989  9842   329864.0000   340200.7784  5441185    3.13%
   1513   172        cutoff         329864.0000   340200.7784  5444004    3.13%
   1518   170        cutoff         329864.0000   340200.7784  5446458    3.13%
   1520   170   334374.1534  9469   329864.0000   340200.7784  5451567    3.13%
   1521   171   331500.6161  5471   329864.0000   340200.7784  5454741    3.13%
   1525   158   330602.6874  8806   329864.0000   340200.7784  5489581    3.13%
Elapsed time = 9438.16 sec. (3847359.89 ticks, tree = 18.24 MB, solutions = 4)
   1532   177   331250.8824  9417   329864.0000   340200.7784  5428204    3.13%
   1534   149   333103.0562  9313   329864.0000   340200.7784  5528582    3.13%
   1543   145   330401.1298    75   329864.0000   339558.4170  5555661    2.94%
   1554   135   330569.3720    86   329864.0000   339336.8778  5607716    2.87%
   1560   141   334134.2313  9341   329864.0000   339336.8778  5606053    2.87%
   1566   137        cutoff         329864.0000   339336.8778  5608154    2.87%
   1568   156   331892.7019  9506   329864.0000   339336.8778  5524769    2.87%
   1573   127        cutoff         329864.0000   339336.8778  5624149    2.87%
   1574   126        cutoff         329864.0000   339336.8778  5627444    2.87%
   1576   155        cutoff         329864.0000   339336.8778  5530129    2.87%
Elapsed time = 9609.39 sec. (3908116.63 ticks, tree = 14.57 MB, solutions = 4)
   1579   143   332496.7987 10019   329864.0000   339336.8778  5581782    2.87%
   1580   122   330391.1948  2261   329864.0000   339336.8778  5647424    2.87%
   1587   142        cutoff         329864.0000   339336.8778  5585155    2.87%
   1603   107        cutoff         329864.0000   339336.8778  5676671    2.87%
   1607   111   332965.8011  2729   329864.0000   339336.8778  5679892    2.87%
   1614   119        cutoff         329864.0000   339336.8778  5657422    2.87%
   1621    90        cutoff         329864.0000   337353.3573  5744543    2.27%
   1632    80        cutoff         329864.0000   337353.3573  5760667    2.27%
   1644    74        cutoff         329864.0000   337353.3573  5767419    2.27%
   1648   103   332035.7149  2602   329864.0000   337353.3573  5698536    2.27%
Elapsed time = 9740.67 sec. (3969437.65 ticks, tree = 7.30 MB, solutions = 4)
   1656    99   331087.4903  2782   329864.0000   337353.3573  5736632    2.27%
   1667    50        cutoff         329864.0000   335078.1841  5829023    1.58%
   1680    36        cutoff         329864.0000   334493.0243  5840843    1.40%
   1688    29        cutoff         329864.0000   334368.9008  5849699    1.37%
   1697    15        cutoff         329864.0000   334013.7674  5863465    1.26%
   1707    41        cutoff         329864.0000   334013.7674  5843310    1.26%
   1712    30   330555.2213  2963   329864.0000   332544.4811  5855604    0.81%

Clique cuts applied:  10521
Cover cuts applied:  157
Flow cuts applied:  3
Mixed integer rounding cuts applied:  33

Root node processing (before b&c):
  Real time             = 1217.53 sec. (548294.09 ticks)
Parallel b&c, 4 threads:
  Real time             = 8590.27 sec. (3453218.81 ticks)
  Sync time (average)   =  248.63 sec.
  Wait time (average)   =    0.08 sec.
                          ------------
Total (root+branch&cut) = 9807.80 sec. (4001512.90 ticks)
