CPXPARAM_Read_DataCheck                          1
Found incumbent of value 0.000000 after 0.01 sec. (3.82 ticks)
Tried aggregator 1 time.
MIP Presolve modified 4 coefficients.
Reduced MIP has 10046 rows, 150015 columns, and 750060 nonzeros.
Reduced MIP has 150015 binaries, 0 generals, 0 SOSs, and 0 indicators.
Presolve time = 0.49 sec. (270.29 ticks)
Tried aggregator 1 time.
Reduced MIP has 10046 rows, 150015 columns, and 750060 nonzeros.
Reduced MIP has 150015 binaries, 0 generals, 0 SOSs, and 0 indicators.
Presolve time = 0.66 sec. (307.86 ticks)
Probing time = 0.22 sec. (33.90 ticks)
Clique table members: 299249.
MIP emphasis: balance optimality and feasibility.
MIP search method: dynamic search.
Parallel mode: deterministic, using up to 4 threads.
Root relaxation solution time = 2.63 sec. (1516.51 ticks)

        Nodes                                         Cuts/
   Node  Left     Objective  IInf  Best Integer    Best Bound    ItCnt     Gap

*     0+    0                            0.0000   928439.0000              --- 
      0     0   493248.3856    24        0.0000   493248.3856       17     --- 
*     0+    0                       266023.0000   493248.3856            85.42%
      0     0   384717.0792  2436   266023.0000    Cuts: 2611    51030   44.62%
*     0+    0                       266028.0000   384717.0792            44.62%
      0     0   366473.7838  5782   266028.0000    Cuts: 2611    71439   37.76%
*     0+    0                       281494.0000   366473.7838            30.19%
      0     0   357912.5304  9598   281494.0000    Cuts: 2611    94702   27.15%
*     0+    0                       281496.0000   357912.5304            27.15%
      0     0   348298.0941 12511   281496.0000    Cuts: 2611   114582   23.73%
      0     0   344303.3576 14479   281496.0000    Cuts: 2611   135905   22.31%
      0     0   343058.8019 16741   281496.0000    Cuts: 2611   152206   21.87%
      0     0   341619.1742 19566   281496.0000    Cuts: 2611   172267   21.36%
      0     0   339016.9626 21875   281496.0000    Cuts: 2611   193681   20.43%
      0     0        cutoff         281496.0000   281496.0000   209844    0.00%
Elapsed time = 1851.88 sec. (903693.19 ticks, tree = 0.01 MB, solutions = 5)

Clique cuts applied:  17819
Cover cuts applied:  5
Flow cuts applied:  5
Mixed integer rounding cuts applied:  108

Root node processing (before b&c):
  Real time             = 1851.94 sec. (903706.44 ticks)
Parallel b&c, 4 threads:
  Real time             =    0.00 sec. (0.00 ticks)
  Sync time (average)   =    0.00 sec.
  Wait time (average)   =    0.00 sec.
                          ------------
Total (root+branch&cut) = 1851.94 sec. (903706.44 ticks)
