CPXPARAM_Read_DataCheck                          1
Found incumbent of value 0.000000 after 0.01 sec. (3.82 ticks)
Tried aggregator 1 time.
MIP Presolve modified 1 coefficients.
Reduced MIP has 10046 rows, 150015 columns, and 750060 nonzeros.
Reduced MIP has 150015 binaries, 0 generals, 0 SOSs, and 0 indicators.
Presolve time = 0.53 sec. (295.59 ticks)
Tried aggregator 1 time.
Reduced MIP has 10046 rows, 150015 columns, and 750060 nonzeros.
Reduced MIP has 150015 binaries, 0 generals, 0 SOSs, and 0 indicators.
Presolve time = 0.66 sec. (349.38 ticks)
Probing time = 0.19 sec. (31.16 ticks)
Clique table members: 302615.
MIP emphasis: balance optimality and feasibility.
MIP search method: dynamic search.
Parallel mode: deterministic, using up to 4 threads.
Root relaxation solution time = 1.20 sec. (690.57 ticks)

        Nodes                                         Cuts/
   Node  Left     Objective  IInf  Best Integer    Best Bound    ItCnt     Gap

*     0+    0                            0.0000   928439.0000              --- 
      0     0   192357.1028    15        0.0000   192357.1028    26016     --- 
*     0+    0                       163428.0000   192357.1028            17.70%
      0     0   183006.7436  4273   163428.0000    Cuts: 2611    35312   11.98%
*     0+    0                       165174.0000   183006.7436            10.80%
      0     0   179856.9432  8206   165174.0000    Cuts: 2611    44559    8.89%
*     0+    0                       167887.0000   179856.9432             7.13%
      0     0   177914.9739  9978   167887.0000    Cuts: 2611    52844    5.97%
*     0+    0                       167927.0000   177914.9739             5.95%
*     0+    0                       168104.0000   177914.9739             5.84%
      0     0   175827.0036 11456   168104.0000    Cuts: 2611    62484    4.59%
*     0+    0                       168293.0000   175827.0036             4.48%
      0     0   174176.0299 14543   168293.0000    Cuts: 2611    73024    3.50%
      0     0   172992.2109 18695   168293.0000    Cuts: 2611    83332    0.97%
      0     0        cutoff         168293.0000   168293.0000    92876    0.00%
Elapsed time = 519.75 sec. (317883.38 ticks, tree = 0.01 MB, solutions = 7)

Clique cuts applied:  15466
Cover cuts applied:  8
Flow cuts applied:  1
Mixed integer rounding cuts applied:  35

Root node processing (before b&c):
  Real time             =  519.81 sec. (317898.29 ticks)
Parallel b&c, 4 threads:
  Real time             =    0.00 sec. (0.00 ticks)
  Sync time (average)   =    0.00 sec.
  Wait time (average)   =    0.00 sec.
                          ------------
Total (root+branch&cut) =  519.81 sec. (317898.29 ticks)
