CPXPARAM_Read_DataCheck                          1
Found incumbent of value 0.000000 after 0.02 sec. (3.82 ticks)
Tried aggregator 1 time.
MIP Presolve modified 9 coefficients.
Reduced MIP has 10046 rows, 150015 columns, and 750060 nonzeros.
Reduced MIP has 150015 binaries, 0 generals, 0 SOSs, and 0 indicators.
Presolve time = 0.47 sec. (270.27 ticks)
Tried aggregator 1 time.
Reduced MIP has 10046 rows, 150015 columns, and 750060 nonzeros.
Reduced MIP has 150015 binaries, 0 generals, 0 SOSs, and 0 indicators.
Presolve time = 0.67 sec. (307.84 ticks)
Probing time = 0.20 sec. (33.90 ticks)
Clique table members: 299249.
MIP emphasis: balance optimality and feasibility.
MIP search method: dynamic search.
Parallel mode: deterministic, using up to 4 threads.
Root relaxation solution time = 2.86 sec. (1511.63 ticks)

        Nodes                                         Cuts/
   Node  Left     Objective  IInf  Best Integer    Best Bound    ItCnt     Gap

*     0+    0                            0.0000   932071.0000              --- 
      0     0   484210.0224    19        0.0000   484210.0224       17     --- 
*     0+    0                       284525.0000   484210.0224            70.18%
      0     0   399419.8297  1848   284525.0000    Cuts: 2611    35271   40.38%
*     0+    0                       284855.0000   399419.8297            40.22%
      0     0   382088.2549  5696   284855.0000    Cuts: 2611    54429   34.13%
      0     0   372464.4959  8361   284855.0000    Cuts: 2611    70694   28.28%
      0     0   365502.0936 11728   284855.0000    Cuts: 2611    87196   23.32%
      0     0   360514.1408 15067   284855.0000    Cuts: 2611   106932   17.41%
      0     0   359605.8768 18012   284855.0000    Cuts: 2611   125763   10.73%
      0     0        cutoff         284855.0000   284855.0000   142560    0.00%
Elapsed time = 1431.03 sec. (656787.66 ticks, tree = 0.01 MB, solutions = 3)

Clique cuts applied:  14964
Cover cuts applied:  5
Flow cuts applied:  2
Mixed integer rounding cuts applied:  44

Root node processing (before b&c):
  Real time             = 1431.08 sec. (656799.01 ticks)
Parallel b&c, 4 threads:
  Real time             =    0.00 sec. (0.00 ticks)
  Sync time (average)   =    0.00 sec.
  Wait time (average)   =    0.00 sec.
                          ------------
Total (root+branch&cut) = 1431.08 sec. (656799.01 ticks)
