CPXPARAM_Read_DataCheck                          1
Found incumbent of value 0.000000 after 0.00 sec. (0.12 ticks)
Tried aggregator 1 time.
MIP Presolve modified 1 coefficients.
Reduced MIP has 349 rows, 4515 columns, and 22551 nonzeros.
Reduced MIP has 4515 binaries, 0 generals, 0 SOSs, and 0 indicators.
Presolve time = 0.02 sec. (8.28 ticks)
Tried aggregator 1 time.
Reduced MIP has 349 rows, 4515 columns, and 22551 nonzeros.
Reduced MIP has 4515 binaries, 0 generals, 0 SOSs, and 0 indicators.
Presolve time = 0.02 sec. (9.90 ticks)
Probing time = 0.02 sec. (4.22 ticks)
Clique table members: 15295.
MIP emphasis: balance optimality and feasibility.
MIP search method: dynamic search.
Parallel mode: deterministic, using up to 4 threads.
Root relaxation solution time = 0.03 sec. (27.96 ticks)

        Nodes                                         Cuts/
   Node  Left     Objective  IInf  Best Integer    Best Bound    ItCnt     Gap

*     0+    0                            0.0000    27601.0000              --- 
*     0+    0                         4629.0000    27601.0000           496.26%
      0     0     7487.3100    15     4629.0000     7487.3100      733   61.75%
*     0+    0                         4970.0000     7487.3100            50.65%
      0     0     6357.1775    85     4970.0000     Cuts: 187     1419   27.91%
*     0+    0                         5415.0000     6357.1775            17.40%
      0     0     5939.7933   271     5415.0000     Cuts: 187     2060    9.69%
      0     0     5783.4549   466     5415.0000     Cuts: 187     2374    6.80%
      0     0     5652.0348   588     5415.0000     Cuts: 187     2846    4.38%
      0     0     5595.3664   692     5415.0000     Cuts: 187     3233    3.33%
      0     0     5526.5760   778     5415.0000     Cuts: 187     3719    2.06%
      0     0     5474.1988   886     5415.0000     Cuts: 187     4271    1.09%
      0     0     5451.3993   951     5415.0000     Cuts: 187     4694    0.67%
      0     0     5417.7754   797     5415.0000     Cuts: 185     5399    0.05%
      0     0        cutoff           5415.0000     5417.7754     5400    0.05%
Elapsed time = 3.64 sec. (1690.65 ticks, tree = 0.01 MB, solutions = 4)

Clique cuts applied:  802
Cover cuts applied:  21
Implied bound cuts applied:  20
Flow cuts applied:  4
Mixed integer rounding cuts applied:  80
Zero-half cuts applied:  14

Root node processing (before b&c):
  Real time             =    3.64 sec. (1691.03 ticks)
Parallel b&c, 4 threads:
  Real time             =    0.00 sec. (1.26 ticks)
  Sync time (average)   =    0.00 sec.
  Wait time (average)   =    0.00 sec.
                          ------------
Total (root+branch&cut) =    3.64 sec. (1692.29 ticks)
