CPXPARAM_Read_DataCheck                          1
Found incumbent of value 0.000000 after 0.00 sec. (0.77 ticks)
Tried aggregator 1 time.
MIP Presolve modified 1 coefficients.
Reduced MIP has 2046 rows, 30015 columns, and 150045 nonzeros.
Reduced MIP has 30015 binaries, 0 generals, 0 SOSs, and 0 indicators.
Presolve time = 0.08 sec. (58.53 ticks)
Tried aggregator 1 time.
Reduced MIP has 2046 rows, 30015 columns, and 150045 nonzeros.
Reduced MIP has 30015 binaries, 0 generals, 0 SOSs, and 0 indicators.
Presolve time = 0.09 sec. (69.29 ticks)
Probing time = 0.03 sec. (6.85 ticks)
Clique table members: 30665.
MIP emphasis: balance optimality and feasibility.
MIP search method: dynamic search.
Parallel mode: deterministic, using up to 4 threads.
Root relaxation solution time = 0.20 sec. (150.13 ticks)

        Nodes                                         Cuts/
   Node  Left     Objective  IInf  Best Integer    Best Bound    ItCnt     Gap

*     0+    0                            0.0000   184932.0000              --- 
      0     0    48477.9430    15        0.0000    48477.9430     4161     --- 
*     0+    0                         5942.0000    48477.9430           715.85%
*     0+    0                        34067.0000    48477.9430            42.30%
      0     0    42449.1052   690    34067.0000     Cuts: 611     8109   24.60%
*     0+    0                        34400.0000    42449.1052            23.40%
      0     0    40888.2947  1026    34400.0000     Cuts: 611    11075   18.86%
*     0+    0                        34465.0000    40888.2947            18.64%
      0     0    38756.7473  1759    34465.0000     Cuts: 611    13961   12.45%
*     0+    0                        34469.0000    38756.7473            12.44%
      0     0    37291.9715  2545    34469.0000     Cuts: 611    16124    8.19%
*     0+    0                        34704.0000    37291.9715             7.46%
      0     0    36652.3285  3223    34704.0000     Cuts: 611    19160    5.61%
      0     0    36276.0648  3475    34704.0000     Cuts: 611    22504    4.53%
*     0+    0                        34705.0000    36276.0648             4.53%
      0     0    35970.5925  4062    34705.0000     Cuts: 611    25588    3.65%
*     0+    0                        34826.0000    35970.5925             3.29%
      0     0    35765.5947  4606    34826.0000     Cuts: 611    28459    2.70%
      0     0    35497.4878  4796    34826.0000     Cuts: 611    32152    1.93%
*     0+    0                        34828.0000    35497.4878             1.92%
      0     0    35381.6299  5166    34828.0000     Cuts: 611    34174    1.59%
      0     0    35271.5174  5355    34828.0000     Cuts: 611    36471    1.27%
      0     0    35136.4539  5466    34828.0000     Cuts: 611    39920    0.89%
*     0+    0                        34835.0000    35136.4539             0.87%
      0     0    35089.9959  5687    34835.0000     Cuts: 611    42037    0.73%
      0     0    35049.5660  5513    34835.0000     Cuts: 611    43965    0.62%
      0     0    35036.4998  5578    34835.0000     Cuts: 248    44820    0.58%
*     0+    0                        34837.0000    35036.4998             0.57%
      0     0    35030.3869  5554    34837.0000     Cuts: 165    45556    0.56%
      0     0    35025.6968  5499    34837.0000     Cuts: 148    46144    0.54%
      0     0    35023.8390  5513    34837.0000     Cuts: 104    46612    0.54%
*     0+    0                        34838.0000    35023.8390             0.53%
      0     0    35023.0534  5551    34838.0000      Cuts: 80    46922    0.53%
      0     2    35023.0534  5551    34838.0000    35023.0534    46922    0.53%
Elapsed time = 80.63 sec. (56624.96 ticks, tree = 0.01 MB, solutions = 13)
      1     3    35015.7413  4864    34838.0000    35022.9631    47425    0.53%
      2     4    34974.2827  4244    34838.0000    35022.9631    48152    0.53%
      3     4    34969.5381  4179    34838.0000    35022.9631    48517    0.53%
      4     5    34949.8074  3713    34838.0000    35022.9631    49367    0.53%
      5     6    34906.7584  3564    34838.0000    35022.9631    50092    0.53%
      7     7    34904.4801  2972    34838.0000    35022.9631    51305    0.53%
     11     8        cutoff          34838.0000    34974.2178    54596    0.39%
     12     9    34860.5678  4025    34838.0000    34974.2178    54349    0.39%
*    14+    3                        34840.0000    34974.2178             0.39%
     14     5    34926.4928  3255    34840.0000    34974.2178    49528    0.39%
     16     9    34916.2192  3122    34840.0000    34974.2178    55756    0.39%
Elapsed time = 90.25 sec. (62097.18 ticks, tree = 0.29 MB, solutions = 14)
     23    12    34900.4509  2619    34840.0000    34933.1706    62262    0.27%
     31    14    34871.9150  1239    34840.0000    34933.1706    65845    0.27%
     57    39    34845.4167    14    34840.0000    34933.1706    69735    0.27%
*    77+   19                        34845.0000    34933.1706             0.25%
     89    11        cutoff          34845.0000    34905.8872    72584    0.17%

Clique cuts applied:  4857
Cover cuts applied:  64
Implied bound cuts applied:  14
Flow cuts applied:  4
Mixed integer rounding cuts applied:  234
Zero-half cuts applied:  86

Root node processing (before b&c):
  Real time             =   80.39 sec. (56284.34 ticks)
Parallel b&c, 4 threads:
  Real time             =   18.55 sec. (10612.47 ticks)
  Sync time (average)   =    1.77 sec.
  Wait time (average)   =    0.02 sec.
                          ------------
Total (root+branch&cut) =   98.94 sec. (66896.81 ticks)
