CPXPARAM_Read_DataCheck                          1
Found incumbent of value 0.000000 after 0.00 sec. (0.77 ticks)
Tried aggregator 1 time.
MIP Presolve modified 1 coefficients.
Reduced MIP has 2046 rows, 30015 columns, and 150045 nonzeros.
Reduced MIP has 30015 binaries, 0 generals, 0 SOSs, and 0 indicators.
Presolve time = 0.08 sec. (58.74 ticks)
Tried aggregator 1 time.
Reduced MIP has 2046 rows, 30015 columns, and 150045 nonzeros.
Reduced MIP has 30015 binaries, 0 generals, 0 SOSs, and 0 indicators.
Presolve time = 0.11 sec. (69.49 ticks)
Probing time = 0.03 sec. (6.84 ticks)
Clique table members: 30691.
MIP emphasis: balance optimality and feasibility.
MIP search method: dynamic search.
Parallel mode: deterministic, using up to 4 threads.
Root relaxation solution time = 0.20 sec. (134.94 ticks)

        Nodes                                         Cuts/
   Node  Left     Objective  IInf  Best Integer    Best Bound    ItCnt     Gap

*     0+    0                            0.0000   185566.0000              --- 
      0     0    48192.8200    15        0.0000    48192.8200     3943     --- 
*     0+    0                        15886.0000    48192.8200           203.37%
      0     0    43151.1078   752    15886.0000     Cuts: 611     7492  171.63%
*     0+    0                        34260.0000    43151.1078            25.95%
      0     0    41121.2066  1120    34260.0000     Cuts: 611    10728   20.03%
*     0+    0                        34589.0000    41121.2066            18.89%
      0     0    39378.9404  1916    34589.0000     Cuts: 611    13128   13.85%
*     0+    0                        34590.0000    39378.9404            13.84%
*     0+    0                        34708.0000    39378.9404            13.46%
      0     0    38205.4645  2732    34708.0000     Cuts: 611    15504   10.08%
*     0+    0                        34709.0000    38205.4645            10.07%
      0     0    36984.3292  3396    34709.0000     Cuts: 611    18667    6.56%
*     0+    0                        34739.0000    36984.3292             6.46%
      0     0    36581.7466  3924    34739.0000     Cuts: 611    23822    5.30%
      0     0    36384.4385  4401    34739.0000     Cuts: 611    29204    4.74%
      0     0    36237.7682  4819    34739.0000     Cuts: 611    33519    4.31%
      0     0    36055.9164  5224    34739.0000     Cuts: 611    38581    3.79%
      0     0    35881.2701  5616    34739.0000     Cuts: 611    43252    3.29%
      0     0    35703.1263  6065    34739.0000     Cuts: 611    47212    2.78%
      0     0    35524.4103  6382    34739.0000     Cuts: 611    51408    2.26%
      0     0    35433.5316  6821    34739.0000     Cuts: 611    54797    2.00%
      0     0    35328.6306  6682    34739.0000     Cuts: 611    59243    1.70%
      0     0    35239.6687  6802    34739.0000     Cuts: 611    63998    1.44%
      0     0    35164.5478  7136    34739.0000     Cuts: 611    68368    1.22%
      0     0    35124.6734  7372    34739.0000     Cuts: 611    70779    1.11%
      0     0    35096.0641  7378    34739.0000     Cuts: 611    73883    1.03%
      0     0    35055.3136  7809    34739.0000     Cuts: 611    76395    0.91%
      0     0    35040.6561  7977    34739.0000     Cuts: 506    77799    0.87%
      0     0    35033.6837  8020    34739.0000     Cuts: 247    78582    0.85%
      0     2    35033.6837  8020    34739.0000    35033.6837    78582    0.85%
Elapsed time = 161.52 sec. (112327.53 ticks, tree = 0.01 MB, solutions = 8)
      1     3    35004.6691  6886    34739.0000    35033.6630    79726    0.85%
      2     3    34971.2121  7096    34739.0000    35033.6630    80216    0.85%
      4     5    34906.8706  6224    34739.0000    35004.6643    82883    0.76%
      5     6    34876.4026  5487    34739.0000    35004.6643    84281    0.76%
      6     4    34934.1845  6243    34739.0000    35004.6643    81376    0.76%
      9     8    34833.1885  5025    34739.0000    35004.6643    87648    0.76%
     10    10    34807.1240  4148    34739.0000    34971.1788    89657    0.67%
     11    12    34794.5972  3039    34739.0000    34945.8904    93900    0.60%
     13    13    34765.7216  1333    34739.0000    34945.8904    94307    0.60%
     22    13    34868.9059  4747    34739.0000    34945.8904    96278    0.60%
Elapsed time = 176.94 sec. (120746.39 ticks, tree = 0.35 MB, solutions = 8)
     27    18    34809.4313  2348    34739.0000    34934.1051   101377    0.56%
     36    23    34740.7692    16    34739.0000    34934.1051   105575    0.56%
     94    78    34740.3651    14    34739.0000    34934.1051   112935    0.56%
    160    23    34814.9248  5955    34739.0000    34934.1051   109749    0.56%
    164   119    34750.5832  5178    34739.0000    34934.1051   121061    0.56%
    171   118        cutoff          34739.0000    34915.8727   126584    0.51%
    175   123    34782.3033  4708    34739.0000    34876.2457   129559    0.40%
    181   116        cutoff          34739.0000    34860.8481   133172    0.35%
    189   119        cutoff          34739.0000    34851.1644   136256    0.32%
    198   112        cutoff          34739.0000    34851.1644   145598    0.32%
Elapsed time = 200.39 sec. (131829.14 ticks, tree = 11.63 MB, solutions = 8)
    212   115    34771.6992  5005    34739.0000    34850.3093   145647    0.32%
    221   104    34776.7549  4212    34739.0000    34806.9628   151934    0.20%

Clique cuts applied:  6208
Cover cuts applied:  21
Implied bound cuts applied:  12
Flow cuts applied:  6
Mixed integer rounding cuts applied:  441
Zero-half cuts applied:  37

Root node processing (before b&c):
  Real time             =  161.27 sec. (111979.45 ticks)
Parallel b&c, 4 threads:
  Real time             =   44.11 sec. (23025.16 ticks)
  Sync time (average)   =    4.48 sec.
  Wait time (average)   =    0.02 sec.
                          ------------
Total (root+branch&cut) =  205.38 sec. (135004.61 ticks)
