CPXPARAM_Read_DataCheck                          1
Found incumbent of value 0.000000 after 0.00 sec. (0.77 ticks)
Tried aggregator 1 time.
MIP Presolve eliminated 8 rows and 0 columns.
MIP Presolve modified 1 coefficients.
Reduced MIP has 2038 rows, 30015 columns, and 134045 nonzeros.
Reduced MIP has 30015 binaries, 0 generals, 0 SOSs, and 0 indicators.
Presolve time = 0.08 sec. (51.56 ticks)
Tried aggregator 1 time.
Reduced MIP has 2038 rows, 30015 columns, and 134045 nonzeros.
Reduced MIP has 30015 binaries, 0 generals, 0 SOSs, and 0 indicators.
Presolve time = 0.09 sec. (57.31 ticks)
Probing time = 0.02 sec. (7.04 ticks)
Clique table members: 30000.
MIP emphasis: balance optimality and feasibility.
MIP search method: dynamic search.
Parallel mode: deterministic, using up to 4 threads.
Root relaxation solution time = 0.17 sec. (97.71 ticks)

        Nodes                                         Cuts/
   Node  Left     Objective  IInf  Best Integer    Best Bound    ItCnt     Gap

*     0+    0                            0.0000   185566.0000              --- 
      0     0   101857.1665    15        0.0000   101857.1665     6387     --- 
*     0+    0                        53769.0000   101857.1665            89.43%
      0     0    80449.4046   589    53769.0000     Cuts: 609    13863   49.62%
*     0+    0                        57470.0000    80449.4046            39.99%
      0     0    75873.0993  1544    57470.0000     Cuts: 609    18009   32.02%
*     0+    0                        60465.0000    75873.0993            25.48%
      0     0    73904.2499  2165    60465.0000     Cuts: 609    21503   22.23%
      0     0    72676.8507  2940    60465.0000     Cuts: 609    25805   20.20%
      0     0    72024.4553  3682    60465.0000     Cuts: 609    31384   19.12%
      0     0    71405.4369  4302    60465.0000     Cuts: 609    36962   18.09%
      0     0    70842.1113  4798    60465.0000     Cuts: 609    43528   17.16%
*     0+    0                        60752.0000    70842.1113            16.61%
      0     0    70060.5899  5500    60752.0000     Cuts: 609    49896   15.32%
      0     0    68789.0032  5522    60752.0000     Cuts: 609    56061   13.23%
      0     0    68191.5506  6071    60752.0000     Cuts: 609    61523   12.25%
      0     0    67209.3791  6679    60752.0000     Cuts: 609    67392   10.63%
      0     0    66959.1659  7194    60752.0000     Cuts: 609    75916   10.22%
      0     0    66206.6569  6632    60752.0000     Cuts: 609    84002    8.98%
      0     0        cutoff          60752.0000    60752.0000    93081    0.00%
Elapsed time = 144.47 sec. (102716.08 ticks, tree = 0.01 MB, solutions = 5)

Clique cuts applied:  7147
Cover cuts applied:  7
Mixed integer rounding cuts applied:  176

Root node processing (before b&c):
  Real time             =  144.48 sec. (102718.84 ticks)
Parallel b&c, 4 threads:
  Real time             =    0.00 sec. (0.00 ticks)
  Sync time (average)   =    0.00 sec.
  Wait time (average)   =    0.00 sec.
                          ------------
Total (root+branch&cut) =  144.48 sec. (102718.84 ticks)
