CPXPARAM_Read_DataCheck                          1
Found incumbent of value 0.000000 after 0.00 sec. (0.77 ticks)
Tried aggregator 1 time.
MIP Presolve modified 1 coefficients.
Reduced MIP has 2046 rows, 30015 columns, and 150045 nonzeros.
Reduced MIP has 30015 binaries, 0 generals, 0 SOSs, and 0 indicators.
Presolve time = 0.06 sec. (58.68 ticks)
Tried aggregator 1 time.
Reduced MIP has 2046 rows, 30015 columns, and 150045 nonzeros.
Reduced MIP has 30015 binaries, 0 generals, 0 SOSs, and 0 indicators.
Presolve time = 0.09 sec. (69.89 ticks)
Probing time = 0.02 sec. (6.85 ticks)
Clique table members: 30682.
MIP emphasis: balance optimality and feasibility.
MIP search method: dynamic search.
Parallel mode: deterministic, using up to 4 threads.
Root relaxation solution time = 0.42 sec. (295.16 ticks)

        Nodes                                         Cuts/
   Node  Left     Objective  IInf  Best Integer    Best Bound    ItCnt     Gap

*     0+    0                            0.0000   184624.0000              --- 
*     0+    0                        14460.0000   184624.0000              --- 
      0     0    47162.8137    19    14460.0000    47162.8137     4825  226.16%
*     0+    0                        23683.0000    47162.8137            99.14%
      0     0    39340.3032   823    23683.0000     Cuts: 611     9016   66.11%
*     0+    0                        25424.0000    39340.3032            54.74%
      0     0    34438.4965  1474    25424.0000     Cuts: 611    12261   35.46%
*     0+    0                        28482.0000    34438.4965            20.91%
      0     0    33182.6448  2301    28482.0000     Cuts: 611    15037   16.50%
*     0+    0                        29872.0000    33182.6448            11.08%
      0     0    32481.9364  2988    29872.0000     Cuts: 611    17629    8.74%
      0     0    31699.1472  3504    29872.0000     Cuts: 611    21507    6.12%
*     0+    0                        30050.0000    31699.1472             5.49%
      0     0    31384.7443  4069    30050.0000     Cuts: 611    24008    4.44%
*     0+    0                        30082.0000    31384.7443             4.33%
*     0+    0                        30864.0000    31384.7443             1.69%
      0     0    31209.1745  4266    30864.0000     Cuts: 611    26112    1.12%
      0     0    31023.0305  4237    30864.0000     Cuts: 611    28640    0.52%
      0     0    30915.5220  4420    30864.0000     Cuts: 611    30579    0.17%
*     0+    0                        30866.0000    30915.5220             0.16%
      0     0    30879.7131  4864    30866.0000     Cuts: 611    33336    0.04%
      0     0    30871.1677  4868    30866.0000      Cuts: 56    33994    0.02%
*     0+    0                        30867.0000    30871.1677             0.01%

Repeating presolve.
Tried aggregator 1 time.
MIP Presolve eliminated 47 rows and 19767 columns.
MIP Presolve modified 7 coefficients.
Reduced MIP has 1999 rows, 10248 columns, and 46613 nonzeros.
Reduced MIP has 10248 binaries, 0 generals, 0 SOSs, and 0 indicators.
Presolve time = 0.05 sec. (26.94 ticks)
Probing time = 0.00 sec. (3.04 ticks)
Tried aggregator 1 time.
Reduced MIP has 1999 rows, 10248 columns, and 46613 nonzeros.
Reduced MIP has 10248 binaries, 0 generals, 0 SOSs, and 0 indicators.
Presolve time = 0.03 sec. (20.74 ticks)
Represolve time = 0.28 sec. (635.70 ticks)
Probing time = 0.02 sec. (3.04 ticks)
Clique table members: 6386.
MIP emphasis: balance optimality and feasibility.
MIP search method: dynamic search.
Parallel mode: deterministic, using up to 4 threads.
Root relaxation solution time = 0.45 sec. (472.48 ticks)

        Nodes                                         Cuts/
   Node  Left     Objective  IInf  Best Integer    Best Bound    ItCnt     Gap

*     0+    0                        30867.0000    30871.1677             0.01%
      0     0    30869.9963  3775    30867.0000    30869.9963    34584    0.01%

Clique cuts applied:  2457
Cover cuts applied:  14
Implied bound cuts applied:  12
Flow cuts applied:  5
Mixed integer rounding cuts applied:  53
Zero-half cuts applied:  5

Root node processing (before b&c):
  Real time             =   43.27 sec. (34194.60 ticks)
Parallel b&c, 4 threads:
  Real time             =    0.00 sec. (0.00 ticks)
  Sync time (average)   =    0.00 sec.
  Wait time (average)   =    0.00 sec.
                          ------------
Total (root+branch&cut) =   43.27 sec. (34194.60 ticks)
