CPXPARAM_Read_DataCheck                          1
Found incumbent of value 0.000000 after 0.00 sec. (0.77 ticks)
Tried aggregator 1 time.
MIP Presolve modified 1 coefficients.
Reduced MIP has 2046 rows, 30015 columns, and 150045 nonzeros.
Reduced MIP has 30015 binaries, 0 generals, 0 SOSs, and 0 indicators.
Presolve time = 0.06 sec. (58.39 ticks)
Tried aggregator 1 time.
Reduced MIP has 2046 rows, 30015 columns, and 150045 nonzeros.
Reduced MIP has 30015 binaries, 0 generals, 0 SOSs, and 0 indicators.
Presolve time = 0.09 sec. (69.15 ticks)
Probing time = 0.03 sec. (6.85 ticks)
Clique table members: 30648.
MIP emphasis: balance optimality and feasibility.
MIP search method: dynamic search.
Parallel mode: deterministic, using up to 4 threads.
Root relaxation solution time = 0.22 sec. (143.88 ticks)

        Nodes                                         Cuts/
   Node  Left     Objective  IInf  Best Integer    Best Bound    ItCnt     Gap

*     0+    0                            0.0000   184325.0000              --- 
      0     0    48194.9680    15        0.0000    48194.9680     4493     --- 
*     0+    0                         9791.0000    48194.9680           392.24%
      0     0    42529.1385   669     9791.0000     Cuts: 611     8107  334.37%
*     0+    0                        33015.0000    42529.1385            28.82%
      0     0    38472.8998  1182    33015.0000     Cuts: 611    11948   16.53%
*     0+    0                        33180.0000    38472.8998            15.95%
      0     0    36775.5933  1825    33180.0000     Cuts: 611    14728   10.84%
*     0+    0                        33182.0000    36775.5933            10.83%
*     0+    0                        33185.0000    36775.5933            10.82%
*     0+    0                        33551.0000    36775.5933             9.61%
      0     0    36058.7020  2526    33551.0000     Cuts: 611    17885    7.47%
*     0+    0                        33552.0000    36058.7020             7.47%
      0     0    35574.4963  3210    33552.0000     Cuts: 611    21100    6.03%
*     0+    0                        33813.0000    35574.4963             5.21%
      0     0    35358.8121  3780    33813.0000     Cuts: 611    24231    4.57%
      0     0    35109.7886  4277    33813.0000     Cuts: 611    27439    3.84%
      0     0    34790.5682  4751    33813.0000     Cuts: 611    30875    2.89%
      0     0    34649.6182  5179    33813.0000     Cuts: 611    33869    2.47%
      0     0    34487.5920  5413    33813.0000     Cuts: 611    36622    2.00%
      0     0    34306.5404  5427    33813.0000     Cuts: 611    40096    1.46%
      0     0    34204.7174  5901    33813.0000     Cuts: 611    42585    1.16%
      0     0    34014.0850  5387    33813.0000     Cuts: 611    47307    0.59%
      0     0    33938.4383  5572    33813.0000     Cuts: 611    49239    0.37%
      0     0    33892.2992  5582    33813.0000     Cuts: 524    51436    0.23%
*     0+    0                        33814.0000    33892.2992             0.23%
      0     0    33884.6465  5555    33814.0000     Cuts: 189    52211    0.21%
      0     0    33880.5233  5569    33814.0000     Cuts: 155    52642    0.20%
      0     0    33875.2736  5578    33814.0000     Cuts: 122    52927    0.18%
*     0+    0                        33815.0000    33875.2736             0.18%
      0     2    33874.5191  5556    33815.0000    33875.2736    53090    0.18%
Elapsed time = 87.08 sec. (63590.53 ticks, tree = 0.01 MB, solutions = 11)
      1     3    33856.8461  4270    33815.0000    33874.3928    53840    0.18%
      2     1        cutoff          33815.0000    33874.3928    54227    0.18%
      3     4    33821.0547  3729    33815.0000    33874.3928    54628    0.18%
*     6+    2                        33816.0000    33856.7291             0.12%
      6     4    33838.6752  4199    33816.0000    33856.7291    54895    0.12%
      8     3    33830.8267  3196    33816.0000    33838.2003    58410    0.07%
     10     3    33827.2075  3045    33816.0000    33827.2043    59053    0.03%
     15     2    33819.0518   457    33816.0000    33824.6636    59626    0.03%

Clique cuts applied:  4641
Cover cuts applied:  27
Implied bound cuts applied:  13
Flow cuts applied:  32
Mixed integer rounding cuts applied:  263
Zero-half cuts applied:  36

Root node processing (before b&c):
  Real time             =   86.70 sec. (63092.12 ticks)
Parallel b&c, 4 threads:
  Real time             =    5.78 sec. (5896.83 ticks)
  Sync time (average)   =    3.63 sec.
  Wait time (average)   =    0.02 sec.
                          ------------
Total (root+branch&cut) =   92.48 sec. (68988.95 ticks)
