CPXPARAM_Read_DataCheck                          1
Found incumbent of value 0.000000 after 0.00 sec. (0.77 ticks)
Tried aggregator 1 time.
MIP Presolve eliminated 3 rows and 0 columns.
MIP Presolve modified 1 coefficients.
Reduced MIP has 2043 rows, 30015 columns, and 144045 nonzeros.
Reduced MIP has 30015 binaries, 0 generals, 0 SOSs, and 0 indicators.
Presolve time = 0.06 sec. (53.36 ticks)
Tried aggregator 1 time.
Reduced MIP has 2043 rows, 30015 columns, and 144045 nonzeros.
Reduced MIP has 30015 binaries, 0 generals, 0 SOSs, and 0 indicators.
Presolve time = 0.09 sec. (60.41 ticks)
Probing time = 0.02 sec. (7.15 ticks)
Clique table members: 30000.
MIP emphasis: balance optimality and feasibility.
MIP search method: dynamic search.
Parallel mode: deterministic, using up to 4 threads.
Root relaxation solution time = 0.20 sec. (136.31 ticks)

        Nodes                                         Cuts/
   Node  Left     Objective  IInf  Best Integer    Best Bound    ItCnt     Gap

*     0+    0                            0.0000   184325.0000              --- 
*     0+    0                        13663.0000   184325.0000              --- 
      0     0    92465.2722    16    13663.0000    92465.2722     7538  576.76%
*     0+    0                        48598.0000    92465.2722            90.27%
*     0+    0                        52716.0000    92465.2722            75.40%
      0     0    75868.2286   586    52716.0000     Cuts: 610    12825   43.92%
*     0+    0                        52718.0000    75868.2286            43.91%
      0     0    70193.6483  1284    52718.0000     Cuts: 610    17191   33.15%
      0     0    68486.1811  1854    52718.0000     Cuts: 610    20044   29.91%
      0     0    67644.4776  2524    52718.0000     Cuts: 610    24176   28.31%
      0     0    67352.0823  2881    52718.0000     Cuts: 610    29445   27.76%
      0     0    66968.7275  3269    52718.0000     Cuts: 610    35336   24.46%
      0     0    66876.9315  3732    52718.0000     Cuts: 610    38492   22.20%
      0     0    66819.2651  4131    52718.0000     Cuts: 610    41205   20.17%
      0     2    66819.2651  4131    52718.0000    62346.9060    41205   18.26%
Elapsed time = 54.88 sec. (33288.70 ticks, tree = 0.01 MB, solutions = 5)
      1     3    64794.7952  3979    52718.0000    62346.9060    43406   18.26%
      2     4    64675.5088  3408    52718.0000    62346.9060    44440   18.26%
      3     5    62926.1408  3279    52718.0000    62346.9060    45694   18.26%
      4     6    62602.6484  2396    52718.0000    62346.9060    46543   18.26%
      6     7    62421.0756  1927    52718.0000    62346.9060    47211   18.26%
      9     9    58934.0307  1869    52718.0000    62346.9060    48789   18.26%
     12    13    61913.9415  2236    52718.0000    62346.9060    53554   18.26%
     14    13    58799.7423  1725    52718.0000    62346.9060    52333   18.26%
     16    14    56646.9866  2811    52718.0000    62346.9060    55400   18.26%
     30    23    53525.9597  2115    52718.0000    62346.9060    65796   18.26%
Elapsed time = 64.48 sec. (38893.57 ticks, tree = 0.30 MB, solutions = 5)
     38    16        cutoff          52718.0000    62346.9060    73512   18.26%
     52    15    53816.8517  2098    52718.0000    62346.9060    79315   18.26%
     64    16    54261.2524    20    52718.0000    62346.9060    87190   18.26%
     89    13    56960.6864  1388    52718.0000    62346.9060    92932   18.26%
    101    24    55957.6165  1750    52718.0000    62346.9060   108972   18.26%
    108    27    55185.1431  1668    52718.0000    62346.9060   116568   18.26%
    122    31        cutoff          52718.0000    62346.9060   122074   18.26%
    134    37    53961.1973  1268    52718.0000    62346.9060   127442   18.26%
    171    30    55095.2784  1242    52718.0000    62346.9060   135933   18.26%
    194    35    53301.4912    55    52718.0000    62346.9060   139096   18.26%
Elapsed time = 82.95 sec. (49031.32 ticks, tree = 0.76 MB, solutions = 5)
    225    18        cutoff          52718.0000    62346.9060   157877   18.26%
    229    19    56026.6092  2097    52718.0000    62346.9060   162788   18.26%
    233    20    54651.9740  1286    52718.0000    62346.9060   164723   18.26%
    251    20    57196.5703  2674    52718.0000    58501.4074   165805   10.97%
    267    18    54045.8769    74    52718.0000    58501.4074   178758   10.97%
    276    21    54734.4087  1198    52718.0000    58501.4074   184369   10.97%
    283    20    56026.6443  1425    52718.0000    58501.4074   188029   10.97%
    287    23    53052.4366  1253    52718.0000    58501.4074   190471   10.97%
    291    21    54782.4513  2305    52718.0000    58299.0898   200285   10.59%
    295    18    57273.0770  2483    52718.0000    58297.6818   186295   10.58%
Elapsed time = 105.13 sec. (60976.84 ticks, tree = 0.46 MB, solutions = 5)
    302    24    56664.7782  1075    52718.0000    58297.6818   205622   10.58%
    313    25    56401.3269  1215    52718.0000    58297.6818   209417   10.58%
    322    40    54750.6901  1177    52718.0000    58297.6818   230491   10.58%
    334    41    54171.1121  1275    52718.0000    58297.6818   237574   10.58%
    340    43    56479.5162  1218    52718.0000    58297.6818   234186   10.58%
    351    50    53274.8380   950    52718.0000    57764.1413   243598    9.57%
    361    47    56824.0485  1402    52718.0000    57764.1413   248745    9.57%
    370    52    53419.5278   986    52718.0000    57764.1413   255428    9.57%
    378    45    55720.0827  1025    52718.0000    57764.1413   260558    9.57%
    385    54    53595.3772  1042    52718.0000    57764.1413   278309    9.57%
Elapsed time = 128.88 sec. (73354.42 ticks, tree = 1.86 MB, solutions = 5)
    391    59    53258.6993  1221    52718.0000    57751.7504   289911    9.55%
    398    57    56366.8217  1243    52718.0000    57751.7504   291217    9.55%
    403    60    54905.2728    96    52718.0000    57339.2636   291880    8.77%
    412    64    55029.2225   123    52718.0000    57339.2636   294403    8.77%
    429    58    54008.8648   279    52718.0000    57126.3877   304472    8.36%
    447    58        cutoff          52718.0000    57126.3877   311530    8.36%
    452    54    55260.7828  1201    52718.0000    57126.3877   321045    8.36%
    457    57    52794.4939  1009    52718.0000    56916.4068   323178    7.96%
    488    52    55090.0794  1175    52718.0000    56916.1570   337059    7.96%
    501    37    54061.5203  1263    52718.0000    56916.1570   342412    7.96%
Elapsed time = 149.63 sec. (83961.45 ticks, tree = 0.95 MB, solutions = 5)
    517    46        cutoff          52718.0000    56638.8548   339315    7.44%
    539    24    52835.5287  1097    52718.0000    55019.1816   361405    4.37%
    551    35    53920.4952  1370    52718.0000    55019.1816   356792    4.37%
    558    32        cutoff          52718.0000    55019.1816   358017    4.37%
    567     5    53045.9797  1035    52718.0000    53782.6863   376900    2.02%

Clique cuts applied:  3202
Cover cuts applied:  360
Implied bound cuts applied:  9
Mixed integer rounding cuts applied:  83

Root node processing (before b&c):
  Real time             =   54.45 sec. (32692.31 ticks)
Parallel b&c, 4 threads:
  Real time             =  104.38 sec. (58229.25 ticks)
  Sync time (average)   =    6.56 sec.
  Wait time (average)   =    0.01 sec.
                          ------------
Total (root+branch&cut) =  158.83 sec. (90921.56 ticks)
