CPXPARAM_Read_DataCheck                          1
Found incumbent of value 0.000000 after 0.00 sec. (0.05 ticks)
Tried aggregator 1 time.
MIP Presolve modified 5 coefficients.
Reduced MIP has 231 rows, 2010 columns, and 10040 nonzeros.
Reduced MIP has 2010 binaries, 0 generals, 0 SOSs, and 0 indicators.
Presolve time = 0.00 sec. (3.70 ticks)
Probing time = 0.00 sec. (1.60 ticks)
Tried aggregator 1 time.
Reduced MIP has 231 rows, 2010 columns, and 10040 nonzeros.
Reduced MIP has 2010 binaries, 0 generals, 0 SOSs, and 0 indicators.
Presolve time = 0.00 sec. (4.21 ticks)
Probing time = 0.00 sec. (1.61 ticks)
Clique table members: 3472.
MIP emphasis: balance optimality and feasibility.
MIP search method: dynamic search.
Parallel mode: deterministic, using up to 4 threads.
Root relaxation solution time = 0.01 sec. (7.02 ticks)

        Nodes                                         Cuts/
   Node  Left     Objective  IInf  Best Integer    Best Bound    ItCnt     Gap

*     0+    0                            0.0000    12487.0000              --- 
      0     0     5743.3190    10        0.0000     5743.3190      558     --- 
      0     0     4796.3661   154        0.0000     Cuts: 157      954     --- 
*     0+    0                         3934.0000     4796.3661            21.92%
      0     0        cutoff           3934.0000     3934.0000     1400    0.00%
Elapsed time = 0.22 sec. (128.86 ticks, tree = 0.01 MB, solutions = 2)

Clique cuts applied:  236
Cover cuts applied:  4
Mixed integer rounding cuts applied:  18
Zero-half cuts applied:  8
Lift and project cuts applied:  1
Gomory fractional cuts applied:  1

Root node processing (before b&c):
  Real time             =    0.22 sec. (129.00 ticks)
Parallel b&c, 4 threads:
  Real time             =    0.00 sec. (0.00 ticks)
  Sync time (average)   =    0.00 sec.
  Wait time (average)   =    0.00 sec.
                          ------------
Total (root+branch&cut) =    0.22 sec. (129.00 ticks)
