CPXPARAM_Read_DataCheck                          1
Found incumbent of value 0.000000 after 0.00 sec. (0.05 ticks)
Tried aggregator 1 time.
MIP Presolve modified 6 coefficients.
Reduced MIP has 231 rows, 2010 columns, and 10040 nonzeros.
Reduced MIP has 2010 binaries, 0 generals, 0 SOSs, and 0 indicators.
Presolve time = 0.00 sec. (3.70 ticks)
Probing time = 0.00 sec. (1.60 ticks)
Tried aggregator 1 time.
Reduced MIP has 231 rows, 2010 columns, and 10040 nonzeros.
Reduced MIP has 2010 binaries, 0 generals, 0 SOSs, and 0 indicators.
Presolve time = 0.01 sec. (4.21 ticks)
Probing time = 0.00 sec. (1.61 ticks)
Clique table members: 3472.
MIP emphasis: balance optimality and feasibility.
MIP search method: dynamic search.
Parallel mode: deterministic, using up to 4 threads.
Root relaxation solution time = 0.02 sec. (6.78 ticks)

        Nodes                                         Cuts/
   Node  Left     Objective  IInf  Best Integer    Best Bound    ItCnt     Gap

*     0+    0                            0.0000    12123.0000              --- 
      0     0     6238.4195    12        0.0000     6238.4195      506     --- 
      0     0     4747.4045   206        0.0000     Cuts: 157     1273     --- 
*     0+    0                         3710.0000     4747.4045            27.96%
      0     0        cutoff           3710.0000     3710.0000     1854    0.00%
Elapsed time = 0.26 sec. (165.53 ticks, tree = 0.01 MB, solutions = 2)

Clique cuts applied:  256
Cover cuts applied:  4
Mixed integer rounding cuts applied:  18
Zero-half cuts applied:  9

Root node processing (before b&c):
  Real time             =    0.26 sec. (165.66 ticks)
Parallel b&c, 4 threads:
  Real time             =    0.00 sec. (0.00 ticks)
  Sync time (average)   =    0.00 sec.
  Wait time (average)   =    0.00 sec.
                          ------------
Total (root+branch&cut) =    0.26 sec. (165.66 ticks)
