CPXPARAM_Read_DataCheck                          1
Found incumbent of value 0.000000 after 0.00 sec. (0.05 ticks)
Tried aggregator 1 time.
MIP Presolve modified 5 coefficients.
Reduced MIP has 231 rows, 2010 columns, and 10040 nonzeros.
Reduced MIP has 2010 binaries, 0 generals, 0 SOSs, and 0 indicators.
Presolve time = 0.00 sec. (3.70 ticks)
Probing time = 0.00 sec. (1.60 ticks)
Tried aggregator 1 time.
Reduced MIP has 231 rows, 2010 columns, and 10040 nonzeros.
Reduced MIP has 2010 binaries, 0 generals, 0 SOSs, and 0 indicators.
Presolve time = 0.02 sec. (4.21 ticks)
Probing time = 0.00 sec. (1.61 ticks)
Clique table members: 3472.
MIP emphasis: balance optimality and feasibility.
MIP search method: dynamic search.
Parallel mode: deterministic, using up to 4 threads.
Root relaxation solution time = 0.01 sec. (6.98 ticks)

        Nodes                                         Cuts/
   Node  Left     Objective  IInf  Best Integer    Best Bound    ItCnt     Gap

*     0+    0                            0.0000    12362.0000              --- 
      0     0     5846.7284    11        0.0000     5846.7284      527     --- 
      0     0     4790.1849   201        0.0000     Cuts: 157     1083     --- 
*     0+    0                         3827.0000     4790.1849            25.17%
      0     0        cutoff           3827.0000     3827.0000     1659    0.00%
Elapsed time = 0.27 sec. (162.45 ticks, tree = 0.01 MB, solutions = 2)

Clique cuts applied:  256
Cover cuts applied:  1
Mixed integer rounding cuts applied:  21
Zero-half cuts applied:  7

Root node processing (before b&c):
  Real time             =    0.27 sec. (162.59 ticks)
Parallel b&c, 4 threads:
  Real time             =    0.00 sec. (0.00 ticks)
  Sync time (average)   =    0.00 sec.
  Wait time (average)   =    0.00 sec.
                          ------------
Total (root+branch&cut) =    0.27 sec. (162.59 ticks)
