CPXPARAM_Read_DataCheck                          1
Found incumbent of value 0.000000 after 0.00 sec. (0.05 ticks)
Tried aggregator 1 time.
MIP Presolve modified 1 coefficients.
Reduced MIP has 231 rows, 2010 columns, and 10040 nonzeros.
Reduced MIP has 2010 binaries, 0 generals, 0 SOSs, and 0 indicators.
Presolve time = 0.00 sec. (3.92 ticks)
Probing time = 0.01 sec. (1.59 ticks)
Tried aggregator 1 time.
Reduced MIP has 231 rows, 2010 columns, and 10040 nonzeros.
Reduced MIP has 2010 binaries, 0 generals, 0 SOSs, and 0 indicators.
Presolve time = 0.00 sec. (4.62 ticks)
Probing time = 0.00 sec. (1.75 ticks)
Clique table members: 3584.
MIP emphasis: balance optimality and feasibility.
MIP search method: dynamic search.
Parallel mode: deterministic, using up to 4 threads.
Root relaxation solution time = 0.00 sec. (7.38 ticks)

        Nodes                                         Cuts/
   Node  Left     Objective  IInf  Best Integer    Best Bound    ItCnt     Gap

*     0+    0                            0.0000    12473.0000              --- 
      0     0     2630.0697    12        0.0000     2630.0697      441     --- 
      0     0     2387.3417   201        0.0000     Cuts: 157      678     --- 
*     0+    0                         2261.0000     2387.3417             5.59%
      0     0     2316.8855   292     2261.0000     Cuts: 157      964    1.11%
      0     0     2288.8316   294     2261.0000      Cuts: 75     1144    1.11%
      0     0     2283.4314   354     2261.0000      Cuts: 50     1263    0.99%
      0     0     2280.8365   329     2261.0000      Cuts: 48     1328    0.88%
*     0+    0                         2263.0000     2280.8365             0.79%
      0     0        cutoff           2263.0000     2263.0000     1391    0.00%
Elapsed time = 0.38 sec. (262.67 ticks, tree = 0.01 MB, solutions = 3)

Clique cuts applied:  326
Cover cuts applied:  21
Flow cuts applied:  2
Mixed integer rounding cuts applied:  19
Zero-half cuts applied:  11

Root node processing (before b&c):
  Real time             =    0.38 sec. (262.82 ticks)
Parallel b&c, 4 threads:
  Real time             =    0.00 sec. (0.00 ticks)
  Sync time (average)   =    0.00 sec.
  Wait time (average)   =    0.00 sec.
                          ------------
Total (root+branch&cut) =    0.38 sec. (262.82 ticks)
