CPXPARAM_Read_DataCheck                          1
Found incumbent of value 0.000000 after 0.00 sec. (0.05 ticks)
Tried aggregator 1 time.
MIP Presolve modified 1 coefficients.
Reduced MIP has 231 rows, 2010 columns, and 10040 nonzeros.
Reduced MIP has 2010 binaries, 0 generals, 0 SOSs, and 0 indicators.
Presolve time = 0.00 sec. (3.90 ticks)
Probing time = 0.01 sec. (1.57 ticks)
Tried aggregator 1 time.
Reduced MIP has 231 rows, 2010 columns, and 10040 nonzeros.
Reduced MIP has 2010 binaries, 0 generals, 0 SOSs, and 0 indicators.
Presolve time = 0.00 sec. (4.64 ticks)
Probing time = 0.00 sec. (1.74 ticks)
Clique table members: 3577.
MIP emphasis: balance optimality and feasibility.
MIP search method: dynamic search.
Parallel mode: deterministic, using up to 4 threads.
Root relaxation solution time = 0.00 sec. (6.86 ticks)

        Nodes                                         Cuts/
   Node  Left     Objective  IInf  Best Integer    Best Bound    ItCnt     Gap

*     0+    0                            0.0000    12362.0000              --- 
      0     0     2842.7411    10        0.0000     2842.7411      389     --- 
      0     0     2579.1215   191        0.0000     Cuts: 157      692     --- 
*     0+    0                         2416.0000     2579.1215             6.75%
      0     0     2495.2665   353     2416.0000     Cuts: 157     1035    3.28%
      0     0     2465.4037   373     2416.0000     Cuts: 105     1312    2.04%
*     0+    0                         2430.0000     2465.4037             1.46%
      0     0        cutoff           2430.0000     2430.0000     1459    0.00%
Elapsed time = 0.51 sec. (297.97 ticks, tree = 0.01 MB, solutions = 3)

Clique cuts applied:  329
Cover cuts applied:  20
Mixed integer rounding cuts applied:  26
Zero-half cuts applied:  2
Lift and project cuts applied:  2

Root node processing (before b&c):
  Real time             =    0.51 sec. (298.12 ticks)
Parallel b&c, 4 threads:
  Real time             =    0.00 sec. (0.00 ticks)
  Sync time (average)   =    0.00 sec.
  Wait time (average)   =    0.00 sec.
                          ------------
Total (root+branch&cut) =    0.51 sec. (298.12 ticks)
