CPXPARAM_Read_DataCheck                          1
Found incumbent of value 0.000000 after 0.00 sec. (0.13 ticks)
Tried aggregator 1 time.
MIP Presolve modified 1 coefficients.
Reduced MIP has 1017 rows, 5005 columns, and 25017 nonzeros.
Reduced MIP has 5005 binaries, 0 generals, 0 SOSs, and 0 indicators.
Presolve time = 0.02 sec. (8.96 ticks)
Probing time = 0.02 sec. (6.24 ticks)
Tried aggregator 1 time.
Reduced MIP has 1017 rows, 5005 columns, and 25017 nonzeros.
Reduced MIP has 5005 binaries, 0 generals, 0 SOSs, and 0 indicators.
Presolve time = 0.02 sec. (10.83 ticks)
Probing time = 0.00 sec. (5.69 ticks)
Clique table members: 17564.
MIP emphasis: balance optimality and feasibility.
MIP search method: dynamic search.
Parallel mode: deterministic, using up to 4 threads.
Root relaxation solution time = 0.03 sec. (39.55 ticks)

        Nodes                                         Cuts/
   Node  Left     Objective  IInf  Best Integer    Best Bound    ItCnt     Gap

*     0+    0                            0.0000    31000.0000              --- 
      0     0    17306.0110     5        0.0000    17306.0110     1441     --- 
*     0+    0                         3646.0000    17306.0110           374.66%
*     0+    0                        10017.0000    17306.0110            72.77%
      0     0        cutoff          10017.0000    10017.0000     1453    0.00%
Elapsed time = 0.53 sec. (309.57 ticks, tree = 0.01 MB, solutions = 3)

Clique cuts applied:  354

Root node processing (before b&c):
  Real time             =    0.53 sec. (309.93 ticks)
Parallel b&c, 4 threads:
  Real time             =    0.00 sec. (0.00 ticks)
  Sync time (average)   =    0.00 sec.
  Wait time (average)   =    0.00 sec.
                          ------------
Total (root+branch&cut) =    0.53 sec. (309.93 ticks)
