CPXPARAM_Read_DataCheck                          1
Found incumbent of value 0.000000 after 0.00 sec. (0.13 ticks)
Tried aggregator 1 time.
MIP Presolve modified 1 coefficients.
Reduced MIP has 1017 rows, 5005 columns, and 25017 nonzeros.
Reduced MIP has 5005 binaries, 0 generals, 0 SOSs, and 0 indicators.
Presolve time = 0.02 sec. (10.50 ticks)
Probing time = 0.02 sec. (5.56 ticks)
Tried aggregator 1 time.
Reduced MIP has 1017 rows, 5005 columns, and 25017 nonzeros.
Reduced MIP has 5005 binaries, 0 generals, 0 SOSs, and 0 indicators.
Presolve time = 0.00 sec. (12.42 ticks)
Probing time = 0.02 sec. (5.50 ticks)
Clique table members: 16064.
MIP emphasis: balance optimality and feasibility.
MIP search method: dynamic search.
Parallel mode: deterministic, using up to 4 threads.
Root relaxation solution time = 0.05 sec. (46.58 ticks)

        Nodes                                         Cuts/
   Node  Left     Objective  IInf  Best Integer    Best Bound    ItCnt     Gap

*     0+    0                            0.0000    30794.0000              --- 
*     0+    0                         4343.0000    30794.0000           609.05%
*     0+    0                         4531.0000    30794.0000           579.63%
      0     0    10669.1520     5     4531.0000    10669.1520     1374  135.47%
*     0+    0                         7130.0000    10669.1520            49.64%
      0     0     9244.5312   385     7130.0000     Cuts: 354     2013   15.63%
      0     0        cutoff           7130.0000     7130.0000     2844    0.00%
Elapsed time = 0.89 sec. (651.91 ticks, tree = 0.01 MB, solutions = 4)

Clique cuts applied:  530
Cover cuts applied:  4
Implied bound cuts applied:  4
Mixed integer rounding cuts applied:  3
Zero-half cuts applied:  5

Root node processing (before b&c):
  Real time             =    0.89 sec. (652.33 ticks)
Parallel b&c, 4 threads:
  Real time             =    0.00 sec. (0.00 ticks)
  Sync time (average)   =    0.00 sec.
  Wait time (average)   =    0.00 sec.
                          ------------
Total (root+branch&cut) =    0.89 sec. (652.33 ticks)
