CPXPARAM_Read_DataCheck                          1
Found incumbent of value 0.000000 after 0.00 sec. (0.13 ticks)
Tried aggregator 1 time.
MIP Presolve modified 1 coefficients.
Reduced MIP has 1017 rows, 5005 columns, and 25017 nonzeros.
Reduced MIP has 5005 binaries, 0 generals, 0 SOSs, and 0 indicators.
Presolve time = 0.02 sec. (10.51 ticks)
Probing time = 0.02 sec. (5.46 ticks)
Tried aggregator 1 time.
Reduced MIP has 1017 rows, 5005 columns, and 25017 nonzeros.
Reduced MIP has 5005 binaries, 0 generals, 0 SOSs, and 0 indicators.
Presolve time = 0.02 sec. (12.43 ticks)
Probing time = 0.02 sec. (5.21 ticks)
Clique table members: 16064.
MIP emphasis: balance optimality and feasibility.
MIP search method: dynamic search.
Parallel mode: deterministic, using up to 4 threads.
Root relaxation solution time = 0.05 sec. (41.24 ticks)

        Nodes                                         Cuts/
   Node  Left     Objective  IInf  Best Integer    Best Bound    ItCnt     Gap

*     0+    0                            0.0000    30965.0000              --- 
*     0+    0                         5551.0000    30965.0000           457.83%
      0     0    10673.6610     5     5551.0000    10673.6610     1325   92.28%
*     0+    0                         7469.0000    10673.6610            42.91%
      0     0        cutoff           7469.0000     7469.0000     1820    0.00%
Elapsed time = 0.39 sec. (246.71 ticks, tree = 0.01 MB, solutions = 3)

Clique cuts applied:  345
Cover cuts applied:  2
Implied bound cuts applied:  2
Zero-half cuts applied:  5

Root node processing (before b&c):
  Real time             =    0.39 sec. (247.08 ticks)
Parallel b&c, 4 threads:
  Real time             =    0.00 sec. (0.00 ticks)
  Sync time (average)   =    0.00 sec.
  Wait time (average)   =    0.00 sec.
                          ------------
Total (root+branch&cut) =    0.39 sec. (247.08 ticks)
