CPXPARAM_Read_DataCheck                          1
Found incumbent of value 0.000000 after 0.00 sec. (0.08 ticks)
Tried aggregator 1 time.
MIP Presolve eliminated 7 rows and 0 columns.
MIP Presolve modified 404 coefficients.
Reduced MIP has 324 rows, 3010 columns, and 12930 nonzeros.
Reduced MIP has 3010 binaries, 0 generals, 0 SOSs, and 0 indicators.
Presolve time = 0.00 sec. (7.78 ticks)
Tried aggregator 1 time.
Reduced MIP has 324 rows, 3010 columns, and 12930 nonzeros.
Reduced MIP has 3010 binaries, 0 generals, 0 SOSs, and 0 indicators.
Presolve time = 0.00 sec. (5.57 ticks)
Probing time = 0.02 sec. (1.75 ticks)
Clique table members: 3000.
MIP emphasis: balance optimality and feasibility.
MIP search method: dynamic search.
Parallel mode: deterministic, using up to 4 threads.
Root relaxation solution time = 0.00 sec. (9.43 ticks)

        Nodes                                         Cuts/
   Node  Left     Objective  IInf  Best Integer    Best Bound    ItCnt     Gap

*     0+    0                            0.0000    18469.0000              --- 
*     0+    0                         1063.0000    18469.0000              --- 
      0     0     9959.4788    10     1063.0000     9959.4788      597  836.92%
*     0+    0                         5794.0000     9959.4788            71.89%
      0     0     8109.5852   229     5794.0000     Cuts: 181     1595   39.97%
      0     0     7454.5158   424     5794.0000     Cuts: 181     2187   18.93%
      0     0        cutoff           5794.0000     5794.0000     2742    0.00%
Elapsed time = 0.63 sec. (347.32 ticks, tree = 0.01 MB, solutions = 3)

Clique cuts applied:  448
Cover cuts applied:  3
Mixed integer rounding cuts applied:  18
Zero-half cuts applied:  9

Root node processing (before b&c):
  Real time             =    0.63 sec. (347.54 ticks)
Parallel b&c, 4 threads:
  Real time             =    0.00 sec. (0.00 ticks)
  Sync time (average)   =    0.00 sec.
  Wait time (average)   =    0.00 sec.
                          ------------
Total (root+branch&cut) =    0.63 sec. (347.54 ticks)
