CPXPARAM_Read_DataCheck                          1
Found incumbent of value 0.000000 after 0.00 sec. (0.08 ticks)
Tried aggregator 1 time.
MIP Presolve eliminated 4 rows and 0 columns.
MIP Presolve modified 1 coefficients.
Reduced MIP has 327 rows, 3010 columns, and 13830 nonzeros.
Reduced MIP has 3010 binaries, 0 generals, 0 SOSs, and 0 indicators.
Presolve time = 0.02 sec. (5.22 ticks)
Tried aggregator 1 time.
Reduced MIP has 327 rows, 3010 columns, and 13830 nonzeros.
Reduced MIP has 3010 binaries, 0 generals, 0 SOSs, and 0 indicators.
Presolve time = 0.00 sec. (5.86 ticks)
Probing time = 0.00 sec. (1.77 ticks)
Clique table members: 3000.
MIP emphasis: balance optimality and feasibility.
MIP search method: dynamic search.
Parallel mode: deterministic, using up to 4 threads.
Root relaxation solution time = 0.02 sec. (13.79 ticks)

        Nodes                                         Cuts/
   Node  Left     Objective  IInf  Best Integer    Best Bound    ItCnt     Gap

*     0+    0                            0.0000    18389.0000              --- 
      0     0     9796.0767    14        0.0000     9796.0767      705     --- 
*     0+    0                         3861.0000     9796.0767           153.72%
      0     0        cutoff           3861.0000     3861.0000     1975    0.00%
Elapsed time = 0.22 sec. (150.70 ticks, tree = 0.01 MB, solutions = 2)

Clique cuts applied:  150
Cover cuts applied:  2
Implied bound cuts applied:  1
Mixed integer rounding cuts applied:  11
Zero-half cuts applied:  8
Gomory fractional cuts applied:  9

Root node processing (before b&c):
  Real time             =    0.22 sec. (150.91 ticks)
Parallel b&c, 4 threads:
  Real time             =    0.00 sec. (0.00 ticks)
  Sync time (average)   =    0.00 sec.
  Wait time (average)   =    0.00 sec.
                          ------------
Total (root+branch&cut) =    0.22 sec. (150.91 ticks)
