CPXPARAM_Read_DataCheck                          1
Found incumbent of value 0.000000 after 0.00 sec. (2.56 ticks)
Tried aggregator 1 time.
MIP Presolve modified 1 coefficients.
Reduced MIP has 10033 rows, 100010 columns, and 500034 nonzeros.
Reduced MIP has 100010 binaries, 0 generals, 0 SOSs, and 0 indicators.
Presolve time = 0.31 sec. (204.35 ticks)
Tried aggregator 1 time.
Reduced MIP has 10033 rows, 100010 columns, and 500034 nonzeros.
Reduced MIP has 100010 binaries, 0 generals, 0 SOSs, and 0 indicators.
Presolve time = 0.42 sec. (241.77 ticks)
Probing time = 0.30 sec. (53.32 ticks)
Clique table members: 330137.
MIP emphasis: balance optimality and feasibility.
MIP search method: dynamic search.
Parallel mode: deterministic, using up to 4 threads.
Root relaxation solution time = 1.41 sec. (878.73 ticks)

        Nodes                                         Cuts/
   Node  Left     Objective  IInf  Best Integer    Best Bound    ItCnt     Gap

*     0+    0                            0.0000   619886.0000              --- 
      0     0   174851.6682    10        0.0000   174851.6682       16     --- 
*     0+    0                        19642.0000   174851.6682           790.19%
*     0+    0                       123086.0000   174851.6682            42.06%
      0     0   152027.8483  4987   123086.0000    Cuts: 2608     9485   23.51%
      0     0   144699.9193  5798   123086.0000    Cuts: 2608    16817   17.56%
      0     0   141407.2946  7684   123086.0000    Cuts: 2608    23408   14.88%
      0     0   137580.8030 11273   123086.0000    Cuts: 2608    30760   11.78%
      0     0   134148.4006 14731   123086.0000    Cuts: 2608    38450    8.99%
      0     0        cutoff         123086.0000   123086.0000    47993    0.00%
Elapsed time = 313.59 sec. (162002.22 ticks, tree = 0.01 MB, solutions = 3)

Clique cuts applied:  11274
Cover cuts applied:  4
Implied bound cuts applied:  1
Mixed integer rounding cuts applied:  113
Zero-half cuts applied:  1

Root node processing (before b&c):
  Real time             =  313.64 sec. (162009.56 ticks)
Parallel b&c, 4 threads:
  Real time             =    0.00 sec. (0.00 ticks)
  Sync time (average)   =    0.00 sec.
  Wait time (average)   =    0.00 sec.
                          ------------
Total (root+branch&cut) =  313.64 sec. (162009.56 ticks)
