CPXPARAM_Read_DataCheck                          1
Found incumbent of value 0.000000 after 0.00 sec. (2.56 ticks)
Tried aggregator 1 time.
MIP Presolve eliminated 4 rows and 0 columns.
MIP Presolve modified 1 coefficients.
Reduced MIP has 10029 rows, 100010 columns, and 460034 nonzeros.
Reduced MIP has 100010 binaries, 0 generals, 0 SOSs, and 0 indicators.
Presolve time = 0.27 sec. (178.06 ticks)
Tried aggregator 1 time.
Reduced MIP has 10029 rows, 100010 columns, and 460034 nonzeros.
Reduced MIP has 100010 binaries, 0 generals, 0 SOSs, and 0 indicators.
Presolve time = 0.38 sec. (199.30 ticks)
Probing time = 0.27 sec. (55.39 ticks)
Clique table members: 330077.
MIP emphasis: balance optimality and feasibility.
MIP search method: dynamic search.
Parallel mode: deterministic, using up to 4 threads.
Root relaxation solution time = 1.41 sec. (852.35 ticks)

        Nodes                                         Cuts/
   Node  Left     Objective  IInf  Best Integer    Best Bound    ItCnt     Gap

*     0+    0                            0.0000   622176.0000              --- 
*     0+    0                        15183.0000   622176.0000              --- 
      0     0   343517.3827    10    15183.0000   343517.3827       17     --- 
*     0+    0                       208783.0000   343517.3827            64.53%
      0     0        cutoff         208783.0000   208783.0000       34    0.00%
Elapsed time = 100.34 sec. (42204.87 ticks, tree = 0.01 MB, solutions = 3)

Clique cuts applied:  2607

Root node processing (before b&c):
  Real time             =  100.36 sec. (42211.81 ticks)
Parallel b&c, 4 threads:
  Real time             =    0.00 sec. (0.00 ticks)
  Sync time (average)   =    0.00 sec.
  Wait time (average)   =    0.00 sec.
                          ------------
Total (root+branch&cut) =  100.36 sec. (42211.81 ticks)
