CPXPARAM_Read_DataCheck                          1
Found incumbent of value 0.000000 after 0.00 sec. (0.26 ticks)
Tried aggregator 1 time.
MIP Presolve eliminated 5 rows and 0 columns.
MIP Presolve modified 1 coefficients.
Reduced MIP has 1028 rows, 10010 columns, and 45034 nonzeros.
Reduced MIP has 10010 binaries, 0 generals, 0 SOSs, and 0 indicators.
Presolve time = 0.03 sec. (17.85 ticks)
Tried aggregator 1 time.
Reduced MIP has 1028 rows, 10010 columns, and 45034 nonzeros.
Reduced MIP has 10010 binaries, 0 generals, 0 SOSs, and 0 indicators.
Presolve time = 0.03 sec. (19.81 ticks)
Probing time = 0.03 sec. (6.33 ticks)
Clique table members: 32577.
MIP emphasis: balance optimality and feasibility.
MIP search method: dynamic search.
Parallel mode: deterministic, using up to 4 threads.
Root relaxation solution time = 0.08 sec. (86.61 ticks)

        Nodes                                         Cuts/
   Node  Left     Objective  IInf  Best Integer    Best Bound    ItCnt     Gap

*     0+    0                            0.0000    61823.0000              --- 
      0     0    33652.2460    10        0.0000    33652.2460     2032     --- 
*     0+    0                        12552.0000    33652.2460           168.10%
      0     0        cutoff          12552.0000    12552.0000     2051    0.00%
Elapsed time = 1.72 sec. (807.58 ticks, tree = 0.01 MB, solutions = 2)

Clique cuts applied:  357

Root node processing (before b&c):
  Real time             =    1.73 sec. (808.21 ticks)
Parallel b&c, 4 threads:
  Real time             =    0.00 sec. (0.00 ticks)
  Sync time (average)   =    0.00 sec.
  Wait time (average)   =    0.00 sec.
                          ------------
Total (root+branch&cut) =    1.73 sec. (808.21 ticks)
