CPXPARAM_Read_DataCheck                          1
Found incumbent of value 0.000000 after 0.00 sec. (0.26 ticks)
Tried aggregator 1 time.
MIP Presolve modified 1 coefficients.
Reduced MIP has 1033 rows, 10010 columns, and 50034 nonzeros.
Reduced MIP has 10010 binaries, 0 generals, 0 SOSs, and 0 indicators.
Presolve time = 0.02 sec. (19.66 ticks)
Tried aggregator 1 time.
Reduced MIP has 1033 rows, 10010 columns, and 50034 nonzeros.
Reduced MIP has 10010 binaries, 0 generals, 0 SOSs, and 0 indicators.
Presolve time = 0.03 sec. (23.39 ticks)
Probing time = 0.02 sec. (7.27 ticks)
Clique table members: 33021.
MIP emphasis: balance optimality and feasibility.
MIP search method: dynamic search.
Parallel mode: deterministic, using up to 4 threads.
Root relaxation solution time = 0.08 sec. (124.72 ticks)

        Nodes                                         Cuts/
   Node  Left     Objective  IInf  Best Integer    Best Bound    ItCnt     Gap

*     0+    0                            0.0000    62075.0000              --- 
      0     0    17338.9987    12        0.0000    17338.9987     1821     --- 
*     0+    0                         7360.0000    17338.9987           135.58%
      0     0    14965.9431    28     7360.0000     Cuts: 358     3055  103.34%
*     0+    0                        11426.0000    14965.9431            30.98%
      0     0    13693.3299   428    11426.0000     Cuts: 358     4719   18.60%
      0     0        cutoff          11426.0000    11426.0000     5302    0.00%
Elapsed time = 2.17 sec. (1294.98 ticks, tree = 0.01 MB, solutions = 3)

Clique cuts applied:  584
Cover cuts applied:  1
Implied bound cuts applied:  13
Mixed integer rounding cuts applied:  16
Zero-half cuts applied:  14

Root node processing (before b&c):
  Real time             =    2.17 sec. (1295.74 ticks)
Parallel b&c, 4 threads:
  Real time             =    0.00 sec. (0.00 ticks)
  Sync time (average)   =    0.00 sec.
  Wait time (average)   =    0.00 sec.
                          ------------
Total (root+branch&cut) =    2.17 sec. (1295.74 ticks)
