CPXPARAM_Read_DataCheck                          1
Found incumbent of value 0.000000 after 0.00 sec. (0.08 ticks)
Tried aggregator 1 time.
MIP Presolve eliminated 6 rows and 0 columns.
MIP Presolve modified 1 coefficients.
Reduced MIP has 243 rows, 3015 columns, and 13851 nonzeros.
Reduced MIP has 3015 binaries, 0 generals, 0 SOSs, and 0 indicators.
Presolve time = 0.00 sec. (5.40 ticks)
Tried aggregator 1 time.
Reduced MIP has 243 rows, 3015 columns, and 13851 nonzeros.
Reduced MIP has 3015 binaries, 0 generals, 0 SOSs, and 0 indicators.
Presolve time = 0.02 sec. (6.02 ticks)
Probing time = 0.02 sec. (1.90 ticks)
Clique table members: 8602.
MIP emphasis: balance optimality and feasibility.
MIP search method: dynamic search.
Parallel mode: deterministic, using up to 4 threads.
Root relaxation solution time = 0.02 sec. (14.74 ticks)

        Nodes                                         Cuts/
   Node  Left     Objective  IInf  Best Integer    Best Bound    ItCnt     Gap

*     0+    0                            0.0000    18425.0000              --- 
*     0+    0                          554.0000    18425.0000              --- 
      0     0    10065.0200    15      554.0000    10065.0200      826     --- 
      0     0    10040.3900    16      554.0000  Cliques: 160      842     --- 
*     0+    0                         3252.0000    10040.3900           208.75%
      0     0        cutoff           3252.0000     3252.0000     1186    0.00%
Elapsed time = 0.22 sec. (152.29 ticks, tree = 0.01 MB, solutions = 3)

Clique cuts applied:  309
Mixed integer rounding cuts applied:  1
Zero-half cuts applied:  6

Root node processing (before b&c):
  Real time             =    0.23 sec. (152.50 ticks)
Parallel b&c, 4 threads:
  Real time             =    0.00 sec. (0.00 ticks)
  Sync time (average)   =    0.00 sec.
  Wait time (average)   =    0.00 sec.
                          ------------
Total (root+branch&cut) =    0.23 sec. (152.50 ticks)
