CPXPARAM_Read_DataCheck                          1
Found incumbent of value 0.000000 after 0.00 sec. (0.52 ticks)
Tried aggregator 1 time.
MIP Presolve modified 6 coefficients.
Reduced MIP has 2031 rows, 20010 columns, and 100040 nonzeros.
Reduced MIP has 20010 binaries, 0 generals, 0 SOSs, and 0 indicators.
Presolve time = 0.05 sec. (35.79 ticks)
Tried aggregator 1 time.
Reduced MIP has 2031 rows, 20010 columns, and 100040 nonzeros.
Reduced MIP has 20010 binaries, 0 generals, 0 SOSs, and 0 indicators.
Presolve time = 0.05 sec. (40.88 ticks)
Probing time = 0.02 sec. (6.07 ticks)
Clique table members: 39497.
MIP emphasis: balance optimality and feasibility.
MIP search method: dynamic search.
Parallel mode: deterministic, using up to 4 threads.
Root relaxation solution time = 0.31 sec. (363.22 ticks)

        Nodes                                         Cuts/
   Node  Left     Objective  IInf  Best Integer    Best Bound    ItCnt     Gap

*     0+    0                            0.0000   124598.0000              --- 
      0     0    59284.4964    17        0.0000    59284.4964     5862     --- 
*     0+    0                        30105.0000    59284.4964            96.93%
      0     0        cutoff          30105.0000    30105.0000    10451    0.00%
Elapsed time = 5.88 sec. (4145.28 ticks, tree = 0.01 MB, solutions = 2)

Clique cuts applied:  596
Mixed integer rounding cuts applied:  10
Gomory fractional cuts applied:  1

Root node processing (before b&c):
  Real time             =    5.88 sec. (4146.59 ticks)
Parallel b&c, 4 threads:
  Real time             =    0.00 sec. (0.00 ticks)
  Sync time (average)   =    0.00 sec.
  Wait time (average)   =    0.00 sec.
                          ------------
Total (root+branch&cut) =    5.88 sec. (4146.59 ticks)
