CPXPARAM_Read_DataCheck                          1
Found incumbent of value 0.000000 after 0.00 sec. (0.52 ticks)
Tried aggregator 1 time.
MIP Presolve modified 1 coefficients.
Reduced MIP has 2031 rows, 20010 columns, and 100040 nonzeros.
Reduced MIP has 20010 binaries, 0 generals, 0 SOSs, and 0 indicators.
Presolve time = 0.05 sec. (39.02 ticks)
Tried aggregator 1 time.
Reduced MIP has 2031 rows, 20010 columns, and 100040 nonzeros.
Reduced MIP has 20010 binaries, 0 generals, 0 SOSs, and 0 indicators.
Presolve time = 0.06 sec. (46.35 ticks)
Probing time = 0.02 sec. (5.60 ticks)
Clique table members: 40489.
MIP emphasis: balance optimality and feasibility.
MIP search method: dynamic search.
Parallel mode: deterministic, using up to 4 threads.
Root relaxation solution time = 0.22 sec. (274.82 ticks)

        Nodes                                         Cuts/
   Node  Left     Objective  IInf  Best Integer    Best Bound    ItCnt     Gap

*     0+    0                            0.0000   124598.0000              --- 
      0     0    29325.5188    12        0.0000    29325.5188       16     --- 
*     0+    0                        25332.0000    29325.5188            15.76%
      0     0    27674.5128  1091    25332.0000     Cuts: 607     1677    9.25%
*     0+    0                        25718.0000    27674.5128             7.61%
      0     0    27031.8485  1457    25718.0000     Cuts: 607     2984    2.58%
      0     0        cutoff          25718.0000    25718.0000     4731    0.00%
Elapsed time = 7.89 sec. (5622.85 ticks, tree = 0.01 MB, solutions = 3)

Clique cuts applied:  1653
Cover cuts applied:  3
Mixed integer rounding cuts applied:  17
Gomory fractional cuts applied:  1

Root node processing (before b&c):
  Real time             =    7.89 sec. (5624.33 ticks)
Parallel b&c, 4 threads:
  Real time             =    0.00 sec. (0.00 ticks)
  Sync time (average)   =    0.00 sec.
  Wait time (average)   =    0.00 sec.
                          ------------
Total (root+branch&cut) =    7.89 sec. (5624.33 ticks)
