CPXPARAM_Read_DataCheck                          1
Found incumbent of value 0.000000 after 0.00 sec. (0.52 ticks)
Tried aggregator 1 time.
MIP Presolve modified 7 coefficients.
Reduced MIP has 2031 rows, 20010 columns, and 100040 nonzeros.
Reduced MIP has 20010 binaries, 0 generals, 0 SOSs, and 0 indicators.
Presolve time = 0.05 sec. (35.81 ticks)
Tried aggregator 1 time.
Reduced MIP has 2031 rows, 20010 columns, and 100040 nonzeros.
Reduced MIP has 20010 binaries, 0 generals, 0 SOSs, and 0 indicators.
Presolve time = 0.05 sec. (40.91 ticks)
Probing time = 0.01 sec. (6.07 ticks)
Clique table members: 39497.
MIP emphasis: balance optimality and feasibility.
MIP search method: dynamic search.
Parallel mode: deterministic, using up to 4 threads.
Root relaxation solution time = 0.22 sec. (327.42 ticks)

        Nodes                                         Cuts/
   Node  Left     Objective  IInf  Best Integer    Best Bound    ItCnt     Gap

*     0+    0                            0.0000   123073.0000              --- 
      0     0    58395.3096    12        0.0000    58395.3096     5450     --- 
*     0+    0                        34331.0000    58395.3096            70.09%
      0     0        cutoff          34331.0000    34331.0000     9127    0.00%
Elapsed time = 5.75 sec. (3555.35 ticks, tree = 0.01 MB, solutions = 2)

Clique cuts applied:  585
Cover cuts applied:  2
Mixed integer rounding cuts applied:  14
Gomory fractional cuts applied:  6

Root node processing (before b&c):
  Real time             =    5.75 sec. (3556.70 ticks)
Parallel b&c, 4 threads:
  Real time             =    0.00 sec. (0.00 ticks)
  Sync time (average)   =    0.00 sec.
  Wait time (average)   =    0.00 sec.
                          ------------
Total (root+branch&cut) =    5.75 sec. (3556.70 ticks)
