CPXPARAM_Read_DataCheck                          1
Found incumbent of value 0.000000 after 0.00 sec. (0.13 ticks)
Tried aggregator 1 time.
MIP Presolve modified 1 coefficients.
Reduced MIP has 1016 rows, 5005 columns, and 25015 nonzeros.
Reduced MIP has 5005 binaries, 0 generals, 0 SOSs, and 0 indicators.
Presolve time = 0.00 sec. (8.62 ticks)
Probing time = 0.02 sec. (2.48 ticks)
Tried aggregator 1 time.
Reduced MIP has 1016 rows, 5005 columns, and 25015 nonzeros.
Reduced MIP has 5005 binaries, 0 generals, 0 SOSs, and 0 indicators.
Presolve time = 0.02 sec. (10.54 ticks)
Probing time = 0.00 sec. (2.48 ticks)
Clique table members: 5000.
MIP emphasis: balance optimality and feasibility.
MIP search method: dynamic search.
Parallel mode: deterministic, using up to 4 threads.
Root relaxation solution time = 0.03 sec. (37.87 ticks)

        Nodes                                         Cuts/
   Node  Left     Objective  IInf  Best Integer    Best Bound    ItCnt     Gap

*     0+    0                            0.0000    31031.0000              --- 
*     0+    0                         8016.0000    31031.0000           287.11%
      0     0    17228.9110     5     8016.0000    17228.9110     1402  114.93%
*     0+    0                        10266.0000    17228.9110            67.82%
      0     0        cutoff          10266.0000    10266.0000     2868    0.00%
Elapsed time = 0.47 sec. (358.48 ticks, tree = 0.01 MB, solutions = 3)

Clique cuts applied:  347
Cover cuts applied:  1
Mixed integer rounding cuts applied:  6

Root node processing (before b&c):
  Real time             =    0.47 sec. (358.85 ticks)
Parallel b&c, 4 threads:
  Real time             =    0.00 sec. (0.00 ticks)
  Sync time (average)   =    0.00 sec.
  Wait time (average)   =    0.00 sec.
                          ------------
Total (root+branch&cut) =    0.47 sec. (358.85 ticks)
