CPXPARAM_Read_DataCheck                          1
Found incumbent of value 0.000000 after 0.00 sec. (0.13 ticks)
Tried aggregator 1 time.
MIP Presolve modified 1 coefficients.
Reduced MIP has 1016 rows, 5005 columns, and 25015 nonzeros.
Reduced MIP has 5005 binaries, 0 generals, 0 SOSs, and 0 indicators.
Presolve time = 0.02 sec. (10.54 ticks)
Probing time = 0.00 sec. (2.26 ticks)
Tried aggregator 1 time.
Reduced MIP has 1016 rows, 5005 columns, and 25015 nonzeros.
Reduced MIP has 5005 binaries, 0 generals, 0 SOSs, and 0 indicators.
Presolve time = 0.02 sec. (12.43 ticks)
Probing time = 0.00 sec. (2.26 ticks)
Clique table members: 6000.
MIP emphasis: balance optimality and feasibility.
MIP search method: dynamic search.
Parallel mode: deterministic, using up to 4 threads.
Root relaxation solution time = 0.05 sec. (46.15 ticks)

        Nodes                                         Cuts/
   Node  Left     Objective  IInf  Best Integer    Best Bound    ItCnt     Gap

*     0+    0                            0.0000    30972.0000              --- 
*     0+    0                         6252.0000    30972.0000           395.39%
      0     0    10527.3920     5     6252.0000    10527.3920     1389   68.38%
*     0+    0                         7394.0000    10527.3920            42.38%
      0     0        cutoff           7394.0000     7394.0000     2007    0.00%
Elapsed time = 0.38 sec. (258.78 ticks, tree = 0.01 MB, solutions = 3)

Clique cuts applied:  348
Cover cuts applied:  4
Zero-half cuts applied:  2

Root node processing (before b&c):
  Real time             =    0.38 sec. (259.14 ticks)
Parallel b&c, 4 threads:
  Real time             =    0.00 sec. (0.00 ticks)
  Sync time (average)   =    0.00 sec.
  Wait time (average)   =    0.00 sec.
                          ------------
Total (root+branch&cut) =    0.38 sec. (259.14 ticks)
