CPXPARAM_Read_DataCheck                          1
Found incumbent of value 0.000000 after 0.00 sec. (0.13 ticks)
Tried aggregator 1 time.
MIP Presolve modified 1 coefficients.
Reduced MIP has 1016 rows, 5005 columns, and 25015 nonzeros.
Reduced MIP has 5005 binaries, 0 generals, 0 SOSs, and 0 indicators.
Presolve time = 0.02 sec. (10.52 ticks)
Probing time = 0.00 sec. (2.26 ticks)
Tried aggregator 1 time.
Reduced MIP has 1016 rows, 5005 columns, and 25015 nonzeros.
Reduced MIP has 5005 binaries, 0 generals, 0 SOSs, and 0 indicators.
Presolve time = 0.02 sec. (12.40 ticks)
Probing time = 0.00 sec. (2.26 ticks)
Clique table members: 6000.
MIP emphasis: balance optimality and feasibility.
MIP search method: dynamic search.
Parallel mode: deterministic, using up to 4 threads.
Root relaxation solution time = 0.05 sec. (47.07 ticks)

        Nodes                                         Cuts/
   Node  Left     Objective  IInf  Best Integer    Best Bound    ItCnt     Gap

*     0+    0                            0.0000    30794.0000              --- 
*     0+    0                         6149.0000    30794.0000           400.80%
      0     0    10669.1520     5     6149.0000    10669.1520     1377   73.51%
*     0+    0                         7130.0000    10669.1520            49.64%
      0     0     9505.7260   378     7130.0000     Cuts: 354     1979   27.97%
*     0+    0                         7286.0000     9123.9360            25.23%
      0     0        cutoff           7286.0000     7286.0000     2654    0.00%
Elapsed time = 0.81 sec. (575.30 ticks, tree = 0.01 MB, solutions = 4)

Clique cuts applied:  528
Cover cuts applied:  4
Implied bound cuts applied:  3
Mixed integer rounding cuts applied:  5
Zero-half cuts applied:  2

Root node processing (before b&c):
  Real time             =    0.81 sec. (575.70 ticks)
Parallel b&c, 4 threads:
  Real time             =    0.00 sec. (0.00 ticks)
  Sync time (average)   =    0.00 sec.
  Wait time (average)   =    0.00 sec.
                          ------------
Total (root+branch&cut) =    0.81 sec. (575.70 ticks)
