CPXPARAM_Read_DataCheck                          1
Found incumbent of value 0.000000 after 0.00 sec. (0.13 ticks)
Tried aggregator 1 time.
MIP Presolve modified 1 coefficients.
Reduced MIP has 1016 rows, 5005 columns, and 25015 nonzeros.
Reduced MIP has 5005 binaries, 0 generals, 0 SOSs, and 0 indicators.
Presolve time = 0.02 sec. (8.61 ticks)
Probing time = 0.00 sec. (2.43 ticks)
Tried aggregator 1 time.
Reduced MIP has 1016 rows, 5005 columns, and 25015 nonzeros.
Reduced MIP has 5005 binaries, 0 generals, 0 SOSs, and 0 indicators.
Presolve time = 0.02 sec. (10.53 ticks)
Probing time = 0.02 sec. (2.44 ticks)
Clique table members: 5000.
MIP emphasis: balance optimality and feasibility.
MIP search method: dynamic search.
Parallel mode: deterministic, using up to 4 threads.
Root relaxation solution time = 0.03 sec. (27.82 ticks)

        Nodes                                         Cuts/
   Node  Left     Objective  IInf  Best Integer    Best Bound    ItCnt     Gap

*     0+    0                            0.0000    30794.0000              --- 
*     0+    0                         4719.0000    30794.0000           552.55%
      0     0    18207.6680     5     4719.0000    18207.6680     1257  285.84%
*     0+    0                        11745.0000    18207.6680            55.02%
*     0+    0                        11864.0000    18207.6680            53.47%
      0     0        cutoff          11864.0000    11864.0000     2228    0.00%
Elapsed time = 0.55 sec. (323.05 ticks, tree = 0.01 MB, solutions = 4)

Clique cuts applied:  348
Cover cuts applied:  1
Mixed integer rounding cuts applied:  5

Root node processing (before b&c):
  Real time             =    0.55 sec. (323.45 ticks)
Parallel b&c, 4 threads:
  Real time             =    0.00 sec. (0.00 ticks)
  Sync time (average)   =    0.00 sec.
  Wait time (average)   =    0.00 sec.
                          ------------
Total (root+branch&cut) =    0.55 sec. (323.45 ticks)
