CPXPARAM_Read_DataCheck                          1
Found incumbent of value 0.000000 after 0.00 sec. (0.13 ticks)
Tried aggregator 1 time.
MIP Presolve modified 1 coefficients.
Reduced MIP has 1016 rows, 5005 columns, and 25015 nonzeros.
Reduced MIP has 5005 binaries, 0 generals, 0 SOSs, and 0 indicators.
Presolve time = 0.02 sec. (10.52 ticks)
Probing time = 0.02 sec. (2.26 ticks)
Tried aggregator 1 time.
Reduced MIP has 1016 rows, 5005 columns, and 25015 nonzeros.
Reduced MIP has 5005 binaries, 0 generals, 0 SOSs, and 0 indicators.
Presolve time = 0.00 sec. (12.40 ticks)
Probing time = 0.00 sec. (2.26 ticks)
Clique table members: 6000.
MIP emphasis: balance optimality and feasibility.
MIP search method: dynamic search.
Parallel mode: deterministic, using up to 4 threads.
Root relaxation solution time = 0.05 sec. (48.86 ticks)

        Nodes                                         Cuts/
   Node  Left     Objective  IInf  Best Integer    Best Bound    ItCnt     Gap

*     0+    0                            0.0000    30715.0000              --- 
*     0+    0                         3593.0000    30715.0000           754.86%
*     0+    0                         3994.0000    30715.0000           669.03%
*     0+    0                         4264.0000    30715.0000           620.33%
      0     0    10742.5717     7     4264.0000    10742.5717     1410  151.94%
*     0+    0                         7197.0000    10742.5717            49.26%
      0     0     9238.2157   347     7197.0000     Cuts: 354     2160   28.36%
*     0+    0                         7321.0000     9238.2157            26.19%
      0     0        cutoff           7321.0000     7321.0000     2832    0.00%
Elapsed time = 0.91 sec. (585.30 ticks, tree = 0.01 MB, solutions = 6)

Clique cuts applied:  516
Cover cuts applied:  2
Implied bound cuts applied:  1
Mixed integer rounding cuts applied:  6
Zero-half cuts applied:  2

Root node processing (before b&c):
  Real time             =    0.92 sec. (585.77 ticks)
Parallel b&c, 4 threads:
  Real time             =    0.00 sec. (0.00 ticks)
  Sync time (average)   =    0.00 sec.
  Wait time (average)   =    0.00 sec.
                          ------------
Total (root+branch&cut) =    0.92 sec. (585.77 ticks)
