CPXPARAM_Read_DataCheck                          1
Found incumbent of value 0.000000 after 0.00 sec. (0.13 ticks)
Tried aggregator 1 time.
MIP Presolve modified 1 coefficients.
Reduced MIP has 1016 rows, 5005 columns, and 25015 nonzeros.
Reduced MIP has 5005 binaries, 0 generals, 0 SOSs, and 0 indicators.
Presolve time = 0.02 sec. (10.53 ticks)
Probing time = 0.00 sec. (2.26 ticks)
Tried aggregator 1 time.
Reduced MIP has 1016 rows, 5005 columns, and 25015 nonzeros.
Reduced MIP has 5005 binaries, 0 generals, 0 SOSs, and 0 indicators.
Presolve time = 0.02 sec. (12.41 ticks)
Probing time = 0.00 sec. (2.26 ticks)
Clique table members: 6000.
MIP emphasis: balance optimality and feasibility.
MIP search method: dynamic search.
Parallel mode: deterministic, using up to 4 threads.
Root relaxation solution time = 0.05 sec. (41.37 ticks)

        Nodes                                         Cuts/
   Node  Left     Objective  IInf  Best Integer    Best Bound    ItCnt     Gap

*     0+    0                            0.0000    30965.0000              --- 
*     0+    0                         5619.0000    30965.0000           451.08%
      0     0    10673.6610     5     5619.0000    10673.6610     1296   89.96%
*     0+    0                         7597.0000    10673.6610            40.50%
      0     0        cutoff           7597.0000     7597.0000     2020    0.00%
Elapsed time = 0.38 sec. (260.92 ticks, tree = 0.01 MB, solutions = 3)

Clique cuts applied:  346
Cover cuts applied:  3
Zero-half cuts applied:  5

Root node processing (before b&c):
  Real time             =    0.38 sec. (261.28 ticks)
Parallel b&c, 4 threads:
  Real time             =    0.00 sec. (0.00 ticks)
  Sync time (average)   =    0.00 sec.
  Wait time (average)   =    0.00 sec.
                          ------------
Total (root+branch&cut) =    0.38 sec. (261.28 ticks)
