CPXPARAM_Read_DataCheck                          1
Found incumbent of value 0.000000 after 0.00 sec. (0.13 ticks)
Tried aggregator 1 time.
MIP Presolve eliminated 1 rows and 0 columns.
MIP Presolve modified 1 coefficients.
Reduced MIP has 1015 rows, 5005 columns, and 24015 nonzeros.
Reduced MIP has 5005 binaries, 0 generals, 0 SOSs, and 0 indicators.
Presolve time = 0.02 sec. (8.97 ticks)
Probing time = 0.00 sec. (2.47 ticks)
Tried aggregator 1 time.
Reduced MIP has 1015 rows, 5005 columns, and 24015 nonzeros.
Reduced MIP has 5005 binaries, 0 generals, 0 SOSs, and 0 indicators.
Presolve time = 0.02 sec. (10.18 ticks)
Probing time = 0.00 sec. (2.48 ticks)
Clique table members: 5000.
MIP emphasis: balance optimality and feasibility.
MIP search method: dynamic search.
Parallel mode: deterministic, using up to 4 threads.
Root relaxation solution time = 0.02 sec. (34.54 ticks)

        Nodes                                         Cuts/
   Node  Left     Objective  IInf  Best Integer    Best Bound    ItCnt     Gap

*     0+    0                            0.0000    30965.0000              --- 
*     0+    0                         2939.0000    30965.0000           953.59%
      0     0    16336.2170     5     2939.0000    16336.2170     1427  455.84%
*     0+    0                         6578.0000    16336.2170           148.35%
*     0+    0                        10309.0000    16336.2170            58.47%
      0     0        cutoff          10309.0000    10309.0000     2477    0.00%
Elapsed time = 0.53 sec. (342.86 ticks, tree = 0.01 MB, solutions = 4)

Clique cuts applied:  346
Cover cuts applied:  2
Mixed integer rounding cuts applied:  5

Root node processing (before b&c):
  Real time             =    0.55 sec. (343.25 ticks)
Parallel b&c, 4 threads:
  Real time             =    0.00 sec. (0.00 ticks)
  Sync time (average)   =    0.00 sec.
  Wait time (average)   =    0.00 sec.
                          ------------
Total (root+branch&cut) =    0.55 sec. (343.25 ticks)
