CPXPARAM_Read_DataCheck                          1
Found incumbent of value 0.000000 after 0.00 sec. (0.77 ticks)
Tried aggregator 1 time.
MIP Presolve modified 1 coefficients.
Reduced MIP has 2049 rows, 30015 columns, and 150051 nonzeros.
Reduced MIP has 30015 binaries, 0 generals, 0 SOSs, and 0 indicators.
Presolve time = 0.06 sec. (58.31 ticks)
Tried aggregator 1 time.
Reduced MIP has 2049 rows, 30015 columns, and 150051 nonzeros.
Reduced MIP has 30015 binaries, 0 generals, 0 SOSs, and 0 indicators.
Presolve time = 0.09 sec. (69.32 ticks)
Probing time = 0.08 sec. (16.29 ticks)
Clique table members: 100885.
MIP emphasis: balance optimality and feasibility.
MIP search method: dynamic search.
Parallel mode: deterministic, using up to 4 threads.
Root relaxation solution time = 0.28 sec. (179.35 ticks)

        Nodes                                         Cuts/
   Node  Left     Objective  IInf  Best Integer    Best Bound    ItCnt     Gap

*     0+    0                            0.0000   186186.0000              --- 
      0     0    49059.1160    15        0.0000    49059.1160     4208     --- 
*     0+    0                         4778.0000    49059.1160           926.77%
      0     0    41755.3562   161     4778.0000     Cuts: 612     8365  773.91%
*     0+    0                        13930.0000    41755.3562           199.75%
*     0+    0                        31755.0000    41755.3562            31.49%
      0     0    39460.5262   174    31755.0000     Cuts: 612    10365   24.27%
*     0+    0                        34115.0000    39460.5262            15.67%
      0     0    38576.5888  1067    34115.0000     Cuts: 612    12738   13.08%
*     0+    0                        34665.0000    38576.5888            11.28%
      0     0    37865.0223  1889    34665.0000     Cuts: 612    16221    9.23%
*     0+    0                        34668.0000    37865.0223             9.22%
      0     0    37272.2186  2579    34668.0000     Cuts: 612    20012    7.51%
      0     0    37043.4316  2991    34668.0000     Cuts: 612    23010    6.85%
*     0+    0                        34950.0000    37043.4316             5.99%
      0     0    36874.2954  3410    34950.0000     Cuts: 612    25918    5.51%
*     0+    0                        34957.0000    36874.2954             5.48%
      0     0    36758.8069  3730    34957.0000     Cuts: 612    28900    5.15%
      0     0    36675.0319  4138    34957.0000     Cuts: 612    31653    4.91%
      0     0    36538.3274  4490    34957.0000     Cuts: 612    34443    4.52%
      0     0    36432.7966  4750    34957.0000     Cuts: 612    36955    4.22%
      0     0    36258.7666  5072    34957.0000     Cuts: 612    40072    3.72%
      0     0    36122.9370  5410    34957.0000     Cuts: 612    43576    3.34%
      0     0    36027.7268  5723    34957.0000     Cuts: 612    46201    3.06%
      0     0    35900.1742  6125    34957.0000     Cuts: 612    48620    2.70%
      0     0    35766.5332  6410    34957.0000     Cuts: 612    51128    2.32%
      0     0    35658.8446  6731    34957.0000     Cuts: 612    53692    2.01%
      0     0    35548.3054  6942    34957.0000     Cuts: 612    56408    1.69%
*     0+    0                        34958.0000    35548.3054             1.69%
      0     0    35478.7058  7062    34958.0000     Cuts: 612    58285    1.49%
      0     0    35407.3913  7120    34958.0000     Cuts: 612    60261    1.29%
      0     0    35360.1298  7368    34958.0000     Cuts: 612    61406    1.15%
      0     0    35309.4427  7611    34958.0000     Cuts: 612    62801    1.01%
      0     0    35290.5290  7636    34958.0000     Cuts: 612    63776    0.95%
      0     0    35283.4715  7617    34958.0000     Cuts: 439    64575    0.93%
      0     2    35283.4715  7617    34958.0000    35039.7403    64575    0.23%
Elapsed time = 146.81 sec. (120422.84 ticks, tree = 0.01 MB, solutions = 10)
      1     3    35234.3942  7067    34958.0000    35039.7403    65446    0.23%
      2     4    35218.2894  6665    34958.0000    35039.7403    65819    0.23%
      3     5    35128.1544  6048    34958.0000    35039.7403    67075    0.23%
      4     4    34974.0255  6431    34958.0000    35039.7403    67419    0.23%
      8     6        cutoff          34958.0000    35039.7403    70230    0.23%
      9     7    35091.8220  5083    34958.0000    35039.7403    70524    0.23%
     11     6    35068.6971  4775    34958.0000    35039.7403    70780    0.23%
     13     4        cutoff          34958.0000    35039.7403    71069    0.23%
     14     6    35084.6977  5191    34958.0000    35039.7403    68554    0.23%
     18     5    35080.8796  4902    34958.0000    35039.7403    73271    0.23%
Elapsed time = 158.53 sec. (128832.16 ticks, tree = 0.01 MB, solutions = 10)
     23     4    35050.5585  3406    34958.0000    35039.7403    76729    0.23%
     33     5    35128.6118  4558    34958.0000    35039.7403    79311    0.23%
     39     4    35017.1346  1885    34958.0000    35039.7403    81936    0.23%

Clique cuts applied:  6753
Cover cuts applied:  40
Implied bound cuts applied:  91
Flow cuts applied:  19
Mixed integer rounding cuts applied:  484
Zero-half cuts applied:  53

Root node processing (before b&c):
  Real time             =  142.83 sec. (117675.44 ticks)
Parallel b&c, 4 threads:
  Real time             =   22.00 sec. (16428.37 ticks)
  Sync time (average)   =    7.41 sec.
  Wait time (average)   =    0.02 sec.
                          ------------
Total (root+branch&cut) =  164.83 sec. (134103.81 ticks)
