CPXPARAM_Read_DataCheck                          1
Found incumbent of value 0.000000 after 0.00 sec. (0.77 ticks)
Tried aggregator 1 time.
MIP Presolve modified 1 coefficients.
Reduced MIP has 2049 rows, 30015 columns, and 150051 nonzeros.
Reduced MIP has 30015 binaries, 0 generals, 0 SOSs, and 0 indicators.
Presolve time = 0.06 sec. (58.66 ticks)
Tried aggregator 1 time.
Reduced MIP has 2049 rows, 30015 columns, and 150051 nonzeros.
Reduced MIP has 30015 binaries, 0 generals, 0 SOSs, and 0 indicators.
Presolve time = 0.09 sec. (69.25 ticks)
Probing time = 0.08 sec. (16.22 ticks)
Clique table members: 100599.
MIP emphasis: balance optimality and feasibility.
MIP search method: dynamic search.
Parallel mode: deterministic, using up to 4 threads.
Root relaxation solution time = 0.22 sec. (141.32 ticks)

        Nodes                                         Cuts/
   Node  Left     Objective  IInf  Best Integer    Best Bound    ItCnt     Gap

*     0+    0                            0.0000   185566.0000              --- 
      0     0    48192.8200    15        0.0000    48192.8200     3936     --- 
*     0+    0                        15886.0000    48192.8200           203.37%
      0     0    43159.7862   723    15886.0000     Cuts: 612     7380  171.68%
*     0+    0                        33776.0000    43159.7862            27.78%
      0     0    41181.3821   913    33776.0000     Cuts: 612    10407   21.92%
*     0+    0                        33906.0000    41181.3821            21.46%
      0     0    40083.4020  1440    33906.0000     Cuts: 612    12724   18.22%
*     0+    0                        33907.0000    40083.4020            18.22%
*     0+    0                        34024.0000    40083.4020            17.81%
      0     0    37848.5889  1819    34024.0000     Cuts: 612    15800   11.24%
*     0+    0                        34030.0000    37848.5889            11.22%
      0     0    37741.4639  1838    34030.0000     Cuts: 612    16741   10.91%
*     0+    0                        34075.0000    37741.4639            10.76%
      0     0    36937.7315  2648    34075.0000     Cuts: 612    20849    8.40%
*     0+    0                        34076.0000    36937.7315             8.40%
*     0+    0                        34077.0000    36937.7315             8.39%
      0     0    36589.6385  3221    34077.0000     Cuts: 612    24761    7.37%
*     0+    0                        34221.0000    36589.6385             6.92%
      0     0    36264.6476  3784    34221.0000     Cuts: 612    30070    5.97%
      0     0    36054.2694  4340    34221.0000     Cuts: 612    35331    5.36%
*     0+    0                        34227.0000    36054.2694             5.34%
      0     0    35931.8168  4743    34227.0000     Cuts: 612    40362    4.98%
      0     0    35810.9684  5152    34227.0000     Cuts: 612    45946    4.63%
      0     0    35677.8848  5497    34227.0000     Cuts: 612    50973    4.24%
*     0+    0                        34230.0000    35677.8848             4.23%
      0     0    35602.1245  5792    34230.0000     Cuts: 612    56498    4.01%
      0     0    35539.3019  6128    34230.0000     Cuts: 612    60837    3.83%
      0     0    35489.8677  6443    34230.0000     Cuts: 612    65084    3.68%
*     0+    0                        34233.0000    35489.8677             3.67%
      0     0    35409.6649  6716    34233.0000     Cuts: 612    70351    3.44%
      0     0    35333.9420  7024    34233.0000     Cuts: 612    74429    3.22%
      0     0    35273.0948  7214    34233.0000     Cuts: 612    78827    3.04%
*     0+    0                        34236.0000    35273.0948             3.03%
      0     0    35210.2478  7508    34236.0000     Cuts: 612    83350    2.85%
      0     0    35172.0386  7751    34236.0000     Cuts: 612    86307    2.73%
      0     0    35133.2691  7950    34236.0000     Cuts: 612    89716    2.62%
*     0+    0                        34238.0000    35133.2691             2.61%
      0     0    35048.0480  8057    34238.0000     Cuts: 612    94038    2.37%
      0     0    35013.0338  8227    34238.0000     Cuts: 612    96389    2.26%
      0     0    34986.2039  8427    34238.0000     Cuts: 612    98466    2.19%
*     0+    0                        34239.0000    34986.2039             2.18%
      0     0    34962.5111  8509    34239.0000     Cuts: 612   100733    2.11%
      0     0    34939.9473  8624    34239.0000     Cuts: 612   102794    2.05%
      0     0    34894.7338  8498    34239.0000     Cuts: 612   105536    1.92%
*     0+    0                        34240.0000    34894.7338             1.91%
*     0+    0                        34241.0000    34894.7338             1.91%
      0     0    34876.3004  8630    34241.0000     Cuts: 612   106674    1.86%
      0     0    34856.7330  8741    34241.0000     Cuts: 612   107787    1.80%
      0     0    34845.8240  8814    34241.0000     Cuts: 612   108726    1.77%
*     0+    0                        34242.0000    34845.8240             1.76%
      0     0    34837.3287  8844    34242.0000     Cuts: 612   109487    1.74%
Heuristic still looking.
      0     2    34837.3287  8844    34242.0000    34837.3287   109487    1.74%
Elapsed time = 286.58 sec. (244322.49 ticks, tree = 0.01 MB, solutions = 20)
      1     3    34800.4419  8038    34242.0000    34837.3162   110463    1.74%
      2     4    34708.5866  7340    34242.0000    34837.3162   111671    1.74%
      3     4    34752.0964  7408    34242.0000    34837.3162   111948    1.74%
      4     5    34566.8275  6557    34242.0000    34837.3162   113428    1.74%
*     5+    1                        34243.0000    34837.3162             1.74%
      6     6    34686.3683  6719    34243.0000    34837.3162   114709    1.74%
      7     8    34581.8250  6762    34243.0000    34751.9783   118397    1.49%
      8     7    34472.9608  5856    34243.0000    34751.9783   116460    1.49%
      9    10    34545.8381  5381    34243.0000    34751.9783   120718    1.49%
     10     9    34595.9998  5985    34243.0000    34751.9783   120547    1.49%
     13    10    34540.2761  5637    34243.0000    34751.9783   121296    1.49%
Elapsed time = 308.16 sec. (257132.01 ticks, tree = 0.52 MB, solutions = 21)
     19    13        cutoff          34243.0000    34751.9783   126857    1.49%
     21    16    34557.4386  6200    34243.0000    34751.9783   129659    1.49%
     23    15    34248.4038  3174    34243.0000    34751.9783   126620    1.49%
     30    18        cutoff          34243.0000    34751.9783   137168    1.49%
     31    19    34696.7463  6896    34243.0000    34708.5088   132241    1.36%
     34    22    34542.7710  5274    34243.0000    34708.5088   133536    1.36%
     36    22    34449.2989  5570    34243.0000    34708.5088   136389    1.36%
     39    24    34416.7776  4193    34243.0000    34696.6247   143282    1.32%
     46    25    34369.1839  3726    34243.0000    34696.6247   144135    1.32%
     50    26        cutoff          34243.0000    34696.6247   148958    1.32%
Elapsed time = 328.56 sec. (268607.84 ticks, tree = 1.18 MB, solutions = 21)
     53    30    34251.9073   739    34243.0000    34696.6247   151610    1.32%
*    61+   34                        34247.0000    34696.6247             1.31%
     61    26    34376.3311  5466    34247.0000    34696.6247   150739    1.31%
     63    29    34330.6560  4294    34247.0000    34696.6247   156640    1.31%
     82    51    34249.2000     8    34247.0000    34696.6247   160267    1.31%
*    88    35      integral     0    34249.0000    34696.6247   160330    1.31%
     93    31    34290.2311  2397    34249.0000    34696.6247   155858    1.31%
    101    27        cutoff          34249.0000    34696.6247   161249    1.31%
    103    36    34279.8228  2737    34249.0000    34696.6247   167664    1.31%
    110    31        cutoff          34249.0000    34666.4927   170790    1.22%
    111    32    34436.9666  5612    34249.0000    34666.4927   163760    1.22%
Elapsed time = 349.80 sec. (279110.64 ticks, tree = 1.44 MB, solutions = 23)
    113    32    34416.8490  5601    34249.0000    34666.4927   172277    1.22%
    119    34    34334.2281  3706    34249.0000    34581.7679   173231    0.97%
    129    37    34301.5462  4325    34249.0000    34556.6181   176213    0.90%
    132    39    34293.4643  4340    34249.0000    34556.6181   184882    0.90%
    139    38    34410.4897  4718    34249.0000    34545.8079   182887    0.87%
    141    41    34273.0805  4020    34249.0000    34545.8079   190098    0.87%
    149    36        cutoff          34249.0000    34545.8079   196783    0.87%
    157    36        cutoff          34249.0000    34523.9086   201127    0.80%
    164    31        cutoff          34249.0000    34509.4228   206347    0.76%
    166    37    34255.7923  4364    34249.0000    34509.4228   202580    0.76%
Elapsed time = 374.38 sec. (292204.84 ticks, tree = 1.71 MB, solutions = 23)
    172    29        cutoff          34249.0000    34472.8191   213375    0.65%
    177    36    34308.2436  4715    34249.0000    34472.8191   211440    0.65%
    188    28        cutoff          34249.0000    34472.8191   209614    0.65%
    204    35    34285.3575  3868    34249.0000    34434.9757   213952    0.54%
    211     9    34324.5076  5032    34249.0000    34410.3451   229105    0.47%

Clique cuts applied:  7022
Cover cuts applied:  28
Implied bound cuts applied:  109
Flow cuts applied:  3
Mixed integer rounding cuts applied:  756
Zero-half cuts applied:  57

Root node processing (before b&c):
  Real time             =  282.55 sec. (241567.36 ticks)
Parallel b&c, 4 threads:
  Real time             =  102.55 sec. (58350.87 ticks)
  Sync time (average)   =   10.82 sec.
  Wait time (average)   =    0.02 sec.
                          ------------
Total (root+branch&cut) =  385.09 sec. (299918.22 ticks)
