CPXPARAM_Read_DataCheck                          1
Found incumbent of value 0.000000 after 0.00 sec. (0.77 ticks)
Tried aggregator 1 time.
MIP Presolve modified 1 coefficients.
Reduced MIP has 2049 rows, 30015 columns, and 150051 nonzeros.
Reduced MIP has 30015 binaries, 0 generals, 0 SOSs, and 0 indicators.
Presolve time = 0.08 sec. (58.38 ticks)
Tried aggregator 1 time.
Reduced MIP has 2049 rows, 30015 columns, and 150051 nonzeros.
Reduced MIP has 30015 binaries, 0 generals, 0 SOSs, and 0 indicators.
Presolve time = 0.09 sec. (69.00 ticks)
Probing time = 0.08 sec. (15.62 ticks)
Clique table members: 100820.
MIP emphasis: balance optimality and feasibility.
MIP search method: dynamic search.
Parallel mode: deterministic, using up to 4 threads.
Root relaxation solution time = 0.19 sec. (129.07 ticks)

        Nodes                                         Cuts/
   Node  Left     Objective  IInf  Best Integer    Best Bound    ItCnt     Gap

*     0+    0                            0.0000   185461.0000              --- 
      0     0    47699.0425    15        0.0000    47699.0425     4390     --- 
*     0+    0                        10213.0000    47699.0425           367.04%
*     0+    0                        19183.0000    47699.0425           148.65%
      0     0    42512.5811   673    19183.0000     Cuts: 612     7556  121.62%
*     0+    0                        33017.0000    42512.5811            28.76%
      0     0    39567.6020   758    33017.0000     Cuts: 612    10728   19.84%
      0     0    39073.0000   674    33017.0000     Cuts: 612    11887   18.34%
      0     0    37818.9637  1489    33017.0000     Cuts: 612    14442   14.54%
*     0+    0                        33104.0000    37818.9637            14.24%
      0     0    37181.0687  2106    33104.0000     Cuts: 612    18040   12.32%
*     0+    0                        33741.0000    37181.0687            10.20%
      0     0    36926.5376  2644    33741.0000     Cuts: 612    20053    9.44%
      0     0    36728.9630  2952    33741.0000     Cuts: 612    22301    8.86%
      0     0    36352.6115  3427    33741.0000     Cuts: 612    27094    7.74%
      0     0    36163.8924  3890    33741.0000     Cuts: 612    31362    7.18%
*     0+    0                        33766.0000    36163.8924             7.10%
      0     0    36057.2497  4101    33766.0000     Cuts: 612    34798    6.79%
      0     0    35926.1810  4513    33766.0000     Cuts: 612    38957    6.40%
      0     0    35852.5524  4795    33766.0000     Cuts: 612    42352    6.18%
*     0+    0                        33784.0000    35852.5524             6.12%
*     0+    0                        33785.0000    35852.5524             6.12%
      0     0    35781.9740  5107    33785.0000     Cuts: 612    45700    5.91%
      0     0    35692.0735  5361    33785.0000     Cuts: 612    49695    5.64%
      0     0    35566.3652  5538    33785.0000     Cuts: 612    53392    5.27%
*     0+    0                        33789.0000    35566.3652             5.26%
      0     0    35500.4838  5765    33789.0000     Cuts: 612    56433    5.07%
      0     0    35452.8022  5945    33789.0000     Cuts: 612    60017    4.92%
      0     0    35402.7813  6237    33789.0000     Cuts: 612    63713    4.78%
*     0+    0                        33790.0000    35402.7813             4.77%
      0     0    35326.3081  6447    33790.0000     Cuts: 612    67756    4.55%
      0     0    35235.6122  6653    33790.0000     Cuts: 612    71932    2.01%
*     0+    0                        33799.0000    34469.4364             1.98%

Clique cuts applied:  5857
Cover cuts applied:  13
Implied bound cuts applied:  71
Mixed integer rounding cuts applied:  640
Zero-half cuts applied:  3

Root node processing (before b&c):
  Real time             =  142.84 sec. (120855.41 ticks)
Parallel b&c, 4 threads:
  Real time             =    0.00 sec. (0.00 ticks)
  Sync time (average)   =    0.00 sec.
  Wait time (average)   =    0.00 sec.
                          ------------
Total (root+branch&cut) =  142.84 sec. (120855.41 ticks)
