CPXPARAM_Read_DataCheck                          1
Found incumbent of value 0.000000 after 0.00 sec. (0.26 ticks)
Tried aggregator 1 time.
MIP Presolve modified 1 coefficients.
Reduced MIP has 2016 rows, 10005 columns, and 50020 nonzeros.
Reduced MIP has 10005 binaries, 0 generals, 0 SOSs, and 0 indicators.
Presolve time = 0.02 sec. (21.73 ticks)
Probing time = 0.00 sec. (3.78 ticks)
Tried aggregator 1 time.
Reduced MIP has 2016 rows, 10005 columns, and 50020 nonzeros.
Reduced MIP has 10005 binaries, 0 generals, 0 SOSs, and 0 indicators.
Presolve time = 0.03 sec. (25.91 ticks)
Probing time = 0.00 sec. (3.78 ticks)
Clique table members: 21754.
MIP emphasis: balance optimality and feasibility.
MIP search method: dynamic search.
Parallel mode: deterministic, using up to 4 threads.
Root relaxation solution time = 0.08 sec. (100.12 ticks)

        Nodes                                         Cuts/
   Node  Left     Objective  IInf  Best Integer    Best Bound    ItCnt     Gap

*     0+    0                            0.0000    61978.0000              --- 
      0     0    18275.6492     5        0.0000    18275.6492     2750     --- 
*     0+    0                        15195.0000    18275.6492            20.27%
      0     0        cutoff          15195.0000    15195.0000     3701    0.00%
Elapsed time = 2.11 sec. (982.22 ticks, tree = 0.01 MB, solutions = 2)

Clique cuts applied:  595
Cover cuts applied:  2
Mixed integer rounding cuts applied:  7

Root node processing (before b&c):
  Real time             =    2.11 sec. (982.88 ticks)
Parallel b&c, 4 threads:
  Real time             =    0.00 sec. (0.00 ticks)
  Sync time (average)   =    0.00 sec.
  Wait time (average)   =    0.00 sec.
                          ------------
Total (root+branch&cut) =    2.11 sec. (982.88 ticks)
