CPXPARAM_Read_DataCheck                          1
Found incumbent of value 0.000000 after 0.00 sec. (0.26 ticks)
Tried aggregator 1 time.
MIP Presolve modified 1 coefficients.
Reduced MIP has 2016 rows, 10005 columns, and 50020 nonzeros.
Reduced MIP has 10005 binaries, 0 generals, 0 SOSs, and 0 indicators.
Presolve time = 0.02 sec. (16.90 ticks)
Probing time = 0.01 sec. (4.23 ticks)
Tried aggregator 1 time.
Reduced MIP has 2016 rows, 10005 columns, and 50020 nonzeros.
Reduced MIP has 10005 binaries, 0 generals, 0 SOSs, and 0 indicators.
Presolve time = 0.02 sec. (21.01 ticks)
Probing time = 0.00 sec. (4.23 ticks)
Clique table members: 19747.
MIP emphasis: balance optimality and feasibility.
MIP search method: dynamic search.
Parallel mode: deterministic, using up to 4 threads.
Root relaxation solution time = 0.11 sec. (135.38 ticks)

        Nodes                                         Cuts/
   Node  Left     Objective  IInf  Best Integer    Best Bound    ItCnt     Gap

*     0+    0                            0.0000    61978.0000              --- 
*     0+    0                         9752.0000    61978.0000           535.54%
*     0+    0                         9772.0000    61978.0000           534.24%
      0     0    30617.3485     9     9772.0000    30617.3485     3125  213.32%
*     0+    0                        18710.0000    30617.3485            63.64%
*     0+    0                        19211.0000    30617.3485            59.37%
      0     0        cutoff          19211.0000    19211.0000     4701    0.00%
Elapsed time = 2.88 sec. (1702.29 ticks, tree = 0.01 MB, solutions = 5)

Clique cuts applied:  601
Mixed integer rounding cuts applied:  3

Root node processing (before b&c):
  Real time             =    2.89 sec. (1703.15 ticks)
Parallel b&c, 4 threads:
  Real time             =    0.00 sec. (0.00 ticks)
  Sync time (average)   =    0.00 sec.
  Wait time (average)   =    0.00 sec.
                          ------------
Total (root+branch&cut) =    2.89 sec. (1703.15 ticks)
