CPXPARAM_Read_DataCheck                          1
Found incumbent of value 0.000000 after 0.00 sec. (0.26 ticks)
Tried aggregator 1 time.
MIP Presolve modified 1 coefficients.
Reduced MIP has 2016 rows, 10005 columns, and 50020 nonzeros.
Reduced MIP has 10005 binaries, 0 generals, 0 SOSs, and 0 indicators.
Presolve time = 0.03 sec. (21.73 ticks)
Probing time = 0.01 sec. (3.78 ticks)
Tried aggregator 1 time.
Reduced MIP has 2016 rows, 10005 columns, and 50020 nonzeros.
Reduced MIP has 10005 binaries, 0 generals, 0 SOSs, and 0 indicators.
Presolve time = 0.03 sec. (25.92 ticks)
Probing time = 0.00 sec. (3.78 ticks)
Clique table members: 21754.
MIP emphasis: balance optimality and feasibility.
MIP search method: dynamic search.
Parallel mode: deterministic, using up to 4 threads.
Root relaxation solution time = 0.08 sec. (116.59 ticks)

        Nodes                                         Cuts/
   Node  Left     Objective  IInf  Best Integer    Best Bound    ItCnt     Gap

*     0+    0                            0.0000    61545.0000              --- 
      0     0    16097.9931     5        0.0000    16097.9931     2918     --- 
*     0+    0                        13266.0000    16097.9931            21.35%
      0     0        cutoff          13266.0000    13266.0000     3879    0.00%
Elapsed time = 1.42 sec. (1012.42 ticks, tree = 0.01 MB, solutions = 2)

Clique cuts applied:  595
Cover cuts applied:  4
Mixed integer rounding cuts applied:  5

Root node processing (before b&c):
  Real time             =    1.42 sec. (1013.07 ticks)
Parallel b&c, 4 threads:
  Real time             =    0.00 sec. (0.00 ticks)
  Sync time (average)   =    0.00 sec.
  Wait time (average)   =    0.00 sec.
                          ------------
Total (root+branch&cut) =    1.42 sec. (1013.07 ticks)
