CPXPARAM_Read_DataCheck                          1
Found incumbent of value 0.000000 after 0.00 sec. (0.26 ticks)
Tried aggregator 1 time.
MIP Presolve modified 1 coefficients.
Reduced MIP has 2016 rows, 10005 columns, and 50020 nonzeros.
Reduced MIP has 10005 binaries, 0 generals, 0 SOSs, and 0 indicators.
Presolve time = 0.02 sec. (16.90 ticks)
Probing time = 0.00 sec. (4.23 ticks)
Tried aggregator 1 time.
Reduced MIP has 2016 rows, 10005 columns, and 50020 nonzeros.
Reduced MIP has 10005 binaries, 0 generals, 0 SOSs, and 0 indicators.
Presolve time = 0.03 sec. (21.00 ticks)
Probing time = 0.02 sec. (4.23 ticks)
Clique table members: 19747.
MIP emphasis: balance optimality and feasibility.
MIP search method: dynamic search.
Parallel mode: deterministic, using up to 4 threads.
Root relaxation solution time = 0.14 sec. (180.83 ticks)

        Nodes                                         Cuts/
   Node  Left     Objective  IInf  Best Integer    Best Bound    ItCnt     Gap

*     0+    0                            0.0000    62055.0000              --- 
*     0+    0                         5216.0000    62055.0000              --- 
      0     0    22627.5890     9     5216.0000    22627.5890     3734  333.81%
*     0+    0                        10279.0000    22627.5890           120.13%
      0     0        cutoff          10279.0000    10279.0000     5307    0.00%
Elapsed time = 2.41 sec. (1526.21 ticks, tree = 0.01 MB, solutions = 3)

Clique cuts applied:  599
Cover cuts applied:  2
Mixed integer rounding cuts applied:  3

Root node processing (before b&c):
  Real time             =    2.42 sec. (1526.94 ticks)
Parallel b&c, 4 threads:
  Real time             =    0.00 sec. (0.00 ticks)
  Sync time (average)   =    0.00 sec.
  Wait time (average)   =    0.00 sec.
                          ------------
Total (root+branch&cut) =    2.42 sec. (1526.94 ticks)
