CPXPARAM_Read_DataCheck                          1
Found incumbent of value 0.000000 after 0.00 sec. (0.26 ticks)
Tried aggregator 1 time.
MIP Presolve modified 1 coefficients.
Reduced MIP has 2016 rows, 10005 columns, and 50020 nonzeros.
Reduced MIP has 10005 binaries, 0 generals, 0 SOSs, and 0 indicators.
Presolve time = 0.02 sec. (16.90 ticks)
Probing time = 0.00 sec. (4.23 ticks)
Tried aggregator 1 time.
Reduced MIP has 2016 rows, 10005 columns, and 50020 nonzeros.
Reduced MIP has 10005 binaries, 0 generals, 0 SOSs, and 0 indicators.
Presolve time = 0.03 sec. (21.00 ticks)
Probing time = 0.00 sec. (4.23 ticks)
Clique table members: 19747.
MIP emphasis: balance optimality and feasibility.
MIP search method: dynamic search.
Parallel mode: deterministic, using up to 4 threads.
Root relaxation solution time = 0.11 sec. (122.86 ticks)

        Nodes                                         Cuts/
   Node  Left     Objective  IInf  Best Integer    Best Bound    ItCnt     Gap

*     0+    0                            0.0000    61650.0000              --- 
      0     0    31762.1831     7        0.0000    31762.1831     2900     --- 
*     0+    0                        18965.0000    31762.1831            67.48%
      0     0        cutoff          18965.0000    18965.0000     5745    0.00%
Elapsed time = 3.03 sec. (1775.77 ticks, tree = 0.01 MB, solutions = 2)

Clique cuts applied:  592
Cover cuts applied:  2
Mixed integer rounding cuts applied:  8
Gomory fractional cuts applied:  2

Root node processing (before b&c):
  Real time             =    3.03 sec. (1776.45 ticks)
Parallel b&c, 4 threads:
  Real time             =    0.00 sec. (0.00 ticks)
  Sync time (average)   =    0.00 sec.
  Wait time (average)   =    0.00 sec.
                          ------------
Total (root+branch&cut) =    3.03 sec. (1776.45 ticks)
