CPXPARAM_Read_DataCheck                          1
Found incumbent of value 0.000000 after 0.00 sec. (0.26 ticks)
Tried aggregator 1 time.
MIP Presolve modified 1 coefficients.
Reduced MIP has 2016 rows, 10005 columns, and 50020 nonzeros.
Reduced MIP has 10005 binaries, 0 generals, 0 SOSs, and 0 indicators.
Presolve time = 0.02 sec. (21.73 ticks)
Probing time = 0.00 sec. (3.78 ticks)
Tried aggregator 1 time.
Reduced MIP has 2016 rows, 10005 columns, and 50020 nonzeros.
Reduced MIP has 10005 binaries, 0 generals, 0 SOSs, and 0 indicators.
Presolve time = 0.03 sec. (25.90 ticks)
Probing time = 0.01 sec. (3.78 ticks)
Clique table members: 21754.
MIP emphasis: balance optimality and feasibility.
MIP search method: dynamic search.
Parallel mode: deterministic, using up to 4 threads.
Root relaxation solution time = 0.09 sec. (106.58 ticks)

        Nodes                                         Cuts/
   Node  Left     Objective  IInf  Best Integer    Best Bound    ItCnt     Gap

*     0+    0                            0.0000    61351.0000              --- 
      0     0    17186.2624     5        0.0000    17186.2624     2728     --- 
*     0+    0                        15581.0000    17186.2624            10.30%
      0     0    16149.6734   754    15581.0000     Cuts: 604     3705    3.65%
      0     0        cutoff          15581.0000    15581.0000     4405    0.00%
Elapsed time = 3.00 sec. (1926.95 ticks, tree = 0.01 MB, solutions = 2)

Clique cuts applied:  1186
Cover cuts applied:  6
Mixed integer rounding cuts applied:  5

Root node processing (before b&c):
  Real time             =    3.00 sec. (1927.63 ticks)
Parallel b&c, 4 threads:
  Real time             =    0.00 sec. (0.00 ticks)
  Sync time (average)   =    0.00 sec.
  Wait time (average)   =    0.00 sec.
                          ------------
Total (root+branch&cut) =    3.00 sec. (1927.63 ticks)
