CPXPARAM_Read_DataCheck                          1
Found incumbent of value 0.000000 after 0.00 sec. (0.26 ticks)
Tried aggregator 1 time.
MIP Presolve eliminated 4 rows and 0 columns.
MIP Presolve modified 1 coefficients.
Reduced MIP has 1027 rows, 10010 columns, and 46030 nonzeros.
Reduced MIP has 10010 binaries, 0 generals, 0 SOSs, and 0 indicators.
Presolve time = 0.02 sec. (17.36 ticks)
Tried aggregator 1 time.
Reduced MIP has 1027 rows, 10010 columns, and 46030 nonzeros.
Reduced MIP has 10010 binaries, 0 generals, 0 SOSs, and 0 indicators.
Presolve time = 0.02 sec. (19.47 ticks)
Probing time = 0.02 sec. (3.30 ticks)
Clique table members: 10000.
MIP emphasis: balance optimality and feasibility.
MIP search method: dynamic search.
Parallel mode: deterministic, using up to 4 threads.
Root relaxation solution time = 0.06 sec. (67.11 ticks)

        Nodes                                         Cuts/
   Node  Left     Objective  IInf  Best Integer    Best Bound    ItCnt     Gap

*     0+    0                            0.0000    61787.0000              --- 
*     0+    0                         3595.0000    61787.0000              --- 
      0     0    33176.7500    10     3595.0000    33176.7500     1862  822.86%
*     0+    0                        18882.0000    33176.7500            75.71%
*     0+    0                        19198.0000    33176.7500            72.81%
      0     0    27698.7246   454    19198.0000     Cuts: 356     3873   44.28%
*     0+    0                        19413.0000    27698.7246            42.68%
      0     0    25065.0128   899    19413.0000     Cuts: 356     5886   18.18%
      0     0        cutoff          19413.0000    19413.0000     7617    0.00%
Elapsed time = 4.17 sec. (2036.65 ticks, tree = 0.01 MB, solutions = 5)

Clique cuts applied:  872
Cover cuts applied:  2
Mixed integer rounding cuts applied:  24
Zero-half cuts applied:  5

Root node processing (before b&c):
  Real time             =    4.19 sec. (2037.51 ticks)
Parallel b&c, 4 threads:
  Real time             =    0.00 sec. (0.00 ticks)
  Sync time (average)   =    0.00 sec.
  Wait time (average)   =    0.00 sec.
                          ------------
Total (root+branch&cut) =    4.19 sec. (2037.51 ticks)
