CPXPARAM_Read_DataCheck                          1
Found incumbent of value 0.000000 after 0.00 sec. (0.13 ticks)
Tried aggregator 1 time.
MIP Presolve modified 1 coefficients.
Reduced MIP has 1016 rows, 5005 columns, and 25020 nonzeros.
Reduced MIP has 5005 binaries, 0 generals, 0 SOSs, and 0 indicators.
Presolve time = 0.00 sec. (8.56 ticks)
Probing time = 0.02 sec. (2.67 ticks)
Tried aggregator 1 time.
Reduced MIP has 1016 rows, 5005 columns, and 25020 nonzeros.
Reduced MIP has 5005 binaries, 0 generals, 0 SOSs, and 0 indicators.
Presolve time = 0.01 sec. (10.60 ticks)
Probing time = 0.00 sec. (2.67 ticks)
Clique table members: 9744.
MIP emphasis: balance optimality and feasibility.
MIP search method: dynamic search.
Parallel mode: deterministic, using up to 4 threads.
Root relaxation solution time = 0.03 sec. (30.60 ticks)

        Nodes                                         Cuts/
   Node  Left     Objective  IInf  Best Integer    Best Bound    ItCnt     Gap

*     0+    0                            0.0000    30794.0000              --- 
      0     0    17483.0760     5        0.0000    17483.0760     1341     --- 
*     0+    0                        11864.0000    17483.0760            47.36%
      0     0        cutoff          11864.0000    11864.0000     2413    0.00%
Elapsed time = 0.74 sec. (464.92 ticks, tree = 0.01 MB, solutions = 2)

Clique cuts applied:  344
Cover cuts applied:  1
Mixed integer rounding cuts applied:  6
Gomory fractional cuts applied:  3

Root node processing (before b&c):
  Real time             =    0.74 sec. (465.26 ticks)
Parallel b&c, 4 threads:
  Real time             =    0.00 sec. (0.00 ticks)
  Sync time (average)   =    0.00 sec.
  Wait time (average)   =    0.00 sec.
                          ------------
Total (root+branch&cut) =    0.74 sec. (465.26 ticks)
