CPXPARAM_Read_DataCheck                          1
Found incumbent of value 0.000000 after 0.00 sec. (0.13 ticks)
Tried aggregator 1 time.
MIP Presolve modified 1 coefficients.
Reduced MIP has 1016 rows, 5005 columns, and 25020 nonzeros.
Reduced MIP has 5005 binaries, 0 generals, 0 SOSs, and 0 indicators.
Presolve time = 0.00 sec. (10.51 ticks)
Probing time = 0.00 sec. (2.49 ticks)
Tried aggregator 1 time.
Reduced MIP has 1016 rows, 5005 columns, and 25020 nonzeros.
Reduced MIP has 5005 binaries, 0 generals, 0 SOSs, and 0 indicators.
Presolve time = 0.02 sec. (12.59 ticks)
Probing time = 0.00 sec. (2.49 ticks)
Clique table members: 10752.
MIP emphasis: balance optimality and feasibility.
MIP search method: dynamic search.
Parallel mode: deterministic, using up to 4 threads.
Root relaxation solution time = 0.03 sec. (30.36 ticks)

        Nodes                                         Cuts/
   Node  Left     Objective  IInf  Best Integer    Best Bound    ItCnt     Gap

*     0+    0                            0.0000    30548.0000              --- 
      0     0     9114.5363     5        0.0000     9114.5363     1358     --- 
*     0+    0                         7619.0000     9114.5363            19.63%
      0     0        cutoff           7619.0000     7619.0000     1888    0.00%
Elapsed time = 0.44 sec. (298.12 ticks, tree = 0.01 MB, solutions = 2)

Clique cuts applied:  346
Cover cuts applied:  3
Mixed integer rounding cuts applied:  4
Zero-half cuts applied:  1

Root node processing (before b&c):
  Real time             =    0.44 sec. (298.45 ticks)
Parallel b&c, 4 threads:
  Real time             =    0.00 sec. (0.00 ticks)
  Sync time (average)   =    0.00 sec.
  Wait time (average)   =    0.00 sec.
                          ------------
Total (root+branch&cut) =    0.44 sec. (298.45 ticks)
