CPXPARAM_Read_DataCheck                          1
Found incumbent of value 0.000000 after 0.00 sec. (0.13 ticks)
Tried aggregator 1 time.
MIP Presolve modified 1 coefficients.
Reduced MIP has 1016 rows, 5005 columns, and 25020 nonzeros.
Reduced MIP has 5005 binaries, 0 generals, 0 SOSs, and 0 indicators.
Presolve time = 0.02 sec. (10.50 ticks)
Probing time = 0.00 sec. (2.49 ticks)
Tried aggregator 1 time.
Reduced MIP has 1016 rows, 5005 columns, and 25020 nonzeros.
Reduced MIP has 5005 binaries, 0 generals, 0 SOSs, and 0 indicators.
Presolve time = 0.01 sec. (12.58 ticks)
Probing time = 0.00 sec. (2.49 ticks)
Clique table members: 10752.
MIP emphasis: balance optimality and feasibility.
MIP search method: dynamic search.
Parallel mode: deterministic, using up to 4 threads.
Root relaxation solution time = 0.03 sec. (29.51 ticks)

        Nodes                                         Cuts/
   Node  Left     Objective  IInf  Best Integer    Best Bound    ItCnt     Gap

*     0+    0                            0.0000    30965.0000              --- 
      0     0     9235.5165     5        0.0000     9235.5165     1334     --- 
*     0+    0                         7597.0000     9235.5165            21.57%
      0     0        cutoff           7597.0000     7597.0000     1820    0.00%
Elapsed time = 0.47 sec. (290.32 ticks, tree = 0.01 MB, solutions = 2)

Clique cuts applied:  348
Cover cuts applied:  3
Zero-half cuts applied:  3

Root node processing (before b&c):
  Real time             =    0.47 sec. (290.65 ticks)
Parallel b&c, 4 threads:
  Real time             =    0.00 sec. (0.00 ticks)
  Sync time (average)   =    0.00 sec.
  Wait time (average)   =    0.00 sec.
                          ------------
Total (root+branch&cut) =    0.47 sec. (290.65 ticks)
