CPXPARAM_Read_DataCheck                          1
Found incumbent of value 0.000000 after 0.00 sec. (0.13 ticks)
Tried aggregator 1 time.
MIP Presolve modified 2 coefficients.
Reduced MIP has 1016 rows, 5005 columns, and 25020 nonzeros.
Reduced MIP has 5005 binaries, 0 generals, 0 SOSs, and 0 indicators.
Presolve time = 0.01 sec. (9.11 ticks)
Probing time = 0.00 sec. (2.71 ticks)
Tried aggregator 1 time.
Reduced MIP has 1016 rows, 5005 columns, and 25020 nonzeros.
Reduced MIP has 5005 binaries, 0 generals, 0 SOSs, and 0 indicators.
Presolve time = 0.02 sec. (10.62 ticks)
Probing time = 0.00 sec. (2.71 ticks)
Clique table members: 9744.
MIP emphasis: balance optimality and feasibility.
MIP search method: dynamic search.
Parallel mode: deterministic, using up to 4 threads.
Root relaxation solution time = 0.03 sec. (38.63 ticks)

        Nodes                                         Cuts/
   Node  Left     Objective  IInf  Best Integer    Best Bound    ItCnt     Gap

*     0+    0                            0.0000    30965.0000              --- 
      0     0    15204.2815     7        0.0000    15204.2815     1569     --- 
*     0+    0                        10309.0000    15204.2815            47.49%
      0     0        cutoff          10309.0000    10309.0000     2747    0.00%
Elapsed time = 0.73 sec. (486.74 ticks, tree = 0.01 MB, solutions = 2)

Clique cuts applied:  344
Cover cuts applied:  3
Mixed integer rounding cuts applied:  5
Gomory fractional cuts applied:  2

Root node processing (before b&c):
  Real time             =    0.73 sec. (487.08 ticks)
Parallel b&c, 4 threads:
  Real time             =    0.00 sec. (0.00 ticks)
  Sync time (average)   =    0.00 sec.
  Wait time (average)   =    0.00 sec.
                          ------------
Total (root+branch&cut) =    0.73 sec. (487.08 ticks)
