CPXPARAM_Read_DataCheck                          1
Found incumbent of value 0.000000 after 0.00 sec. (0.02 ticks)
Tried aggregator 1 time.
MIP Presolve modified 1 coefficients.
Reduced MIP has 117 rows, 505 columns, and 2517 nonzeros.
Reduced MIP has 505 binaries, 0 generals, 0 SOSs, and 0 indicators.
Presolve time = 0.02 sec. (1.07 ticks)
Probing time = 0.00 sec. (2.22 ticks)
Tried aggregator 1 time.
Reduced MIP has 117 rows, 505 columns, and 2517 nonzeros.
Reduced MIP has 505 binaries, 0 generals, 0 SOSs, and 0 indicators.
Presolve time = 0.00 sec. (1.27 ticks)
Probing time = 0.00 sec. (2.14 ticks)
Clique table members: 1814.
MIP emphasis: balance optimality and feasibility.
MIP search method: dynamic search.
Parallel mode: deterministic, using up to 4 threads.
Root relaxation solution time = 0.00 sec. (1.00 ticks)

        Nodes                                         Cuts/
   Node  Left     Objective  IInf  Best Integer    Best Bound    ItCnt     Gap

*     0+    0                            0.0000     3240.0000              --- 
*     0+    0                          736.0000     3240.0000           340.22%
      0     0     1684.1800     5      736.0000     1684.1800      155  128.83%
      0     0     1654.6061    12      736.0000     Cuts: 135      173  124.81%
      0     0     1287.4141    77      736.0000     Cuts: 135      360   74.92%
*     0+    0                          936.0000     1287.4141            37.54%
      0     0     1183.7991   163      936.0000     Cuts: 130      507   26.47%
      0     0     1058.9382   183      936.0000      Cuts: 95      664   13.13%
*     0+    0                         1038.0000     1058.9382             2.02%
      0     0        cutoff           1038.0000                    714     --- 
Elapsed time = 0.06 sec. (50.61 ticks, tree = 0.01 MB, solutions = 4)

Clique cuts applied:  335
Cover cuts applied:  10
Implied bound cuts applied:  2
Flow cuts applied:  2
Mixed integer rounding cuts applied:  6
Zero-half cuts applied:  1

Root node processing (before b&c):
  Real time             =    0.06 sec. (50.65 ticks)
Parallel b&c, 4 threads:
  Real time             =    0.00 sec. (0.00 ticks)
  Sync time (average)   =    0.00 sec.
  Wait time (average)   =    0.00 sec.
                          ------------
Total (root+branch&cut) =    0.06 sec. (50.65 ticks)
