CPXPARAM_Read_DataCheck                          1
Found incumbent of value 0.000000 after 0.00 sec. (0.04 ticks)
Tried aggregator 1 time.
MIP Presolve modified 1 coefficients.
Reduced MIP has 317 rows, 1505 columns, and 7517 nonzeros.
Reduced MIP has 1505 binaries, 0 generals, 0 SOSs, and 0 indicators.
Presolve time = 0.00 sec. (2.82 ticks)
Probing time = 0.00 sec. (3.31 ticks)
Tried aggregator 1 time.
Reduced MIP has 317 rows, 1505 columns, and 7517 nonzeros.
Reduced MIP has 1505 binaries, 0 generals, 0 SOSs, and 0 indicators.
Presolve time = 0.02 sec. (3.41 ticks)
Probing time = 0.00 sec. (3.21 ticks)
Clique table members: 5314.
MIP emphasis: balance optimality and feasibility.
MIP search method: dynamic search.
Parallel mode: deterministic, using up to 4 threads.
Root relaxation solution time = 0.02 sec. (7.29 ticks)

        Nodes                                         Cuts/
   Node  Left     Objective  IInf  Best Integer    Best Bound    ItCnt     Gap

*     0+    0                            0.0000     9378.0000              --- 
      0     0     5027.6133     5        0.0000     5027.6133      461     --- 
      0     0     5001.0600     5        0.0000  Cliques: 179      478     --- 
      0     0     4989.3733     5        0.0000  Cliques: 179      487     --- 
*     0+    0                         1729.0000     4989.3733           188.57%
      0     0        cutoff           1729.0000     1729.0000      757    0.00%
Elapsed time = 0.14 sec. (101.54 ticks, tree = 0.01 MB, solutions = 2)

Clique cuts applied:  534
Cover cuts applied:  2

Root node processing (before b&c):
  Real time             =    0.14 sec. (101.64 ticks)
Parallel b&c, 4 threads:
  Real time             =    0.00 sec. (0.00 ticks)
  Sync time (average)   =    0.00 sec.
  Wait time (average)   =    0.00 sec.
                          ------------
Total (root+branch&cut) =    0.14 sec. (101.64 ticks)
