CPXPARAM_Read_DataCheck                          1
Found incumbent of value 0.000000 after 0.00 sec. (0.04 ticks)
Tried aggregator 1 time.
MIP Presolve modified 1 coefficients.
Reduced MIP has 317 rows, 1505 columns, and 7517 nonzeros.
Reduced MIP has 1505 binaries, 0 generals, 0 SOSs, and 0 indicators.
Presolve time = 0.02 sec. (2.82 ticks)
Probing time = 0.00 sec. (3.05 ticks)
Tried aggregator 1 time.
Reduced MIP has 317 rows, 1505 columns, and 7517 nonzeros.
Reduced MIP has 1505 binaries, 0 generals, 0 SOSs, and 0 indicators.
Presolve time = 0.00 sec. (3.40 ticks)
Probing time = 0.00 sec. (3.03 ticks)
Clique table members: 5314.
MIP emphasis: balance optimality and feasibility.
MIP search method: dynamic search.
Parallel mode: deterministic, using up to 4 threads.
Root relaxation solution time = 0.00 sec. (4.70 ticks)

        Nodes                                         Cuts/
   Node  Left     Objective  IInf  Best Integer    Best Bound    ItCnt     Gap

*     0+    0                            0.0000     9199.0000              --- 
*     0+    0                         2948.0000     9199.0000           212.04%
      0     0     5155.3733     5     2948.0000     5155.3733      398   74.88%
      0     0     5139.8133     5     2948.0000  Cliques: 179      406   74.35%
      0     0     5030.8225    58     2948.0000     Cuts: 179      453   70.65%
*     0+    0                         3012.0000     5030.8225            67.03%
      0     0        cutoff           3012.0000     3012.0000      763    0.00%
Elapsed time = 0.14 sec. (108.14 ticks, tree = 0.01 MB, solutions = 3)

Clique cuts applied:  512
Cover cuts applied:  2
Implied bound cuts applied:  1

Root node processing (before b&c):
  Real time             =    0.14 sec. (108.25 ticks)
Parallel b&c, 4 threads:
  Real time             =    0.00 sec. (0.00 ticks)
  Sync time (average)   =    0.00 sec.
  Wait time (average)   =    0.00 sec.
                          ------------
Total (root+branch&cut) =    0.14 sec. (108.25 ticks)
