CPXPARAM_Read_DataCheck                          1
Found incumbent of value 0.000000 after 0.00 sec. (0.04 ticks)
Tried aggregator 1 time.
MIP Presolve modified 1 coefficients.
Reduced MIP has 317 rows, 1505 columns, and 7517 nonzeros.
Reduced MIP has 1505 binaries, 0 generals, 0 SOSs, and 0 indicators.
Presolve time = 0.00 sec. (2.82 ticks)
Probing time = 0.00 sec. (3.11 ticks)
Tried aggregator 1 time.
Reduced MIP has 317 rows, 1505 columns, and 7517 nonzeros.
Reduced MIP has 1505 binaries, 0 generals, 0 SOSs, and 0 indicators.
Presolve time = 0.02 sec. (3.38 ticks)
Probing time = 0.00 sec. (3.09 ticks)
Clique table members: 5314.
MIP emphasis: balance optimality and feasibility.
MIP search method: dynamic search.
Parallel mode: deterministic, using up to 4 threads.
Root relaxation solution time = 0.02 sec. (5.90 ticks)

        Nodes                                         Cuts/
   Node  Left     Objective  IInf  Best Integer    Best Bound    ItCnt     Gap

*     0+    0                            0.0000     9559.0000              --- 
      0     0     5088.2800     5        0.0000     5088.2800      440     --- 
      0     0     5083.8533     5        0.0000  Cliques: 179      443     --- 
      0     0     5006.0101    56        0.0000     Cuts: 179      476     --- 
*     0+    0                         2696.0000     5006.0101            85.68%
*     0+    0                         3014.0000     5006.0101            66.09%
      0     0        cutoff           3014.0000     3014.0000      714    0.00%
Elapsed time = 0.14 sec. (109.62 ticks, tree = 0.01 MB, solutions = 3)

Clique cuts applied:  530
Cover cuts applied:  1
Implied bound cuts applied:  2

Root node processing (before b&c):
  Real time             =    0.14 sec. (109.74 ticks)
Parallel b&c, 4 threads:
  Real time             =    0.00 sec. (0.00 ticks)
  Sync time (average)   =    0.00 sec.
  Wait time (average)   =    0.00 sec.
                          ------------
Total (root+branch&cut) =    0.14 sec. (109.74 ticks)
