CPXPARAM_Read_DataCheck                          1
Found incumbent of value 0.000000 after 0.00 sec. (0.03 ticks)
Tried aggregator 1 time.
MIP Presolve modified 3 coefficients.
Reduced MIP has 131 rows, 1010 columns, and 5040 nonzeros.
Reduced MIP has 1010 binaries, 0 generals, 0 SOSs, and 0 indicators.
Presolve time = 0.00 sec. (1.96 ticks)
Probing time = 0.00 sec. (1.41 ticks)
Tried aggregator 1 time.
Reduced MIP has 131 rows, 1010 columns, and 5040 nonzeros.
Reduced MIP has 1010 binaries, 0 generals, 0 SOSs, and 0 indicators.
Presolve time = 0.02 sec. (2.22 ticks)
Probing time = 0.00 sec. (1.41 ticks)
Clique table members: 1445.
MIP emphasis: balance optimality and feasibility.
MIP search method: dynamic search.
Parallel mode: deterministic, using up to 4 threads.
Root relaxation solution time = 0.00 sec. (2.63 ticks)

        Nodes                                         Cuts/
   Node  Left     Objective  IInf  Best Integer    Best Bound    ItCnt     Gap

*     0+    0                            0.0000     6085.0000              --- 
      0     0     3246.3036    13        0.0000     3246.3036      263     --- 
      0     0     2352.7374   183        0.0000     Cuts: 142      811     --- 
      0     0     2097.1015   321        0.0000     Cuts: 143     1420     --- 
*     0+    0                         1922.0000     2097.1015             9.11%
      0     0        cutoff           1922.0000     1922.0000     2095    0.00%
Elapsed time = 0.25 sec. (164.62 ticks, tree = 0.01 MB, solutions = 2)

GUB cover cuts applied:  1
Clique cuts applied:  288
Cover cuts applied:  17
Mixed integer rounding cuts applied:  62
Zero-half cuts applied:  6

Root node processing (before b&c):
  Real time             =    0.25 sec. (164.70 ticks)
Parallel b&c, 4 threads:
  Real time             =    0.00 sec. (0.00 ticks)
  Sync time (average)   =    0.00 sec.
  Wait time (average)   =    0.00 sec.
                          ------------
Total (root+branch&cut) =    0.25 sec. (164.70 ticks)
