CPXPARAM_Read_DataCheck                          1
Found incumbent of value 0.000000 after 0.00 sec. (0.03 ticks)
Tried aggregator 1 time.
MIP Presolve modified 1 coefficients.
Reduced MIP has 131 rows, 1010 columns, and 5040 nonzeros.
Reduced MIP has 1010 binaries, 0 generals, 0 SOSs, and 0 indicators.
Presolve time = 0.00 sec. (2.07 ticks)
Probing time = 0.00 sec. (1.69 ticks)
Tried aggregator 1 time.
Reduced MIP has 131 rows, 1010 columns, and 5040 nonzeros.
Reduced MIP has 1010 binaries, 0 generals, 0 SOSs, and 0 indicators.
Presolve time = 0.00 sec. (2.43 ticks)
Probing time = 0.00 sec. (1.69 ticks)
Clique table members: 1505.
MIP emphasis: balance optimality and feasibility.
MIP search method: dynamic search.
Parallel mode: deterministic, using up to 4 threads.
Root relaxation solution time = 0.00 sec. (2.76 ticks)

        Nodes                                         Cuts/
   Node  Left     Objective  IInf  Best Integer    Best Bound    ItCnt     Gap

*     0+    0                            0.0000     6334.0000              --- 
      0     0     1364.3966    10        0.0000     1364.3966      213     --- 
      0     0     1203.7019   163        0.0000     Cuts: 136      393     --- 
*     0+    0                         1114.0000     1203.7019             8.05%
      0     0     1168.6410   228     1114.0000      Cuts: 98      537    4.90%
      0     0     1161.3336   237     1114.0000      Cuts: 53      663    4.25%
*     0+    0                         1149.0000     1161.3336             1.07%
      0     0        cutoff           1149.0000     1149.0000      718    0.00%
Elapsed time = 0.19 sec. (109.05 ticks, tree = 0.01 MB, solutions = 3)

Clique cuts applied:  175
Cover cuts applied:  28
Mixed integer rounding cuts applied:  16
Zero-half cuts applied:  12
Lift and project cuts applied:  1

Root node processing (before b&c):
  Real time             =    0.19 sec. (109.12 ticks)
Parallel b&c, 4 threads:
  Real time             =    0.00 sec. (0.00 ticks)
  Sync time (average)   =    0.00 sec.
  Wait time (average)   =    0.00 sec.
                          ------------
Total (root+branch&cut) =    0.19 sec. (109.12 ticks)
