CPXPARAM_Read_DataCheck                          1
Found incumbent of value 0.000000 after 0.00 sec. (0.03 ticks)
Tried aggregator 1 time.
MIP Presolve modified 1 coefficients.
Reduced MIP has 131 rows, 1010 columns, and 5040 nonzeros.
Reduced MIP has 1010 binaries, 0 generals, 0 SOSs, and 0 indicators.
Presolve time = 0.00 sec. (2.06 ticks)
Probing time = 0.00 sec. (1.67 ticks)
Tried aggregator 1 time.
Reduced MIP has 131 rows, 1010 columns, and 5040 nonzeros.
Reduced MIP has 1010 binaries, 0 generals, 0 SOSs, and 0 indicators.
Presolve time = 0.01 sec. (2.42 ticks)
Probing time = 0.00 sec. (1.66 ticks)
Clique table members: 1500.
MIP emphasis: balance optimality and feasibility.
MIP search method: dynamic search.
Parallel mode: deterministic, using up to 4 threads.
Root relaxation solution time = 0.00 sec. (2.70 ticks)

        Nodes                                         Cuts/
   Node  Left     Objective  IInf  Best Integer    Best Bound    ItCnt     Gap

*     0+    0                            0.0000     6354.0000              --- 
      0     0     1515.6333    10        0.0000     1515.6333      199     --- 
      0     0     1376.5077   124        0.0000     Cuts: 135      401     --- 
*     0+    0                         1296.0000     1376.5077             6.21%
      0     0     1346.2564   149     1296.0000      Cuts: 86      519    3.88%
      0     0     1340.5833   168     1296.0000      Cuts: 45      578    3.44%
      0     0     1339.0616   136     1296.0000      Cuts: 25      617    3.32%
      0     0     1338.7188   107     1296.0000      Cuts: 19      635    3.30%
      0     0     1338.7049   110     1296.0000       Cuts: 8      640    3.30%
*     0+    0                         1317.0000     1338.7049             1.65%
*     0+    0                         1334.0000     1338.7049             0.35%
      0     0        cutoff           1334.0000     1334.0000      662    0.00%
Elapsed time = 0.14 sec. (110.89 ticks, tree = 0.01 MB, solutions = 4)

Clique cuts applied:  129
Cover cuts applied:  27
Flow cuts applied:  3
Mixed integer rounding cuts applied:  15
Zero-half cuts applied:  17

Root node processing (before b&c):
  Real time             =    0.14 sec. (110.98 ticks)
Parallel b&c, 4 threads:
  Real time             =    0.00 sec. (0.00 ticks)
  Sync time (average)   =    0.00 sec.
  Wait time (average)   =    0.00 sec.
                          ------------
Total (root+branch&cut) =    0.14 sec. (110.98 ticks)
