CPXPARAM_Read_DataCheck                          1
Found incumbent of value 0.000000 after 0.00 sec. (0.03 ticks)
Tried aggregator 1 time.
MIP Presolve modified 5 coefficients.
Reduced MIP has 131 rows, 1010 columns, and 5040 nonzeros.
Reduced MIP has 1010 binaries, 0 generals, 0 SOSs, and 0 indicators.
Presolve time = 0.01 sec. (1.96 ticks)
Probing time = 0.00 sec. (1.41 ticks)
Tried aggregator 1 time.
Reduced MIP has 131 rows, 1010 columns, and 5040 nonzeros.
Reduced MIP has 1010 binaries, 0 generals, 0 SOSs, and 0 indicators.
Presolve time = 0.00 sec. (2.22 ticks)
Probing time = 0.00 sec. (1.41 ticks)
Clique table members: 1445.
MIP emphasis: balance optimality and feasibility.
MIP search method: dynamic search.
Parallel mode: deterministic, using up to 4 threads.
Root relaxation solution time = 0.02 sec. (2.85 ticks)

        Nodes                                         Cuts/
   Node  Left     Objective  IInf  Best Integer    Best Bound    ItCnt     Gap

*     0+    0                            0.0000     6286.0000              --- 
      0     0     2740.1349    16        0.0000     2740.1349      303     --- 
      0     0     1952.9270   114        0.0000     Cuts: 143      643     --- 
      0     0     1778.1896   165        0.0000     Cuts: 143      912     --- 
      0     0     1705.1773   241        0.0000     Cuts: 133     1200     --- 
*     0+    0                         1661.0000     1705.1773             2.66%
      0     0        cutoff           1661.0000     1661.0000     1350    0.00%
Elapsed time = 0.16 sec. (98.00 ticks, tree = 0.01 MB, solutions = 2)

GUB cover cuts applied:  1
Clique cuts applied:  368
Cover cuts applied:  20
Mixed integer rounding cuts applied:  35
Zero-half cuts applied:  26
Gomory fractional cuts applied:  1

Root node processing (before b&c):
  Real time             =    0.16 sec. (98.08 ticks)
Parallel b&c, 4 threads:
  Real time             =    0.00 sec. (0.00 ticks)
  Sync time (average)   =    0.00 sec.
  Wait time (average)   =    0.00 sec.
                          ------------
Total (root+branch&cut) =    0.16 sec. (98.08 ticks)
