CPXPARAM_Read_DataCheck                          1
Found incumbent of value 0.000000 after 0.00 sec. (0.04 ticks)
Tried aggregator 1 time.
MIP Presolve eliminated 8 rows and 0 columns.
MIP Presolve modified 1 coefficients.
Reduced MIP has 138 rows, 1515 columns, and 6745 nonzeros.
Reduced MIP has 1515 binaries, 0 generals, 0 SOSs, and 0 indicators.
Presolve time = 0.02 sec. (2.67 ticks)
Probing time = 0.00 sec. (1.50 ticks)
Tried aggregator 1 time.
Reduced MIP has 138 rows, 1515 columns, and 6745 nonzeros.
Reduced MIP has 1515 binaries, 0 generals, 0 SOSs, and 0 indicators.
Presolve time = 0.00 sec. (2.96 ticks)
Probing time = 0.00 sec. (1.50 ticks)
Clique table members: 1500.
MIP emphasis: balance optimality and feasibility.
MIP search method: dynamic search.
Parallel mode: deterministic, using up to 4 threads.
Root relaxation solution time = 0.02 sec. (4.51 ticks)

        Nodes                                         Cuts/
   Node  Left     Objective  IInf  Best Integer    Best Bound    ItCnt     Gap

*     0+    0                            0.0000     8982.0000              --- 
*     0+    0                         1663.0000     8982.0000           440.11%
      0     0     5179.1200    19     1663.0000     5179.1200      390  211.43%
      0     0     3702.3694   125     1663.0000     Cuts: 150      955  122.63%
      0     0     3300.7012   291     1663.0000     Cuts: 150     1683   98.48%
*     0+    0                         2829.0000     3300.7012            16.67%
      0     0        cutoff           2829.0000     2829.0000     2434    0.00%
Elapsed time = 0.30 sec. (175.69 ticks, tree = 0.01 MB, solutions = 3)

Clique cuts applied:  301
Cover cuts applied:  20
Implied bound cuts applied:  4
Mixed integer rounding cuts applied:  77
Zero-half cuts applied:  11

Root node processing (before b&c):
  Real time             =    0.30 sec. (175.81 ticks)
Parallel b&c, 4 threads:
  Real time             =    0.00 sec. (0.00 ticks)
  Sync time (average)   =    0.00 sec.
  Wait time (average)   =    0.00 sec.
                          ------------
Total (root+branch&cut) =    0.30 sec. (175.81 ticks)
