CPXPARAM_Read_DataCheck                          1
Found incumbent of value 0.000000 after 0.00 sec. (0.04 ticks)
Tried aggregator 1 time.
MIP Presolve modified 1 coefficients.
Reduced MIP has 146 rows, 1515 columns, and 7545 nonzeros.
Reduced MIP has 1515 binaries, 0 generals, 0 SOSs, and 0 indicators.
Presolve time = 0.02 sec. (2.97 ticks)
Probing time = 0.00 sec. (1.98 ticks)
Tried aggregator 1 time.
Reduced MIP has 146 rows, 1515 columns, and 7545 nonzeros.
Reduced MIP has 1515 binaries, 0 generals, 0 SOSs, and 0 indicators.
Presolve time = 0.00 sec. (3.52 ticks)
Probing time = 0.00 sec. (1.98 ticks)
Clique table members: 1536.
MIP emphasis: balance optimality and feasibility.
MIP search method: dynamic search.
Parallel mode: deterministic, using up to 4 threads.
Root relaxation solution time = 0.00 sec. (5.15 ticks)

        Nodes                                         Cuts/
   Node  Left     Objective  IInf  Best Integer    Best Bound    ItCnt     Gap

*     0+    0                            0.0000     9169.0000              --- 
*     0+    0                         1380.0000     9169.0000           564.42%
      0     0     2420.6333    17     1380.0000     2420.6333      256   75.41%
      0     0     1977.5750   162     1380.0000     Cuts: 150      590   43.30%
*     0+    0                         1636.0000     1977.5750            20.88%
      0     0     1852.2737   106     1636.0000     Cuts: 143      852   13.22%
*     0+    0                         1817.0000     1852.2737             1.94%
      0     0     1838.1409   208     1817.0000      Cuts: 67     1003    1.16%
      0     0     1833.3848   152     1817.0000      Cuts: 55     1102    0.90%
      0     0     1831.8733   233     1817.0000      Cuts: 39     1149    0.82%
      0     0     1829.5826    97     1817.0000      Cuts: 28     1249    0.69%
      0     0     1828.9518   213     1817.0000      Cuts: 23     1303    0.66%
      0     0     1828.7794   210     1817.0000      Cuts: 24     1338    0.65%
      0     0     1828.6920   238     1817.0000      Cuts: 20     1375    0.64%
      0     0     1828.5224   242     1817.0000      Cuts: 13     1418    0.63%
*     0+    0                         1818.0000     1828.5224             0.58%
*     0+    0                         1819.0000     1828.5224             0.52%

Repeating presolve.
Tried aggregator 1 time.
MIP Presolve eliminated 1 rows and 440 columns.
MIP Presolve modified 14 coefficients.
Reduced MIP has 145 rows, 1075 columns, and 5273 nonzeros.
Reduced MIP has 1075 binaries, 0 generals, 0 SOSs, and 0 indicators.
Presolve time = 0.00 sec. (2.27 ticks)
Probing time = 0.00 sec. (1.22 ticks)
Tried aggregator 1 time.
Reduced MIP has 145 rows, 1075 columns, and 5273 nonzeros.
Reduced MIP has 1075 binaries, 0 generals, 0 SOSs, and 0 indicators.
Presolve time = 0.02 sec. (2.47 ticks)
Represolve time = 0.02 sec. (12.43 ticks)
Probing time = 0.00 sec. (1.22 ticks)
Clique table members: 1023.
MIP emphasis: balance optimality and feasibility.
MIP search method: dynamic search.
Parallel mode: deterministic, using up to 4 threads.
Root relaxation solution time = 0.03 sec. (27.16 ticks)

        Nodes                                         Cuts/
   Node  Left     Objective  IInf  Best Integer    Best Bound    ItCnt     Gap

*     0+    0                         1819.0000     1828.0798             0.50%
      0     0     1828.4697   260     1819.0000     1828.0798     2104    0.50%
      0     0     1828.3135   228     1819.0000      Cuts: 19     2136    0.50%
      0     0     1828.2382   297     1819.0000      Cuts: 13     2194    0.50%
      0     0     1828.0863   159     1819.0000      Cuts: 13     2254    0.50%
      0     0     1828.0743   137     1819.0000      Cuts: 10     2265    0.50%
      0     0     1828.0244   101     1819.0000      Cuts: 13     2291    0.50%
      0     0     1828.0161   155     1819.0000       Cuts: 4     2312    0.50%
      0     0     1828.0159   105     1819.0000    MIRcuts: 1     2316    0.50%
      0     0     1827.9985   157     1819.0000   ZeroHalf: 4     2324    0.49%
*     0+    0                         1820.0000     1827.9985             0.44%
*     0+    0                         1821.0000     1827.1950             0.34%
      0     2     1827.9985   157     1821.0000     1826.9444     2324    0.33%
Elapsed time = 1.05 sec. (591.96 ticks, tree = 0.01 MB, solutions = 9)
*    18+    3                         1824.0000     1826.9444             0.16%
*    18+    3                         1825.0000     1826.9444             0.11%

Clique cuts applied:  163
Cover cuts applied:  29
Implied bound cuts applied:  14
Flow cuts applied:  17
Mixed integer rounding cuts applied:  30
Zero-half cuts applied:  23

Root node processing (before b&c):
  Real time             =    1.05 sec. (591.54 ticks)
Parallel b&c, 4 threads:
  Real time             =    0.11 sec. (70.19 ticks)
  Sync time (average)   =    0.04 sec.
  Wait time (average)   =    0.00 sec.
                          ------------
Total (root+branch&cut) =    1.16 sec. (661.73 ticks)
