CPXPARAM_Read_DataCheck                          1
Found incumbent of value 0.000000 after 0.00 sec. (0.04 ticks)
Tried aggregator 1 time.
MIP Presolve eliminated 9 rows and 0 columns.
MIP Presolve modified 1 coefficients.
Reduced MIP has 137 rows, 1515 columns, and 6645 nonzeros.
Reduced MIP has 1515 binaries, 0 generals, 0 SOSs, and 0 indicators.
Presolve time = 0.00 sec. (2.65 ticks)
Probing time = 0.00 sec. (1.49 ticks)
Tried aggregator 1 time.
Reduced MIP has 137 rows, 1515 columns, and 6645 nonzeros.
Reduced MIP has 1515 binaries, 0 generals, 0 SOSs, and 0 indicators.
Presolve time = 0.00 sec. (2.94 ticks)
Probing time = 0.00 sec. (1.49 ticks)
Clique table members: 1500.
MIP emphasis: balance optimality and feasibility.
MIP search method: dynamic search.
Parallel mode: deterministic, using up to 4 threads.
Root relaxation solution time = 0.00 sec. (3.70 ticks)

        Nodes                                         Cuts/
   Node  Left     Objective  IInf  Best Integer    Best Bound    ItCnt     Gap

*     0+    0                            0.0000     9283.0000              --- 
*     0+    0                         1746.0000     9283.0000           431.67%
      0     0     5036.9500    15     1746.0000     5036.9500      314  188.49%
      0     0     3585.0249   136     1746.0000     Cuts: 150      865  105.33%
      0     0     3099.3056   296     1746.0000     Cuts: 150     1586   77.51%
*     0+    0                         2563.0000     3099.3056            20.92%
      0     0        cutoff           2563.0000     2563.0000     2140    0.00%
Elapsed time = 0.22 sec. (164.51 ticks, tree = 0.01 MB, solutions = 3)

GUB cover cuts applied:  2
Clique cuts applied:  321
Cover cuts applied:  16
Implied bound cuts applied:  1
Mixed integer rounding cuts applied:  72
Zero-half cuts applied:  11
Gomory fractional cuts applied:  1

Root node processing (before b&c):
  Real time             =    0.22 sec. (164.63 ticks)
Parallel b&c, 4 threads:
  Real time             =    0.00 sec. (0.00 ticks)
  Sync time (average)   =    0.00 sec.
  Wait time (average)   =    0.00 sec.
                          ------------
Total (root+branch&cut) =    0.22 sec. (164.63 ticks)
