CPXPARAM_Read_DataCheck                          1
Found incumbent of value 0.000000 after 0.00 sec. (0.04 ticks)
Tried aggregator 1 time.
MIP Presolve modified 1 coefficients.
Reduced MIP has 146 rows, 1515 columns, and 7545 nonzeros.
Reduced MIP has 1515 binaries, 0 generals, 0 SOSs, and 0 indicators.
Presolve time = 0.00 sec. (2.92 ticks)
Probing time = 0.00 sec. (1.88 ticks)
Tried aggregator 1 time.
Reduced MIP has 146 rows, 1515 columns, and 7545 nonzeros.
Reduced MIP has 1515 binaries, 0 generals, 0 SOSs, and 0 indicators.
Presolve time = 0.00 sec. (3.47 ticks)
Probing time = 0.00 sec. (1.88 ticks)
Clique table members: 1527.
MIP emphasis: balance optimality and feasibility.
MIP search method: dynamic search.
Parallel mode: deterministic, using up to 4 threads.
Root relaxation solution time = 0.00 sec. (5.14 ticks)

        Nodes                                         Cuts/
   Node  Left     Objective  IInf  Best Integer    Best Bound    ItCnt     Gap

*     0+    0                            0.0000     9413.0000              --- 
*     0+    0                         1646.0000     9413.0000           471.87%
      0     0     2554.8500    15     1646.0000     2554.8500      245   55.22%
      0     0     2118.9029   172     1646.0000     Cuts: 149      568   28.73%
*     0+    0                         1851.0000     2118.9029            14.47%
      0     0     1917.2122   196     1851.0000     Cuts: 149      926    3.58%
      0     0     1882.1193   249     1851.0000     Cuts: 136     1227    1.68%
      0     0     1876.5198   244     1851.0000      Cuts: 55     1334    1.38%
      0     0     1874.3360   286     1851.0000      Cuts: 42     1410    1.26%
*     0+    0                         1852.0000     1874.3360             1.21%
      0     0     1872.9705   304     1852.0000      Cuts: 22     1485    1.13%
      0     0     1872.5217   267     1852.0000      Cuts: 19     1526    1.11%
      0     0     1871.7165   318     1852.0000      Cuts: 18     1594    1.06%
      0     0     1871.5822   253     1852.0000      Cuts: 16     1631    1.06%
      0     0     1871.3064   285     1852.0000      Cuts: 18     1684    1.04%
      0     0     1870.8321   332     1852.0000      Cuts: 13     1734    1.02%
*     0+    0                         1853.0000     1870.8321             0.96%
      0     0     1870.8145   310     1853.0000      Cuts: 13     1757    0.96%
      0     0     1870.6457   294     1853.0000      Cuts: 13     1795    0.95%
      0     0     1870.5995   272     1853.0000       Cuts: 9     1820    0.95%
      0     0     1870.4628   273     1853.0000       Cuts: 9     1844    0.94%
      0     0     1870.1497   276     1853.0000      Cuts: 11     1900    0.93%
      0     0     1870.0520   291     1853.0000      Cuts: 11     1928    0.92%
      0     2     1870.0520   291     1853.0000     1870.0520     1928    0.92%
Elapsed time = 1.06 sec. (524.45 ticks, tree = 0.01 MB, solutions = 5)
*    20+    2                         1854.0000     1870.0472             0.87%
*    70    22      integral     0     1855.0000     1870.0472     3154    0.81%
*    89    14      integral     0     1856.0000     1870.0472     3403    0.76%
*   107+    1                         1859.0000     1870.0472             0.59%
*   162    13      integral     0     1861.0000     1865.5947     4932    0.25%

Clique cuts applied:  245
Cover cuts applied:  71
Implied bound cuts applied:  14
Flow cuts applied:  7
Mixed integer rounding cuts applied:  18
Zero-half cuts applied:  29
Gomory fractional cuts applied:  1

Root node processing (before b&c):
  Real time             =    1.06 sec. (523.69 ticks)
Parallel b&c, 4 threads:
  Real time             =    0.30 sec. (197.88 ticks)
  Sync time (average)   =    0.11 sec.
  Wait time (average)   =    0.00 sec.
                          ------------
Total (root+branch&cut) =    1.36 sec. (721.58 ticks)
