CPXPARAM_Read_DataCheck                          1
Found incumbent of value 0.000000 after 0.00 sec. (0.02 ticks)
Tried aggregator 1 time.
MIP Presolve modified 1 coefficients.
Reduced MIP has 116 rows, 505 columns, and 2515 nonzeros.
Reduced MIP has 505 binaries, 0 generals, 0 SOSs, and 0 indicators.
Presolve time = 0.00 sec. (1.17 ticks)
Probing time = 0.00 sec. (0.75 ticks)
Tried aggregator 1 time.
Reduced MIP has 116 rows, 505 columns, and 2515 nonzeros.
Reduced MIP has 505 binaries, 0 generals, 0 SOSs, and 0 indicators.
Presolve time = 0.00 sec. (1.37 ticks)
Probing time = 0.00 sec. (0.75 ticks)
Clique table members: 600.
MIP emphasis: balance optimality and feasibility.
MIP search method: dynamic search.
Parallel mode: deterministic, using up to 4 threads.
Root relaxation solution time = 0.02 sec. (1.44 ticks)

        Nodes                                         Cuts/
   Node  Left     Objective  IInf  Best Integer    Best Bound    ItCnt     Gap

*     0+    0                            0.0000     3108.0000              --- 
*     0+    0                          519.0000     3108.0000           498.84%
      0     0     1076.2700     5      519.0000     1076.2700      159  107.37%
      0     0      777.7436    36      519.0000     Cuts: 114      289   49.85%
*     0+    0                          760.0000      777.7436             2.33%
      0     0      774.3967   115      760.0000      Cuts: 20      331    1.89%
*     0+    0                          766.0000      774.3967             1.10%
      0     0      773.8763   125      766.0000      Cuts: 17      342    1.03%
      0     0      773.6933   166      766.0000      Cuts: 19      353    1.00%
      0     0      773.6104   170      766.0000       Cuts: 6      361    0.99%
      0     0      773.5153   167      766.0000       Cuts: 7      371    0.98%
      0     0      773.3998   129      766.0000       Cuts: 4      380    0.97%
      0     0      773.3488   170      766.0000       Cuts: 7      382    0.96%
      0     0      773.3233   169      766.0000       Cuts: 2      386    0.96%
*     0+    0                          771.0000      773.3233             0.30%
      0     0        cutoff            771.0000      771.0000      386    0.00%
Elapsed time = 0.08 sec. (55.72 ticks, tree = 0.01 MB, solutions = 5)

Clique cuts applied:  95
Cover cuts applied:  7
Implied bound cuts applied:  4
Flow cuts applied:  1
Mixed integer rounding cuts applied:  1
Zero-half cuts applied:  4

Root node processing (before b&c):
  Real time             =    0.08 sec. (55.77 ticks)
Parallel b&c, 4 threads:
  Real time             =    0.00 sec. (0.00 ticks)
  Sync time (average)   =    0.00 sec.
  Wait time (average)   =    0.00 sec.
                          ------------
Total (root+branch&cut) =    0.08 sec. (55.77 ticks)
