CPXPARAM_Read_DataCheck                          1
Found incumbent of value 0.000000 after 0.00 sec. (0.02 ticks)
Tried aggregator 1 time.
MIP Presolve modified 1 coefficients.
Reduced MIP has 116 rows, 505 columns, and 2515 nonzeros.
Reduced MIP has 505 binaries, 0 generals, 0 SOSs, and 0 indicators.
Presolve time = 0.00 sec. (1.16 ticks)
Probing time = 0.02 sec. (0.75 ticks)
Tried aggregator 1 time.
Reduced MIP has 116 rows, 505 columns, and 2515 nonzeros.
Reduced MIP has 505 binaries, 0 generals, 0 SOSs, and 0 indicators.
Presolve time = 0.00 sec. (1.35 ticks)
Probing time = 0.00 sec. (0.75 ticks)
Clique table members: 600.
MIP emphasis: balance optimality and feasibility.
MIP search method: dynamic search.
Parallel mode: deterministic, using up to 4 threads.
Root relaxation solution time = 0.00 sec. (1.58 ticks)

        Nodes                                         Cuts/
   Node  Left     Objective  IInf  Best Integer    Best Bound    ItCnt     Gap

*     0+    0                            0.0000     3199.0000              --- 
*     0+    0                          613.0000     3199.0000           421.86%
      0     0     1051.6300     5      613.0000     1051.6300      172   71.55%
      0     0      724.8705    69      613.0000     Cuts: 115      304   18.25%
      0     0      704.4994    77      613.0000      Cuts: 31      338   14.93%
*     0+    0                          702.0000      704.4994             0.36%
*     0+    0                          703.0000      704.4994             0.21%
      0     0        cutoff            703.0000      703.0000      338    0.00%
Elapsed time = 0.03 sec. (24.42 ticks, tree = 0.01 MB, solutions = 4)

Clique cuts applied:  84
Cover cuts applied:  9
Implied bound cuts applied:  4
Mixed integer rounding cuts applied:  2
Zero-half cuts applied:  2
Gomory fractional cuts applied:  1

Root node processing (before b&c):
  Real time             =    0.03 sec. (24.46 ticks)
Parallel b&c, 4 threads:
  Real time             =    0.00 sec. (0.00 ticks)
  Sync time (average)   =    0.00 sec.
  Wait time (average)   =    0.00 sec.
                          ------------
Total (root+branch&cut) =    0.03 sec. (24.46 ticks)
