CPXPARAM_Read_DataCheck                          1
Found incumbent of value 0.000000 after 0.00 sec. (0.08 ticks)
Tried aggregator 1 time.
MIP Presolve modified 1 coefficients.
Reduced MIP has 333 rows, 3010 columns, and 15034 nonzeros.
Reduced MIP has 3010 binaries, 0 generals, 0 SOSs, and 0 indicators.
Presolve time = 0.01 sec. (5.69 ticks)
Tried aggregator 1 time.
Reduced MIP has 333 rows, 3010 columns, and 15034 nonzeros.
Reduced MIP has 3010 binaries, 0 generals, 0 SOSs, and 0 indicators.
Presolve time = 0.00 sec. (6.77 ticks)
Probing time = 0.02 sec. (3.80 ticks)
Clique table members: 10049.
MIP emphasis: balance optimality and feasibility.
MIP search method: dynamic search.
Parallel mode: deterministic, using up to 4 threads.
Root relaxation solution time = 0.02 sec. (14.69 ticks)

        Nodes                                         Cuts/
   Node  Left     Objective  IInf  Best Integer    Best Bound    ItCnt     Gap

*     0+    0                            0.0000    18575.0000              --- 
*     0+    0                         2284.0000    18575.0000           713.27%
      0     0     5404.4133    10     2284.0000     5404.4133      535  136.62%
      0     0     4646.5090    70     2284.0000     Cuts: 183      922  103.44%
*     0+    0                         3950.0000     4646.5090            17.63%
      0     0     4331.0454   192     3950.0000     Cuts: 183     1354    9.65%
      0     0     4204.2461   390     3950.0000     Cuts: 183     1768    6.44%
      0     0     4108.4793   557     3950.0000     Cuts: 183     2213    1.70%
      0     0        cutoff           3950.0000     3950.0000     2597    0.00%
Elapsed time = 0.89 sec. (487.12 ticks, tree = 0.01 MB, solutions = 3)

Clique cuts applied:  467
Cover cuts applied:  9
Implied bound cuts applied:  9
Mixed integer rounding cuts applied:  50
Zero-half cuts applied:  14

Root node processing (before b&c):
  Real time             =    0.89 sec. (487.35 ticks)
Parallel b&c, 4 threads:
  Real time             =    0.00 sec. (0.00 ticks)
  Sync time (average)   =    0.00 sec.
  Wait time (average)   =    0.00 sec.
                          ------------
Total (root+branch&cut) =    0.89 sec. (487.35 ticks)
