CPXPARAM_Read_DataCheck                          1
Found incumbent of value 0.000000 after 0.00 sec. (0.08 ticks)
Tried aggregator 1 time.
MIP Presolve modified 1 coefficients.
Reduced MIP has 333 rows, 3010 columns, and 15034 nonzeros.
Reduced MIP has 3010 binaries, 0 generals, 0 SOSs, and 0 indicators.
Presolve time = 0.02 sec. (5.78 ticks)
Tried aggregator 1 time.
Reduced MIP has 333 rows, 3010 columns, and 15034 nonzeros.
Reduced MIP has 3010 binaries, 0 generals, 0 SOSs, and 0 indicators.
Presolve time = 0.00 sec. (6.85 ticks)
Probing time = 0.00 sec. (3.85 ticks)
Clique table members: 9909.
MIP emphasis: balance optimality and feasibility.
MIP search method: dynamic search.
Parallel mode: deterministic, using up to 4 threads.
Root relaxation solution time = 0.01 sec. (16.24 ticks)

        Nodes                                         Cuts/
   Node  Left     Objective  IInf  Best Integer    Best Bound    ItCnt     Gap

*     0+    0                            0.0000    18690.0000              --- 
*     0+    0                         2736.0000    18690.0000           583.11%
      0     0     5041.5678    12     2736.0000     5041.5678      541   84.27%
*     0+    0                         3186.0000     5041.5678            58.24%
      0     0     4291.0043   149     3186.0000     Cuts: 183     1011   34.68%
*     0+    0                         3321.0000     4291.0043            29.21%
      0     0     4068.9751   198     3321.0000     Cuts: 183     1380   22.52%
      0     0     3879.9303   429     3321.0000     Cuts: 183     1791   16.83%
*     0+    0                         3324.0000     3879.9303            16.72%
*     0+    0                         3427.0000     3879.9303            13.22%
      0     0     3737.5015   570     3427.0000     Cuts: 183     2338    2.02%
*     0+    0                         3431.0000     3496.1767             1.90%
      0     0        cutoff           3431.0000     3431.0000     2867    0.00%
Elapsed time = 1.36 sec. (691.75 ticks, tree = 0.01 MB, solutions = 7)

Clique cuts applied:  482
Cover cuts applied:  5
Implied bound cuts applied:  15
Mixed integer rounding cuts applied:  49
Zero-half cuts applied:  9

Root node processing (before b&c):
  Real time             =    1.36 sec. (692.07 ticks)
Parallel b&c, 4 threads:
  Real time             =    0.00 sec. (0.00 ticks)
  Sync time (average)   =    0.00 sec.
  Wait time (average)   =    0.00 sec.
                          ------------
Total (root+branch&cut) =    1.36 sec. (692.07 ticks)
