CPXPARAM_Read_DataCheck                          1
Found incumbent of value 0.000000 after 0.00 sec. (0.08 ticks)
Tried aggregator 1 time.
MIP Presolve modified 1 coefficients.
Reduced MIP has 333 rows, 3010 columns, and 15034 nonzeros.
Reduced MIP has 3010 binaries, 0 generals, 0 SOSs, and 0 indicators.
Presolve time = 0.00 sec. (5.76 ticks)
Tried aggregator 1 time.
Reduced MIP has 333 rows, 3010 columns, and 15034 nonzeros.
Reduced MIP has 3010 binaries, 0 generals, 0 SOSs, and 0 indicators.
Presolve time = 0.02 sec. (6.83 ticks)
Probing time = 0.00 sec. (3.69 ticks)
Clique table members: 9953.
MIP emphasis: balance optimality and feasibility.
MIP search method: dynamic search.
Parallel mode: deterministic, using up to 4 threads.
Root relaxation solution time = 0.02 sec. (15.74 ticks)

        Nodes                                         Cuts/
   Node  Left     Objective  IInf  Best Integer    Best Bound    ItCnt     Gap

*     0+    0                            0.0000    18787.0000              --- 
*     0+    0                         2760.0000    18787.0000           580.69%
      0     0     5189.2067    10     2760.0000     5189.2067      542   88.01%
*     0+    0                         3629.0000     5189.2067            42.99%
      0     0     4343.9182   181     3629.0000     Cuts: 183     1056   19.70%
*     0+    0                         3738.0000     4343.9182            16.21%
      0     0     4098.4899   312     3738.0000     Cuts: 183     1450    9.64%
      0     0     4006.4093   397     3738.0000     Cuts: 183     1692    7.18%
*     0+    0                         3742.0000     4006.4093             7.07%
      0     0        cutoff           3742.0000     3742.0000     2112    0.00%
Elapsed time = 0.88 sec. (416.81 ticks, tree = 0.01 MB, solutions = 5)

Clique cuts applied:  410
Cover cuts applied:  7
Implied bound cuts applied:  11
Mixed integer rounding cuts applied:  30
Zero-half cuts applied:  12

Root node processing (before b&c):
  Real time             =    0.88 sec. (417.08 ticks)
Parallel b&c, 4 threads:
  Real time             =    0.00 sec. (0.00 ticks)
  Sync time (average)   =    0.00 sec.
  Wait time (average)   =    0.00 sec.
                          ------------
Total (root+branch&cut) =    0.88 sec. (417.08 ticks)
