CPXPARAM_Read_DataCheck                          1
Found incumbent of value 0.000000 after 0.00 sec. (0.08 ticks)
Tried aggregator 1 time.
MIP Presolve eliminated 2 rows and 0 columns.
MIP Presolve modified 1 coefficients.
Reduced MIP has 331 rows, 3010 columns, and 14434 nonzeros.
Reduced MIP has 3010 binaries, 0 generals, 0 SOSs, and 0 indicators.
Presolve time = 0.00 sec. (5.53 ticks)
Tried aggregator 1 time.
Reduced MIP has 331 rows, 3010 columns, and 14434 nonzeros.
Reduced MIP has 3010 binaries, 0 generals, 0 SOSs, and 0 indicators.
Presolve time = 0.00 sec. (6.24 ticks)
Probing time = 0.00 sec. (3.10 ticks)
Clique table members: 10277.
MIP emphasis: balance optimality and feasibility.
MIP search method: dynamic search.
Parallel mode: deterministic, using up to 4 threads.
Root relaxation solution time = 0.00 sec. (9.66 ticks)

        Nodes                                         Cuts/
   Node  Left     Objective  IInf  Best Integer    Best Bound    ItCnt     Gap

*     0+    0                            0.0000    18787.0000              --- 
*     0+    0                         2145.0000    18787.0000           775.85%
      0     0    10802.9700    10     2145.0000    10802.9700      581  403.63%
*     0+    0                         7298.0000    10802.9700            48.03%
      0     0    10794.1000    10     7298.0000  Cliques: 182      589   20.97%
      0     0    10749.2400    10     7298.0000  Cliques: 182      607   20.97%
      0     0        cutoff           7298.0000     7298.0000      607    0.00%
Elapsed time = 0.44 sec. (185.76 ticks, tree = 0.01 MB, solutions = 3)

Clique cuts applied:  355

Root node processing (before b&c):
  Real time             =    0.44 sec. (185.98 ticks)
Parallel b&c, 4 threads:
  Real time             =    0.00 sec. (0.00 ticks)
  Sync time (average)   =    0.00 sec.
  Wait time (average)   =    0.00 sec.
                          ------------
Total (root+branch&cut) =    0.44 sec. (185.98 ticks)
