CPXPARAM_Read_DataCheck                          1
Found incumbent of value 0.000000 after 0.00 sec. (0.08 ticks)
Tried aggregator 1 time.
MIP Presolve modified 1 coefficients.
Reduced MIP has 333 rows, 3010 columns, and 15034 nonzeros.
Reduced MIP has 3010 binaries, 0 generals, 0 SOSs, and 0 indicators.
Presolve time = 0.00 sec. (5.77 ticks)
Tried aggregator 1 time.
Reduced MIP has 333 rows, 3010 columns, and 15034 nonzeros.
Reduced MIP has 3010 binaries, 0 generals, 0 SOSs, and 0 indicators.
Presolve time = 0.02 sec. (6.84 ticks)
Probing time = 0.02 sec. (3.74 ticks)
Clique table members: 9945.
MIP emphasis: balance optimality and feasibility.
MIP search method: dynamic search.
Parallel mode: deterministic, using up to 4 threads.
Root relaxation solution time = 0.02 sec. (17.58 ticks)

        Nodes                                         Cuts/
   Node  Left     Objective  IInf  Best Integer    Best Bound    ItCnt     Gap

*     0+    0                            0.0000    18432.0000              --- 
*     0+    0                         2805.0000    18432.0000           557.11%
      0     0     5084.3550    12     2805.0000     5084.3550      606   81.26%
*     0+    0                         3288.0000     5084.3550            54.63%
      0     0     4287.1726   181     3288.0000     Cuts: 183     1096   30.39%
*     0+    0                         3548.0000     4287.1726            20.83%
      0     0     4056.4183   360     3548.0000     Cuts: 183     1429   14.33%
      0     0     3899.2009   530     3548.0000     Cuts: 183     1790    9.90%
*     0+    0                         3621.0000     3899.2009             7.68%
      0     0     3812.9152   678     3621.0000     Cuts: 183     2146    1.97%
*     0+    0                         3623.0000     3692.2185             1.91%
      0     0        cutoff           3623.0000     3623.0000     2562    0.00%
Elapsed time = 1.16 sec. (650.85 ticks, tree = 0.01 MB, solutions = 6)

Clique cuts applied:  594
Cover cuts applied:  10
Implied bound cuts applied:  17
Mixed integer rounding cuts applied:  31
Zero-half cuts applied:  8
Gomory fractional cuts applied:  1

Root node processing (before b&c):
  Real time             =    1.16 sec. (651.15 ticks)
Parallel b&c, 4 threads:
  Real time             =    0.00 sec. (0.00 ticks)
  Sync time (average)   =    0.00 sec.
  Wait time (average)   =    0.00 sec.
                          ------------
Total (root+branch&cut) =    1.16 sec. (651.15 ticks)
