CPXPARAM_Read_DataCheck                          1
Found incumbent of value 0.000000 after 0.00 sec. (2.56 ticks)
Tried aggregator 1 time.
MIP Presolve eliminated 2 rows and 0 columns.
MIP Presolve modified 1 coefficients.
Reduced MIP has 10029 rows, 100010 columns, and 480030 nonzeros.
Reduced MIP has 100010 binaries, 0 generals, 0 SOSs, and 0 indicators.
Presolve time = 0.31 sec. (174.76 ticks)
Tried aggregator 1 time.
Reduced MIP has 10029 rows, 100010 columns, and 480030 nonzeros.
Reduced MIP has 100010 binaries, 0 generals, 0 SOSs, and 0 indicators.
Presolve time = 0.42 sec. (198.58 ticks)
Probing time = 0.08 sec. (23.38 ticks)
Clique table members: 100000.
MIP emphasis: balance optimality and feasibility.
MIP search method: dynamic search.
Parallel mode: deterministic, using up to 4 threads.
Root relaxation solution time = 1.34 sec. (824.51 ticks)

        Nodes                                         Cuts/
   Node  Left     Objective  IInf  Best Integer    Best Bound    ItCnt     Gap

*     0+    0                            0.0000   619872.0000              --- 
      0     0   351076.6694    10        0.0000   351076.6694       15     --- 
*     0+    0                       216529.0000   351076.6694            62.14%
      0     0   265951.5790  2545   216529.0000    Cuts: 2607    29425   22.82%
      0     0        cutoff         216529.0000   216529.0000    40678    0.00%
Elapsed time = 187.69 sec. (75094.16 ticks, tree = 0.01 MB, solutions = 2)

Clique cuts applied:  4077
Cover cuts applied:  1
Mixed integer rounding cuts applied:  14

Root node processing (before b&c):
  Real time             =  187.72 sec. (75100.70 ticks)
Parallel b&c, 4 threads:
  Real time             =    0.00 sec. (0.00 ticks)
  Sync time (average)   =    0.00 sec.
  Wait time (average)   =    0.00 sec.
                          ------------
Total (root+branch&cut) =  187.72 sec. (75100.70 ticks)
