CPXPARAM_Read_DataCheck                          1
Found incumbent of value 0.000000 after 0.00 sec. (2.56 ticks)
Tried aggregator 1 time.
MIP Presolve eliminated 4 rows and 0 columns.
MIP Presolve modified 1 coefficients.
Reduced MIP has 10027 rows, 100010 columns, and 460030 nonzeros.
Reduced MIP has 100010 binaries, 0 generals, 0 SOSs, and 0 indicators.
Presolve time = 0.28 sec. (171.19 ticks)
Tried aggregator 1 time.
Reduced MIP has 10027 rows, 100010 columns, and 460030 nonzeros.
Reduced MIP has 100010 binaries, 0 generals, 0 SOSs, and 0 indicators.
Presolve time = 0.38 sec. (192.42 ticks)
Probing time = 0.09 sec. (23.26 ticks)
Clique table members: 100000.
MIP emphasis: balance optimality and feasibility.
MIP search method: dynamic search.
Parallel mode: deterministic, using up to 4 threads.
Root relaxation solution time = 1.30 sec. (763.22 ticks)

        Nodes                                         Cuts/
   Node  Left     Objective  IInf  Best Integer    Best Bound    ItCnt     Gap

*     0+    0                            0.0000   622176.0000              --- 
*     0+    0                        15183.0000   622176.0000              --- 
      0     0   343595.6210    10    15183.0000   343595.6210       14     --- 
*     0+    0                       208783.0000   343595.6210            64.57%
      0     0   317274.9600  1819   208783.0000    Cuts: 2606    16834   27.41%
      0     0        cutoff         208783.0000   208783.0000    30239    0.00%
Elapsed time = 200.86 sec. (83462.72 ticks, tree = 0.01 MB, solutions = 3)

Clique cuts applied:  3650
Cover cuts applied:  1
Mixed integer rounding cuts applied:  15

Root node processing (before b&c):
  Real time             =  200.89 sec. (83469.95 ticks)
Parallel b&c, 4 threads:
  Real time             =    0.00 sec. (0.00 ticks)
  Sync time (average)   =    0.00 sec.
  Wait time (average)   =    0.00 sec.
                          ------------
Total (root+branch&cut) =  200.89 sec. (83469.95 ticks)
