CPXPARAM_Read_DataCheck                          1
Found incumbent of value 0.000000 after 0.00 sec. (0.08 ticks)
Tried aggregator 1 time.
MIP Presolve eliminated 6 rows and 0 columns.
MIP Presolve modified 1 coefficients.
Reduced MIP has 243 rows, 3015 columns, and 13851 nonzeros.
Reduced MIP has 3015 binaries, 0 generals, 0 SOSs, and 0 indicators.
Presolve time = 0.00 sec. (5.39 ticks)
Tried aggregator 1 time.
Reduced MIP has 243 rows, 3015 columns, and 13851 nonzeros.
Reduced MIP has 3015 binaries, 0 generals, 0 SOSs, and 0 indicators.
Presolve time = 0.02 sec. (6.02 ticks)
Probing time = 0.00 sec. (3.07 ticks)
Clique table members: 9991.
MIP emphasis: balance optimality and feasibility.
MIP search method: dynamic search.
Parallel mode: deterministic, using up to 4 threads.
Root relaxation solution time = 0.01 sec. (8.91 ticks)

        Nodes                                         Cuts/
   Node  Left     Objective  IInf  Best Integer    Best Bound    ItCnt     Gap

*     0+    0                            0.0000    18464.0000              --- 
*     0+    0                         3040.0000    18464.0000           507.37%
      0     0    10533.9750    15     3040.0000    10533.9750      546  246.51%
      0     0    10519.9500    15     3040.0000  Cliques: 160      557  246.05%
*     0+    0                         5876.0000    10519.9500            79.03%
      0     0    10472.3600    15     5876.0000  Cliques: 160      587   59.64%
      0     0    10459.7350    15     5876.0000  Cliques: 160      597   59.64%
*     0+    0                         6294.0000     9380.4200            49.04%
      0     2    10459.7350    15     6294.0000     8911.2150      597   41.58%
Elapsed time = 0.39 sec. (219.93 ticks, tree = 0.01 MB, solutions = 4)
*   143    87      integral     0     6313.0000     8911.2150     7463   41.16%
    562   277    infeasible           6313.0000     8002.8167    24169   26.77%
   1483   467     6477.2727     3     6313.0000     7160.7674    54755   13.43%

Clique cuts applied:  478
Cover cuts applied:  11
Implied bound cuts applied:  5

Root node processing (before b&c):
  Real time             =    0.39 sec. (219.33 ticks)
Parallel b&c, 4 threads:
  Real time             =    1.19 sec. (725.44 ticks)
  Sync time (average)   =    0.08 sec.
  Wait time (average)   =    0.00 sec.
                          ------------
Total (root+branch&cut) =    1.58 sec. (944.77 ticks)
