CPXPARAM_Read_DataCheck                          1
Found incumbent of value 0.000000 after 0.00 sec. (0.08 ticks)
Tried aggregator 1 time.
MIP Presolve eliminated 7 rows and 0 columns.
MIP Presolve modified 1 coefficients.
Reduced MIP has 242 rows, 3015 columns, and 13651 nonzeros.
Reduced MIP has 3015 binaries, 0 generals, 0 SOSs, and 0 indicators.
Presolve time = 0.00 sec. (5.36 ticks)
Tried aggregator 1 time.
Reduced MIP has 242 rows, 3015 columns, and 13651 nonzeros.
Reduced MIP has 3015 binaries, 0 generals, 0 SOSs, and 0 indicators.
Presolve time = 0.02 sec. (5.96 ticks)
Probing time = 0.02 sec. (3.95 ticks)
Clique table members: 9891.
MIP emphasis: balance optimality and feasibility.
MIP search method: dynamic search.
Parallel mode: deterministic, using up to 4 threads.
Root relaxation solution time = 0.02 sec. (12.96 ticks)

        Nodes                                         Cuts/
   Node  Left     Objective  IInf  Best Integer    Best Bound    ItCnt     Gap

*     0+    0                            0.0000    18383.0000              --- 
*     0+    0                         2405.0000    18383.0000           664.37%
*     0+    0                         2406.0000    18383.0000           664.05%
      0     0    10755.2050    15     2406.0000    10755.2050      751  347.02%
      0     0    10707.0900    15     2406.0000  Cliques: 160      799  345.02%
*     0+    0                         6316.0000    10707.0900            69.52%
      0     0        cutoff           6316.0000     6316.0000      812    0.00%
Elapsed time = 0.23 sec. (142.31 ticks, tree = 0.01 MB, solutions = 4)

Clique cuts applied:  316

Root node processing (before b&c):
  Real time             =    0.23 sec. (142.55 ticks)
Parallel b&c, 4 threads:
  Real time             =    0.00 sec. (0.00 ticks)
  Sync time (average)   =    0.00 sec.
  Wait time (average)   =    0.00 sec.
                          ------------
Total (root+branch&cut) =    0.23 sec. (142.55 ticks)
