CPXPARAM_Read_DataCheck                          1
Found incumbent of value 0.000000 after 0.00 sec. (0.08 ticks)
Tried aggregator 1 time.
MIP Presolve eliminated 6 rows and 0 columns.
MIP Presolve modified 1 coefficients.
Reduced MIP has 243 rows, 3015 columns, and 13851 nonzeros.
Reduced MIP has 3015 binaries, 0 generals, 0 SOSs, and 0 indicators.
Presolve time = 0.00 sec. (5.39 ticks)
Tried aggregator 1 time.
Reduced MIP has 243 rows, 3015 columns, and 13851 nonzeros.
Reduced MIP has 3015 binaries, 0 generals, 0 SOSs, and 0 indicators.
Presolve time = 0.00 sec. (6.02 ticks)
Probing time = 0.02 sec. (3.52 ticks)
Clique table members: 9991.
MIP emphasis: balance optimality and feasibility.
MIP search method: dynamic search.
Parallel mode: deterministic, using up to 4 threads.
Root relaxation solution time = 0.02 sec. (12.97 ticks)

        Nodes                                         Cuts/
   Node  Left     Objective  IInf  Best Integer    Best Bound    ItCnt     Gap

*     0+    0                            0.0000    18857.0000              --- 
*     0+    0                          474.0000    18857.0000              --- 
      0     0    10667.4475    21      474.0000    10667.4475      740     --- 
      0     0    10599.7750    18      474.0000  Cliques: 160      780     --- 
*     0+    0                         5096.0000    10599.7750           108.00%
      0     0        cutoff           5096.0000     5096.0000      845    0.00%
Elapsed time = 0.23 sec. (151.60 ticks, tree = 0.01 MB, solutions = 3)

Clique cuts applied:  313

Root node processing (before b&c):
  Real time             =    0.23 sec. (151.81 ticks)
Parallel b&c, 4 threads:
  Real time             =    0.00 sec. (0.00 ticks)
  Sync time (average)   =    0.00 sec.
  Wait time (average)   =    0.00 sec.
                          ------------
Total (root+branch&cut) =    0.23 sec. (151.81 ticks)
