CPXPARAM_Read_DataCheck                          1
Found incumbent of value 0.000000 after 0.00 sec. (0.08 ticks)
Tried aggregator 1 time.
MIP Presolve modified 1 coefficients.
Reduced MIP has 249 rows, 3015 columns, and 15051 nonzeros.
Reduced MIP has 3015 binaries, 0 generals, 0 SOSs, and 0 indicators.
Presolve time = 0.00 sec. (5.68 ticks)
Tried aggregator 1 time.
Reduced MIP has 249 rows, 3015 columns, and 15051 nonzeros.
Reduced MIP has 3015 binaries, 0 generals, 0 SOSs, and 0 indicators.
Presolve time = 0.02 sec. (6.76 ticks)
Probing time = 0.00 sec. (3.45 ticks)
Clique table members: 10123.
MIP emphasis: balance optimality and feasibility.
MIP search method: dynamic search.
Parallel mode: deterministic, using up to 4 threads.
Root relaxation solution time = 0.01 sec. (13.79 ticks)

        Nodes                                         Cuts/
   Node  Left     Objective  IInf  Best Integer    Best Bound    ItCnt     Gap

*     0+    0                            0.0000    18857.0000              --- 
*     0+    0                         1687.0000    18857.0000              --- 
      0     0     4867.0200    17     1687.0000     4867.0200      452  188.50%
      0     0     4145.8321   100     1687.0000     Cuts: 162      913  145.75%
*     0+    0                         3348.0000     4145.8321            23.83%
      0     0     3975.4098   125     3348.0000     Cuts: 162     1212   18.74%
      0     0     3834.3440   343     3348.0000     Cuts: 162     1677   14.53%
*     0+    0                         3586.0000     3834.3440             6.93%
      0     0     3764.3856   436     3586.0000     Cuts: 162     2239    4.97%
*     0+    0                         3589.0000     3764.3856             4.89%
*     0+    0                         3591.0000     3764.3856             4.83%
*     0+    0                         3594.0000     3764.3856             4.74%
      0     0     3717.1015   522     3594.0000     Cuts: 162     2603    3.43%
      0     0     3685.4741   574     3594.0000     Cuts: 162     3002    2.55%
      0     0     3667.0405   600     3594.0000     Cuts: 162     3290    2.03%
      0     0     3653.4433   597     3594.0000     Cuts: 162     3622    1.65%
      0     0     3635.5620   622     3594.0000     Cuts: 162     3976    1.16%
      0     0     3627.9502   568     3594.0000     Cuts: 141     4140    0.94%
      0     0     3623.3952   596     3594.0000      Cuts: 79     4317    0.82%
      0     0     3620.3759   628     3594.0000      Cuts: 64     4505    0.73%
      0     0     3614.4916   467     3594.0000      Cuts: 62     4647    0.57%
      0     0     3613.0855   483     3594.0000      Cuts: 49     4713    0.53%
      0     0     3603.2350   465     3594.0000      Cuts: 56     5009    0.26%

Repeating presolve.
Tried aggregator 1 time.
MIP Presolve eliminated 1 rows and 922 columns.
MIP Presolve modified 14 coefficients.
Reduced MIP has 248 rows, 2093 columns, and 10291 nonzeros.
Reduced MIP has 2093 binaries, 0 generals, 0 SOSs, and 0 indicators.
Presolve time = 0.00 sec. (4.24 ticks)
Probing time = 0.00 sec. (2.93 ticks)
Tried aggregator 1 time.
Reduced MIP has 248 rows, 2093 columns, and 10291 nonzeros.
Reduced MIP has 2093 binaries, 0 generals, 0 SOSs, and 0 indicators.
Presolve time = 0.02 sec. (4.60 ticks)
Represolve time = 0.05 sec. (28.15 ticks)
Probing time = 0.02 sec. (2.89 ticks)
Clique table members: 7042.
MIP emphasis: balance optimality and feasibility.
MIP search method: dynamic search.
Parallel mode: deterministic, using up to 4 threads.
Root relaxation solution time = 0.11 sec. (86.99 ticks)

        Nodes                                         Cuts/
   Node  Left     Objective  IInf  Best Integer    Best Bound    ItCnt     Gap

*     0+    0                         3594.0000     3603.2350             0.26%
      0     0     3603.2349   432     3594.0000     3603.2349     6363    0.26%
      0     0     3600.8889   230     3594.0000      Cuts: 46     6468    0.19%
      0     0     3599.8437   390     3594.0000     Cuts: 128     6517    0.16%
      0     0     3599.3733   282     3594.0000      Cuts: 55     6571    0.15%
      0     0     3598.9991   474     3594.0000      Cuts: 15     6613    0.14%
*     0+    0                         3597.0000     3598.9991             0.06%
      0     0        cutoff           3597.0000     3597.0000     6660    0.00%
Elapsed time = 4.06 sec. (1993.17 ticks, tree = 0.01 MB, solutions = 8)

Clique cuts applied:  382
Cover cuts applied:  34
Implied bound cuts applied:  42
Flow cuts applied:  12
Mixed integer rounding cuts applied:  76
Zero-half cuts applied:  38

Root node processing (before b&c):
  Real time             =    4.06 sec. (1993.49 ticks)
Parallel b&c, 4 threads:
  Real time             =    0.00 sec. (0.00 ticks)
  Sync time (average)   =    0.00 sec.
  Wait time (average)   =    0.00 sec.
                          ------------
Total (root+branch&cut) =    4.06 sec. (1993.49 ticks)
