CPXPARAM_Read_DataCheck                          1
Found incumbent of value 0.000000 after 0.00 sec. (3.82 ticks)
Tried aggregator 1 time.
MIP Presolve eliminated 10 rows and 0 columns.
MIP Presolve modified 1 coefficients.
Reduced MIP has 10039 rows, 150015 columns, and 650051 nonzeros.
Reduced MIP has 150015 binaries, 0 generals, 0 SOSs, and 0 indicators.
Presolve time = 0.45 sec. (262.52 ticks)
Tried aggregator 1 time.
Reduced MIP has 10039 rows, 150015 columns, and 650051 nonzeros.
Reduced MIP has 150015 binaries, 0 generals, 0 SOSs, and 0 indicators.
Presolve time = 0.58 sec. (288.77 ticks)
Probing time = 0.20 sec. (33.43 ticks)
Clique table members: 210003.
MIP emphasis: balance optimality and feasibility.
MIP search method: dynamic search.
Parallel mode: deterministic, using up to 4 threads.
Root relaxation solution time = 2.22 sec. (1259.59 ticks)

        Nodes                                         Cuts/
   Node  Left     Objective  IInf  Best Integer    Best Bound    ItCnt     Gap

*     0+    0                            0.0000   928474.0000              --- 
      0     0   527750.7335    19        0.0000   527750.7335       16     --- 
*     0+    0                       258818.0000   527750.7335           103.91%
      0     0        cutoff         258818.0000   258818.0000    12927    0.00%
Elapsed time = 155.52 sec. (66876.52 ticks, tree = 0.01 MB, solutions = 2)

Clique cuts applied:  2600
Mixed integer rounding cuts applied:  6
Gomory fractional cuts applied:  3

Root node processing (before b&c):
  Real time             =  155.58 sec. (66885.94 ticks)
Parallel b&c, 4 threads:
  Real time             =    0.00 sec. (0.00 ticks)
  Sync time (average)   =    0.00 sec.
  Wait time (average)   =    0.00 sec.
                          ------------
Total (root+branch&cut) =  155.58 sec. (66885.94 ticks)
