CPXPARAM_Read_DataCheck                          1
Found incumbent of value 0.000000 after 0.00 sec. (3.82 ticks)
Tried aggregator 1 time.
MIP Presolve modified 1 coefficients.
Reduced MIP has 10049 rows, 150015 columns, and 750051 nonzeros.
Reduced MIP has 150015 binaries, 0 generals, 0 SOSs, and 0 indicators.
Presolve time = 0.47 sec. (265.85 ticks)
Tried aggregator 1 time.
Reduced MIP has 10049 rows, 150015 columns, and 750051 nonzeros.
Reduced MIP has 150015 binaries, 0 generals, 0 SOSs, and 0 indicators.
Presolve time = 0.72 sec. (319.92 ticks)
Probing time = 0.52 sec. (67.96 ticks)
Clique table members: 525091.
MIP emphasis: balance optimality and feasibility.
MIP search method: dynamic search.
Parallel mode: deterministic, using up to 4 threads.
Root relaxation solution time = 2.92 sec. (1637.96 ticks)

        Nodes                                         Cuts/
   Node  Left     Objective  IInf  Best Integer    Best Bound    ItCnt     Gap

*     0+    0                            0.0000   924950.0000              --- 
      0     0   548221.9756    15        0.0000   548221.9756       19     --- 
*     0+    0                       322768.0000   548221.9756            69.85%
      0     0   548177.5236    15   322768.0000 Cliques: 2612       48   35.96%
*     0+    0                       322769.0000   438822.7073            35.96%
      0     0   548155.6992    15   322769.0000 Cliques: 2612       67   24.33%
      0     2   548155.6992    15   322769.0000   401283.3285       67   24.33%
Elapsed time = 382.97 sec. (151792.22 ticks, tree = 0.01 MB, solutions = 3)
      2     3   522164.0246    14   322769.0000   401283.3285     1304   24.33%
     11    10   417438.3118     9   322769.0000   401283.3285    18711   24.33%
     21    22   412500.5362     9   322769.0000   401283.3285    45599   24.33%
     27    28   365190.0527     6   322769.0000   401283.3285    61245   24.33%
     32    30   367193.8416     6   322769.0000   401283.3285    66623   24.33%
     36    36   376178.6051     6   322769.0000   401283.3285    84402   24.33%
     39    39   350852.0600     5   322769.0000   401283.3285    96643   24.33%
     45    41   427978.2898     9   322769.0000   401283.3285   111651   24.33%
     48    44   343341.1032     5   322769.0000   401283.3285   118621   24.33%
     68    54   383669.3834     7   322769.0000   401283.3285   170861   24.33%
Elapsed time = 395.86 sec. (155931.78 ticks, tree = 4.64 MB, solutions = 3)
     83    63   330134.1770     4   322769.0000   401283.3285   204528   24.33%
    108    72   397726.2243     8   322769.0000   401283.3285   241119   24.33%
    126    83        cutoff         322769.0000   401283.3285   286668   24.33%
    138    88   361827.9173     5   322769.0000   401283.3285   298169   24.33%
    153   104   323379.6330     2   322769.0000   401283.3285   367995   24.33%
    177   111   354758.5757     5   322769.0000   401283.3285   390298   24.33%
    195   124   416844.7057     9   322769.0000   401283.3285   455208   24.33%
    212   130   325765.3836     2   322769.0000   401283.3285   467385   24.33%
    230   134   349709.9016     4   322769.0000   401283.3285   477699   24.33%
    251   145   384873.2359     7   322769.0000   401283.3285   512349   24.33%
Elapsed time = 428.20 sec. (166241.98 ticks, tree = 16.18 MB, solutions = 3)
    264   160    infeasible         322769.0000   401283.3285   562486   24.33%
    289   161   330720.0011     3   322769.0000   401283.3285   555103   24.33%
    315   190   323538.8924     6   322769.0000   401283.3285   585758   24.33%
    335   192   332960.2932     4   322769.0000   401283.3285   619232   24.33%
    356   210        cutoff         322769.0000   401283.3285   650937   24.33%
    376   219   375004.3712     7   322769.0000   401283.3285   678500   24.33%
    399   213        cutoff         322769.0000   401283.3285   666497   24.33%
    426   237   341338.4776     4   322769.0000   401283.3285   742591   24.33%
    450   235   338705.1408     4   322769.0000   401283.3285   745345   24.33%
    470   270   366924.4636    11   322769.0000   401283.3285   849471   24.33%
Elapsed time = 462.63 sec. (176336.51 ticks, tree = 40.21 MB, solutions = 3)
    494   269   361446.3731     6   322769.0000   401283.3285   834672   24.33%
    516   272   368662.7749     7   322769.0000   401283.3285   842262   24.33%
    539   298   361694.9799     8   322769.0000   401283.3285   928949   24.33%
    557   294   326649.0078     3   322769.0000   401283.3285   915751   24.33%
    574   280   350604.5518     5   322769.0000   401283.3285   883282   24.33%
    590   306   358586.7014     9   322769.0000   401283.3285   950549   24.33%
    605   327   328574.3574     3   322769.0000   401283.3285  1007716   24.33%
    630   335   347189.6262     5   322769.0000   398951.9777  1026824   23.60%
    651   339   334415.3939     4   322769.0000   398951.9777  1035577   23.60%
    672   357   363317.4922     7   322769.0000   398259.7758  1097134   23.39%
Elapsed time = 495.47 sec. (186359.95 ticks, tree = 59.64 MB, solutions = 3)
    688   363   323513.3380     5   322769.0000   397726.2243  1117451   23.22%
    710   355   330062.9119     4   322769.0000   397726.2243  1082424   23.22%
    725   376        cutoff         322769.0000   393985.3723  1157597   22.06%
    743   381   363426.3550     6   322769.0000   391886.3841  1168860   21.41%
    761   378   349339.8180     6   322769.0000   390332.0368  1166805   20.93%
    786   396   337166.5815     4   322769.0000   389085.7120  1212243   20.55%
    805   389   325231.2043     5   322769.0000   389085.7120  1192040   20.55%
    830   411   351966.5112    11   322769.0000   388170.0119  1255958   20.26%
    855   409   348099.7666    11   322769.0000   387145.7665  1257703   19.95%
    873   411   330218.9122     5   322769.0000   386735.0392  1260037   19.82%
Elapsed time = 525.95 sec. (196341.08 ticks, tree = 73.53 MB, solutions = 3)
    894   426   331919.8375     4   322769.0000   385929.1463  1311462   19.57%
    913   425        cutoff         322769.0000   384529.8184  1319899   19.13%
    936   427        cutoff         322769.0000   383139.6271  1323763   18.70%
    959   439   347885.2162     9   322769.0000   381147.1783  1388295   18.09%
    974   439   324028.4091     5   322769.0000   380221.3991  1386593   17.80%
    993   445   330992.6720     5   322769.0000   379871.6077  1404719   17.69%
   1013   449   332701.8702     5   322769.0000   377442.7660  1424599   16.94%
   1035   458   323539.3219     6   322769.0000   377442.7660  1447375   16.94%
   1059   458   328259.1400     6   322769.0000   376483.8619  1450614   16.64%
   1080   466   323849.7132    10   322769.0000   375708.2250  1500771   16.40%
Elapsed time = 553.58 sec. (206391.60 ticks, tree = 82.58 MB, solutions = 3)
   1105   466    infeasible         322769.0000   375437.0187  1505458   16.32%
   1124   467   342296.3519     5   322769.0000   375437.0187  1517632   16.32%
   1145   471        cutoff         322769.0000   372845.8809  1553688   15.51%
   1161   468   328921.4133     6   322769.0000   372845.8809  1526376   15.51%
   1185   472   331089.0406     5   322769.0000   371043.5515  1563123   14.96%
   1207   472        cutoff         322769.0000   370416.8776  1576718   14.76%
   1225   476   341976.3165    10   322769.0000   370416.8776  1608186   14.76%
   1238   477   333419.8300     6   322769.0000   369352.6794  1609394   14.43%
   1250   470        cutoff         322769.0000   367192.6971  1638254   13.76%
   1263   471   336051.7873     5   322769.0000   367192.6971  1652357   13.76%
Elapsed time = 577.53 sec. (216667.28 ticks, tree = 84.69 MB, solutions = 3)
   1286   475   336228.0668     4   322769.0000   366924.4636  1667194   13.68%
   1306   473   338898.0781     5   322769.0000   366461.6531  1673701   13.54%
   1333   471        cutoff         322769.0000   366461.6531  1704375   13.54%
   1348   466   346529.4359     5   322769.0000   364954.7584  1725496   13.07%
   1374   465   328322.8818     5   322769.0000   364230.5143  1715291   12.85%
   1403   462        cutoff         322769.0000   364230.5143  1739598   12.85%
   1431   455        cutoff         322769.0000   363366.4274  1767781   12.58%
   1451   447   330964.2667     6   322769.0000   362541.1545  1822326   12.32%
   1475   442   336119.4104     5   322769.0000   362259.3912  1835694   12.23%
   1503   446   324109.4386     5   322769.0000   361624.4634  1816901   12.04%
Elapsed time = 604.89 sec. (226735.16 ticks, tree = 74.99 MB, solutions = 3)
   1526   424        cutoff         322769.0000   361269.3908  1885202   11.93%
   1552   434   331923.8610     4   322769.0000   360542.0504  1874136   11.70%
   1580   415   343765.1027     7   322769.0000   359846.9634  1907409   11.49%
   1613   395   337927.6344     3   322769.0000   356983.2024  1925256   10.60%
   1642   377        cutoff         322769.0000   356527.1156  1957884   10.46%
   1694   332        cutoff         322769.0000   352768.1881  2000607    9.29%
   1737   296        cutoff         322769.0000   350906.1809  2024558    8.72%
   1808   239        cutoff         322769.0000   346324.9783  2046028    7.30%
   1904   152        cutoff         322769.0000   340182.1920  2067397    5.39%
   2000    87        cutoff         322769.0000   333997.8226  2069307    3.48%
Elapsed time = 633.83 sec. (236432.87 ticks, tree = 3.72 MB, solutions = 3)
   2029    52   324450.1735     2   322769.0000   333565.0911  2072537    3.34%
   2066    46   324451.1735     2   322769.0000   332980.2988  2074914    3.16%
   2116    17   324450.1735     2   322769.0000   331014.7601  2092040    2.55%

Clique cuts applied:  5223

Root node processing (before b&c):
  Real time             =  382.59 sec. (151676.06 ticks)
Parallel b&c, 4 threads:
  Real time             =  263.22 sec. (88522.32 ticks)
  Sync time (average)   =   25.58 sec.
  Wait time (average)   =    0.07 sec.
                          ------------
Total (root+branch&cut) =  645.81 sec. (240198.38 ticks)
