CPXPARAM_Read_DataCheck                          1
Found incumbent of value 0.000000 after 0.02 sec. (3.82 ticks)
Tried aggregator 1 time.
MIP Presolve eliminated 6 rows and 0 columns.
MIP Presolve modified 1 coefficients.
Reduced MIP has 10043 rows, 150015 columns, and 690051 nonzeros.
Reduced MIP has 150015 binaries, 0 generals, 0 SOSs, and 0 indicators.
Presolve time = 0.61 sec. (270.06 ticks)
Tried aggregator 1 time.
Reduced MIP has 10043 rows, 150015 columns, and 690051 nonzeros.
Reduced MIP has 150015 binaries, 0 generals, 0 SOSs, and 0 indicators.
Presolve time = 0.72 sec. (301.50 ticks)
Probing time = 0.47 sec. (72.93 ticks)
Clique table members: 495091.
MIP emphasis: balance optimality and feasibility.
MIP search method: dynamic search.
Parallel mode: deterministic, using up to 4 threads.
Root relaxation solution time = 2.92 sec. (1576.13 ticks)

        Nodes                                         Cuts/
   Node  Left     Objective  IInf  Best Integer    Best Bound    ItCnt     Gap

*     0+    0                            0.0000   927681.0000              --- 
*     0+    0                        29562.0000   927681.0000              --- 
      0     0   535040.0735    15    29562.0000   535040.0735       21     --- 
*     0+    0                       309165.0000   535040.0735            73.06%
      0     0   534967.5033    15   309165.0000 Cliques: 2610       58   29.71%
      0     0   534961.9696    15   309165.0000 Cliques: 2610       63   21.84%
      0     2   534961.9696    15   309165.0000   376685.5380       63   21.84%
Elapsed time = 371.42 sec. (135026.38 ticks, tree = 0.01 MB, solutions = 3)
      2     4   464113.8622    12   309165.0000   376685.5380     4714   21.84%
      8     8   428462.2644    11   309165.0000   376685.5380    13586   21.84%
     16    12   374332.0605     8   309165.0000   376685.5380    23399   21.84%
     20    13   387302.3269     8   309165.0000   376685.5380    27853   21.84%
     24    21   370654.9918     7   309165.0000   376685.5380    50277   21.84%
     27    23   345916.9142     5   309165.0000   376685.5380    53602   21.84%
     30    28   330808.1771     4   309165.0000   376685.5380    66943   21.84%
     34    34        cutoff         309165.0000   376685.5380    89569   21.84%
     37    34   332517.4213     4   309165.0000   376685.5380    86389   21.84%
     62    42   406522.3988    11   309165.0000   376685.5380   126746   21.84%
Elapsed time = 383.55 sec. (138672.41 ticks, tree = 3.94 MB, solutions = 3)
     74    58   358695.6486     6   309165.0000   376685.5380   182062   21.84%
     93    71   366565.8874     8   309165.0000   376685.5380   217394   21.84%
    110    77   385641.8195     8   309165.0000   376685.5380   245241   21.84%
    117    83   333186.3864     5   309165.0000   376685.5380   264606   21.84%
    135    93   342382.3078     4   309165.0000   376685.5380   288656   21.84%
    154   103   316643.9254     1   309165.0000   376685.5380   302132   21.84%
    182   123   354954.2385     6   309165.0000   376685.5380   345604   21.84%
    192   126   325384.8939     3   309165.0000   376685.5380   352779   21.84%
    210   137   361135.4716     7   309165.0000   376685.5380   381472   21.84%
    232   150   351866.5292     6   309165.0000   376685.5380   410405   21.84%
Elapsed time = 411.23 sec. (148669.65 ticks, tree = 17.10 MB, solutions = 3)
    256   156   374362.2039     8   309165.0000   376685.5380   418645   21.84%
    276   160   326331.9836     4   309165.0000   376685.5380   426760   21.84%
    290   177   366935.8677     6   309165.0000   376685.5380   484153   21.84%
    301   180   332399.9633     3   309165.0000   376685.5380   491754   21.84%
    316   200   376406.5881     8   309165.0000   376685.5380   540314   21.84%
    334   197   353148.4800     7   309165.0000   376685.5380   523931   21.84%
    348   208        cutoff         309165.0000   376685.5380   565108   21.84%
    365   225        cutoff         309165.0000   376685.5380   604436   21.84%
    384   231   358437.4092     7   309165.0000   376685.5380   613475   21.84%
    394   233   336840.3301     7   309165.0000   376685.5380   616347   21.84%
Elapsed time = 437.92 sec. (158901.44 ticks, tree = 35.80 MB, solutions = 3)
    406   241   326183.9390     6   309165.0000   376685.5380   626838   21.84%
    419   253   343187.6073     6   309165.0000   376685.5380   681812   21.84%
    443   267   355877.2039     9   309165.0000   376685.5380   710957   21.84%
    466   269   334566.7063     4   309165.0000   376685.5380   719910   21.84%
    483   271   362907.0691     7   309165.0000   376685.5380   725302   21.84%
    499   296   335103.8318     7   309165.0000   376685.5380   784645   21.84%
    512   287   322398.2676     4   309165.0000   376685.5380   766325   21.84%
    534   301   330071.5017     5   309165.0000   376685.5380   802429   21.84%
    545   297   362782.3702     7   309165.0000   376685.5380   778270   21.84%
    566   311   328998.2004     4   309165.0000   376685.5380   825470   21.84%
Elapsed time = 463.23 sec. (169699.83 ticks, tree = 52.67 MB, solutions = 3)
    581   313   328765.2849     5   309165.0000   376685.5380   843748   21.84%
    592   329   310666.5317     3   309165.0000   376685.5380   860076   21.84%
    609   344   316237.5731     4   309165.0000   376685.5380   914198   21.84%
    625   337        cutoff         309165.0000   376685.5380   902861   21.84%
    638   354   311905.8144     2   309165.0000   376685.5380   935184   21.84%
    661   353        cutoff         309165.0000   376685.5380   936571   21.84%
    684   368   313573.8938     3   309165.0000   376685.5380   981755   21.84%
    704   379   335518.3185     7   309165.0000   376685.5380  1015280   21.84%
    721   381        cutoff         309165.0000   376685.5380  1017433   21.84%
    744   392   310250.0393     3   309165.0000   376685.5380  1042654   21.84%
Elapsed time = 487.58 sec. (179680.48 ticks, tree = 67.71 MB, solutions = 3)
    761   399   316732.6804     3   309165.0000   376456.8686  1051787   21.77%
    775   400   334874.4810     5   309165.0000   374723.2231  1055501   21.20%
    785   402   312763.1026     4   309165.0000   374257.9029  1057878   21.05%
    803   420   328728.6723     6   309165.0000   374074.5297  1109063   21.00%
    822   417   314771.5034     3   309165.0000   372314.8693  1105498   20.43%
    839   429   342876.6657     7   309165.0000   371988.8266  1134019   20.32%
    856   436   322861.2484     6   309165.0000   371546.2255  1144732   20.18%
    873   439   313350.8636     4   309165.0000   371369.1756  1150649   20.12%
    883   441   335135.9681     5   309165.0000   371369.1756  1176843   20.12%
    897   445   317092.1103     7   309165.0000   369396.3298  1183475   19.48%
Elapsed time = 508.05 sec. (189552.13 ticks, tree = 80.21 MB, solutions = 3)
    911   446   328207.1044    10   309165.0000   368759.6086  1186521   19.28%
    921   451   319444.9064     6   309165.0000   367673.3313  1206207   18.92%
    937   453   322418.9251     4   309165.0000   367067.8164  1210131   18.73%
    949   464   326884.1818     5   309165.0000   366983.4781  1249292   18.70%
    965   468   322101.1384     8   309165.0000   366183.4728  1255128   18.44%
    985   470   310976.4806     4   309165.0000   365294.8571  1258359   18.16%
   1000   475   324179.9724     7   309165.0000   364868.3999  1276961   18.02%
   1024   479   313362.9886     5   309165.0000   364275.4658  1290534   17.83%
   1042   484        cutoff         309165.0000   363562.8938  1311735   17.60%
   1063   483   319911.8533     6   309165.0000   363562.8938  1303035   17.60%
Elapsed time = 526.33 sec. (199621.05 ticks, tree = 88.30 MB, solutions = 3)
   1076   486   321386.3167     6   309165.0000   363402.6809  1322630   17.54%
   1093   494   335919.0569     5   309165.0000   361709.6972  1367273   17.00%
   1112   493   338769.8072     8   309165.0000   361709.6972  1353312   17.00%
   1129   494   314072.9748     4   309165.0000   361092.6705  1361659   16.80%
   1150   500        cutoff         309165.0000   360328.6061  1387864   16.55%
   1162   505   324303.9094     5   309165.0000   359952.7015  1411699   16.43%
   1176   509   315571.3566     8   309165.0000   358707.6572  1434760   16.02%
   1194   509   310147.9647     3   309165.0000   358322.1153  1437658   15.90%
   1216   517        cutoff         309165.0000   358114.0106  1475925   15.83%
   1232   518   310393.2097     4   309165.0000   358114.0106  1466035   15.83%
Elapsed time = 546.31 sec. (209992.28 ticks, tree = 95.26 MB, solutions = 3)
   1251   516   318043.6165     6   309165.0000   357307.7658  1470264   15.57%
   1269   520   325530.4429     5   309165.0000   355342.7587  1512159   14.94%
   1293   519        cutoff         309165.0000   355342.7587  1531063   14.94%
   1315   520        cutoff         309165.0000   354851.2422  1526100   14.78%
   1333   521   310019.0560     6   309165.0000   354851.2422  1542459   14.78%
   1351   514   323336.7191     6   309165.0000   353717.8359  1590811   14.41%
   1371   521        cutoff         309165.0000   353717.8359  1555601   14.41%
   1392   511        cutoff         309165.0000   353717.8359  1600617   14.41%
   1412   513   313658.6720     2   309165.0000   353145.2303  1639145   14.23%
   1428   513   316139.2262     3   309165.0000   351887.0623  1642565   13.82%
Elapsed time = 567.61 sec. (220031.12 ticks, tree = 92.27 MB, solutions = 3)
   1452   509        cutoff         309165.0000   351887.0623  1649141   13.82%
   1471   510   310485.7306     7   309165.0000   351206.6283  1659184   13.60%
   1496   500        cutoff         309165.0000   348907.6191  1716974   12.85%
   1522   504   318114.9229     3   309165.0000   348392.1585  1694871   12.69%
   1552   490   313105.0443     6   309165.0000   348392.1585  1738945   12.69%
   1573   488   311323.4211     4   309165.0000   347057.3607  1747457   12.26%
   1595   477        cutoff         309165.0000   345425.0015  1756753   11.73%
   1627   451        cutoff         309165.0000   345425.0015  1790921   11.73%
   1666   462   313292.3537     5   309165.0000   344034.4365  1789185   11.28%
   1908   215        cutoff         309165.0000   328681.5216  1895812    6.31%
Elapsed time = 596.66 sec. (232619.42 ticks, tree = 21.99 MB, solutions = 3)

Clique cuts applied:  5217

Root node processing (before b&c):
  Real time             =  371.08 sec. (134914.66 ticks)
Parallel b&c, 4 threads:
  Real time             =  233.75 sec. (101031.00 ticks)
  Sync time (average)   =   30.89 sec.
  Wait time (average)   =    0.07 sec.
                          ------------
Total (root+branch&cut) =  604.83 sec. (235945.66 ticks)
