CPXPARAM_Read_DataCheck                          1
Found incumbent of value 0.000000 after 0.00 sec. (3.82 ticks)
Tried aggregator 1 time.
MIP Presolve modified 1 coefficients.
Reduced MIP has 10049 rows, 150015 columns, and 750051 nonzeros.
Reduced MIP has 150015 binaries, 0 generals, 0 SOSs, and 0 indicators.
Presolve time = 0.53 sec. (296.16 ticks)
Tried aggregator 1 time.
Reduced MIP has 10049 rows, 150015 columns, and 750051 nonzeros.
Reduced MIP has 150015 binaries, 0 generals, 0 SOSs, and 0 indicators.
Presolve time = 0.69 sec. (351.97 ticks)
Probing time = 0.48 sec. (69.43 ticks)
Clique table members: 502945.
MIP emphasis: balance optimality and feasibility.
MIP search method: dynamic search.
Parallel mode: deterministic, using up to 4 threads.
Root relaxation solution time = 2.34 sec. (1239.85 ticks)

        Nodes                                         Cuts/
   Node  Left     Objective  IInf  Best Integer    Best Bound    ItCnt     Gap

*     0+    0                            0.0000   924950.0000              --- 
*     0+    0                        28561.0000   924950.0000              --- 
      0     0   239605.8163    15    28561.0000   239605.8163    19708  738.93%
*     0+    0                        65207.0000   239605.8163           267.45%
*     0+    0                       163110.0000   239605.8163            46.90%
      0     0   214397.4568  2915   163110.0000    Cuts: 2612    36010   31.44%
*     0+    0                       163118.0000   214397.4568            31.44%
      0     0   198664.9789  2237   163118.0000    Cuts: 2612    47844   21.79%
*     0+    0                       163122.0000   198664.9789            21.79%
      0     0   191436.8796  5279   163122.0000    Cuts: 2612    61801   17.36%
*     0+    0                       163123.0000   191436.8796            17.36%
      0     0   190776.6655  5275   163123.0000    Cuts: 2612    64539   16.95%
      0     0   186275.3555  9473   163123.0000    Cuts: 2612    73680   14.19%
      0     0   182313.0774 12990   163123.0000    Cuts: 2612    85156   11.76%
      0     0   181922.5004 13627   163123.0000    Cuts: 2612    92162   11.52%
      0     0   179866.5443 16308   163123.0000    Cuts: 2612   105133   10.26%
*     0+    0                       163317.0000   179866.5443            10.13%
      0     0   178031.9465 19140   163317.0000    Cuts: 2612   122482    9.01%
*     0+    0                       163319.0000   178031.9465             9.01%
      0     0   176505.7890 21584   163319.0000    Cuts: 2612   141159    8.07%
      0     0   174788.4494 23948   163319.0000    Cuts: 2612   161884    7.02%
      0     0   174152.0644 25345   163319.0000    Cuts: 2612   178779    6.63%
*     0+    0                       163320.0000   174152.0644             6.63%
      0     0   173335.2364 27690   163320.0000    Cuts: 2612   197941    6.13%
      0     0   172672.5698 29345   163320.0000    Cuts: 2612   220486    5.73%
      0     0   171829.4321 30754   163320.0000    Cuts: 2612   248231    5.21%
      0     0   171240.5262 32351   163320.0000    Cuts: 2612   265340    4.85%
      0     0   170729.6313 34064   163320.0000    Cuts: 2612   279268    4.54%
      0     0   169797.1521 35373   163320.0000    Cuts: 2612   299012    3.97%
      0     0   169232.9932 36890   163320.0000    Cuts: 2612   310961    3.62%
      0     0   168340.6466 34400   163320.0000    Cuts: 2612   334321    3.07%
      0     0   167876.0961 36756   163320.0000    Cuts: 2612   343011    2.79%
      0     0   167545.9764 37412   163320.0000    Cuts: 2612   353075    2.59%
      0     0   167248.9396 38821   163320.0000    Cuts: 2612   360136    2.41%
      0     0   167037.5048 39754   163320.0000    Cuts: 2612   366561    2.28%
      0     0   166972.3787 40314   163320.0000    Cuts: 1650   370225    2.24%
      0     0   166951.4596 40493   163320.0000     Cuts: 823   372378    2.22%
Heuristic still looking.
Heuristic still looking.
*     0+    0                       163415.0000   166951.4596             2.16%
      0     2   166951.4596 40493   163415.0000   166951.4596   372378    2.16%
Elapsed time = 4487.59 sec. (3179305.28 ticks, tree = 0.01 MB, solutions = 11)
      1     3   166088.1662 33259   163415.0000   166951.2773   380850    2.16%
      2     3   166415.7413 36499   163415.0000   166951.2773   380776    2.16%
      3     4   165724.2953 27997   163415.0000   166951.2773   384722    2.16%
      4     4   165522.7547 29979   163415.0000   166951.2773   386137    2.16%
      5     5   166124.2214 32255   163415.0000   166415.7290   393675    1.84%
      6     6   164608.3701 22336   163415.0000   166415.7290   399458    1.84%
      7     7   164667.7964 26981   163415.0000   166415.7290   404992    1.84%
      8     9   164009.5486 18213   163415.0000   166415.7290   413070    1.84%
      9     8   165181.2711 25690   163415.0000   166415.7290   410607    1.84%
     10    10   164412.6212 19183   163415.0000   166415.7290   418868    1.84%
Elapsed time = 4959.30 sec. (3394041.03 ticks, tree = 1.83 MB, solutions = 11)
     11     8        cutoff         163415.0000   166415.7290   416287    1.84%
     12    11   164121.0950 17179   163415.0000   166415.7290   421126    1.84%
     13    11   164786.5812 16127   163415.0000   166415.7290   427290    1.84%
     14     9   163603.6585 16718   163415.0000   166415.7290   419416    1.84%
     15    10        cutoff         163415.0000   166415.7290   434061    1.84%
     17    12   163543.4888 10613   163415.0000   166415.7290   425079    1.84%
     19    12        cutoff         163415.0000   166415.7290   443908    1.84%
     20    12   164501.0433 17282   163415.0000   166415.7290   430553    1.84%
     21    10   163958.0683 18948   163415.0000   166415.7290   442131    1.84%
     22    14        cutoff         163415.0000   166415.7290   460980    1.84%
Elapsed time = 5206.81 sec. (3498817.07 ticks, tree = 1.84 MB, solutions = 11)
     23    13   163944.5106 23219   163415.0000   166415.7290   452322    1.84%
     24    17   164084.2929 10840   163415.0000   166415.7290   456567    1.84%
     25    14        cutoff         163415.0000   166415.7290   474492    1.84%
     26     5   165907.1336 33139   163415.0000   166415.7290   394982    1.84%
     27    13        cutoff         163415.0000   166415.7290   476537    1.84%
     28    15   163474.7238 19525   163415.0000   166415.7290   472980    1.84%
     30    13        cutoff         163415.0000   166415.7290   473139    1.84%
     31    15   164618.0778 20610   163415.0000   166415.7290   466645    1.84%
     32    17   164267.6115 17125   163415.0000   166123.9379   491234    1.66%
     33    17   165221.0911 29974   163415.0000   166123.9379   485392    1.66%
Elapsed time = 5419.67 sec. (3579122.52 ticks, tree = 2.47 MB, solutions = 11)
     35    14   163922.9600 23694   163415.0000   166123.9379   478490    1.66%
     36    18   163433.5146 22008   163415.0000   166123.9379   507758    1.66%
     39    14   164568.9949 22220   163415.0000   166123.9379   487192    1.66%
     40    17   163716.1794 10589   163415.0000   166123.9379   496595    1.66%
     41    16        cutoff         163415.0000   165907.0010   526860    1.52%
     42    18   164453.4501 26986   163415.0000   165907.0010   499902    1.52%
     43    17   164247.1732 19024   163415.0000   165907.0010   511482    1.52%
     45    16        cutoff         163415.0000   165907.0010   521274    1.52%
     46    17   163449.1274 12575   163415.0000   165907.0010   529558    1.52%
     48    15        cutoff         163415.0000   165907.0010   529694    1.52%
Elapsed time = 5629.88 sec. (3653787.12 ticks, tree = 2.45 MB, solutions = 11)
     49    19   163934.5249 17160   163415.0000   165907.0010   542117    1.52%
     50    19   163993.8094 25213   163415.0000   165907.0010   536236    1.52%
     51    18        cutoff         163415.0000   165907.0010   544474    1.52%
     52    17   163701.8810  7001   163415.0000   165907.0010   525746    1.52%
     53    17        cutoff         163415.0000   165907.0010   544848    1.52%
     54    18        cutoff         163415.0000   165907.0010   548725    1.52%
     55    20   163832.1527 22732   163415.0000   165907.0010   539484    1.52%
     57    19   163511.6630  6319   163415.0000   165907.0010   551886    1.52%
     59    17        cutoff         163415.0000   165907.0010   552194    1.52%
     60    18   165011.1747 27383   163415.0000   165907.0010   548614    1.52%
Elapsed time = 5823.53 sec. (3713564.19 ticks, tree = 2.45 MB, solutions = 11)
     61    21   163445.1055 19265   163415.0000   165907.0010   568107    1.52%
     64    22   163422.7302 12413   163415.0000   165907.0010   559296    1.52%
     67    18   163930.8964 20529   163415.0000   165907.0010   557141    1.52%
     68    19   164509.4938 17521   163415.0000   165907.0010   553706    1.52%
     69    20   163993.1364 10655   163415.0000   165907.0010   572059    1.52%
     70    19   163443.4176 13482   163415.0000   165907.0010   561330    1.52%
     73    18        cutoff         163415.0000   165907.0010   592819    1.52%
     75    17        cutoff         163415.0000   165907.0010   593194    1.52%
     76    23   163660.9308 10266   163415.0000   165907.0010   603634    1.52%
     79    21   164465.2450 26634   163415.0000   165221.0058   567512    1.11%
Elapsed time = 6024.11 sec. (3799443.60 ticks, tree = 2.46 MB, solutions = 11)
     80    21        cutoff         163415.0000   165221.0058   605032    1.11%
     82    23   164037.1035 12740   163415.0000   165221.0058   584453    1.11%
     83    24   163907.9334 10290   163415.0000   165221.0058   586420    1.11%
     84    18   163567.6110 21537   163415.0000   165221.0058   610460    1.11%
     85    17        cutoff         163415.0000   165221.0058   610739    1.11%
     88    19   164039.5050 22723   163415.0000   165010.4635   620834    0.98%
     89    22   164108.4485 24722   163415.0000   165010.4635   609676    0.98%
     90    21   163691.0621 13692   163415.0000   165010.4635   626692    0.98%
     91    22   163596.6138 11579   163415.0000   165010.4635   628127    0.98%
     92    21        cutoff         163415.0000   165010.4635   628336    0.98%
Elapsed time = 6183.55 sec. (3864290.08 ticks, tree = 2.47 MB, solutions = 11)
     94    20   163858.2528 13705   163415.0000   165010.4635   623803    0.98%
     95    19        cutoff         163415.0000   164509.4210   629715    0.67%
     96    19   163765.2248 22698   163415.0000   164509.4210   644433    0.67%
     97    19   163634.1901 22178   163415.0000   164509.4210   637596    0.67%
     98    21   163554.1017  6945   163415.0000   164509.4210   651096    0.67%
    100    19        cutoff         163415.0000   164509.4210   651438    0.67%
    102    18        cutoff         163415.0000   164509.4210   638864    0.67%
    103    18        cutoff         163415.0000   164509.4210   652218    0.67%
    105    17        cutoff         163415.0000   164509.4210   653751    0.67%
    106    20   163427.5303 20783   163415.0000   164509.4210   647707    0.67%
Elapsed time = 6299.16 sec. (3907110.40 ticks, tree = 3.71 MB, solutions = 11)
    109    16        cutoff         163415.0000   164509.4210   641932    0.67%
    110    15        cutoff         163415.0000   164464.7092   665292    0.64%
    112    19   163501.0575 21151   163415.0000   164464.7092   660912    0.64%
    113    18        cutoff         163415.0000   164464.7092   660974    0.64%
    115    18   163518.8355 13337   163415.0000   164464.7092   657147    0.64%
    116    16        cutoff         163415.0000   164464.7092   661427    0.64%
    117    17        cutoff         163415.0000   164464.7092   658245    0.64%
    120     6        cutoff         163415.0000   164268.7701   683495    0.52%
    121    10        cutoff         163415.0000   164268.7701   674140    0.52%
    122    13   163580.6159 12205   163415.0000   164268.7701   674372    0.52%
Elapsed time = 6400.11 sec. (3949483.01 ticks, tree = 0.01 MB, solutions = 11)
    123    12        cutoff         163415.0000   164268.7701   674545    0.52%
    125    19   163510.4407  4380   163415.0000   164268.7701   654512    0.52%
    126     4        cutoff         163415.0000   164107.0831   701520    0.42%
    127     4        cutoff         163415.0000   164107.0831   701750    0.42%
    128     4        cutoff         163415.0000   164107.0831   702359    0.42%
    130     4        cutoff         163415.0000   164107.0831   702985    0.42%

Clique cuts applied:  35081
Cover cuts applied:  28
Implied bound cuts applied:  96
Flow cuts applied:  19
Mixed integer rounding cuts applied:  620
Zero-half cuts applied:  12

Root node processing (before b&c):
  Real time             = 4327.86 sec. (3110821.16 ticks)
Parallel b&c, 4 threads:
  Real time             = 2101.34 sec. (863432.45 ticks)
  Sync time (average)   =  292.88 sec.
  Wait time (average)   =    0.09 sec.
                          ------------
Total (root+branch&cut) = 6429.20 sec. (3974253.60 ticks)
