CPXPARAM_Read_DataCheck                          1
Found incumbent of value 0.000000 after 0.00 sec. (3.82 ticks)
Tried aggregator 1 time.
MIP Presolve modified 1 coefficients.
Reduced MIP has 10049 rows, 150015 columns, and 750051 nonzeros.
Reduced MIP has 150015 binaries, 0 generals, 0 SOSs, and 0 indicators.
Presolve time = 0.55 sec. (294.86 ticks)
Tried aggregator 1 time.
Reduced MIP has 10049 rows, 150015 columns, and 750051 nonzeros.
Reduced MIP has 150015 binaries, 0 generals, 0 SOSs, and 0 indicators.
Presolve time = 0.66 sec. (350.04 ticks)
Probing time = 0.48 sec. (74.31 ticks)
Clique table members: 503758.
MIP emphasis: balance optimality and feasibility.
MIP search method: dynamic search.
Parallel mode: deterministic, using up to 4 threads.
Root relaxation solution time = 3.53 sec. (2127.35 ticks)

        Nodes                                         Cuts/
   Node  Left     Objective  IInf  Best Integer    Best Bound    ItCnt     Gap

*     0+    0                            0.0000   924654.0000              --- 
      0     0   240362.5358    21        0.0000   240362.5358       91     --- 
*     0+    0                       143611.0000   240362.5358            67.37%
      0     0   198672.0836  1977   143611.0000    Cuts: 2612    22829   38.34%
*     0+    0                       154409.0000   198672.0836            28.67%
      0     0   186404.9435  2469   154409.0000    Cuts: 2612    36081   20.72%
      0     0   178546.0256  2958   154409.0000    Cuts: 2612    46094   15.63%
*     0+    0                       154412.0000   178546.0256            15.63%
      0     0   177661.8243  3086   154412.0000    Cuts: 2612    49599   15.06%
      0     0   174517.6329  6976   154412.0000    Cuts: 2612    61945   13.02%
      0     0   171910.4727 10562   154412.0000    Cuts: 2612    75280   11.33%
      0     0   170541.6524 13823   154412.0000    Cuts: 2612    87924   10.45%
*     0+    0                       154494.0000   170541.6524            10.39%
      0     0   169168.4434 15984   154494.0000    Cuts: 2612   101823    9.50%
      0     0   168178.3155 18755   154494.0000    Cuts: 2612   116716    8.86%
*     0+    0                       154495.0000   168178.3155             8.86%
      0     0   167231.2716 20746   154495.0000    Cuts: 2612   133475    8.24%
      0     0   166783.7743 22638   154495.0000    Cuts: 2612   147868    7.95%
      0     0   166474.2375 23944   154495.0000    Cuts: 2612   159836    7.75%
*     0+    0                       154496.0000   166474.2375             7.75%
      0     0   166108.9561 25086   154496.0000    Cuts: 2612   171470    7.52%
      0     0   165470.2893 26236   154496.0000    Cuts: 2612   188987    7.10%
      0     0   164905.5025 26864   154496.0000    Cuts: 2612   201765    6.74%
      0     0   164477.6460 28398   154496.0000    Cuts: 2612   215075    6.46%
      0     0   163102.4265 29355   154496.0000    Cuts: 2612   237037    5.57%
      0     0   161874.3306 30878   154496.0000    Cuts: 2612   249007    4.78%
      0     0   160076.5362 32253   154496.0000    Cuts: 2612   270836    3.61%
      0     0   159286.6190 33775   154496.0000    Cuts: 2612   287601    3.10%
      0     0   158560.0874 34236   154496.0000    Cuts: 2612   307233    2.63%
      0     0   158053.1751 34592   154496.0000    Cuts: 2612   322599    2.30%
      0     0   157743.5306 36017   154496.0000    Cuts: 2612   329974    2.10%
      0     0   157200.8787 36208   154496.0000    Cuts: 2612   341032    1.75%
      0     0   157043.7586 36798   154496.0000    Cuts: 2028   346387    1.65%
*     0+    0                       155495.0000   157043.7586             1.00%
      0     0   156996.0626 37326   155495.0000    Cuts: 1128   349636    0.97%
      0     0   156980.5641 37497   155495.0000     Cuts: 536   351344    0.96%
Heuristic still looking.
Heuristic still looking.
      0     2   156980.5641 37497   155495.0000   156980.5641   351344    0.96%
Elapsed time = 4188.70 sec. (2886073.15 ticks, tree = 0.01 MB, solutions = 8)
      1     3   156655.9973 32451   155495.0000   156980.5553   357891    0.96%
      2     4   156578.2127 30544   155495.0000   156980.5553   360074    0.96%
      3     3        cutoff         155495.0000   156980.5553   361148    0.96%
      4     2        cutoff         155495.0000   156980.5553   363408    0.96%
      5     3   156711.0052 34016   155495.0000   156980.5553   356592    0.96%
      6     4   156629.8649 31232   155495.0000   156711.0010   374263    0.78%
      7     5   155743.4735 20577   155495.0000   156711.0010   366881    0.78%
      8     4        cutoff         155495.0000   156711.0010   381862    0.78%
      9     3        cutoff         155495.0000   156711.0010   382553    0.78%
     10     4   156162.0197 29478   155495.0000   156710.8366   378650    0.78%
Elapsed time = 4572.31 sec. (3105512.48 ticks, tree = 0.01 MB, solutions = 8)
     11     3        cutoff         155495.0000   156629.8140   390600    0.73%
     12     5   156073.8699 28029   155495.0000   156629.8140   391491    0.73%
     13     5   156221.5718 26553   155495.0000   156629.8140   380653    0.73%
     14     3        cutoff         155495.0000   156629.8140   393206    0.73%
     15     3        cutoff         155495.0000   156629.8140   394659    0.73%
     16     6   156130.7921 25316   155495.0000   156629.7653   401268    0.73%
     17     3        cutoff         155495.0000   156629.7653   404364    0.73%
     19     3        cutoff         155495.0000   156629.7653   405035    0.73%
     21     3        cutoff         155495.0000   156221.2866   406067    0.47%
     22     5   155829.6850 18529   155495.0000   156221.2866   418019    0.47%
Elapsed time = 4698.61 sec. (3202393.27 ticks, tree = 0.01 MB, solutions = 8)
     23     1        cutoff         155495.0000   155829.5582   423476    0.22%
     24     3   155531.6484 14258   155495.0000   155829.4538   432111    0.22%
     26     3   155520.4757 13882   155495.0000   155520.4626   434367    0.02%
     28     2   155509.9611  9267   155495.0000   155516.4673   436099    0.01%

Clique cuts applied:  35444
Cover cuts applied:  34
Implied bound cuts applied:  87
Flow cuts applied:  33
Mixed integer rounding cuts applied:  654
Zero-half cuts applied:  8

Root node processing (before b&c):
  Real time             = 4029.11 sec. (2817333.90 ticks)
Parallel b&c, 4 threads:
  Real time             =  767.11 sec. (479036.68 ticks)
  Sync time (average)   =  336.21 sec.
  Wait time (average)   =    0.10 sec.
                          ------------
Total (root+branch&cut) = 4796.22 sec. (3296370.58 ticks)
