CPXPARAM_Read_DataCheck                          1
Found incumbent of value 0.000000 after 0.00 sec. (0.26 ticks)
Tried aggregator 1 time.
MIP Presolve eliminated 6 rows and 0 columns.
MIP Presolve modified 1 coefficients.
Reduced MIP has 1027 rows, 10010 columns, and 44034 nonzeros.
Reduced MIP has 10010 binaries, 0 generals, 0 SOSs, and 0 indicators.
Presolve time = 0.03 sec. (17.65 ticks)
Tried aggregator 1 time.
Reduced MIP has 1027 rows, 10010 columns, and 44034 nonzeros.
Reduced MIP has 10010 binaries, 0 generals, 0 SOSs, and 0 indicators.
Presolve time = 0.03 sec. (19.50 ticks)
Probing time = 0.02 sec. (6.00 ticks)
Clique table members: 32077.
MIP emphasis: balance optimality and feasibility.
MIP search method: dynamic search.
Parallel mode: deterministic, using up to 4 threads.
Root relaxation solution time = 0.06 sec. (69.94 ticks)

        Nodes                                         Cuts/
   Node  Left     Objective  IInf  Best Integer    Best Bound    ItCnt     Gap

*     0+    0                            0.0000    61921.0000              --- 
*     0+    0                         3628.0000    61921.0000              --- 
      0     0    34029.3030    10     3628.0000    34029.3030     1899  837.96%
*     0+    0                        19343.0000    34029.3030            75.93%
*     0+    0                        19657.0000    34029.3030            73.12%
      0     0        cutoff          19657.0000    19657.0000     1916    0.00%
Elapsed time = 1.70 sec. (782.74 ticks, tree = 0.01 MB, solutions = 4)

Clique cuts applied:  356

Root node processing (before b&c):
  Real time             =    1.72 sec. (783.50 ticks)
Parallel b&c, 4 threads:
  Real time             =    0.00 sec. (0.00 ticks)
  Sync time (average)   =    0.00 sec.
  Wait time (average)   =    0.00 sec.
                          ------------
Total (root+branch&cut) =    1.72 sec. (783.50 ticks)
