CPXPARAM_Read_DataCheck                          1
Found incumbent of value 0.000000 after 0.00 sec. (0.26 ticks)
Tried aggregator 1 time.
MIP Presolve modified 1 coefficients.
Reduced MIP has 2017 rows, 10005 columns, and 50017 nonzeros.
Reduced MIP has 10005 binaries, 0 generals, 0 SOSs, and 0 indicators.
Presolve time = 0.03 sec. (17.70 ticks)
Probing time = 0.03 sec. (10.11 ticks)
Tried aggregator 1 time.
Reduced MIP has 2017 rows, 10005 columns, and 50017 nonzeros.
Reduced MIP has 10005 binaries, 0 generals, 0 SOSs, and 0 indicators.
Presolve time = 0.03 sec. (21.54 ticks)
Probing time = 0.02 sec. (10.11 ticks)
Clique table members: 35064.
MIP emphasis: balance optimality and feasibility.
MIP search method: dynamic search.
Parallel mode: deterministic, using up to 4 threads.
Root relaxation solution time = 0.13 sec. (117.21 ticks)

        Nodes                                         Cuts/
   Node  Left     Objective  IInf  Best Integer    Best Bound    ItCnt     Gap

*     0+    0                            0.0000    61441.0000              --- 
      0     0    33980.1605     5        0.0000    33980.1605     2744     --- 
*     0+    0                         7372.0000    33980.1605           360.94%
*     0+    0                        18820.0000    33980.1605            80.55%
      0     0        cutoff          18820.0000    18820.0000     2747    0.00%
Elapsed time = 2.52 sec. (1145.36 ticks, tree = 0.01 MB, solutions = 3)

Clique cuts applied:  604

Root node processing (before b&c):
  Real time             =    2.52 sec. (1146.08 ticks)
Parallel b&c, 4 threads:
  Real time             =    0.00 sec. (0.00 ticks)
  Sync time (average)   =    0.00 sec.
  Wait time (average)   =    0.00 sec.
                          ------------
Total (root+branch&cut) =    2.52 sec. (1146.08 ticks)
