CPXPARAM_Read_DataCheck                          1
Found incumbent of value 0.000000 after 0.00 sec. (0.26 ticks)
Tried aggregator 1 time.
MIP Presolve modified 1 coefficients.
Reduced MIP has 2017 rows, 10005 columns, and 50017 nonzeros.
Reduced MIP has 10005 binaries, 0 generals, 0 SOSs, and 0 indicators.
Presolve time = 0.03 sec. (21.74 ticks)
Probing time = 0.02 sec. (8.84 ticks)
Tried aggregator 1 time.
Reduced MIP has 2017 rows, 10005 columns, and 50017 nonzeros.
Reduced MIP has 10005 binaries, 0 generals, 0 SOSs, and 0 indicators.
Presolve time = 0.03 sec. (25.89 ticks)
Probing time = 0.02 sec. (8.53 ticks)
Clique table members: 32064.
MIP emphasis: balance optimality and feasibility.
MIP search method: dynamic search.
Parallel mode: deterministic, using up to 4 threads.
Root relaxation solution time = 0.17 sec. (175.82 ticks)

        Nodes                                         Cuts/
   Node  Left     Objective  IInf  Best Integer    Best Bound    ItCnt     Gap

*     0+    0                            0.0000    62055.0000              --- 
      0     0    20474.3550     5        0.0000    20474.3550       12     --- 
*     0+    0                         6229.0000    20474.3550           228.69%
*     0+    0                         7835.0000    20474.3550           161.32%
      0     0        cutoff           7835.0000     7835.0000       17    0.00%
Elapsed time = 1.08 sec. (824.60 ticks, tree = 0.01 MB, solutions = 3)

Clique cuts applied:  604

Root node processing (before b&c):
  Real time             =    1.08 sec. (825.32 ticks)
Parallel b&c, 4 threads:
  Real time             =    0.00 sec. (0.00 ticks)
  Sync time (average)   =    0.00 sec.
  Wait time (average)   =    0.00 sec.
                          ------------
Total (root+branch&cut) =    1.08 sec. (825.32 ticks)
