CPXPARAM_Read_DataCheck                          1
Found incumbent of value 0.000000 after 0.00 sec. (0.26 ticks)
Tried aggregator 1 time.
MIP Presolve modified 1 coefficients.
Reduced MIP has 2017 rows, 10005 columns, and 50017 nonzeros.
Reduced MIP has 10005 binaries, 0 generals, 0 SOSs, and 0 indicators.
Presolve time = 0.02 sec. (17.70 ticks)
Probing time = 0.02 sec. (9.53 ticks)
Tried aggregator 1 time.
Reduced MIP has 2017 rows, 10005 columns, and 50017 nonzeros.
Reduced MIP has 10005 binaries, 0 generals, 0 SOSs, and 0 indicators.
Presolve time = 0.03 sec. (21.53 ticks)
Probing time = 0.02 sec. (9.41 ticks)
Clique table members: 35064.
MIP emphasis: balance optimality and feasibility.
MIP search method: dynamic search.
Parallel mode: deterministic, using up to 4 threads.
Root relaxation solution time = 0.08 sec. (112.87 ticks)

        Nodes                                         Cuts/
   Node  Left     Objective  IInf  Best Integer    Best Bound    ItCnt     Gap

*     0+    0                            0.0000    61650.0000              --- 
*     0+    0                        16026.0000    61650.0000           284.69%
*     0+    0                        16204.0000    61650.0000           280.46%
      0     0    33098.7895     5    16204.0000    33098.7895     2731  104.26%
*     0+    0                        18158.0000    33098.7895            82.28%
      0     0        cutoff          18158.0000    18158.0000     2735    0.00%
Elapsed time = 2.14 sec. (1085.23 ticks, tree = 0.01 MB, solutions = 4)

Clique cuts applied:  604

Root node processing (before b&c):
  Real time             =    2.16 sec. (1086.01 ticks)
Parallel b&c, 4 threads:
  Real time             =    0.00 sec. (0.00 ticks)
  Sync time (average)   =    0.00 sec.
  Wait time (average)   =    0.00 sec.
                          ------------
Total (root+branch&cut) =    2.16 sec. (1086.01 ticks)
