CPXPARAM_Read_DataCheck                          1
Found incumbent of value 0.000000 after 0.00 sec. (0.04 ticks)
Tried aggregator 1 time.
MIP Presolve modified 1 coefficients.
Reduced MIP has 316 rows, 1505 columns, and 7515 nonzeros.
Reduced MIP has 1505 binaries, 0 generals, 0 SOSs, and 0 indicators.
Presolve time = 0.00 sec. (3.14 ticks)
Probing time = 0.02 sec. (1.63 ticks)
Tried aggregator 1 time.
Reduced MIP has 316 rows, 1505 columns, and 7515 nonzeros.
Reduced MIP has 1505 binaries, 0 generals, 0 SOSs, and 0 indicators.
Presolve time = 0.00 sec. (3.72 ticks)
Probing time = 0.00 sec. (1.63 ticks)
Clique table members: 1800.
MIP emphasis: balance optimality and feasibility.
MIP search method: dynamic search.
Parallel mode: deterministic, using up to 4 threads.
Root relaxation solution time = 0.02 sec. (8.94 ticks)

        Nodes                                         Cuts/
   Node  Left     Objective  IInf  Best Integer    Best Bound    ItCnt     Gap

*     0+    0                            0.0000     9594.0000              --- 
*     0+    0                         1026.0000     9594.0000           835.09%
*     0+    0                         1033.0000     9594.0000           828.75%
      0     0     3269.2300     7     1033.0000     3269.2300      490  216.48%
      0     0     2464.8188   277     1033.0000     Cuts: 179      742  138.61%
*     0+    0                         2268.0000     2464.8188             8.68%
      0     0        cutoff           2268.0000     2268.0000     1008    0.00%
Elapsed time = 0.14 sec. (130.44 ticks, tree = 0.01 MB, solutions = 4)

Clique cuts applied:  295
Cover cuts applied:  8
Implied bound cuts applied:  5
Mixed integer rounding cuts applied:  5
Zero-half cuts applied:  2
Gomory fractional cuts applied:  3

Root node processing (before b&c):
  Real time             =    0.16 sec. (130.57 ticks)
Parallel b&c, 4 threads:
  Real time             =    0.00 sec. (0.00 ticks)
  Sync time (average)   =    0.00 sec.
  Wait time (average)   =    0.00 sec.
                          ------------
Total (root+branch&cut) =    0.16 sec. (130.57 ticks)
