CPXPARAM_Read_DataCheck                          1
Found incumbent of value 0.000000 after 0.00 sec. (0.04 ticks)
Tried aggregator 1 time.
MIP Presolve modified 1 coefficients.
Reduced MIP has 316 rows, 1505 columns, and 7515 nonzeros.
Reduced MIP has 1505 binaries, 0 generals, 0 SOSs, and 0 indicators.
Presolve time = 0.00 sec. (3.14 ticks)
Probing time = 0.00 sec. (1.63 ticks)
Tried aggregator 1 time.
Reduced MIP has 316 rows, 1505 columns, and 7515 nonzeros.
Reduced MIP has 1505 binaries, 0 generals, 0 SOSs, and 0 indicators.
Presolve time = 0.02 sec. (3.71 ticks)
Probing time = 0.00 sec. (1.63 ticks)
Clique table members: 1800.
MIP emphasis: balance optimality and feasibility.
MIP search method: dynamic search.
Parallel mode: deterministic, using up to 4 threads.
Root relaxation solution time = 0.00 sec. (7.00 ticks)

        Nodes                                         Cuts/
   Node  Left     Objective  IInf  Best Integer    Best Bound    ItCnt     Gap

*     0+    0                            0.0000     9232.0000              --- 
*     0+    0                         1507.0000     9232.0000           512.61%
      0     0     3137.7333     5     1507.0000     3137.7333      431  108.21%
      0     0     2679.2603   251     1507.0000     Cuts: 179      691   77.79%
*     0+    0                         2189.0000     2679.2603            22.40%
      0     0        cutoff           2189.0000     2189.0000     1014    0.00%
Elapsed time = 0.14 sec. (129.33 ticks, tree = 0.01 MB, solutions = 3)

Clique cuts applied:  289
Cover cuts applied:  6
Implied bound cuts applied:  2
Mixed integer rounding cuts applied:  3
Zero-half cuts applied:  5

Root node processing (before b&c):
  Real time             =    0.14 sec. (129.44 ticks)
Parallel b&c, 4 threads:
  Real time             =    0.00 sec. (0.00 ticks)
  Sync time (average)   =    0.00 sec.
  Wait time (average)   =    0.00 sec.
                          ------------
Total (root+branch&cut) =    0.14 sec. (129.44 ticks)
