CPXPARAM_Read_DataCheck                          1
Found incumbent of value 0.000000 after 0.00 sec. (0.04 ticks)
Tried aggregator 1 time.
MIP Presolve modified 1 coefficients.
Reduced MIP has 316 rows, 1505 columns, and 7515 nonzeros.
Reduced MIP has 1505 binaries, 0 generals, 0 SOSs, and 0 indicators.
Presolve time = 0.00 sec. (2.71 ticks)
Probing time = 0.00 sec. (1.56 ticks)
Tried aggregator 1 time.
Reduced MIP has 316 rows, 1505 columns, and 7515 nonzeros.
Reduced MIP has 1505 binaries, 0 generals, 0 SOSs, and 0 indicators.
Presolve time = 0.00 sec. (3.30 ticks)
Probing time = 0.00 sec. (1.56 ticks)
Clique table members: 1500.
MIP emphasis: balance optimality and feasibility.
MIP search method: dynamic search.
Parallel mode: deterministic, using up to 4 threads.
Root relaxation solution time = 0.00 sec. (4.68 ticks)

        Nodes                                         Cuts/
   Node  Left     Objective  IInf  Best Integer    Best Bound    ItCnt     Gap

*     0+    0                            0.0000     9199.0000              --- 
*     0+    0                         2106.0000     9199.0000           336.80%
      0     0     5155.3733     5     2106.0000     5155.3733      398  144.79%
      0     0     3796.9447   274     2106.0000     Cuts: 179      949   80.29%
*     0+    0                         2979.0000     3796.9447            27.46%
*     0+    0                         3012.0000     3796.9447            26.06%
      0     0        cutoff           3012.0000     3012.0000     1536    0.00%
Elapsed time = 0.17 sec. (144.78 ticks, tree = 0.01 MB, solutions = 4)

Clique cuts applied:  319
Cover cuts applied:  2
Mixed integer rounding cuts applied:  11
Zero-half cuts applied:  5

Root node processing (before b&c):
  Real time             =    0.17 sec. (144.91 ticks)
Parallel b&c, 4 threads:
  Real time             =    0.00 sec. (0.00 ticks)
  Sync time (average)   =    0.00 sec.
  Wait time (average)   =    0.00 sec.
                          ------------
Total (root+branch&cut) =    0.17 sec. (144.91 ticks)
