CPXPARAM_Read_DataCheck                          1
Found incumbent of value 0.000000 after 0.00 sec. (0.04 ticks)
Tried aggregator 1 time.
MIP Presolve modified 1 coefficients.
Reduced MIP has 316 rows, 1505 columns, and 7515 nonzeros.
Reduced MIP has 1505 binaries, 0 generals, 0 SOSs, and 0 indicators.
Presolve time = 0.00 sec. (2.71 ticks)
Probing time = 0.00 sec. (1.56 ticks)
Tried aggregator 1 time.
Reduced MIP has 316 rows, 1505 columns, and 7515 nonzeros.
Reduced MIP has 1505 binaries, 0 generals, 0 SOSs, and 0 indicators.
Presolve time = 0.02 sec. (3.28 ticks)
Probing time = 0.00 sec. (1.56 ticks)
Clique table members: 1500.
MIP emphasis: balance optimality and feasibility.
MIP search method: dynamic search.
Parallel mode: deterministic, using up to 4 threads.
Root relaxation solution time = 0.02 sec. (5.90 ticks)

        Nodes                                         Cuts/
   Node  Left     Objective  IInf  Best Integer    Best Bound    ItCnt     Gap

*     0+    0                            0.0000     9559.0000              --- 
*     0+    0                          829.0000     9559.0000              --- 
      0     0     5088.2800     5      829.0000     5088.2800      440  513.79%
      0     0     3945.3719   268      829.0000     Cuts: 179      965  375.92%
*     0+    0                         3014.0000     3945.3719            30.90%
      0     0        cutoff           3014.0000     3014.0000     1472    0.00%
Elapsed time = 0.17 sec. (130.39 ticks, tree = 0.01 MB, solutions = 3)

Clique cuts applied:  322
Cover cuts applied:  4
Mixed integer rounding cuts applied:  9
Zero-half cuts applied:  2

Root node processing (before b&c):
  Real time             =    0.17 sec. (130.50 ticks)
Parallel b&c, 4 threads:
  Real time             =    0.00 sec. (0.00 ticks)
  Sync time (average)   =    0.00 sec.
  Wait time (average)   =    0.00 sec.
                          ------------
Total (root+branch&cut) =    0.17 sec. (130.50 ticks)
