CPXPARAM_Read_DataCheck                          1
Found incumbent of value 0.000000 after 0.02 sec. (1.31 ticks)
Tried aggregator 1 time.
MIP Presolve modified 1 coefficients.
Reduced MIP has 10017 rows, 50005 columns, and 250017 nonzeros.
Reduced MIP has 50005 binaries, 0 generals, 0 SOSs, and 0 indicators.
Presolve time = 0.11 sec. (146.21 ticks)
Probing time = 0.13 sec. (36.21 ticks)
Tried aggregator 1 time.
Reduced MIP has 10017 rows, 50005 columns, and 250017 nonzeros.
Reduced MIP has 50005 binaries, 0 generals, 0 SOSs, and 0 indicators.
Presolve time = 0.19 sec. (167.12 ticks)
Probing time = 0.08 sec. (33.83 ticks)
Clique table members: 160064.
MIP emphasis: balance optimality and feasibility.
MIP search method: dynamic search.
Parallel mode: deterministic, using up to 4 threads.
Root relaxation solution time = 0.77 sec. (854.07 ticks)

        Nodes                                         Cuts/
   Node  Left     Objective  IInf  Best Integer    Best Bound    ItCnt     Gap

*     0+    0                            0.0000   309475.0000              --- 
*     0+    0                        26383.0000   309475.0000              --- 
      0     0   104900.7157     5    26383.0000   104900.7157       15  297.61%
*     0+    0                        64578.0000   104900.7157            62.44%
      0     0   104890.7282     7    64578.0000    Cuts: 2604       18   41.57%
*     0+    0                        65083.0000    91423.9452            40.47%
      0     0        cutoff          65083.0000    65083.0000     5172    0.00%
Elapsed time = 37.56 sec. (19896.87 ticks, tree = 0.01 MB, solutions = 4)

Clique cuts applied:  5198
Cover cuts applied:  2
Implied bound cuts applied:  3
Mixed integer rounding cuts applied:  1
Gomory fractional cuts applied:  3

Root node processing (before b&c):
  Real time             =   37.58 sec. (19900.91 ticks)
Parallel b&c, 4 threads:
  Real time             =    0.00 sec. (0.00 ticks)
  Sync time (average)   =    0.00 sec.
  Wait time (average)   =    0.00 sec.
                          ------------
Total (root+branch&cut) =   37.58 sec. (19900.91 ticks)
