CPXPARAM_Read_DataCheck                          1
Found incumbent of value 0.000000 after 0.00 sec. (1.31 ticks)
Tried aggregator 1 time.
MIP Presolve modified 1 coefficients.
Reduced MIP has 10017 rows, 50005 columns, and 250017 nonzeros.
Reduced MIP has 50005 binaries, 0 generals, 0 SOSs, and 0 indicators.
Presolve time = 0.13 sec. (146.21 ticks)
Probing time = 0.11 sec. (33.47 ticks)
Tried aggregator 1 time.
Reduced MIP has 10017 rows, 50005 columns, and 250017 nonzeros.
Reduced MIP has 50005 binaries, 0 generals, 0 SOSs, and 0 indicators.
Presolve time = 0.17 sec. (167.12 ticks)
Probing time = 0.08 sec. (36.43 ticks)
Clique table members: 160064.
MIP emphasis: balance optimality and feasibility.
MIP search method: dynamic search.
Parallel mode: deterministic, using up to 4 threads.
Root relaxation solution time = 0.78 sec. (780.16 ticks)

        Nodes                                         Cuts/
   Node  Left     Objective  IInf  Best Integer    Best Bound    ItCnt     Gap

*     0+    0                            0.0000   309577.0000              --- 
*     0+    0                        77403.0000   309577.0000           299.95%
      0     0   109306.9136     5    77403.0000   109306.9136       11   41.22%
*     0+    0                        78598.0000   109306.9136            39.07%
      0     0        cutoff          78598.0000    78598.0000     4353    0.00%
Elapsed time = 19.84 sec. (10699.52 ticks, tree = 0.01 MB, solutions = 3)

Clique cuts applied:  2598
Cover cuts applied:  1
Implied bound cuts applied:  2
Gomory fractional cuts applied:  3

Root node processing (before b&c):
  Real time             =   19.84 sec. (10703.17 ticks)
Parallel b&c, 4 threads:
  Real time             =    0.00 sec. (0.00 ticks)
  Sync time (average)   =    0.00 sec.
  Wait time (average)   =    0.00 sec.
                          ------------
Total (root+branch&cut) =   19.84 sec. (10703.17 ticks)
