CPXPARAM_Read_DataCheck                          1
Found incumbent of value 0.000000 after 0.00 sec. (1.31 ticks)
Tried aggregator 1 time.
MIP Presolve modified 1 coefficients.
Reduced MIP has 10017 rows, 50005 columns, and 250017 nonzeros.
Reduced MIP has 50005 binaries, 0 generals, 0 SOSs, and 0 indicators.
Presolve time = 0.11 sec. (87.83 ticks)
Probing time = 0.11 sec. (37.41 ticks)
Tried aggregator 1 time.
Reduced MIP has 10017 rows, 50005 columns, and 250017 nonzeros.
Reduced MIP has 50005 binaries, 0 generals, 0 SOSs, and 0 indicators.
Presolve time = 0.16 sec. (106.91 ticks)
Probing time = 0.08 sec. (34.38 ticks)
Clique table members: 175064.
MIP emphasis: balance optimality and feasibility.
MIP search method: dynamic search.
Parallel mode: deterministic, using up to 4 threads.
Root relaxation solution time = 0.63 sec. (706.96 ticks)

        Nodes                                         Cuts/
   Node  Left     Objective  IInf  Best Integer    Best Bound    ItCnt     Gap

*     0+    0                            0.0000   308967.0000              --- 
*     0+    0                        64456.0000   308967.0000           379.35%
      0     0   175789.4119     5    64456.0000   175789.4119       13  172.73%
*     0+    0                        76121.0000   175789.4119           130.93%
*     0+    0                       107396.0000   175789.4119            63.68%
      0     0        cutoff         107396.0000   107396.0000       19    0.00%
Elapsed time = 28.81 sec. (17136.43 ticks, tree = 0.01 MB, solutions = 4)

Clique cuts applied:  2604

Root node processing (before b&c):
  Real time             =   28.81 sec. (17140.33 ticks)
Parallel b&c, 4 threads:
  Real time             =    0.00 sec. (0.00 ticks)
  Sync time (average)   =    0.00 sec.
  Wait time (average)   =    0.00 sec.
                          ------------
Total (root+branch&cut) =   28.81 sec. (17140.33 ticks)
