CPXPARAM_Read_DataCheck                          1
Found incumbent of value 0.000000 after 0.00 sec. (1.31 ticks)
Tried aggregator 1 time.
MIP Presolve eliminated 2 rows and 0 columns.
MIP Presolve modified 6807 coefficients.
Reduced MIP has 10015 rows, 50005 columns, and 230017 nonzeros.
Reduced MIP has 50005 binaries, 0 generals, 0 SOSs, and 0 indicators.
Presolve time = 0.11 sec. (89.43 ticks)
Probing time = 0.03 sec. (15.27 ticks)
Tried aggregator 1 time.
Reduced MIP has 10015 rows, 50005 columns, and 230017 nonzeros.
Reduced MIP has 50005 binaries, 0 generals, 0 SOSs, and 0 indicators.
Presolve time = 0.14 sec. (100.33 ticks)
Probing time = 0.05 sec. (15.02 ticks)
Clique table members: 70001.
MIP emphasis: balance optimality and feasibility.
MIP search method: dynamic search.
Parallel mode: deterministic, using up to 4 threads.
Root relaxation solution time = 0.70 sec. (692.27 ticks)

        Nodes                                         Cuts/
   Node  Left     Objective  IInf  Best Integer    Best Bound    ItCnt     Gap

*     0+    0                            0.0000   308606.0000              --- 
      0     0   166803.9173     5        0.0000   166803.9173       16     --- 
*     0+    0                        97568.0000   166803.9173            70.96%
      0     0        cutoff          97568.0000    97568.0000    13541    0.00%
Elapsed time = 38.89 sec. (24185.59 ticks, tree = 0.01 MB, solutions = 2)

Clique cuts applied:  2598
Mixed integer rounding cuts applied:  5

Root node processing (before b&c):
  Real time             =   38.91 sec. (24188.88 ticks)
Parallel b&c, 4 threads:
  Real time             =    0.00 sec. (0.00 ticks)
  Sync time (average)   =    0.00 sec.
  Wait time (average)   =    0.00 sec.
                          ------------
Total (root+branch&cut) =   38.91 sec. (24188.88 ticks)
