CPXPARAM_Read_DataCheck                          1
Found incumbent of value 0.000000 after 0.00 sec. (0.08 ticks)
Tried aggregator 1 time.
MIP Presolve eliminated 3 rows and 0 columns.
MIP Presolve modified 1 coefficients.
Reduced MIP has 330 rows, 3010 columns, and 14134 nonzeros.
Reduced MIP has 3010 binaries, 0 generals, 0 SOSs, and 0 indicators.
Presolve time = 0.00 sec. (5.46 ticks)
Tried aggregator 1 time.
Reduced MIP has 330 rows, 3010 columns, and 14134 nonzeros.
Reduced MIP has 3010 binaries, 0 generals, 0 SOSs, and 0 indicators.
Presolve time = 0.00 sec. (6.13 ticks)
Probing time = 0.00 sec. (4.19 ticks)
Clique table members: 10127.
MIP emphasis: balance optimality and feasibility.
MIP search method: dynamic search.
Parallel mode: deterministic, using up to 4 threads.
Root relaxation solution time = 0.00 sec. (10.88 ticks)

        Nodes                                         Cuts/
   Node  Left     Objective  IInf  Best Integer    Best Bound    ItCnt     Gap

*     0+    0                            0.0000    18690.0000              --- 
      0     0    10342.5800    10        0.0000    10342.5800      630     --- 
*     0+    0                         5481.0000    10342.5800            88.70%
      0     0    10318.3200    10     5481.0000  Cliques: 182      649   68.08%
      0     0    10301.8100    10     5481.0000  Cliques: 182      659   68.08%
*     0+    0                         5741.0000     9212.4800            60.47%
      0     2    10301.8100    10     5741.0000     6770.2100      659   17.93%
Elapsed time = 0.36 sec. (201.56 ticks, tree = 0.01 MB, solutions = 3)

Clique cuts applied:  363

Root node processing (before b&c):
  Real time             =    0.36 sec. (200.92 ticks)
Parallel b&c, 4 threads:
  Real time             =    0.16 sec. (78.56 ticks)
  Sync time (average)   =    0.03 sec.
  Wait time (average)   =    0.00 sec.
                          ------------
Total (root+branch&cut) =    0.52 sec. (279.47 ticks)
