CPXPARAM_Read_DataCheck                          1
Found incumbent of value 0.000000 after 0.00 sec. (0.08 ticks)
Tried aggregator 1 time.
MIP Presolve modified 1 coefficients.
Reduced MIP has 333 rows, 3010 columns, and 15034 nonzeros.
Reduced MIP has 3010 binaries, 0 generals, 0 SOSs, and 0 indicators.
Presolve time = 0.00 sec. (5.34 ticks)
Tried aggregator 1 time.
Reduced MIP has 333 rows, 3010 columns, and 15034 nonzeros.
Reduced MIP has 3010 binaries, 0 generals, 0 SOSs, and 0 indicators.
Presolve time = 0.02 sec. (6.44 ticks)
Probing time = 0.02 sec. (3.81 ticks)
Clique table members: 10577.
MIP emphasis: balance optimality and feasibility.
MIP search method: dynamic search.
Parallel mode: deterministic, using up to 4 threads.
Root relaxation solution time = 0.02 sec. (11.99 ticks)

        Nodes                                         Cuts/
   Node  Left     Objective  IInf  Best Integer    Best Bound    ItCnt     Gap

*     0+    0                            0.0000    18432.0000              --- 
      0     0    10106.1900    10        0.0000    10106.1900      617     --- 
*     0+    0                         4483.0000    10106.1900           125.43%
      0     0    10056.5389    14     4483.0000  Cliques: 183      642   95.73%
      0     0     7895.2991    39     4483.0000     Cuts: 183     1484   76.12%
*     0+    0                         5412.0000     7895.2991            45.89%
      0     0     7884.0626    37     5412.0000  Cliques: 183     1500   25.14%
      0     2     7884.0626    37     5412.0000     5904.0000     1500    9.09%
Elapsed time = 0.58 sec. (310.32 ticks, tree = 0.01 MB, solutions = 3)

Clique cuts applied:  420
Implied bound cuts applied:  4
Mixed integer rounding cuts applied:  4
Zero-half cuts applied:  6

Root node processing (before b&c):
  Real time             =    0.56 sec. (309.64 ticks)
Parallel b&c, 4 threads:
  Real time             =    0.16 sec. (88.18 ticks)
  Sync time (average)   =    0.03 sec.
  Wait time (average)   =    0.00 sec.
                          ------------
Total (root+branch&cut) =    0.72 sec. (397.82 ticks)
