CPXPARAM_Read_DataCheck                          1
Found incumbent of value 0.000000 after 0.00 sec. (0.08 ticks)
Tried aggregator 1 time.
MIP Presolve modified 1 coefficients.
Reduced MIP has 333 rows, 3010 columns, and 15034 nonzeros.
Reduced MIP has 3010 binaries, 0 generals, 0 SOSs, and 0 indicators.
Presolve time = 0.02 sec. (5.73 ticks)
Tried aggregator 1 time.
Reduced MIP has 333 rows, 3010 columns, and 15034 nonzeros.
Reduced MIP has 3010 binaries, 0 generals, 0 SOSs, and 0 indicators.
Presolve time = 0.00 sec. (6.85 ticks)
Probing time = 0.00 sec. (3.75 ticks)
Clique table members: 9997.
MIP emphasis: balance optimality and feasibility.
MIP search method: dynamic search.
Parallel mode: deterministic, using up to 4 threads.
Root relaxation solution time = 0.02 sec. (15.63 ticks)

        Nodes                                         Cuts/
   Node  Left     Objective  IInf  Best Integer    Best Bound    ItCnt     Gap

*     0+    0                            0.0000    18317.0000              --- 
*     0+    0                         2586.0000    18317.0000           608.31%
      0     0     5277.1344    12     2586.0000     5277.1344      580  104.07%
*     0+    0                         3299.0000     5277.1344            59.96%
      0     0     4437.0261    84     3299.0000     Cuts: 183     1110   34.50%
      0     0     4173.9034   201     3299.0000     Cuts: 183     1533   26.52%
*     0+    0                         3444.0000     4173.9034            21.19%
      0     0     4000.6591   412     3444.0000     Cuts: 183     1976   16.16%
      0     0     3881.7220   559     3444.0000     Cuts: 183     2475   12.71%
*     0+    0                         3445.0000     3881.7220            12.68%
*     0+    0                         3606.0000     3881.7220             7.65%
      0     0        cutoff           3606.0000     3606.0000     2886    0.00%
Elapsed time = 0.84 sec. (466.27 ticks, tree = 0.01 MB, solutions = 6)

Clique cuts applied:  516
Cover cuts applied:  4
Implied bound cuts applied:  11
Mixed integer rounding cuts applied:  41
Zero-half cuts applied:  13

Root node processing (before b&c):
  Real time             =    0.84 sec. (466.56 ticks)
Parallel b&c, 4 threads:
  Real time             =    0.00 sec. (0.00 ticks)
  Sync time (average)   =    0.00 sec.
  Wait time (average)   =    0.00 sec.
                          ------------
Total (root+branch&cut) =    0.84 sec. (466.56 ticks)
