CPXPARAM_Read_DataCheck                          1
Found incumbent of value 0.000000 after 0.00 sec. (0.05 ticks)
Tried aggregator 1 time.
MIP Presolve eliminated 2 rows and 0 columns.
MIP Presolve modified 1 coefficients.
Reduced MIP has 231 rows, 2010 columns, and 9634 nonzeros.
Reduced MIP has 2010 binaries, 0 generals, 0 SOSs, and 0 indicators.
Presolve time = 0.00 sec. (3.76 ticks)
Probing time = 0.00 sec. (3.04 ticks)
Tried aggregator 1 time.
Reduced MIP has 231 rows, 2010 columns, and 9634 nonzeros.
Reduced MIP has 2010 binaries, 0 generals, 0 SOSs, and 0 indicators.
Presolve time = 0.00 sec. (4.24 ticks)
Probing time = 0.02 sec. (2.95 ticks)
Clique table members: 6877.
MIP emphasis: balance optimality and feasibility.
MIP search method: dynamic search.
Parallel mode: deterministic, using up to 4 threads.
Root relaxation solution time = 0.00 sec. (5.70 ticks)

        Nodes                                         Cuts/
   Node  Left     Objective  IInf  Best Integer    Best Bound    ItCnt     Gap

*     0+    0                            0.0000    12065.0000              --- 
*     0+    0                          861.0000    12065.0000              --- 
      0     0     7096.0250    10      861.0000     7096.0250      418  724.16%
      0     0     7064.3150    10      861.0000  Cliques: 157      441  720.48%
*     0+    0                         4316.0000     7064.3150            63.68%
      0     0     7054.9250    10     4316.0000  Cliques: 157      451   63.46%
*     0+    0                         4470.0000     7054.9250            57.83%
      0     0        cutoff           4470.0000     4470.0000      560    0.00%
Elapsed time = 0.19 sec. (111.17 ticks, tree = 0.01 MB, solutions = 4)

Clique cuts applied:  463
Cover cuts applied:  1
Implied bound cuts applied:  1

Root node processing (before b&c):
  Real time             =    0.19 sec. (111.33 ticks)
Parallel b&c, 4 threads:
  Real time             =    0.00 sec. (0.00 ticks)
  Sync time (average)   =    0.00 sec.
  Wait time (average)   =    0.00 sec.
                          ------------
Total (root+branch&cut) =    0.19 sec. (111.33 ticks)
