CPXPARAM_Read_DataCheck                          1
Found incumbent of value 0.000000 after 0.00 sec. (0.05 ticks)
Tried aggregator 1 time.
MIP Presolve eliminated 4 rows and 0 columns.
MIP Presolve modified 1 coefficients.
Reduced MIP has 229 rows, 2010 columns, and 9234 nonzeros.
Reduced MIP has 2010 binaries, 0 generals, 0 SOSs, and 0 indicators.
Presolve time = 0.00 sec. (3.69 ticks)
Probing time = 0.00 sec. (2.81 ticks)
Tried aggregator 1 time.
Reduced MIP has 229 rows, 2010 columns, and 9234 nonzeros.
Reduced MIP has 2010 binaries, 0 generals, 0 SOSs, and 0 indicators.
Presolve time = 0.00 sec. (4.11 ticks)
Probing time = 0.00 sec. (2.76 ticks)
Clique table members: 6677.
MIP emphasis: balance optimality and feasibility.
MIP search method: dynamic search.
Parallel mode: deterministic, using up to 4 threads.
Root relaxation solution time = 0.00 sec. (8.13 ticks)

        Nodes                                         Cuts/
   Node  Left     Objective  IInf  Best Integer    Best Bound    ItCnt     Gap

*     0+    0                            0.0000    12473.0000              --- 
*     0+    0                          817.0000    12473.0000              --- 
      0     0     7144.6067    12      817.0000     7144.6067      535  774.49%
      0     0     7123.7300    12      817.0000  Cliques: 157      549  771.94%
      0     0     6877.7755   127      817.0000     Cuts: 157      667  741.83%
*     0+    0                         3840.0000     6877.7755            79.11%
      0     0        cutoff           3840.0000     3840.0000      959    0.00%
Elapsed time = 0.17 sec. (134.45 ticks, tree = 0.01 MB, solutions = 3)

Clique cuts applied:  465
Cover cuts applied:  1
Implied bound cuts applied:  1

Root node processing (before b&c):
  Real time             =    0.17 sec. (134.60 ticks)
Parallel b&c, 4 threads:
  Real time             =    0.00 sec. (0.00 ticks)
  Sync time (average)   =    0.00 sec.
  Wait time (average)   =    0.00 sec.
                          ------------
Total (root+branch&cut) =    0.17 sec. (134.60 ticks)
