CPXPARAM_Read_DataCheck                          1
Found incumbent of value 0.000000 after 0.00 sec. (0.08 ticks)
Tried aggregator 1 time.
MIP Presolve eliminated 7 rows and 0 columns.
MIP Presolve modified 1 coefficients.
Reduced MIP has 242 rows, 3015 columns, and 13651 nonzeros.
Reduced MIP has 3015 binaries, 0 generals, 0 SOSs, and 0 indicators.
Presolve time = 0.00 sec. (5.36 ticks)
Tried aggregator 1 time.
Reduced MIP has 242 rows, 3015 columns, and 13651 nonzeros.
Reduced MIP has 3015 binaries, 0 generals, 0 SOSs, and 0 indicators.
Presolve time = 0.02 sec. (5.96 ticks)
Probing time = 0.02 sec. (3.22 ticks)
Clique table members: 9891.
MIP emphasis: balance optimality and feasibility.
MIP search method: dynamic search.
Parallel mode: deterministic, using up to 4 threads.
Root relaxation solution time = 0.02 sec. (13.09 ticks)

        Nodes                                         Cuts/
   Node  Left     Objective  IInf  Best Integer    Best Bound    ItCnt     Gap

*     0+    0                            0.0000    18383.0000              --- 
*     0+    0                          703.0000    18383.0000              --- 
      0     0    10700.1800    15      703.0000    10700.1800      760     --- 
      0     0    10637.9950    15      703.0000  Cliques: 160      795     --- 
*     0+    0                         5041.0000    10637.9950           111.03%
      0     0        cutoff           5041.0000     5041.0000      805    0.00%
Elapsed time = 0.23 sec. (142.09 ticks, tree = 0.01 MB, solutions = 3)

Clique cuts applied:  316

Root node processing (before b&c):
  Real time             =    0.25 sec. (142.31 ticks)
Parallel b&c, 4 threads:
  Real time             =    0.00 sec. (0.00 ticks)
  Sync time (average)   =    0.00 sec.
  Wait time (average)   =    0.00 sec.
                          ------------
Total (root+branch&cut) =    0.25 sec. (142.31 ticks)
