CPXPARAM_Read_DataCheck                          1
Found incumbent of value 0.000000 after 0.00 sec. (0.08 ticks)
Tried aggregator 1 time.
MIP Presolve modified 1 coefficients.
Reduced MIP has 249 rows, 3015 columns, and 15051 nonzeros.
Reduced MIP has 3015 binaries, 0 generals, 0 SOSs, and 0 indicators.
Presolve time = 0.00 sec. (5.68 ticks)
Tried aggregator 1 time.
Reduced MIP has 249 rows, 3015 columns, and 15051 nonzeros.
Reduced MIP has 3015 binaries, 0 generals, 0 SOSs, and 0 indicators.
Presolve time = 0.02 sec. (6.76 ticks)
Probing time = 0.00 sec. (3.49 ticks)
Clique table members: 10123.
MIP emphasis: balance optimality and feasibility.
MIP search method: dynamic search.
Parallel mode: deterministic, using up to 4 threads.
Root relaxation solution time = 0.02 sec. (13.79 ticks)

        Nodes                                         Cuts/
   Node  Left     Objective  IInf  Best Integer    Best Bound    ItCnt     Gap

*     0+    0                            0.0000    18857.0000              --- 
      0     0     4867.0200    17        0.0000     4867.0200      452     --- 
      0     0     4103.6773   127        0.0000     Cuts: 162      924     --- 
*     0+    0                         3309.0000     4103.6773            24.02%
      0     0     3925.2165   139     3309.0000     Cuts: 162     1196   18.62%
      0     0     3809.0556   284     3309.0000     Cuts: 162     1580   15.11%
*     0+    0                         3446.0000     3809.0556            10.54%
      0     0     3714.1864   409     3446.0000     Cuts: 162     2178    7.78%
*     0+    0                         3450.0000     3714.1864             7.66%
*     0+    0                         3515.0000     3714.1864             5.67%
      0     0     3670.2036   493     3515.0000     Cuts: 162     2545    4.42%
      0     0     3629.4929   567     3515.0000     Cuts: 162     2906    3.26%
      0     0     3608.9500   583     3515.0000     Cuts: 162     3286    2.67%
      0     0     3596.6696   629     3515.0000     Cuts: 162     3515    2.32%
      0     0     3586.5796   650     3515.0000     Cuts: 146     3714    2.04%
      0     0     3577.8974   680     3515.0000     Cuts: 109     3864    1.79%
      0     0     3571.8262   634     3515.0000      Cuts: 54     4046    1.62%
      0     0     3567.6293   633     3515.0000     Cuts: 113     4202    1.50%
      0     0     3565.7317   628     3515.0000      Cuts: 58     4313    1.44%
      0     0     3563.9655   624     3515.0000      Cuts: 44     4399    1.39%
      0     0     3563.0997   642     3515.0000      Cuts: 49     4555    1.37%
      0     0     3562.0196   624     3515.0000      Cuts: 97     4641    1.34%
      0     0     3559.2211   594     3515.0000      Cuts: 83     4799    1.26%
      0     0     3557.7365   628     3515.0000      Cuts: 74     4894    1.22%
      0     0     3556.2820   632     3515.0000      Cuts: 45     4975    1.17%
      0     0     3555.0450   610     3515.0000      Cuts: 36     5051    1.14%
      0     0     3553.5327   617     3515.0000      Cuts: 29     5120    1.10%
      0     0     3552.2369   688     3515.0000      Cuts: 39     5187    1.06%
      0     0     3549.4485   648     3515.0000      Cuts: 43     5305    0.98%
      0     0     3548.0857   631     3515.0000      Cuts: 78     5383    0.94%
      0     0     3545.4048   635     3515.0000      Cuts: 68     5515    0.87%
      0     0     3540.3199   610     3515.0000     Cuts: 137     5696    0.72%
*     0+    0                         3516.0000     3540.3199             0.69%
      0     0     3538.4221   647     3516.0000     Cuts: 130     5791    0.64%
      0     0     3537.6667   649     3516.0000      Cuts: 75     5870    0.62%
      0     0     3536.4767   623     3516.0000      Cuts: 82     5960    0.58%
      0     0     3533.0765   638     3516.0000      Cuts: 57     6108    0.49%
      0     0     3532.4359   616     3516.0000      Cuts: 71     6178    0.47%
      0     2     3532.4359   616     3516.0000     3532.4359     6178    0.47%
Elapsed time = 6.19 sec. (3182.49 ticks, tree = 0.01 MB, solutions = 6)

Clique cuts applied:  395
Cover cuts applied:  26
Implied bound cuts applied:  73
Flow cuts applied:  13
Mixed integer rounding cuts applied:  60
Zero-half cuts applied:  51

Root node processing (before b&c):
  Real time             =    6.16 sec. (3153.62 ticks)
Parallel b&c, 4 threads:
  Real time             =    0.14 sec. (122.77 ticks)
  Sync time (average)   =    0.05 sec.
  Wait time (average)   =    0.00 sec.
                          ------------
Total (root+branch&cut) =    6.30 sec. (3276.39 ticks)
