CPXPARAM_Read_DataCheck                          1
Found incumbent of value 0.000000 after 0.00 sec. (0.08 ticks)
Tried aggregator 1 time.
MIP Presolve modified 1 coefficients.
Reduced MIP has 249 rows, 3015 columns, and 15051 nonzeros.
Reduced MIP has 3015 binaries, 0 generals, 0 SOSs, and 0 indicators.
Presolve time = 0.02 sec. (5.70 ticks)
Tried aggregator 1 time.
Reduced MIP has 249 rows, 3015 columns, and 15051 nonzeros.
Reduced MIP has 3015 binaries, 0 generals, 0 SOSs, and 0 indicators.
Presolve time = 0.00 sec. (6.78 ticks)
Probing time = 0.00 sec. (3.52 ticks)
Clique table members: 10097.
MIP emphasis: balance optimality and feasibility.
MIP search method: dynamic search.
Parallel mode: deterministic, using up to 4 threads.
Root relaxation solution time = 0.02 sec. (14.41 ticks)

        Nodes                                         Cuts/
   Node  Left     Objective  IInf  Best Integer    Best Bound    ItCnt     Gap

*     0+    0                            0.0000    18425.0000              --- 
      0     0     4540.8200    17        0.0000     4540.8200      492     --- 
      0     0     3839.1686    96        0.0000     Cuts: 162     1014     --- 
*     0+    0                         2479.0000     3839.1686            54.87%
      0     0     3503.3580   150     2479.0000     Cuts: 162     1602   41.32%
      0     0     3338.2622   351     2479.0000     Cuts: 162     2205   34.66%
*     0+    0                         2922.0000     3338.2622            14.25%
      0     0     3257.0498   443     2922.0000     Cuts: 162     2682   11.47%
      0     0     3182.0649   513     2922.0000     Cuts: 162     3221    8.90%
      0     0     3144.2973   587     2922.0000     Cuts: 162     3556    7.61%
      0     0     3086.6237   552     2922.0000     Cuts: 162     4030    5.63%
      0     0     3045.7938   590     2922.0000     Cuts: 162     4300    4.24%
      0     0     3026.9816   593     2922.0000     Cuts: 162     4462    3.59%
      0     0     3020.2275   600     2922.0000     Cuts: 119     4566    3.36%
      0     0     3017.4644   571     2922.0000      Cuts: 57     4642    3.27%
      0     0     3012.6736   632     2922.0000     Cuts: 107     4711    3.10%
      0     0     3011.5645   613     2922.0000      Cuts: 53     4772    3.07%
      0     0     3001.7534   567     2922.0000      Cuts: 41     4918    2.73%
      0     0     2995.0207   587     2922.0000      Cuts: 85     5049    2.50%
      0     0     2993.9810   555     2922.0000      Cuts: 96     5123    2.46%
      0     0     2991.3648   605     2922.0000      Cuts: 65     5206    2.37%
      0     0     2989.5791   544     2922.0000      Cuts: 45     5277    2.31%
      0     0     2988.1840   548     2922.0000      Cuts: 64     5345    2.27%
      0     0     2986.6447   584     2922.0000      Cuts: 44     5428    2.21%
      0     0     2985.7805   591     2922.0000      Cuts: 93     5511    2.18%
      0     0     2983.4960   592     2922.0000     Cuts: 100     5587    2.10%
      0     0     2982.4371   584     2922.0000      Cuts: 38     5650    2.07%
      0     0     2980.7198   610     2922.0000      Cuts: 80     5721    2.01%
      0     0     2979.4419   609     2922.0000      Cuts: 67     5813    1.97%
      0     0     2959.1884   588     2922.0000      Cuts: 30     6135    1.27%
      0     0     2956.8357   607     2922.0000     Cuts: 126     6234    1.19%
      0     0     2934.8933   580     2922.0000      Cuts: 60     6512    0.44%
      0     0     2933.4339   560     2922.0000      Cuts: 79     6622    0.39%
      0     0     2923.5903   257     2922.0000      Cuts: 73     6820    0.05%

Repeating presolve.
Tried aggregator 1 time.
MIP Presolve eliminated 44 rows and 2397 columns.
MIP Presolve modified 8 coefficients.
Reduced MIP has 205 rows, 618 columns, and 2886 nonzeros.
Reduced MIP has 618 binaries, 0 generals, 0 SOSs, and 0 indicators.
Presolve time = 0.00 sec. (2.38 ticks)
Probing time = 0.00 sec. (2.17 ticks)
Tried aggregator 1 time.
Reduced MIP has 205 rows, 618 columns, and 2886 nonzeros.
Reduced MIP has 618 binaries, 0 generals, 0 SOSs, and 0 indicators.
Presolve time = 0.00 sec. (1.45 ticks)
Represolve time = 0.03 sec. (35.38 ticks)
Probing time = 0.00 sec. (2.16 ticks)
Clique table members: 2094.
MIP emphasis: balance optimality and feasibility.
MIP search method: dynamic search.
Parallel mode: deterministic, using up to 4 threads.
Root relaxation solution time = 0.03 sec. (33.14 ticks)

        Nodes                                         Cuts/
   Node  Left     Objective  IInf  Best Integer    Best Bound    ItCnt     Gap

*     0+    0                         2922.0000     2923.5903             0.05%
      0     0     2923.5871   248     2922.0000     2923.5871     7557    0.05%
      0     0        cutoff           2922.0000                   7563     --- 
Elapsed time = 6.02 sec. (3052.77 ticks, tree = 0.01 MB, solutions = 3)

Clique cuts applied:  240
Cover cuts applied:  8
Implied bound cuts applied:  65
Flow cuts applied:  8
Mixed integer rounding cuts applied:  33
Zero-half cuts applied:  18

Root node processing (before b&c):
  Real time             =    6.02 sec. (3052.94 ticks)
Parallel b&c, 4 threads:
  Real time             =    0.00 sec. (0.00 ticks)
  Sync time (average)   =    0.00 sec.
  Wait time (average)   =    0.00 sec.
                          ------------
Total (root+branch&cut) =    6.02 sec. (3052.94 ticks)
