CPXPARAM_Read_DataCheck                          1
Found incumbent of value 0.000000 after 0.02 sec. (3.82 ticks)
Tried aggregator 1 time.
MIP Presolve modified 1 coefficients.
Reduced MIP has 10049 rows, 150015 columns, and 750051 nonzeros.
Reduced MIP has 150015 binaries, 0 generals, 0 SOSs, and 0 indicators.
Presolve time = 0.55 sec. (294.86 ticks)
Tried aggregator 1 time.
Reduced MIP has 10049 rows, 150015 columns, and 750051 nonzeros.
Reduced MIP has 150015 binaries, 0 generals, 0 SOSs, and 0 indicators.
Presolve time = 0.73 sec. (350.60 ticks)
Probing time = 0.47 sec. (69.13 ticks)
Clique table members: 503758.
MIP emphasis: balance optimality and feasibility.
MIP search method: dynamic search.
Parallel mode: deterministic, using up to 4 threads.
Root relaxation solution time = 2.02 sec. (1129.43 ticks)

        Nodes                                         Cuts/
   Node  Left     Objective  IInf  Best Integer    Best Bound    ItCnt     Gap

*     0+    0                            0.0000   929858.0000              --- 
      0     0   242249.5711    15        0.0000   242249.5711    19193     --- 
*     0+    0                        50544.0000   242249.5711           379.28%
*     0+    0                       159537.0000   242249.5711            51.85%
      0     0   215059.6069  1004   159537.0000    Cuts: 2612    35440   34.80%
*     0+    0                       166939.0000   215059.6069            28.83%
      0     0   203573.5473  3009   166939.0000    Cuts: 2612    47061   21.94%
      0     0   197965.9812  4603   166939.0000    Cuts: 2612    60300   18.59%
*     0+    0                       167148.0000   197965.9812            18.44%
      0     0   196045.7749  5889   167148.0000    Cuts: 2612    67182   17.29%
*     0+    0                       167243.0000   196045.7749            17.22%
      0     0   190742.4872  8963   167243.0000    Cuts: 2612    82886   14.05%
      0     0   189751.8755  9812   167243.0000    Cuts: 2612    91882   13.46%
      0     0   185028.8358 13104   167243.0000    Cuts: 2612   109163   10.63%
      0     0   184188.1386 14549   167243.0000    Cuts: 2612   122432   10.13%
*     0+    0                       167522.0000   184188.1386             9.95%
      0     0   182660.9550 17124   167522.0000    Cuts: 2612   143366    9.04%
      0     0   182311.9248 18008   167522.0000    Cuts: 2612   156456    8.83%
*     0+    0                       168018.0000   182311.9248             8.51%
      0     0   180674.3715 20407   168018.0000    Cuts: 2612   182921    7.53%
      0     0   179226.8714 22327   168018.0000    Cuts: 2612   213236    6.67%
      0     0   178523.5121 24214   168018.0000    Cuts: 2612   235332    6.25%
      0     0   178021.1995 26095   168018.0000    Cuts: 2612   260693    5.95%
      0     0   177433.6482 27482   168018.0000    Cuts: 2612   290074    5.60%
      0     0   177037.3740 28767   168018.0000    Cuts: 2612   315906    5.37%
      0     0   176524.0425 30078   168018.0000    Cuts: 2612   343260    5.06%
      0     0   175972.0828 31604   168018.0000    Cuts: 2612   372557    4.73%
      0     0   175620.5693 32760   168018.0000    Cuts: 2612   397438    4.52%
      0     0   175346.8587 33818   168018.0000    Cuts: 2612   423877    4.36%
      0     0   175002.2554 35141   168018.0000    Cuts: 2612   456442    4.16%
      0     0   174505.0243 36246   168018.0000    Cuts: 2612   485252    3.86%
      0     0   174156.5204 37215   168018.0000    Cuts: 2612   519501    3.65%
*     0+    0                       168184.0000   174156.5204             3.55%
      0     0   173767.9556 38243   168184.0000    Cuts: 2612   547492    3.32%
      0     0        cutoff         168184.0000   168184.0000   570267    0.00%
Elapsed time = 4880.88 sec. (3196240.67 ticks, tree = 0.01 MB, solutions = 9)

Clique cuts applied:  34693
Cover cuts applied:  10
Implied bound cuts applied:  49
Flow cuts applied:  8
Mixed integer rounding cuts applied:  1242
Zero-half cuts applied:  13

Root node processing (before b&c):
  Real time             = 4880.95 sec. (3196259.43 ticks)
Parallel b&c, 4 threads:
  Real time             =    0.00 sec. (0.00 ticks)
  Sync time (average)   =    0.00 sec.
  Wait time (average)   =    0.00 sec.
                          ------------
Total (root+branch&cut) = 4880.95 sec. (3196259.43 ticks)
