CPXPARAM_Read_DataCheck                          1
Found incumbent of value 0.000000 after 0.00 sec. (3.82 ticks)
Tried aggregator 1 time.
MIP Presolve modified 1 coefficients.
Reduced MIP has 10049 rows, 150015 columns, and 750051 nonzeros.
Reduced MIP has 150015 binaries, 0 generals, 0 SOSs, and 0 indicators.
Presolve time = 0.50 sec. (294.86 ticks)
Tried aggregator 1 time.
Reduced MIP has 10049 rows, 150015 columns, and 750051 nonzeros.
Reduced MIP has 150015 binaries, 0 generals, 0 SOSs, and 0 indicators.
Presolve time = 0.73 sec. (350.04 ticks)
Probing time = 0.48 sec. (66.83 ticks)
Clique table members: 503758.
MIP emphasis: balance optimality and feasibility.
MIP search method: dynamic search.
Parallel mode: deterministic, using up to 4 threads.
Root relaxation solution time = 3.63 sec. (2265.08 ticks)

        Nodes                                         Cuts/
   Node  Left     Objective  IInf  Best Integer    Best Bound    ItCnt     Gap

*     0+    0                            0.0000   924654.0000              --- 
      0     0   240362.5358    19        0.0000   240362.5358       94     --- 
*     0+    0                       109049.0000   240362.5358           120.42%
      0     0   199648.0835  1614   109049.0000    Cuts: 2612    21840   83.08%
*     0+    0                       152175.0000   199648.0835            31.20%
      0     0   185673.7330  2557   152175.0000    Cuts: 2612    37779   22.01%
*     0+    0                       158487.0000   185673.7330            17.15%
      0     0   180265.8349  4328   158487.0000    Cuts: 2612    49386   13.74%
*     0+    0                       158489.0000   180265.8349            13.74%
*     0+    0                       161029.0000   180265.8349            11.95%
      0     0   176641.9916  7604   161029.0000    Cuts: 2612    59582    9.70%
      0     0   175320.5278  9242   161029.0000    Cuts: 2612    68103    8.88%
      0     0   173752.0229 11761   161029.0000    Cuts: 2612    80563    7.90%
      0     0   172904.9594 13938   161029.0000    Cuts: 2612    90146    7.38%
      0     0   172376.3600 15899   161029.0000    Cuts: 2612    99083    7.05%
      0     0   171318.8507 17998   161029.0000    Cuts: 2612   110770    6.39%
      0     0   171038.1380 18956   161029.0000    Cuts: 2612   119560    6.22%
      0     0   169904.8528 20875   161029.0000    Cuts: 2612   133359    5.51%
      0     0   169115.9901 22479   161029.0000    Cuts: 2612   144420    5.02%
      0     0   168120.9040 24220   161029.0000    Cuts: 2612   156415    4.40%
      0     0   167403.7607 25366   161029.0000    Cuts: 2612   167011    3.96%
      0     0   166584.4700 27068   161029.0000    Cuts: 2612   179258    3.45%
      0     0   165980.8810 28772   161029.0000    Cuts: 2612   190752    3.08%
      0     0   165291.9143 30547   161029.0000    Cuts: 2612   202020    2.65%
      0     0   164794.4507 32329   161029.0000    Cuts: 2612   214785    2.34%
      0     0   164402.9989 32130   161029.0000    Cuts: 2612   221999    2.10%
      0     0   164113.0283 34492   161029.0000    Cuts: 2612   229823    1.92%
      0     0   163675.9550 31532   161029.0000    Cuts: 2612   241090    1.64%
      0     0   163532.0712 30172   161029.0000    Cuts: 1636   248554    1.55%
      0     0   163500.3370 30393   161029.0000     Cuts: 717   251990    1.53%
Heuristic still looking.
Heuristic still looking.
      0     2   163500.3370 30393   161029.0000   163500.3370   251990    1.53%
Elapsed time = 2785.80 sec. (1775519.24 ticks, tree = 0.01 MB, solutions = 6)
      1     3   163350.8855 26936   161029.0000   163499.9610   256818    1.53%
      2     4   163267.5331 24289   161029.0000   163499.9610   258823    1.53%
      3     3   163137.7080 31008   161029.0000   163499.9610   259961    1.53%
      4     5   163137.6830 17960   161029.0000   163499.9610   261893    1.53%
      5     5   162064.5777 25044   161029.0000   163499.9610   266579    1.53%
      6     6   162449.1929 25992   161029.0000   163350.7827   274687    1.44%
      7     4   161046.5207 25437   161029.0000   163350.7827   267422    1.44%
      8     8        cutoff         161029.0000   163137.6764   296159    1.31%
      9     5        cutoff         161029.0000   163137.6764   275577    1.31%
     10     6   163087.7438 16720   161029.0000   163137.6764   276674    1.31%
Elapsed time = 3124.95 sec. (1929794.03 ticks, tree = 0.59 MB, solutions = 6)
     11     7        cutoff         161029.0000   163137.6764   299045    1.31%
     13     8   161634.2932 22843   161029.0000   163137.6764   283385    1.31%
     14     8        cutoff         161029.0000   163137.6764   305828    1.31%
     15     6        cutoff         161029.0000   163137.6764   312582    1.31%
     16     9   162253.9249 20141   161029.0000   163137.6764   289923    1.31%
     17     5        cutoff         161029.0000   163137.6764   313279    1.31%
     18     7        cutoff         161029.0000   163137.6764   308281    1.31%
     19    10   161875.3359 15150   161029.0000   163137.6764   293471    1.31%
     20     8   161227.6147 16700   161029.0000   163137.6764   317851    1.31%
     21     6   161633.3461 13972   161029.0000   163137.6764   329450    1.31%
Elapsed time = 3271.14 sec. (1998718.88 ticks, tree = 0.01 MB, solutions = 6)
     23     7   161118.7012 15484   161029.0000   163137.6764   335040    1.31%
     26     6        cutoff         161029.0000   163137.6764   338070    1.31%
     29     6   161060.0254 21327   161029.0000   163137.6764   335236    1.31%
     32     6   162975.6815 27040   161029.0000   163137.6764   335382    1.31%
     33     3   161421.2537 18344   161029.0000   162975.4653   366980    1.21%
     34     3   161080.3813 25061   161029.0000   162975.4653   368566    1.21%
     36     3        cutoff         161029.0000   161420.8116   378370    0.24%
     37     4   161043.0091 15190   161029.0000   161420.8116   373993    0.24%
     39     5   161087.0409 12540   161029.0000   161222.1831   401831    0.12%
     41     5   161039.8704 10547   161029.0000   161222.1831   404362    0.12%
Elapsed time = 3592.06 sec. (2223628.62 ticks, tree = 1.17 MB, solutions = 6)

Clique cuts applied:  33610
Cover cuts applied:  23
Implied bound cuts applied:  52
Flow cuts applied:  6
Mixed integer rounding cuts applied:  414
Zero-half cuts applied:  2
Gomory fractional cuts applied:  1

Root node processing (before b&c):
  Real time             = 2636.00 sec. (1712463.80 ticks)
Parallel b&c, 4 threads:
  Real time             =  956.33 sec. (511368.65 ticks)
  Sync time (average)   =  346.14 sec.
  Wait time (average)   =    0.09 sec.
                          ------------
Total (root+branch&cut) = 3592.33 sec. (2223832.45 ticks)
