CPXPARAM_Read_DataCheck                          1
Found incumbent of value 0.000000 after 0.00 sec. (3.82 ticks)
Tried aggregator 1 time.
MIP Presolve eliminated 4 rows and 0 columns.
MIP Presolve modified 1 coefficients.
Reduced MIP has 10045 rows, 150015 columns, and 710051 nonzeros.
Reduced MIP has 150015 binaries, 0 generals, 0 SOSs, and 0 indicators.
Presolve time = 0.48 sec. (273.88 ticks)
Tried aggregator 1 time.
Reduced MIP has 10045 rows, 150015 columns, and 710051 nonzeros.
Reduced MIP has 150015 binaries, 0 generals, 0 SOSs, and 0 indicators.
Presolve time = 0.63 sec. (307.96 ticks)
Probing time = 0.52 sec. (70.55 ticks)
Clique table members: 505091.
MIP emphasis: balance optimality and feasibility.
MIP search method: dynamic search.
Parallel mode: deterministic, using up to 4 threads.
Root relaxation solution time = 3.31 sec. (1729.23 ticks)

        Nodes                                         Cuts/
   Node  Left     Objective  IInf  Best Integer    Best Bound    ItCnt     Gap

*     0+    0                            0.0000   930914.0000              --- 
      0     0   533276.4954    15        0.0000   533276.4954       23     --- 
*     0+    0                       316999.0000   533276.4954            68.23%
      0     0   533204.2820    15   316999.0000 Cliques: 2611       92   30.81%
      0     0   533184.3111    15   316999.0000 Cliques: 2611      115   20.31%
*     0+    0                       317000.0000   381371.2298            20.31%
      0     2   533184.3111    15   317000.0000   381371.2298      115   20.31%
Elapsed time = 369.58 sec. (134561.52 ticks, tree = 0.01 MB, solutions = 3)
      2     4   468606.0398    13   317000.0000   381371.2298     4350   20.31%
      7     5   439375.2501    14   317000.0000   381371.2298     6180   20.31%
     17    12   401028.2659     9   317000.0000   381371.2298    22280   20.31%
     24    23   375055.6051    13   317000.0000   381371.2298    41121   20.31%
     29    27   343886.4671     6   317000.0000   381371.2298    50242   20.31%
     35    31   333757.6736     5   317000.0000   381371.2298    55760   20.31%
     42    36        cutoff         317000.0000   381371.2298    69700   20.31%
     47    38   322276.5852     5   317000.0000   381371.2298    67366   20.31%
     53    37   457475.6423    14   317000.0000   381371.2298    76201   20.31%
     72    49   396077.3088     9   317000.0000   381371.2298   112391   20.31%
Elapsed time = 382.56 sec. (138168.31 ticks, tree = 4.40 MB, solutions = 3)
     90    61   377468.2588     8   317000.0000   381371.2298   158960   20.31%
    106    67   321178.5315     5   317000.0000   381371.2298   178312   20.31%
    120    77   370168.5677     6   317000.0000   381371.2298   210622   20.31%
    132    84   384258.2124    10   317000.0000   381371.2298   237898   20.31%
    145    87   372427.6400     8   317000.0000   381371.2298   255273   20.31%
    166    99   344404.6556     3   317000.0000   381371.2298   283667   20.31%
    198   122   319736.9520     3   317000.0000   381371.2298   303162   20.31%
    239   155   401996.8093    11   317000.0000   381371.2298   328735   20.31%
    264   144   360008.5981     6   317000.0000   381371.2298   348153   20.31%
    274   174   319292.7559     6   317000.0000   381371.2298   362530   20.31%
Elapsed time = 416.00 sec. (148279.37 ticks, tree = 24.23 MB, solutions = 3)
    298   184   349179.4479     8   317000.0000   381371.2298   391079   20.31%
    312   197   323320.5593     5   317000.0000   381371.2298   433560   20.31%
    335   200   363386.5747     8   317000.0000   381371.2298   451192   20.31%
    363   214   369019.3234    10   317000.0000   381371.2298   492782   20.31%
    385   219   355588.4328     9   317000.0000   381371.2298   500501   20.31%
    406   228   336050.8403     6   317000.0000   381371.2298   521986   20.31%
    420   243   318274.7430    10   317000.0000   381371.2298   541848   20.31%
    433   245   330724.7124     6   317000.0000   381371.2298   550638   20.31%
    448   254   357812.5317    10   317000.0000   381371.2298   577518   20.31%
    472   255        cutoff         317000.0000   381371.2298   578958   20.31%
Elapsed time = 450.16 sec. (158426.11 ticks, tree = 39.03 MB, solutions = 3)
    483   263   354715.7384     6   317000.0000   381371.2298   611724   20.31%
    499   273    infeasible         317000.0000   381371.2298   645275   20.31%
    523   276   327044.8377     5   317000.0000   381371.2298   648367   20.31%
    548   288   345914.9270    11   317000.0000   381371.2298   680099   20.31%
    567   291        cutoff         317000.0000   381371.2298   695817   20.31%
    588   293        cutoff         317000.0000   381371.2298   698897   20.31%
    604   312   319440.2676     2   317000.0000   381371.2298   733317   20.31%
    631   311        cutoff         317000.0000   381371.2298   739899   20.31%
    649   317   355354.4629     6   317000.0000   380133.3467   759594   19.92%
    673   334   330499.9586     5   317000.0000   377555.9332   819752   19.10%
Elapsed time = 483.80 sec. (168606.82 ticks, tree = 53.37 MB, solutions = 3)
    695   333   318467.8702     9   317000.0000   377319.1349   814056   19.03%
    714   344        cutoff         317000.0000   375432.5601   869201   18.43%
    735   347   322341.1818     8   317000.0000   375432.5601   871270   18.43%
    756   344   335532.9519    11   317000.0000   374929.9800   861396   18.27%
    781   352   333221.3343     7   317000.0000   374216.3370   895480   18.05%
    806   360   322346.1070     7   317000.0000   373942.2216   916617   17.96%
    830   361   317029.4587     7   317000.0000   372094.4365   949667   17.38%
    850   362   336045.3283     7   317000.0000   372063.9800   955615   17.37%
    870   360   344802.3196     6   317000.0000   371342.9206   944359   17.14%
    889   369   323545.3664     3   317000.0000   368933.4631   993309   16.38%
Elapsed time = 515.05 sec. (178704.58 ticks, tree = 62.19 MB, solutions = 3)
    913   371   320412.3279    13   317000.0000   368933.4631  1010746   16.38%
    941   370   332107.9162     6   317000.0000   366782.8849  1011446   15.70%
    965   374   321606.4464     6   317000.0000   366077.1769  1031336   15.48%
    994   372   327385.3713     6   317000.0000   364387.7658  1049707   14.95%
   1013   372   328744.4245     7   317000.0000   364387.7658  1076339   14.95%
   1035   376   334125.5315     6   317000.0000   363849.9331  1091480   14.78%
   1062   372        cutoff         317000.0000   362557.2920  1119414   14.37%
   1087   372   328729.1117    12   317000.0000   360300.8095  1169224   13.66%
   1109   373        cutoff         317000.0000   360300.8095  1159786   13.66%
   1137   359        cutoff         317000.0000   359095.8886  1217065   13.28%
Elapsed time = 547.86 sec. (188785.31 ticks, tree = 59.43 MB, solutions = 3)
   1162   352        cutoff         317000.0000   357125.3752  1227848   12.66%
   1186   329   319354.0968     6   317000.0000   357125.3752  1283092   12.66%
   1231   316   318571.7171     5   317000.0000   351438.6616  1304122   10.86%
   1292   234        cutoff         317000.0000   346213.5560  1359979    9.22%
   1406   112        cutoff         317000.0000   332522.4158  1368246    4.90%
   1496    17    infeasible         317000.0000   323746.9585  1371145    2.13%
   1532    84   317130.5373     6   317000.0000   323746.9585  1370915    2.13%
*  1545+   95                       317001.0000   323746.9585             2.13%
   1556    59   317130.5373     7   317001.0000   319736.9520  1373408    0.86%
   1681    89   317130.5373     6   317001.0000   319736.9520  1373482    0.86%
   1809   127   317130.4262     4   317001.0000   319736.9520  1373510    0.86%
Elapsed time = 577.48 sec. (198409.92 ticks, tree = 4.63 MB, solutions = 4)
   1934   236        cutoff         317001.0000   319736.9520  1373811    0.86%
   2051   261   317002.1111     8   317001.0000   319736.9520  1374280    0.86%
   2169   222   317130.3509     4   317001.0000   319736.9520  1373637    0.86%
   2254   620   317002.0000     5   317001.0000   319736.9520  1375424    0.86%
*  2355+  557                       317002.0000   319736.9520             0.86%
   2365   671        cutoff         317002.0000   319736.9520  1375939    0.86%
   2473   691   317003.0000     6   317002.0000   319736.9520  1376068    0.86%
*  2501+  709                       317003.0000   319736.9520             0.86%
   2513   720   317003.0000     6   317003.0000   319736.9520  1376214    0.86%

Clique cuts applied:  12879
Cover cuts applied:  2
Implied bound cuts applied:  6
Mixed integer rounding cuts applied:  17

Root node processing (before b&c):
  Real time             =  369.19 sec. (134444.60 ticks)
Parallel b&c, 4 threads:
  Real time             = 1101.81 sec. (416098.49 ticks)
  Sync time (average)   =   27.17 sec.
  Wait time (average)   =    0.07 sec.
                          ------------
Total (root+branch&cut) = 1471.00 sec. (550543.09 ticks)
