CPXPARAM_Read_DataCheck                          1
Found incumbent of value 0.000000 after 0.00 sec. (0.38 ticks)
Tried aggregator 1 time.
MIP Presolve eliminated 8 rows and 0 columns.
MIP Presolve modified 1 coefficients.
Reduced MIP has 1041 rows, 15015 columns, and 67051 nonzeros.
Reduced MIP has 15015 binaries, 0 generals, 0 SOSs, and 0 indicators.
Presolve time = 0.03 sec. (26.87 ticks)
Tried aggregator 1 time.
Reduced MIP has 1041 rows, 15015 columns, and 67051 nonzeros.
Reduced MIP has 15015 binaries, 0 generals, 0 SOSs, and 0 indicators.
Presolve time = 0.05 sec. (29.73 ticks)
Probing time = 0.02 sec. (7.09 ticks)
Clique table members: 48591.
MIP emphasis: balance optimality and feasibility.
MIP search method: dynamic search.
Parallel mode: deterministic, using up to 4 threads.
Root relaxation solution time = 0.14 sec. (157.54 ticks)

        Nodes                                         Cuts/
   Node  Left     Objective  IInf  Best Integer    Best Bound    ItCnt     Gap

*     0+    0                            0.0000    93060.0000              --- 
*     0+    0                         2979.0000    93060.0000              --- 
      0     0    48249.3883    17     2979.0000    48249.3883     2879     --- 
*     0+    0                        15362.0000    48249.3883           214.08%
      0     0        cutoff          15362.0000    15362.0000     2915    0.00%
Elapsed time = 2.48 sec. (1400.71 ticks, tree = 0.01 MB, solutions = 3)

Clique cuts applied:  360

Root node processing (before b&c):
  Real time             =    2.48 sec. (1401.74 ticks)
Parallel b&c, 4 threads:
  Real time             =    0.00 sec. (0.00 ticks)
  Sync time (average)   =    0.00 sec.
  Wait time (average)   =    0.00 sec.
                          ------------
Total (root+branch&cut) =    2.48 sec. (1401.74 ticks)
