CPXPARAM_Read_DataCheck                          1
Found incumbent of value 0.000000 after 0.00 sec. (0.38 ticks)
Tried aggregator 1 time.
MIP Presolve modified 1 coefficients.
Reduced MIP has 1049 rows, 15015 columns, and 75051 nonzeros.
Reduced MIP has 15015 binaries, 0 generals, 0 SOSs, and 0 indicators.
Presolve time = 0.03 sec. (29.15 ticks)
Tried aggregator 1 time.
Reduced MIP has 1049 rows, 15015 columns, and 75051 nonzeros.
Reduced MIP has 15015 binaries, 0 generals, 0 SOSs, and 0 indicators.
Presolve time = 0.05 sec. (34.49 ticks)
Probing time = 0.03 sec. (8.90 ticks)
Clique table members: 50563.
MIP emphasis: balance optimality and feasibility.
MIP search method: dynamic search.
Parallel mode: deterministic, using up to 4 threads.
Root relaxation solution time = 0.17 sec. (200.51 ticks)

        Nodes                                         Cuts/
   Node  Left     Objective  IInf  Best Integer    Best Bound    ItCnt     Gap

*     0+    0                            0.0000    93581.0000              --- 
*     0+    0                        16237.0000    93581.0000           476.34%
      0     0    24417.3940    15    16237.0000    24417.3940     1967   50.38%
*     0+    0                        16652.0000    24417.3940            46.63%
      0     0    21048.4359   131    16652.0000     Cuts: 362     3847   26.40%
      0     0    20203.6909   461    16652.0000     Cuts: 362     5006   21.33%
      0     0    19730.9428   974    16652.0000     Cuts: 362     6179   18.49%
*     0+    0                        16654.0000    19730.9428            18.48%
*     0+    0                        17088.0000    19730.9428            15.47%
      0     0    19366.5400  1455    17088.0000     Cuts: 362     7623   13.33%
      0     0    18962.4210  1852    17088.0000     Cuts: 362     9510   10.97%
*     0+    0                        17195.0000    18962.4210            10.28%
      0     0    18885.3957  1955    17195.0000     Cuts: 362    10445    9.83%
*     0+    0                        17196.0000    18885.3957             9.82%
*     0+    0                        17197.0000    18885.3957             9.82%
      0     0    18796.5523  2097    17197.0000     Cuts: 362    11297    9.30%
      0     0    18630.0441  2283    17197.0000     Cuts: 362    12772    8.33%
      0     0    18459.9899  2568    17197.0000     Cuts: 362    14228    7.34%
      0     0    18303.1241  2689    17197.0000     Cuts: 362    16483    6.43%
      0     0    18203.1693  2880    17197.0000     Cuts: 362    18293    5.85%
      0     0    18114.0183  3105    17197.0000     Cuts: 362    19900    5.33%
      0     0    18043.9352  3295    17197.0000     Cuts: 362    21527    4.92%
      0     0    17940.5371  3410    17197.0000     Cuts: 362    23687    4.32%
      0     0    17870.7382  3515    17197.0000     Cuts: 362    25914    3.92%
      0     0    17813.5226  3673    17197.0000     Cuts: 362    27479    3.59%
      0     0    17775.3772  3844    17197.0000     Cuts: 362    28915    3.36%
      0     0    17710.6415  3853    17197.0000     Cuts: 362    30798    2.99%
      0     0    17619.1554  3817    17197.0000     Cuts: 362    32562    2.38%
      0     0    17596.8280  3862    17197.0000     Cuts: 362    33074    1.02%
      0     0        cutoff          17197.0000    17197.0000    33074    0.00%
Elapsed time = 80.41 sec. (39735.92 ticks, tree = 0.01 MB, solutions = 8)

Clique cuts applied:  3109
Cover cuts applied:  10
Implied bound cuts applied:  82
Mixed integer rounding cuts applied:  280
Zero-half cuts applied:  20

Root node processing (before b&c):
  Real time             =   80.42 sec. (39737.75 ticks)
Parallel b&c, 4 threads:
  Real time             =    0.00 sec. (0.00 ticks)
  Sync time (average)   =    0.00 sec.
  Wait time (average)   =    0.00 sec.
                          ------------
Total (root+branch&cut) =   80.42 sec. (39737.75 ticks)
