CPXPARAM_Read_DataCheck                          1
Found incumbent of value 0.000000 after 0.00 sec. (0.52 ticks)
Tried aggregator 1 time.
MIP Presolve eliminated 7 rows and 0 columns.
MIP Presolve modified 1 coefficients.
Reduced MIP has 2026 rows, 20010 columns, and 86034 nonzeros.
Reduced MIP has 20010 binaries, 0 generals, 0 SOSs, and 0 indicators.
Presolve time = 0.05 sec. (34.64 ticks)
Tried aggregator 1 time.
Reduced MIP has 2026 rows, 20010 columns, and 86034 nonzeros.
Reduced MIP has 20010 binaries, 0 generals, 0 SOSs, and 0 indicators.
Presolve time = 0.06 sec. (38.10 ticks)
Probing time = 0.05 sec. (12.22 ticks)
Clique table members: 63077.
MIP emphasis: balance optimality and feasibility.
MIP search method: dynamic search.
Parallel mode: deterministic, using up to 4 threads.
Root relaxation solution time = 0.20 sec. (236.31 ticks)

        Nodes                                         Cuts/
   Node  Left     Objective  IInf  Best Integer    Best Bound    ItCnt     Gap

*     0+    0                            0.0000   124372.0000              --- 
      0     0    68431.8080    10        0.0000    68431.8080       15     --- 
*     0+    0                        32203.0000    68431.8080           112.50%
      0     0        cutoff          32203.0000    32203.0000       46    0.00%
Elapsed time = 6.03 sec. (2784.13 ticks, tree = 0.01 MB, solutions = 2)

Clique cuts applied:  606

Root node processing (before b&c):
  Real time             =    6.05 sec. (2785.38 ticks)
Parallel b&c, 4 threads:
  Real time             =    0.00 sec. (0.00 ticks)
  Sync time (average)   =    0.00 sec.
  Wait time (average)   =    0.00 sec.
                          ------------
Total (root+branch&cut) =    6.05 sec. (2785.38 ticks)
