CPXPARAM_Read_DataCheck                          1
Found incumbent of value 0.000000 after 0.00 sec. (0.52 ticks)
Tried aggregator 1 time.
MIP Presolve eliminated 4 rows and 0 columns.
MIP Presolve modified 1 coefficients.
Reduced MIP has 2029 rows, 20010 columns, and 92034 nonzeros.
Reduced MIP has 20010 binaries, 0 generals, 0 SOSs, and 0 indicators.
Presolve time = 0.05 sec. (35.80 ticks)
Tried aggregator 1 time.
Reduced MIP has 2029 rows, 20010 columns, and 92034 nonzeros.
Reduced MIP has 20010 binaries, 0 generals, 0 SOSs, and 0 indicators.
Presolve time = 0.06 sec. (40.01 ticks)
Probing time = 0.05 sec. (13.51 ticks)
Clique table members: 66077.
MIP emphasis: balance optimality and feasibility.
MIP search method: dynamic search.
Parallel mode: deterministic, using up to 4 threads.
Root relaxation solution time = 0.20 sec. (245.19 ticks)

        Nodes                                         Cuts/
   Node  Left     Objective  IInf  Best Integer    Best Bound    ItCnt     Gap

*     0+    0                            0.0000   122749.0000              --- 
*     0+    0                         7134.0000   122749.0000              --- 
*     0+    0                         7149.0000   122749.0000              --- 
      0     0    71922.3160    10     7149.0000    71922.3160       15  906.05%
*     0+    0                        40954.0000    71922.3160            75.62%
*     0+    0                        42225.0000    71922.3160            70.33%
      0     0    71862.4235    10    42225.0000  Cliques: 607       54    9.67%
      0     0        cutoff          42225.0000    42225.0000       63    0.00%
Elapsed time = 11.73 sec. (5030.67 ticks, tree = 0.01 MB, solutions = 5)

Clique cuts applied:  1212

Root node processing (before b&c):
  Real time             =   11.73 sec. (5032.34 ticks)
Parallel b&c, 4 threads:
  Real time             =    0.00 sec. (0.00 ticks)
  Sync time (average)   =    0.00 sec.
  Wait time (average)   =    0.00 sec.
                          ------------
Total (root+branch&cut) =   11.73 sec. (5032.34 ticks)
