CPXPARAM_Read_DataCheck                          1
Found incumbent of value 0.000000 after 0.00 sec. (0.52 ticks)
Tried aggregator 1 time.
MIP Presolve eliminated 6 rows and 0 columns.
MIP Presolve modified 1 coefficients.
Reduced MIP has 2027 rows, 20010 columns, and 88034 nonzeros.
Reduced MIP has 20010 binaries, 0 generals, 0 SOSs, and 0 indicators.
Presolve time = 0.03 sec. (35.01 ticks)
Tried aggregator 1 time.
Reduced MIP has 2027 rows, 20010 columns, and 88034 nonzeros.
Reduced MIP has 20010 binaries, 0 generals, 0 SOSs, and 0 indicators.
Presolve time = 0.06 sec. (38.69 ticks)
Probing time = 0.05 sec. (13.85 ticks)
Clique table members: 64077.
MIP emphasis: balance optimality and feasibility.
MIP search method: dynamic search.
Parallel mode: deterministic, using up to 4 threads.
Root relaxation solution time = 0.25 sec. (232.26 ticks)

        Nodes                                         Cuts/
   Node  Left     Objective  IInf  Best Integer    Best Bound    ItCnt     Gap

*     0+    0                            0.0000   123073.0000              --- 
      0     0    65613.8275    11        0.0000    65613.8275       14     --- 
*     0+    0                        28621.0000    65613.8275           129.25%
      0     0        cutoff          28621.0000    28621.0000       47    0.00%
Elapsed time = 6.20 sec. (2882.24 ticks, tree = 0.01 MB, solutions = 2)

Clique cuts applied:  606

Root node processing (before b&c):
  Real time             =    6.22 sec. (2883.49 ticks)
Parallel b&c, 4 threads:
  Real time             =    0.00 sec. (0.00 ticks)
  Sync time (average)   =    0.00 sec.
  Wait time (average)   =    0.00 sec.
                          ------------
Total (root+branch&cut) =    6.22 sec. (2883.49 ticks)
