CPXPARAM_Read_DataCheck                          1
Found incumbent of value 0.000000 after 0.00 sec. (0.77 ticks)
Tried aggregator 1 time.
MIP Presolve modified 1 coefficients.
Reduced MIP has 2049 rows, 30015 columns, and 150051 nonzeros.
Reduced MIP has 30015 binaries, 0 generals, 0 SOSs, and 0 indicators.
Presolve time = 0.09 sec. (58.59 ticks)
Tried aggregator 1 time.
Reduced MIP has 2049 rows, 30015 columns, and 150051 nonzeros.
Reduced MIP has 30015 binaries, 0 generals, 0 SOSs, and 0 indicators.
Presolve time = 0.14 sec. (69.65 ticks)
Probing time = 0.09 sec. (15.97 ticks)
Clique table members: 100658.
MIP emphasis: balance optimality and feasibility.
MIP search method: dynamic search.
Parallel mode: deterministic, using up to 4 threads.
Root relaxation solution time = 0.39 sec. (279.19 ticks)

        Nodes                                         Cuts/
   Node  Left     Objective  IInf  Best Integer    Best Bound    ItCnt     Gap

*     0+    0                            0.0000   184624.0000              --- 
*     0+    0                         8979.0000   184624.0000              --- 
      0     0    47162.8137    19     8979.0000    47162.8137     4815  425.26%
*     0+    0                        13428.0000    47162.8137           251.23%
      0     0    39229.0372   212    13428.0000     Cuts: 612     9654  192.14%
*     0+    0                        25298.0000    39229.0372            55.07%
      0     0    35746.5622   409    25298.0000     Cuts: 612    13529   41.30%
*     0+    0                        30310.0000    35746.5622            17.94%
      0     0    34853.5100   896    30310.0000     Cuts: 612    15779   14.99%
      0     0    34308.3632  1699    30310.0000     Cuts: 612    18119   13.19%
*     0+    0                        30399.0000    34308.3632            12.86%
      0     0    34110.4816  2071    30399.0000     Cuts: 612    19868   12.21%
      0     0    33789.2814  2482    30399.0000     Cuts: 612    22649   11.15%
*     0+    0                        30458.0000    33789.2814            10.94%
      0     0    33452.7732  2881    30458.0000     Cuts: 612    25388    9.83%
      0     0    33195.6118  3313    30458.0000     Cuts: 612    29410    8.99%
      0     0    32909.0528  3748    30458.0000     Cuts: 612    33372    8.05%
      0     0    32677.9023  4231    30458.0000     Cuts: 612    35948    7.29%
      0     0    32343.3737  4525    30458.0000     Cuts: 612    39813    6.19%
      0     0    32186.5573  4957    30458.0000     Cuts: 612    42342    5.68%
      0     0    32056.2460  5257    30458.0000     Cuts: 612    45013    5.25%
      0     0    31496.1571  5521    30458.0000     Cuts: 612    49272    3.41%
      0     0    31376.5629  5918    30458.0000     Cuts: 612    51339    3.02%
      0     0    31306.1666  5876    30458.0000     Cuts: 612    53498    2.78%
      0     0    31223.6156  5879    30458.0000     Cuts: 612    55531    2.51%
      0     0    31186.9862  6265    30458.0000     Cuts: 612    56816    2.39%
      0     0    31057.3979  6223    30458.0000     Cuts: 514    58977    1.97%
      0     0    31043.4417  6291    30458.0000     Cuts: 323    60013    1.92%
      0     0    31037.2512  6305    30458.0000     Cuts: 208    60471    1.90%
      0     0    31033.2975  6359    30458.0000     Cuts: 219    60946    1.89%
*     0+    0                        30855.0000    31033.2975             0.58%
*     0+    0                        30868.0000    31033.2975             0.54%
      0     2    31030.5982  6305    30868.0000    31033.2975    61110    0.54%
Elapsed time = 121.28 sec. (94399.83 ticks, tree = 0.01 MB, solutions = 9)
      1     3    30929.9785  5192    30868.0000    31030.5894    62177    0.53%
      2     2        cutoff          30868.0000    31030.5894    62466    0.53%
      3     2        cutoff          30868.0000    31030.5894    62660    0.53%
      5     3    31003.4684  5044    30868.0000    31021.6810    63879    0.50%
      6     2        cutoff          30868.0000    31021.6810    64309    0.50%
      7     3    30904.1768  4804    30868.0000    31021.6810    64495    0.50%
     11     3        cutoff          30868.0000    30978.0412    66346    0.36%
     12     5    30951.1994  3331    30868.0000    30978.0412    67158    0.36%
     14     2    30869.9899  1959    30868.0000    30950.9549    69057    0.27%

Clique cuts applied:  5312
Cover cuts applied:  45
Implied bound cuts applied:  66
Flow cuts applied:  63
Mixed integer rounding cuts applied:  259
Zero-half cuts applied:  41

Root node processing (before b&c):
  Real time             =  117.36 sec. (91454.72 ticks)
Parallel b&c, 4 threads:
  Real time             =   11.23 sec. (9988.77 ticks)
  Sync time (average)   =    6.80 sec.
  Wait time (average)   =    0.02 sec.
                          ------------
Total (root+branch&cut) =  128.59 sec. (101443.49 ticks)
