CPXPARAM_Read_DataCheck                          1
Found incumbent of value 0.000000 after 0.00 sec. (0.03 ticks)
Tried aggregator 1 time.
MIP Presolve modified 1 coefficients.
Reduced MIP has 217 rows, 1005 columns, and 5017 nonzeros.
Reduced MIP has 1005 binaries, 0 generals, 0 SOSs, and 0 indicators.
Presolve time = 0.00 sec. (1.95 ticks)
Probing time = 0.00 sec. (2.85 ticks)
Tried aggregator 1 time.
Reduced MIP has 217 rows, 1005 columns, and 5017 nonzeros.
Reduced MIP has 1005 binaries, 0 generals, 0 SOSs, and 0 indicators.
Presolve time = 0.02 sec. (2.33 ticks)
Probing time = 0.00 sec. (2.81 ticks)
Clique table members: 3564.
MIP emphasis: balance optimality and feasibility.
MIP search method: dynamic search.
Parallel mode: deterministic, using up to 4 threads.
Root relaxation solution time = 0.00 sec. (4.04 ticks)

        Nodes                                         Cuts/
   Node  Left     Objective  IInf  Best Integer    Best Bound    ItCnt     Gap

*     0+    0                            0.0000     6156.0000              --- 
*     0+    0                          817.0000     6156.0000           653.49%
      0     0     3400.2450     5      817.0000     3400.2450      322  316.19%
*     0+    0                         1503.0000     3400.2450           126.23%
      0     0     3382.6667     7     1503.0000  Cliques: 154      332  125.06%
      0     0     3378.7033     6     1503.0000  Cliques: 154      336  124.80%
      0     0     3084.4375   150     1503.0000     Cuts: 154      468  105.22%
      0     0     3054.2610   203     1503.0000  Cliques: 154      524  103.21%
*     0+    0                         1514.0000     3054.2610           101.73%
      0     0        cutoff           1514.0000     1514.0000      837    0.00%
Elapsed time = 0.13 sec. (103.24 ticks, tree = 0.01 MB, solutions = 4)

Clique cuts applied:  503
Cover cuts applied:  2

Root node processing (before b&c):
  Real time             =    0.13 sec. (103.32 ticks)
Parallel b&c, 4 threads:
  Real time             =    0.00 sec. (0.00 ticks)
  Sync time (average)   =    0.00 sec.
  Wait time (average)   =    0.00 sec.
                          ------------
Total (root+branch&cut) =    0.13 sec. (103.32 ticks)
