CPXPARAM_Read_DataCheck                          1
Found incumbent of value 0.000000 after 0.00 sec. (0.03 ticks)
Tried aggregator 1 time.
MIP Presolve modified 1 coefficients.
Reduced MIP has 217 rows, 1005 columns, and 5017 nonzeros.
Reduced MIP has 1005 binaries, 0 generals, 0 SOSs, and 0 indicators.
Presolve time = 0.00 sec. (2.16 ticks)
Probing time = 0.00 sec. (2.71 ticks)
Tried aggregator 1 time.
Reduced MIP has 217 rows, 1005 columns, and 5017 nonzeros.
Reduced MIP has 1005 binaries, 0 generals, 0 SOSs, and 0 indicators.
Presolve time = 0.00 sec. (2.54 ticks)
Probing time = 0.00 sec. (2.75 ticks)
Clique table members: 3264.
MIP emphasis: balance optimality and feasibility.
MIP search method: dynamic search.
Parallel mode: deterministic, using up to 4 threads.
Root relaxation solution time = 0.00 sec. (4.78 ticks)

        Nodes                                         Cuts/
   Node  Left     Objective  IInf  Best Integer    Best Bound    ItCnt     Gap

*     0+    0                            0.0000     6033.0000              --- 
*     0+    0                          433.0000     6033.0000              --- 
      0     0     2089.7000     5      433.0000     2089.7000      338  382.61%
      0     0     1669.7201   219      433.0000     Cuts: 154      587  285.62%
*     0+    0                          747.0000     1669.7201           123.52%
      0     0     1515.1997   208      747.0000     Cuts: 154      766  102.84%
*     0+    0                         1152.0000     1515.1997            31.53%
      0     0        cutoff           1152.0000     1152.0000     1023    0.00%
Elapsed time = 0.16 sec. (133.40 ticks, tree = 0.01 MB, solutions = 4)

Clique cuts applied:  274
Cover cuts applied:  9
Implied bound cuts applied:  6
Mixed integer rounding cuts applied:  9
Zero-half cuts applied:  2
Gomory fractional cuts applied:  1

Root node processing (before b&c):
  Real time             =    0.16 sec. (133.49 ticks)
Parallel b&c, 4 threads:
  Real time             =    0.00 sec. (0.00 ticks)
  Sync time (average)   =    0.00 sec.
  Wait time (average)   =    0.00 sec.
                          ------------
Total (root+branch&cut) =    0.16 sec. (133.49 ticks)
