CPXPARAM_Read_DataCheck                          1
Found incumbent of value 0.000000 after 0.00 sec. (0.03 ticks)
Tried aggregator 1 time.
MIP Presolve modified 1 coefficients.
Reduced MIP has 217 rows, 1005 columns, and 5017 nonzeros.
Reduced MIP has 1005 binaries, 0 generals, 0 SOSs, and 0 indicators.
Presolve time = 0.00 sec. (1.95 ticks)
Probing time = 0.00 sec. (2.76 ticks)
Tried aggregator 1 time.
Reduced MIP has 217 rows, 1005 columns, and 5017 nonzeros.
Reduced MIP has 1005 binaries, 0 generals, 0 SOSs, and 0 indicators.
Presolve time = 0.00 sec. (2.33 ticks)
Probing time = 0.00 sec. (2.70 ticks)
Clique table members: 3564.
MIP emphasis: balance optimality and feasibility.
MIP search method: dynamic search.
Parallel mode: deterministic, using up to 4 threads.
Root relaxation solution time = 0.00 sec. (3.21 ticks)

        Nodes                                         Cuts/
   Node  Left     Objective  IInf  Best Integer    Best Bound    ItCnt     Gap

*     0+    0                            0.0000     6497.0000              --- 
*     0+    0                         2069.0000     6497.0000           214.02%
      0     0     3534.6900     5     2069.0000     3534.6900      291   70.84%
      0     0     3515.8900     5     2069.0000  Cliques: 154      299   69.93%
      0     0     3510.8000     5     2069.0000  Cliques: 154      301   69.69%
      0     0     3342.8678    86     2069.0000     Cuts: 154      374   61.57%
      0     0     3056.9523   266     2069.0000  Cliques: 154      566   47.75%
      0     0     2945.9975   302     2069.0000  Cliques: 154      799   42.39%
*     0+    0                         2213.0000     2945.9975            33.12%
      0     0        cutoff           2213.0000     2213.0000     1041    0.00%
Elapsed time = 0.14 sec. (124.60 ticks, tree = 0.01 MB, solutions = 3)

Clique cuts applied:  433
Cover cuts applied:  5
Implied bound cuts applied:  3
Mixed integer rounding cuts applied:  6
Zero-half cuts applied:  1

Root node processing (before b&c):
  Real time             =    0.14 sec. (124.68 ticks)
Parallel b&c, 4 threads:
  Real time             =    0.00 sec. (0.00 ticks)
  Sync time (average)   =    0.00 sec.
  Wait time (average)   =    0.00 sec.
                          ------------
Total (root+branch&cut) =    0.14 sec. (124.68 ticks)
