CPXPARAM_Read_DataCheck                          1
Found incumbent of value 0.000000 after 0.00 sec. (0.03 ticks)
Tried aggregator 1 time.
MIP Presolve modified 1 coefficients.
Reduced MIP has 217 rows, 1005 columns, and 5017 nonzeros.
Reduced MIP has 1005 binaries, 0 generals, 0 SOSs, and 0 indicators.
Presolve time = 0.00 sec. (1.94 ticks)
Probing time = 0.00 sec. (2.71 ticks)
Tried aggregator 1 time.
Reduced MIP has 217 rows, 1005 columns, and 5017 nonzeros.
Reduced MIP has 1005 binaries, 0 generals, 0 SOSs, and 0 indicators.
Presolve time = 0.00 sec. (2.32 ticks)
Probing time = 0.00 sec. (2.70 ticks)
Clique table members: 3564.
MIP emphasis: balance optimality and feasibility.
MIP search method: dynamic search.
Parallel mode: deterministic, using up to 4 threads.
Root relaxation solution time = 0.00 sec. (3.29 ticks)

        Nodes                                         Cuts/
   Node  Left     Objective  IInf  Best Integer    Best Bound    ItCnt     Gap

*     0+    0                            0.0000     6364.0000              --- 
      0     0     3157.1900     5        0.0000     3157.1900      313     --- 
*     0+    0                         1442.0000     3157.1900           118.95%
      0     0     3136.6200     5     1442.0000  Cliques: 154      323  117.52%
      0     0     3131.6500     5     1442.0000  Cliques: 154      328  117.17%
      0     0     2628.6231   245     1442.0000     Cuts: 154      571   82.29%
      0     0     2514.9081   288     1442.0000  Cliques: 154      660   74.40%
      0     0     2306.2757   419     1442.0000     Cuts: 154      845   59.94%
*     0+    0                         1742.0000     2306.2757            32.39%
*     0+    0                         1754.0000     2306.2757            31.49%
      0     0        cutoff           1754.0000     1754.0000     1054    0.00%
Elapsed time = 0.13 sec. (127.80 ticks, tree = 0.01 MB, solutions = 4)

Clique cuts applied:  585
Cover cuts applied:  4

Root node processing (before b&c):
  Real time             =    0.13 sec. (127.88 ticks)
Parallel b&c, 4 threads:
  Real time             =    0.00 sec. (0.00 ticks)
  Sync time (average)   =    0.00 sec.
  Wait time (average)   =    0.00 sec.
                          ------------
Total (root+branch&cut) =    0.13 sec. (127.88 ticks)
