CPXPARAM_Read_DataCheck                          1
Found incumbent of value 0.000000 after 0.02 sec. (0.26 ticks)
Tried aggregator 1 time.
MIP Presolve modified 5 coefficients.
Reduced MIP has 1031 rows, 10010 columns, and 50040 nonzeros.
Reduced MIP has 10010 binaries, 0 generals, 0 SOSs, and 0 indicators.
Presolve time = 0.01 sec. (18.02 ticks)
Tried aggregator 1 time.
Reduced MIP has 1031 rows, 10010 columns, and 50040 nonzeros.
Reduced MIP has 10010 binaries, 0 generals, 0 SOSs, and 0 indicators.
Presolve time = 0.03 sec. (20.57 ticks)
Probing time = 0.00 sec. (3.59 ticks)
Clique table members: 19494.
MIP emphasis: balance optimality and feasibility.
MIP search method: dynamic search.
Parallel mode: deterministic, using up to 4 threads.
Root relaxation solution time = 0.08 sec. (73.33 ticks)

        Nodes                                         Cuts/
   Node  Left     Objective  IInf  Best Integer    Best Bound    ItCnt     Gap

*     0+    0                            0.0000    61787.0000              --- 
*     0+    0                        10684.0000    61787.0000           478.31%
*     0+    0                        10685.0000    61787.0000           478.26%
      0     0    32558.1990    10    10685.0000    32558.1990     1976  204.71%
*     0+    0                        19260.0000    32558.1990            69.05%
      0     0    27059.1704   438    19260.0000     Cuts: 357     3978   33.79%
*     0+    0                        19413.0000    25768.8199            32.74%
      0     0        cutoff          19413.0000    19413.0000     6513    0.00%
Elapsed time = 4.77 sec. (2187.05 ticks, tree = 0.01 MB, solutions = 5)

Clique cuts applied:  604
Cover cuts applied:  1
Mixed integer rounding cuts applied:  19
Zero-half cuts applied:  4

Root node processing (before b&c):
  Real time             =    4.77 sec. (2187.92 ticks)
Parallel b&c, 4 threads:
  Real time             =    0.00 sec. (0.00 ticks)
  Sync time (average)   =    0.00 sec.
  Wait time (average)   =    0.00 sec.
                          ------------
Total (root+branch&cut) =    4.77 sec. (2187.92 ticks)
