CPXPARAM_Read_DataCheck                          1
Found incumbent of value 0.000000 after 0.00 sec. (0.26 ticks)
Tried aggregator 1 time.
MIP Presolve modified 2 coefficients.
Reduced MIP has 1031 rows, 10010 columns, and 50040 nonzeros.
Reduced MIP has 10010 binaries, 0 generals, 0 SOSs, and 0 indicators.
Presolve time = 0.03 sec. (17.98 ticks)
Tried aggregator 1 time.
Reduced MIP has 1031 rows, 10010 columns, and 50040 nonzeros.
Reduced MIP has 10010 binaries, 0 generals, 0 SOSs, and 0 indicators.
Presolve time = 0.03 sec. (20.53 ticks)
Probing time = 0.00 sec. (3.59 ticks)
Clique table members: 19494.
MIP emphasis: balance optimality and feasibility.
MIP search method: dynamic search.
Parallel mode: deterministic, using up to 4 threads.
Root relaxation solution time = 0.06 sec. (77.50 ticks)

        Nodes                                         Cuts/
   Node  Left     Objective  IInf  Best Integer    Best Bound    ItCnt     Gap

*     0+    0                            0.0000    61463.0000              --- 
*     0+    0                         3736.0000    61463.0000              --- 
      0     0    32711.7305    11     3736.0000    32711.7305     2041  775.58%
*     0+    0                        18776.0000    32711.7305            74.22%
      0     0    26575.9369   462    18776.0000     Cuts: 357     5568   39.07%
*     0+    0                        19121.0000    26111.0123            36.56%
      0     0    25055.2541   987    19121.0000     Cuts: 357     7367   14.33%
      0     0        cutoff          19121.0000    19121.0000     9651    0.00%
Elapsed time = 6.58 sec. (3418.12 ticks, tree = 0.01 MB, solutions = 4)

Clique cuts applied:  884
Cover cuts applied:  2
Mixed integer rounding cuts applied:  26
Zero-half cuts applied:  9

Root node processing (before b&c):
  Real time             =    6.58 sec. (3418.95 ticks)
Parallel b&c, 4 threads:
  Real time             =    0.00 sec. (0.00 ticks)
  Sync time (average)   =    0.00 sec.
  Wait time (average)   =    0.00 sec.
                          ------------
Total (root+branch&cut) =    6.58 sec. (3418.95 ticks)
