CPXPARAM_Read_DataCheck                          1
Found incumbent of value 0.000000 after 0.00 sec. (0.26 ticks)
Tried aggregator 1 time.
MIP Presolve modified 1 coefficients.
Reduced MIP has 1031 rows, 10010 columns, and 50040 nonzeros.
Reduced MIP has 10010 binaries, 0 generals, 0 SOSs, and 0 indicators.
Presolve time = 0.03 sec. (19.54 ticks)
Tried aggregator 1 time.
Reduced MIP has 1031 rows, 10010 columns, and 50040 nonzeros.
Reduced MIP has 10010 binaries, 0 generals, 0 SOSs, and 0 indicators.
Presolve time = 0.03 sec. (23.19 ticks)
Probing time = 0.00 sec. (3.45 ticks)
Clique table members: 19994.
MIP emphasis: balance optimality and feasibility.
MIP search method: dynamic search.
Parallel mode: deterministic, using up to 4 threads.
Root relaxation solution time = 0.08 sec. (92.99 ticks)

        Nodes                                         Cuts/
   Node  Left     Objective  IInf  Best Integer    Best Bound    ItCnt     Gap

*     0+    0                            0.0000    61513.0000              --- 
      0     0    15018.0695    10        0.0000    15018.0695     1993     --- 
*     0+    0                        13014.0000    15018.0695            15.40%
      0     0    14057.8305   635    13014.0000     Cuts: 357     2762    8.02%
*     0+    0                        13137.0000    14057.8305             7.01%
      0     0        cutoff          13137.0000    13137.0000     3588    0.00%
Elapsed time = 2.23 sec. (1339.94 ticks, tree = 0.01 MB, solutions = 3)

Clique cuts applied:  668
Cover cuts applied:  4
Mixed integer rounding cuts applied:  11
Zero-half cuts applied:  2

Root node processing (before b&c):
  Real time             =    2.23 sec. (1340.66 ticks)
Parallel b&c, 4 threads:
  Real time             =    0.00 sec. (0.00 ticks)
  Sync time (average)   =    0.00 sec.
  Wait time (average)   =    0.00 sec.
                          ------------
Total (root+branch&cut) =    2.23 sec. (1340.66 ticks)
