CPXPARAM_Read_DataCheck                          1
Found incumbent of value 0.000000 after 0.00 sec. (0.26 ticks)
Tried aggregator 1 time.
MIP Presolve modified 3 coefficients.
Reduced MIP has 1031 rows, 10010 columns, and 50040 nonzeros.
Reduced MIP has 10010 binaries, 0 generals, 0 SOSs, and 0 indicators.
Presolve time = 0.02 sec. (18.01 ticks)
Tried aggregator 1 time.
Reduced MIP has 1031 rows, 10010 columns, and 50040 nonzeros.
Reduced MIP has 10010 binaries, 0 generals, 0 SOSs, and 0 indicators.
Presolve time = 0.03 sec. (20.55 ticks)
Probing time = 0.01 sec. (3.59 ticks)
Clique table members: 19494.
MIP emphasis: balance optimality and feasibility.
MIP search method: dynamic search.
Parallel mode: deterministic, using up to 4 threads.
Root relaxation solution time = 0.09 sec. (82.05 ticks)

        Nodes                                         Cuts/
   Node  Left     Objective  IInf  Best Integer    Best Bound    ItCnt     Gap

*     0+    0                            0.0000    61462.0000              --- 
      0     0    31960.3925    12        0.0000    31960.3925     2219     --- 
*     0+    0                        23386.0000    31960.3925            36.66%
      0     0        cutoff          23386.0000    23386.0000     4194    0.00%
Elapsed time = 2.05 sec. (992.74 ticks, tree = 0.01 MB, solutions = 2)

Clique cuts applied:  341
Cover cuts applied:  2
Mixed integer rounding cuts applied:  4
Zero-half cuts applied:  8
Gomory fractional cuts applied:  2

Root node processing (before b&c):
  Real time             =    2.05 sec. (993.40 ticks)
Parallel b&c, 4 threads:
  Real time             =    0.00 sec. (0.00 ticks)
  Sync time (average)   =    0.00 sec.
  Wait time (average)   =    0.00 sec.
                          ------------
Total (root+branch&cut) =    2.05 sec. (993.40 ticks)
