CPXPARAM_Read_DataCheck                          1
Found incumbent of value 0.000000 after 0.00 sec. (0.26 ticks)
Tried aggregator 1 time.
MIP Presolve modified 1 coefficients.
Reduced MIP has 1031 rows, 10010 columns, and 50040 nonzeros.
Reduced MIP has 10010 binaries, 0 generals, 0 SOSs, and 0 indicators.
Presolve time = 0.01 sec. (19.44 ticks)
Tried aggregator 1 time.
Reduced MIP has 1031 rows, 10010 columns, and 50040 nonzeros.
Reduced MIP has 10010 binaries, 0 generals, 0 SOSs, and 0 indicators.
Presolve time = 0.01 sec. (23.10 ticks)
Probing time = 0.00 sec. (3.44 ticks)
Clique table members: 19973.
MIP emphasis: balance optimality and feasibility.
MIP search method: dynamic search.
Parallel mode: deterministic, using up to 4 threads.
Root relaxation solution time = 0.08 sec. (87.83 ticks)

        Nodes                                         Cuts/
   Node  Left     Objective  IInf  Best Integer    Best Bound    ItCnt     Gap

*     0+    0                            0.0000    61787.0000              --- 
      0     0    15218.4953    10        0.0000    15218.4953     1929     --- 
*     0+    0                        12442.0000    15218.4953            22.32%
      0     0    14292.7537   599    12442.0000     Cuts: 357     2660   14.88%
*     0+    0                        13214.0000    14292.7537             8.16%
      0     0        cutoff          13214.0000    13214.0000     3540    0.00%
Elapsed time = 1.97 sec. (1145.09 ticks, tree = 0.01 MB, solutions = 3)

Clique cuts applied:  646
Cover cuts applied:  5
Mixed integer rounding cuts applied:  7
Zero-half cuts applied:  3
Lift and project cuts applied:  1

Root node processing (before b&c):
  Real time             =    1.98 sec. (1145.80 ticks)
Parallel b&c, 4 threads:
  Real time             =    0.00 sec. (0.00 ticks)
  Sync time (average)   =    0.00 sec.
  Wait time (average)   =    0.00 sec.
                          ------------
Total (root+branch&cut) =    1.98 sec. (1145.80 ticks)
