CPXPARAM_Read_DataCheck                          1
Found incumbent of value 0.000000 after 0.00 sec. (0.26 ticks)
Tried aggregator 1 time.
MIP Presolve modified 1 coefficients.
Reduced MIP has 1031 rows, 10010 columns, and 50040 nonzeros.
Reduced MIP has 10010 binaries, 0 generals, 0 SOSs, and 0 indicators.
Presolve time = 0.02 sec. (19.53 ticks)
Tried aggregator 1 time.
Reduced MIP has 1031 rows, 10010 columns, and 50040 nonzeros.
Reduced MIP has 10010 binaries, 0 generals, 0 SOSs, and 0 indicators.
Presolve time = 0.03 sec. (23.19 ticks)
Probing time = 0.00 sec. (3.45 ticks)
Clique table members: 19994.
MIP emphasis: balance optimality and feasibility.
MIP search method: dynamic search.
Parallel mode: deterministic, using up to 4 threads.
Root relaxation solution time = 0.06 sec. (94.79 ticks)

        Nodes                                         Cuts/
   Node  Left     Objective  IInf  Best Integer    Best Bound    ItCnt     Gap

*     0+    0                            0.0000    61921.0000              --- 
      0     0    14476.3997    10        0.0000    14476.3997     2063     --- 
*     0+    0                        11060.0000    14476.3997            30.89%
      0     0    13250.9187   536    11060.0000     Cuts: 357     3020   19.81%
*     0+    0                        12049.0000    13250.9187             9.98%
      0     0    12849.7211  1038    12049.0000     Cuts: 357     3958    5.06%
*     0+    0                        12061.0000    12659.1467             4.96%

Clique cuts applied:  902
Cover cuts applied:  4
Mixed integer rounding cuts applied:  22
Zero-half cuts applied:  4

Root node processing (before b&c):
  Real time             =    3.08 sec. (1870.10 ticks)
Parallel b&c, 4 threads:
  Real time             =    0.00 sec. (0.00 ticks)
  Sync time (average)   =    0.00 sec.
  Wait time (average)   =    0.00 sec.
                          ------------
Total (root+branch&cut) =    3.08 sec. (1870.10 ticks)
