CPXPARAM_Read_DataCheck                          1
Found incumbent of value 0.000000 after 0.00 sec. (0.08 ticks)
Tried aggregator 1 time.
MIP Presolve eliminated 6 rows and 0 columns.
MIP Presolve modified 1 coefficients.
Reduced MIP has 240 rows, 3015 columns, and 13845 nonzeros.
Reduced MIP has 3015 binaries, 0 generals, 0 SOSs, and 0 indicators.
Presolve time = 0.00 sec. (5.19 ticks)
Tried aggregator 1 time.
Reduced MIP has 240 rows, 3015 columns, and 13845 nonzeros.
Reduced MIP has 3015 binaries, 0 generals, 0 SOSs, and 0 indicators.
Presolve time = 0.02 sec. (5.82 ticks)
Probing time = 0.00 sec. (1.72 ticks)
Clique table members: 3000.
MIP emphasis: balance optimality and feasibility.
MIP search method: dynamic search.
Parallel mode: deterministic, using up to 4 threads.
Root relaxation solution time = 0.02 sec. (11.53 ticks)

        Nodes                                         Cuts/
   Node  Left     Objective  IInf  Best Integer    Best Bound    ItCnt     Gap

*     0+    0                            0.0000    18857.0000              --- 
*     0+    0                         1158.0000    18857.0000              --- 
      0     0    10686.7200    17     1158.0000    10686.7200      643  822.86%
*     0+    0                         5096.0000    10686.7200           109.71%
      0     0        cutoff           5096.0000     5096.0000     1664    0.00%
Elapsed time = 0.16 sec. (114.62 ticks, tree = 0.01 MB, solutions = 3)

Clique cuts applied:  135
Cover cuts applied:  2
Mixed integer rounding cuts applied:  11
Zero-half cuts applied:  12

Root node processing (before b&c):
  Real time             =    0.16 sec. (114.83 ticks)
Parallel b&c, 4 threads:
  Real time             =    0.00 sec. (0.00 ticks)
  Sync time (average)   =    0.00 sec.
  Wait time (average)   =    0.00 sec.
                          ------------
Total (root+branch&cut) =    0.16 sec. (114.83 ticks)
