CPXPARAM_Read_DataCheck                          1
Found incumbent of value 0.000000 after 0.00 sec. (0.08 ticks)
Tried aggregator 1 time.
MIP Presolve eliminated 6 rows and 0 columns.
MIP Presolve modified 1 coefficients.
Reduced MIP has 240 rows, 3015 columns, and 13845 nonzeros.
Reduced MIP has 3015 binaries, 0 generals, 0 SOSs, and 0 indicators.
Presolve time = 0.00 sec. (5.19 ticks)
Tried aggregator 1 time.
Reduced MIP has 240 rows, 3015 columns, and 13845 nonzeros.
Reduced MIP has 3015 binaries, 0 generals, 0 SOSs, and 0 indicators.
Presolve time = 0.02 sec. (5.82 ticks)
Probing time = 0.00 sec. (1.72 ticks)
Clique table members: 3000.
MIP emphasis: balance optimality and feasibility.
MIP search method: dynamic search.
Parallel mode: deterministic, using up to 4 threads.
Root relaxation solution time = 0.02 sec. (8.75 ticks)

        Nodes                                         Cuts/
   Node  Left     Objective  IInf  Best Integer    Best Bound    ItCnt     Gap

*     0+    0                            0.0000    18464.0000              --- 
*     0+    0                         3289.0000    18464.0000           461.39%
      0     0    10536.9500    15     3289.0000    10536.9500      534  220.37%
*     0+    0                         5889.0000    10536.9500            78.93%
      0     0     8490.6897   237     5889.0000     Cuts: 160     1516   44.18%
*     0+    0                         5956.0000     8490.6897            42.56%
      0     0     7947.1481   415     5956.0000     Cuts: 160     2230   33.43%
*     0+    0                         6191.0000     7947.1481            28.37%
      0     0     7381.7613   574     6191.0000     Cuts: 160     3251   19.23%
      0     0     7147.7742   545     6191.0000     Cuts: 160     3977   15.45%
*     0+    0                         6254.0000     7147.7742            14.29%
      0     0     6895.6303   292     6254.0000     Cuts: 160     4718   10.26%
      0     0     6766.4605   301     6254.0000     Cuts: 160     5832    8.19%
*     0+    0                         6274.0000     6766.4605             7.85%
*     0+    0                         6276.0000     6766.4605             7.81%
      0     0     6664.8866   164     6276.0000     Cuts: 160     6989    6.20%
*     0+    0                         6313.0000     6664.8866             5.57%
      0     0     6588.9406   581     6313.0000     Cuts: 160     8385    4.37%
      0     0     6523.3473   889     6313.0000     Cuts: 160     9739    3.33%
      0     0     6463.5186   989     6313.0000     Cuts: 160    11351    2.38%
      0     0     6437.2466   930     6313.0000     Cuts: 160    12344    1.97%
      0     0     6405.3019   931     6313.0000     Cuts: 160    13268    1.46%
      0     0     6378.5921  1092     6313.0000     Cuts: 160    14344    1.04%
      0     0     6357.6708  1231     6313.0000     Cuts: 160    15333    0.71%
      0     0     6336.8214  1058     6313.0000     Cuts: 160    16453    0.38%
      0     0     6328.8198   918     6313.0000     Cuts: 160    17086    0.25%
      0     0     6321.1039   815     6313.0000     Cuts: 160    17818    0.13%
      0     0        cutoff           6313.0000                  18192     --- 
Elapsed time = 8.45 sec. (4180.91 ticks, tree = 0.01 MB, solutions = 9)

Clique cuts applied:  1683
Cover cuts applied:  36
Flow cuts applied:  3
Mixed integer rounding cuts applied:  244
Zero-half cuts applied:  18

Root node processing (before b&c):
  Real time             =    8.45 sec. (4181.29 ticks)
Parallel b&c, 4 threads:
  Real time             =    0.00 sec. (0.00 ticks)
  Sync time (average)   =    0.00 sec.
  Wait time (average)   =    0.00 sec.
                          ------------
Total (root+branch&cut) =    8.45 sec. (4181.29 ticks)
