CPXPARAM_Read_DataCheck                          1
Found incumbent of value 0.000000 after 0.02 sec. (1.31 ticks)
Tried aggregator 1 time.
MIP Presolve eliminated 1 rows and 0 columns.
MIP Presolve modified 1 coefficients.
Reduced MIP has 10016 rows, 50005 columns, and 240017 nonzeros.
Reduced MIP has 50005 binaries, 0 generals, 0 SOSs, and 0 indicators.
Presolve time = 0.11 sec. (91.31 ticks)
Probing time = 0.13 sec. (39.71 ticks)
Tried aggregator 1 time.
Reduced MIP has 10016 rows, 50005 columns, and 240017 nonzeros.
Reduced MIP has 50005 binaries, 0 generals, 0 SOSs, and 0 indicators.
Presolve time = 0.16 sec. (106.19 ticks)
Probing time = 0.08 sec. (35.61 ticks)
Clique table members: 170064.
MIP emphasis: balance optimality and feasibility.
MIP search method: dynamic search.
Parallel mode: deterministic, using up to 4 threads.
Root relaxation solution time = 0.78 sec. (813.66 ticks)

        Nodes                                         Cuts/
   Node  Left     Objective  IInf  Best Integer    Best Bound    ItCnt     Gap

*     0+    0                            0.0000   309953.0000              --- 
      0     0   162893.1935     7        0.0000   162893.1935       23     --- 
*     0+    0                        78685.0000   162893.1935           107.02%
      0     0        cutoff          78685.0000    78685.0000       34    0.00%
Elapsed time = 27.23 sec. (16946.17 ticks, tree = 0.01 MB, solutions = 2)

Clique cuts applied:  2604

Root node processing (before b&c):
  Real time             =   27.23 sec. (16949.44 ticks)
Parallel b&c, 4 threads:
  Real time             =    0.00 sec. (0.00 ticks)
  Sync time (average)   =    0.00 sec.
  Wait time (average)   =    0.00 sec.
                          ------------
Total (root+branch&cut) =   27.23 sec. (16949.44 ticks)
