CPXPARAM_Read_DataCheck                          1
Found incumbent of value 0.000000 after 0.00 sec. (1.31 ticks)
Tried aggregator 1 time.
MIP Presolve modified 1 coefficients.
Reduced MIP has 10017 rows, 50005 columns, and 250017 nonzeros.
Reduced MIP has 50005 binaries, 0 generals, 0 SOSs, and 0 indicators.
Presolve time = 0.14 sec. (87.84 ticks)
Probing time = 0.14 sec. (39.72 ticks)
Tried aggregator 1 time.
Reduced MIP has 10017 rows, 50005 columns, and 250017 nonzeros.
Reduced MIP has 50005 binaries, 0 generals, 0 SOSs, and 0 indicators.
Presolve time = 0.17 sec. (109.46 ticks)
Probing time = 0.08 sec. (35.02 ticks)
Clique table members: 175064.
MIP emphasis: balance optimality and feasibility.
MIP search method: dynamic search.
Parallel mode: deterministic, using up to 4 threads.
Root relaxation solution time = 0.70 sec. (676.13 ticks)

        Nodes                                         Cuts/
   Node  Left     Objective  IInf  Best Integer    Best Bound    ItCnt     Gap

*     0+    0                            0.0000   309475.0000              --- 
      0     0   168597.6749     5        0.0000   168597.6749       12     --- 
*     0+    0                        80207.0000   168597.6749           110.20%
*     0+    0                        93297.0000   168597.6749            80.71%
      0     0   168583.7134     5    93297.0000 Cliques: 2604       16   28.83%
      0     0        cutoff          93297.0000    93297.0000       18    0.00%
Elapsed time = 80.09 sec. (34920.52 ticks, tree = 0.01 MB, solutions = 3)

Clique cuts applied:  5208

Root node processing (before b&c):
  Real time             =   80.11 sec. (34924.11 ticks)
Parallel b&c, 4 threads:
  Real time             =    0.00 sec. (0.00 ticks)
  Sync time (average)   =    0.00 sec.
  Wait time (average)   =    0.00 sec.
                          ------------
Total (root+branch&cut) =   80.11 sec. (34924.11 ticks)
