CPXPARAM_Read_DataCheck                          1
Found incumbent of value 0.000000 after 0.02 sec. (1.31 ticks)
Tried aggregator 1 time.
MIP Presolve modified 1 coefficients.
Reduced MIP has 10017 rows, 50005 columns, and 250017 nonzeros.
Reduced MIP has 50005 binaries, 0 generals, 0 SOSs, and 0 indicators.
Presolve time = 0.09 sec. (87.83 ticks)
Probing time = 0.13 sec. (40.91 ticks)
Tried aggregator 1 time.
Reduced MIP has 10017 rows, 50005 columns, and 250017 nonzeros.
Reduced MIP has 50005 binaries, 0 generals, 0 SOSs, and 0 indicators.
Presolve time = 0.16 sec. (109.45 ticks)
Probing time = 0.06 sec. (35.50 ticks)
Clique table members: 175064.
MIP emphasis: balance optimality and feasibility.
MIP search method: dynamic search.
Parallel mode: deterministic, using up to 4 threads.
Root relaxation solution time = 0.64 sec. (705.68 ticks)

        Nodes                                         Cuts/
   Node  Left     Objective  IInf  Best Integer    Best Bound    ItCnt     Gap

*     0+    0                            0.0000   310174.0000              --- 
      0     0   174544.6340     5        0.0000   174544.6340       14     --- 
*     0+    0                        36579.0000   174544.6340           377.17%
*     0+    0                        95376.0000   174544.6340            83.01%
      0     0        cutoff          95376.0000    95376.0000       23    0.00%
Elapsed time = 37.09 sec. (18006.29 ticks, tree = 0.01 MB, solutions = 3)

Clique cuts applied:  2604

Root node processing (before b&c):
  Real time             =   37.11 sec. (18009.86 ticks)
Parallel b&c, 4 threads:
  Real time             =    0.00 sec. (0.00 ticks)
  Sync time (average)   =    0.00 sec.
  Wait time (average)   =    0.00 sec.
                          ------------
Total (root+branch&cut) =   37.11 sec. (18009.86 ticks)
