CPXPARAM_Read_DataCheck                          1
Found incumbent of value 0.000000 after 0.00 sec. (0.12 ticks)
Tried aggregator 1 time.
MIP Presolve modified 1 coefficients.
Reduced MIP has 349 rows, 4515 columns, and 22551 nonzeros.
Reduced MIP has 4515 binaries, 0 generals, 0 SOSs, and 0 indicators.
Presolve time = 0.00 sec. (8.38 ticks)
Tried aggregator 1 time.
Reduced MIP has 349 rows, 4515 columns, and 22551 nonzeros.
Reduced MIP has 4515 binaries, 0 generals, 0 SOSs, and 0 indicators.
Presolve time = 0.02 sec. (10.00 ticks)
Probing time = 0.00 sec. (4.09 ticks)
Clique table members: 15171.
MIP emphasis: balance optimality and feasibility.
MIP search method: dynamic search.
Parallel mode: deterministic, using up to 4 threads.
Root relaxation solution time = 0.03 sec. (25.93 ticks)

        Nodes                                         Cuts/
   Node  Left     Objective  IInf  Best Integer    Best Bound    ItCnt     Gap

*     0+    0                            0.0000    27742.0000              --- 
*     0+    0                         4283.0000    27742.0000           547.72%
      0     0     7147.8067    15     4283.0000     7147.8067      635   66.89%
*     0+    0                         4852.0000     7147.8067            47.32%
      0     0     6186.7651   123     4852.0000     Cuts: 187     1331   27.51%
      0     0     5889.5345   222     4852.0000     Cuts: 187     1791   21.38%
*     0+    0                         5108.0000     5889.5345            15.30%
      0     0     5769.1580   360     5108.0000     Cuts: 187     2168   12.94%
*     0+    0                         5112.0000     5769.1580            12.86%
*     0+    0                         5181.0000     5769.1580            11.35%
      0     0     5645.3068   525     5181.0000     Cuts: 187     2652    8.96%
*     0+    0                         5242.0000     5645.3068             7.69%
      0     0     5532.2756   655     5242.0000     Cuts: 187     3391    5.54%
*     0+    0                         5243.0000     5532.2756             5.52%
      0     0     5483.4102   772     5243.0000     Cuts: 187     3894    4.59%
      0     0     5436.8822   876     5243.0000     Cuts: 187     4546    3.70%
      0     0     5397.0799   984     5243.0000     Cuts: 187     5172    2.94%
      0     0     5381.9356  1025     5243.0000     Cuts: 187     5493    2.65%
*     0+    0                         5244.0000     5381.9356             2.63%
      0     0     5366.1137  1060     5244.0000     Cuts: 187     5851    2.33%
      0     0     5352.5534  1062     5244.0000     Cuts: 187     6250    2.07%
      0     0     5342.7861  1144     5244.0000     Cuts: 187     6596    1.88%
      0     0     5330.2771  1075     5244.0000     Cuts: 187     6890    1.65%
      0     0     5325.3521  1219     5244.0000     Cuts: 187     7030    1.55%
      0     0     5322.0945  1226     5244.0000     Cuts: 182     7217    1.49%
      0     0     5320.4882  1236     5244.0000     Cuts: 187     7369    1.46%
      0     0     5318.6688  1228     5244.0000     Cuts: 109     7520    1.42%
      0     0     5317.0813  1206     5244.0000     Cuts: 147     7649    1.39%
      0     0     5315.3054  1206     5244.0000     Cuts: 109     7805    1.36%
      0     0     5314.0857  1215     5244.0000     Cuts: 187     7896    1.34%
      0     0     5312.7860  1220     5244.0000      Cuts: 62     8011    1.31%
      0     0     5309.9383  1140     5244.0000     Cuts: 129     8239    1.26%
      0     0     5298.8643  1096     5244.0000     Cuts: 123     8604    1.05%
      0     0     5296.2598  1105     5244.0000     Cuts: 108     8777    1.00%
      0     0     5294.8558  1084     5244.0000      Cuts: 98     8901    0.97%
      0     0     5293.7046  1114     5244.0000      Cuts: 98     9014    0.95%
      0     2     5293.7046  1113     5244.0000     5293.7046     9014    0.95%
Elapsed time = 13.84 sec. (6825.03 ticks, tree = 0.01 MB, solutions = 9)
     10    10     5254.8119   645     5244.0000     5282.8999    11037    0.74%
*    50    28      integral     0     5245.0000     5282.0165    12842    0.71%
     64    12     5248.6316   613     5245.0000     5267.5848    14764    0.43%

Clique cuts applied:  854
Cover cuts applied:  23
Implied bound cuts applied:  72
Flow cuts applied:  17
Mixed integer rounding cuts applied:  127
Zero-half cuts applied:  64

Root node processing (before b&c):
  Real time             =   13.78 sec. (6757.68 ticks)
Parallel b&c, 4 threads:
  Real time             =    0.92 sec. (682.16 ticks)
  Sync time (average)   =    0.20 sec.
  Wait time (average)   =    0.00 sec.
                          ------------
Total (root+branch&cut) =   14.70 sec. (7439.84 ticks)
