CPXPARAM_Read_DataCheck                          1
Found incumbent of value 0.000000 after 0.00 sec. (0.12 ticks)
Tried aggregator 1 time.
MIP Presolve modified 1 coefficients.
Reduced MIP has 349 rows, 4515 columns, and 22551 nonzeros.
Reduced MIP has 4515 binaries, 0 generals, 0 SOSs, and 0 indicators.
Presolve time = 0.02 sec. (8.28 ticks)
Tried aggregator 1 time.
Reduced MIP has 349 rows, 4515 columns, and 22551 nonzeros.
Reduced MIP has 4515 binaries, 0 generals, 0 SOSs, and 0 indicators.
Presolve time = 0.02 sec. (9.90 ticks)
Probing time = 0.02 sec. (4.19 ticks)
Clique table members: 15295.
MIP emphasis: balance optimality and feasibility.
MIP search method: dynamic search.
Parallel mode: deterministic, using up to 4 threads.
Root relaxation solution time = 0.03 sec. (27.95 ticks)

        Nodes                                         Cuts/
   Node  Left     Objective  IInf  Best Integer    Best Bound    ItCnt     Gap

*     0+    0                            0.0000    27601.0000              --- 
*     0+    0                         5029.0000    27601.0000           448.84%
      0     0     7487.3100    15     5029.0000     7487.3100      733   48.88%
*     0+    0                         5059.0000     7487.3100            48.00%
      0     0     6358.2523    63     5059.0000     Cuts: 187     1363   25.68%
      0     0     6056.8044   123     5059.0000     Cuts: 187     1738   19.72%
      0     0     5806.8336   392     5059.0000     Cuts: 187     2231   14.78%
*     0+    0                         5061.0000     5806.8336            14.74%
*     0+    0                         5163.0000     5806.8336            12.47%
      0     0     5635.7275   585     5163.0000     Cuts: 187     2879    9.16%
      0     0     5505.3120   746     5163.0000     Cuts: 187     3608    6.63%
*     0+    0                         5193.0000     5505.3120             6.01%
      0     0     5451.6541   847     5193.0000     Cuts: 187     4176    4.98%
      0     0     5421.5283   920     5193.0000     Cuts: 187     4554    4.40%
      0     0     5389.4776   983     5193.0000     Cuts: 187     5005    3.78%
      0     0     5363.2275  1011     5193.0000     Cuts: 187     5354    3.28%
      0     0     5322.1784  1033     5193.0000     Cuts: 187     5696    2.49%
      0     0     5305.9785  1095     5193.0000     Cuts: 187     6027    2.18%
      0     0     5281.3869  1017     5193.0000     Cuts: 187     6439    0.59%
      0     0        cutoff           5193.0000     5193.0000     6652    0.00%
Elapsed time = 5.34 sec. (2741.43 ticks, tree = 0.01 MB, solutions = 6)

Clique cuts applied:  971
Cover cuts applied:  27
Implied bound cuts applied:  59
Flow cuts applied:  19
Mixed integer rounding cuts applied:  159
Zero-half cuts applied:  18

Root node processing (before b&c):
  Real time             =    5.34 sec. (2741.90 ticks)
Parallel b&c, 4 threads:
  Real time             =    0.00 sec. (0.00 ticks)
  Sync time (average)   =    0.00 sec.
  Wait time (average)   =    0.00 sec.
                          ------------
Total (root+branch&cut) =    5.34 sec. (2741.90 ticks)
