CPXPARAM_Read_DataCheck                          1
Found incumbent of value 0.000000 after 0.00 sec. (0.02 ticks)
Tried aggregator 1 time.
MIP Presolve modified 1 coefficients.
Reduced MIP has 117 rows, 505 columns, and 2517 nonzeros.
Reduced MIP has 505 binaries, 0 generals, 0 SOSs, and 0 indicators.
Presolve time = 0.00 sec. (1.07 ticks)
Probing time = 0.00 sec. (2.25 ticks)
Tried aggregator 1 time.
Reduced MIP has 117 rows, 505 columns, and 2517 nonzeros.
Reduced MIP has 505 binaries, 0 generals, 0 SOSs, and 0 indicators.
Presolve time = 0.00 sec. (1.26 ticks)
Probing time = 0.00 sec. (2.27 ticks)
Clique table members: 1814.
MIP emphasis: balance optimality and feasibility.
MIP search method: dynamic search.
Parallel mode: deterministic, using up to 4 threads.
Root relaxation solution time = 0.00 sec. (1.17 ticks)

        Nodes                                         Cuts/
   Node  Left     Objective  IInf  Best Integer    Best Bound    ItCnt     Gap

*     0+    0                            0.0000     3261.0000              --- 
*     0+    0                          200.0000     3261.0000              --- 
      0     0     1568.2500     5      200.0000     1568.2500      170  684.12%
      0     0     1522.3131    12      200.0000     Cuts: 136      188  661.16%
*     0+    0                          716.0000     1522.3131           112.61%
      0     0     1399.8462    79      716.0000     Cuts: 136      268   95.51%
      0     0      993.8695   227      716.0000     Cuts: 133      540   38.81%
      0     0      956.6319   257      716.0000     Cuts: 130      624   33.61%
      0     0      945.6852   270      716.0000      Cuts: 97      692   32.08%
      0     0      926.6397   273      716.0000      Cuts: 43      773   29.42%
      0     0      900.5290   296      716.0000      Cuts: 58      883   25.77%
*     0+    0                          794.0000      900.5290            13.42%
      0     0      816.4636   319      794.0000      Cuts: 61     1073    2.83%
      0     0      808.8050   324      794.0000      Cuts: 46     1171    1.86%
*     0+    0                          795.0000      808.8050             1.74%
      0     0        cutoff            795.0000      795.0000     1224    0.00%
Elapsed time = 0.09 sec. (97.69 ticks, tree = 0.01 MB, solutions = 5)

Clique cuts applied:  350
Cover cuts applied:  25
Implied bound cuts applied:  5
Flow cuts applied:  1
Mixed integer rounding cuts applied:  4

Root node processing (before b&c):
  Real time             =    0.09 sec. (97.74 ticks)
Parallel b&c, 4 threads:
  Real time             =    0.00 sec. (0.00 ticks)
  Sync time (average)   =    0.00 sec.
  Wait time (average)   =    0.00 sec.
                          ------------
Total (root+branch&cut) =    0.09 sec. (97.74 ticks)
