CPXPARAM_Read_DataCheck                          1
Found incumbent of value 0.000000 after 0.00 sec. (0.08 ticks)
Tried aggregator 1 time.
MIP Presolve modified 5 coefficients.
Reduced MIP has 331 rows, 3010 columns, and 15040 nonzeros.
Reduced MIP has 3010 binaries, 0 generals, 0 SOSs, and 0 indicators.
Presolve time = 0.01 sec. (5.45 ticks)
Tried aggregator 1 time.
Reduced MIP has 331 rows, 3010 columns, and 15040 nonzeros.
Reduced MIP has 3010 binaries, 0 generals, 0 SOSs, and 0 indicators.
Presolve time = 0.00 sec. (6.22 ticks)
Probing time = 0.00 sec. (1.86 ticks)
Clique table members: 5481.
MIP emphasis: balance optimality and feasibility.
MIP search method: dynamic search.
Parallel mode: deterministic, using up to 4 threads.
Root relaxation solution time = 0.02 sec. (11.00 ticks)

        Nodes                                         Cuts/
   Node  Left     Objective  IInf  Best Integer    Best Bound    ItCnt     Gap

*     0+    0                            0.0000    18575.0000              --- 
      0     0    10161.4019    10        0.0000    10161.4019      659     --- 
*     0+    0                         6906.0000    10161.4019            47.14%
      0     0     8663.8136   253     6906.0000     Cuts: 182     1451   18.79%
      0     0        cutoff           6906.0000     6906.0000     2047    0.00%
Elapsed time = 0.47 sec. (276.48 ticks, tree = 0.01 MB, solutions = 2)

Clique cuts applied:  311
Cover cuts applied:  3
Mixed integer rounding cuts applied:  12
Zero-half cuts applied:  6
Gomory fractional cuts applied:  1

Root node processing (before b&c):
  Real time             =    0.47 sec. (276.68 ticks)
Parallel b&c, 4 threads:
  Real time             =    0.00 sec. (0.00 ticks)
  Sync time (average)   =    0.00 sec.
  Wait time (average)   =    0.00 sec.
                          ------------
Total (root+branch&cut) =    0.47 sec. (276.68 ticks)
