CPXPARAM_Read_DataCheck                          1
Found incumbent of value 0.000000 after 0.00 sec. (0.08 ticks)
Tried aggregator 1 time.
MIP Presolve modified 1 coefficients.
Reduced MIP has 331 rows, 3010 columns, and 15040 nonzeros.
Reduced MIP has 3010 binaries, 0 generals, 0 SOSs, and 0 indicators.
Presolve time = 0.00 sec. (5.13 ticks)
Tried aggregator 1 time.
Reduced MIP has 331 rows, 3010 columns, and 15040 nonzeros.
Reduced MIP has 3010 binaries, 0 generals, 0 SOSs, and 0 indicators.
Presolve time = 0.00 sec. (6.22 ticks)
Probing time = 0.02 sec. (1.86 ticks)
Clique table members: 5481.
MIP emphasis: balance optimality and feasibility.
MIP search method: dynamic search.
Parallel mode: deterministic, using up to 4 threads.
Root relaxation solution time = 0.02 sec. (12.28 ticks)

        Nodes                                         Cuts/
   Node  Left     Objective  IInf  Best Integer    Best Bound    ItCnt     Gap

*     0+    0                            0.0000    18432.0000              --- 
      0     0     8975.6361    11        0.0000     8975.6361      722     --- 
*     0+    0                         5584.0000     8975.6361            60.74%
      0     0     7433.5386   285     5584.0000     Cuts: 182     1822   33.12%
*     0+    0                         5732.0000     7433.5386            29.68%
      0     0     6943.9820   536     5732.0000     Cuts: 182     2696   17.28%
      0     0        cutoff           5732.0000     5732.0000     3991    0.00%
Elapsed time = 1.03 sec. (629.58 ticks, tree = 0.01 MB, solutions = 3)

Clique cuts applied:  475
Cover cuts applied:  8
Mixed integer rounding cuts applied:  35
Zero-half cuts applied:  4

Root node processing (before b&c):
  Real time             =    1.03 sec. (629.81 ticks)
Parallel b&c, 4 threads:
  Real time             =    0.00 sec. (0.00 ticks)
  Sync time (average)   =    0.00 sec.
  Wait time (average)   =    0.00 sec.
                          ------------
Total (root+branch&cut) =    1.03 sec. (629.81 ticks)
