CPXPARAM_Read_DataCheck                          1
Found incumbent of value 0.000000 after 0.00 sec. (0.08 ticks)
Tried aggregator 1 time.
MIP Presolve modified 1 coefficients.
Reduced MIP has 331 rows, 3010 columns, and 15040 nonzeros.
Reduced MIP has 3010 binaries, 0 generals, 0 SOSs, and 0 indicators.
Presolve time = 0.00 sec. (5.77 ticks)
Tried aggregator 1 time.
Reduced MIP has 331 rows, 3010 columns, and 15040 nonzeros.
Reduced MIP has 3010 binaries, 0 generals, 0 SOSs, and 0 indicators.
Presolve time = 0.00 sec. (6.87 ticks)
Probing time = 0.00 sec. (2.01 ticks)
Clique table members: 5645.
MIP emphasis: balance optimality and feasibility.
MIP search method: dynamic search.
Parallel mode: deterministic, using up to 4 threads.
Root relaxation solution time = 0.02 sec. (12.15 ticks)

        Nodes                                         Cuts/
   Node  Left     Objective  IInf  Best Integer    Best Bound    ItCnt     Gap

*     0+    0                            0.0000    18787.0000              --- 
      0     0     4331.8647    10        0.0000     4331.8647      554     --- 
      0     0     3955.3377   297        0.0000     Cuts: 182      862     --- 
*     0+    0                         3742.0000     3955.3377             5.70%
      0     0        cutoff           3742.0000     3742.0000     1326    0.00%
Elapsed time = 0.39 sec. (255.56 ticks, tree = 0.01 MB, solutions = 2)

Clique cuts applied:  307
Cover cuts applied:  7
Mixed integer rounding cuts applied:  20
Zero-half cuts applied:  2
Lift and project cuts applied:  3

Root node processing (before b&c):
  Real time             =    0.39 sec. (255.76 ticks)
Parallel b&c, 4 threads:
  Real time             =    0.00 sec. (0.00 ticks)
  Sync time (average)   =    0.00 sec.
  Wait time (average)   =    0.00 sec.
                          ------------
Total (root+branch&cut) =    0.39 sec. (255.76 ticks)
