CPXPARAM_Read_DataCheck                          1
Found incumbent of value 0.000000 after 0.00 sec. (0.02 ticks)
Tried aggregator 1 time.
MIP Presolve modified 1 coefficients.
Reduced MIP has 116 rows, 505 columns, and 2520 nonzeros.
Reduced MIP has 505 binaries, 0 generals, 0 SOSs, and 0 indicators.
Presolve time = 0.00 sec. (1.16 ticks)
Probing time = 0.00 sec. (1.01 ticks)
Tried aggregator 1 time.
Reduced MIP has 116 rows, 505 columns, and 2520 nonzeros.
Reduced MIP has 505 binaries, 0 generals, 0 SOSs, and 0 indicators.
Presolve time = 0.00 sec. (1.36 ticks)
Probing time = 0.00 sec. (1.00 ticks)
Clique table members: 805.
MIP emphasis: balance optimality and feasibility.
MIP search method: dynamic search.
Parallel mode: deterministic, using up to 4 threads.
Root relaxation solution time = 0.00 sec. (0.96 ticks)

        Nodes                                         Cuts/
   Node  Left     Objective  IInf  Best Integer    Best Bound    ItCnt     Gap

*     0+    0                            0.0000     3245.0000              --- 
      0     0      897.0167     6        0.0000      897.0167      142     --- 
      0     0      801.8256    43        0.0000      Cuts: 86      235     --- 
      0     0      791.8706    38        0.0000      Cuts: 43      281     --- 
*     0+    0                          690.0000      791.8706            14.76%
      0     0      790.7143    51      690.0000      Cuts: 12      301   14.60%
*     0+    0                          758.0000      790.7143             4.32%
      0     0      790.3333    57      758.0000       Cuts: 8      306    4.27%
      0     0      790.2254    59      758.0000       Cuts: 5      323    4.25%
*     0+    0                          764.0000      790.2254             3.43%
      0     0      790.2208    61      764.0000       Cuts: 5      329    3.43%
*     0+    0                          769.0000      790.2208             2.76%
      0     0      790.1667    59      769.0000       Cuts: 4      335    2.75%
*     0+    0                          782.0000      790.1667             1.04%
*     0+    0                          786.0000      790.1667             0.53%
      0     0        cutoff            786.0000      786.0000      335    0.00%
Elapsed time = 0.06 sec. (49.27 ticks, tree = 0.01 MB, solutions = 7)

Clique cuts applied:  90
Cover cuts applied:  8
Mixed integer rounding cuts applied:  2
Zero-half cuts applied:  3

Root node processing (before b&c):
  Real time             =    0.06 sec. (49.32 ticks)
Parallel b&c, 4 threads:
  Real time             =    0.00 sec. (0.00 ticks)
  Sync time (average)   =    0.00 sec.
  Wait time (average)   =    0.00 sec.
                          ------------
Total (root+branch&cut) =    0.06 sec. (49.32 ticks)
