CPXPARAM_Read_DataCheck                          1
Found incumbent of value 0.000000 after 0.00 sec. (0.02 ticks)
Tried aggregator 1 time.
MIP Presolve modified 1 coefficients.
Reduced MIP has 116 rows, 505 columns, and 2520 nonzeros.
Reduced MIP has 505 binaries, 0 generals, 0 SOSs, and 0 indicators.
Presolve time = 0.00 sec. (1.04 ticks)
Probing time = 0.00 sec. (1.00 ticks)
Tried aggregator 1 time.
Reduced MIP has 116 rows, 505 columns, and 2520 nonzeros.
Reduced MIP has 505 binaries, 0 generals, 0 SOSs, and 0 indicators.
Presolve time = 0.00 sec. (1.22 ticks)
Probing time = 0.00 sec. (0.99 ticks)
Clique table members: 697.
MIP emphasis: balance optimality and feasibility.
MIP search method: dynamic search.
Parallel mode: deterministic, using up to 4 threads.
Root relaxation solution time = 0.00 sec. (1.03 ticks)

        Nodes                                         Cuts/
   Node  Left     Objective  IInf  Best Integer    Best Bound    ItCnt     Gap

*     0+    0                            0.0000     3108.0000              --- 
*     0+    0                          964.0000     3108.0000           222.41%
      0     0     1450.8397     5      964.0000     1450.8397      159   50.50%
      0     0     1107.3398   199      964.0000     Cuts: 133      463   14.87%
      0     0     1015.3080   271      964.0000     Cuts: 132      811    5.32%
      0     0      998.1811   302      964.0000      Cuts: 39      925    3.55%
*     0+    0                          983.0000      998.1811             1.54%
      0     0        cutoff            983.0000      983.0000     1001    0.00%
Elapsed time = 0.13 sec. (110.11 ticks, tree = 0.01 MB, solutions = 3)

GUB cover cuts applied:  1
Clique cuts applied:  264
Cover cuts applied:  13
Mixed integer rounding cuts applied:  12
Zero-half cuts applied:  3
Gomory fractional cuts applied:  1

Root node processing (before b&c):
  Real time             =    0.13 sec. (110.15 ticks)
Parallel b&c, 4 threads:
  Real time             =    0.00 sec. (0.00 ticks)
  Sync time (average)   =    0.00 sec.
  Wait time (average)   =    0.00 sec.
                          ------------
Total (root+branch&cut) =    0.13 sec. (110.15 ticks)
