CPXPARAM_Read_DataCheck                          1
Found incumbent of value 0.000000 after 0.00 sec. (0.02 ticks)
Tried aggregator 1 time.
MIP Presolve modified 1 coefficients.
Reduced MIP has 116 rows, 505 columns, and 2520 nonzeros.
Reduced MIP has 505 binaries, 0 generals, 0 SOSs, and 0 indicators.
Presolve time = 0.01 sec. (1.17 ticks)
Probing time = 0.00 sec. (1.01 ticks)
Tried aggregator 1 time.
Reduced MIP has 116 rows, 505 columns, and 2520 nonzeros.
Reduced MIP has 505 binaries, 0 generals, 0 SOSs, and 0 indicators.
Presolve time = 0.00 sec. (1.36 ticks)
Probing time = 0.00 sec. (1.00 ticks)
Clique table members: 805.
MIP emphasis: balance optimality and feasibility.
MIP search method: dynamic search.
Parallel mode: deterministic, using up to 4 threads.
Root relaxation solution time = 0.00 sec. (1.00 ticks)

        Nodes                                         Cuts/
   Node  Left     Objective  IInf  Best Integer    Best Bound    ItCnt     Gap

*     0+    0                            0.0000     3261.0000              --- 
      0     0      877.4791     5        0.0000      877.4791      157     --- 
      0     0      749.3378    57        0.0000     Cuts: 115      293     --- 
      0     0      740.1235   102        0.0000      Cuts: 11      311     --- 
*     0+    0                          738.0000      740.1235             0.29%
*     0+    0                          739.0000      740.1235             0.15%
      0     0        cutoff            739.0000      739.0000      316    0.00%
Elapsed time = 0.05 sec. (21.34 ticks, tree = 0.01 MB, solutions = 3)

Clique cuts applied:  79
Cover cuts applied:  7
Mixed integer rounding cuts applied:  2

Root node processing (before b&c):
  Real time             =    0.05 sec. (21.38 ticks)
Parallel b&c, 4 threads:
  Real time             =    0.00 sec. (0.00 ticks)
  Sync time (average)   =    0.00 sec.
  Wait time (average)   =    0.00 sec.
                          ------------
Total (root+branch&cut) =    0.05 sec. (21.38 ticks)
