CPXPARAM_Read_DataCheck                          1
Found incumbent of value 0.000000 after 0.00 sec. (0.02 ticks)
Tried aggregator 1 time.
MIP Presolve modified 1 coefficients.
Reduced MIP has 116 rows, 505 columns, and 2520 nonzeros.
Reduced MIP has 505 binaries, 0 generals, 0 SOSs, and 0 indicators.
Presolve time = 0.02 sec. (1.16 ticks)
Probing time = 0.00 sec. (1.01 ticks)
Tried aggregator 1 time.
Reduced MIP has 116 rows, 505 columns, and 2520 nonzeros.
Reduced MIP has 505 binaries, 0 generals, 0 SOSs, and 0 indicators.
Presolve time = 0.00 sec. (1.35 ticks)
Probing time = 0.00 sec. (1.00 ticks)
Clique table members: 805.
MIP emphasis: balance optimality and feasibility.
MIP search method: dynamic search.
Parallel mode: deterministic, using up to 4 threads.
Root relaxation solution time = 0.00 sec. (0.81 ticks)

        Nodes                                         Cuts/
   Node  Left     Objective  IInf  Best Integer    Best Bound    ItCnt     Gap

*     0+    0                            0.0000     3199.0000              --- 
      0     0      866.3250     5        0.0000      866.3250      121     --- 
      0     0      719.1675    74        0.0000     Cuts: 112      251     --- 
      0     0      704.5000    76        0.0000      Cuts: 32      289     --- 
*     0+    0                          702.0000      704.5000             0.36%
*     0+    0                          703.0000      704.5000             0.21%
      0     0        cutoff            703.0000      703.0000      289    0.00%
Elapsed time = 0.11 sec. (25.21 ticks, tree = 0.01 MB, solutions = 3)

Clique cuts applied:  103
Cover cuts applied:  9
Mixed integer rounding cuts applied:  3
Zero-half cuts applied:  2

Root node processing (before b&c):
  Real time             =    0.11 sec. (25.25 ticks)
Parallel b&c, 4 threads:
  Real time             =    0.00 sec. (0.00 ticks)
  Sync time (average)   =    0.00 sec.
  Wait time (average)   =    0.00 sec.
                          ------------
Total (root+branch&cut) =    0.11 sec. (25.25 ticks)
