CPXPARAM_Read_DataCheck                          1
Found incumbent of value 0.000000 after 0.00 sec. (0.02 ticks)
Tried aggregator 1 time.
MIP Presolve modified 1 coefficients.
Reduced MIP has 116 rows, 505 columns, and 2520 nonzeros.
Reduced MIP has 505 binaries, 0 generals, 0 SOSs, and 0 indicators.
Presolve time = 0.00 sec. (1.02 ticks)
Probing time = 0.00 sec. (1.00 ticks)
Tried aggregator 1 time.
Reduced MIP has 116 rows, 505 columns, and 2520 nonzeros.
Reduced MIP has 505 binaries, 0 generals, 0 SOSs, and 0 indicators.
Presolve time = 0.00 sec. (1.21 ticks)
Probing time = 0.00 sec. (0.99 ticks)
Clique table members: 697.
MIP emphasis: balance optimality and feasibility.
MIP search method: dynamic search.
Parallel mode: deterministic, using up to 4 threads.
Root relaxation solution time = 0.00 sec. (1.03 ticks)

        Nodes                                         Cuts/
   Node  Left     Objective  IInf  Best Integer    Best Bound    ItCnt     Gap

*     0+    0                            0.0000     3199.0000              --- 
      0     0     1365.5134     9        0.0000     1365.5134      139     --- 
      0     0      922.2535   122        0.0000     Cuts: 131      404     --- 
      0     0      805.5756   187        0.0000     Cuts: 129      607     --- 
*     0+    0                          794.0000      805.5756             1.46%
      0     0      796.3902    56      794.0000      Cuts: 15      652    0.30%
*     0+    0                          796.0000      796.3902             0.05%
      0     0        cutoff            796.0000      796.0000      652    0.00%
Elapsed time = 0.05 sec. (46.98 ticks, tree = 0.01 MB, solutions = 3)

GUB cover cuts applied:  1
Clique cuts applied:  202
Cover cuts applied:  7
Mixed integer rounding cuts applied:  6
Zero-half cuts applied:  1

Root node processing (before b&c):
  Real time             =    0.05 sec. (47.02 ticks)
Parallel b&c, 4 threads:
  Real time             =    0.00 sec. (0.00 ticks)
  Sync time (average)   =    0.00 sec.
  Wait time (average)   =    0.00 sec.
                          ------------
Total (root+branch&cut) =    0.05 sec. (47.02 ticks)
