CPXPARAM_Read_DataCheck                          1
Found incumbent of value 0.000000 after 0.00 sec. (0.04 ticks)
Tried aggregator 1 time.
MIP Presolve modified 1 coefficients.
Reduced MIP has 149 rows, 1515 columns, and 7551 nonzeros.
Reduced MIP has 1515 binaries, 0 generals, 0 SOSs, and 0 indicators.
Presolve time = 0.00 sec. (2.97 ticks)
Probing time = 0.00 sec. (2.69 ticks)
Tried aggregator 1 time.
Reduced MIP has 149 rows, 1515 columns, and 7551 nonzeros.
Reduced MIP has 1515 binaries, 0 generals, 0 SOSs, and 0 indicators.
Presolve time = 0.00 sec. (3.52 ticks)
Probing time = 0.00 sec. (2.62 ticks)
Clique table members: 5107.
MIP emphasis: balance optimality and feasibility.
MIP search method: dynamic search.
Parallel mode: deterministic, using up to 4 threads.
Root relaxation solution time = 0.02 sec. (5.14 ticks)

        Nodes                                         Cuts/
   Node  Left     Objective  IInf  Best Integer    Best Bound    ItCnt     Gap

*     0+    0                            0.0000     9169.0000              --- 
*     0+    0                         1334.0000     9169.0000           587.33%
      0     0     2420.6333    17     1334.0000     2420.6333      258   81.46%
      0     0     2015.7864   140     1334.0000     Cuts: 150      592   51.11%
      0     0     1872.6204   235     1334.0000     Cuts: 150      964   40.38%
*     0+    0                         1712.0000     1872.6204             9.38%
      0     0     1813.0677   288     1712.0000     Cuts: 150     1275    5.90%
      0     0     1789.6960   325     1712.0000     Cuts: 137     1481    4.54%
      0     0     1779.2731   313     1712.0000     Cuts: 137     1641    3.93%
      0     0     1775.1000   333     1712.0000      Cuts: 96     1762    3.69%
*     0+    0                         1724.0000     1775.1000             2.96%
      0     0     1768.6964   315     1724.0000     Cuts: 104     1900    1.34%
      0     0     1763.2517   325     1724.0000      Cuts: 80     2027    1.34%
      0     0     1758.0065   314     1724.0000      Cuts: 66     2158    1.34%
      0     0     1749.0711   311     1724.0000      Cuts: 66     2314    1.34%
      0     0     1748.3244   333     1724.0000      Cuts: 67     2366    1.34%
      0     0     1747.7736   316     1724.0000      Cuts: 41     2400    1.34%
      0     0     1747.5711   318     1724.0000      Cuts: 39     2429    1.34%
      0     0     1747.2929   343     1724.0000      Cuts: 25     2476    1.34%
      0     0     1747.1105   307     1724.0000      Cuts: 22     2507    1.34%
      0     0     1746.9661   345     1724.0000      Cuts: 14     2537    1.33%
*     0+    0                         1736.0000     1746.9661             0.63%
      0     2     1746.9661   345     1736.0000     1746.9661     2537    0.63%
Elapsed time = 2.05 sec. (1090.05 ticks, tree = 0.01 MB, solutions = 5)
*    61    20      integral     0     1745.0000     1745.4400     3621    0.03%

Clique cuts applied:  205
Cover cuts applied:  36
Implied bound cuts applied:  45
Flow cuts applied:  4
Mixed integer rounding cuts applied:  35
Zero-half cuts applied:  25

Root node processing (before b&c):
  Real time             =    2.03 sec. (1089.15 ticks)
Parallel b&c, 4 threads:
  Real time             =    0.09 sec. (66.42 ticks)
  Sync time (average)   =    0.01 sec.
  Wait time (average)   =    0.01 sec.
                          ------------
Total (root+branch&cut) =    2.13 sec. (1155.57 ticks)
