CPXPARAM_Read_DataCheck                          1
Found incumbent of value 0.000000 after 0.00 sec. (0.04 ticks)
Tried aggregator 1 time.
MIP Presolve eliminated 8 rows and 0 columns.
MIP Presolve modified 1 coefficients.
Reduced MIP has 141 rows, 1515 columns, and 6751 nonzeros.
Reduced MIP has 1515 binaries, 0 generals, 0 SOSs, and 0 indicators.
Presolve time = 0.00 sec. (2.78 ticks)
Probing time = 0.00 sec. (2.55 ticks)
Tried aggregator 1 time.
Reduced MIP has 141 rows, 1515 columns, and 6751 nonzeros.
Reduced MIP has 1515 binaries, 0 generals, 0 SOSs, and 0 indicators.
Presolve time = 0.02 sec. (3.06 ticks)
Probing time = 0.00 sec. (2.42 ticks)
Clique table members: 4941.
MIP emphasis: balance optimality and feasibility.
MIP search method: dynamic search.
Parallel mode: deterministic, using up to 4 threads.
Root relaxation solution time = 0.00 sec. (4.81 ticks)

        Nodes                                         Cuts/
   Node  Left     Objective  IInf  Best Integer    Best Bound    ItCnt     Gap

*     0+    0                            0.0000     8982.0000              --- 
*     0+    0                          310.0000     8982.0000              --- 
      0     0     5170.2100    17      310.0000     5170.2100      418     --- 
      0     0     5095.1356    21      310.0000     Cuts: 150      454     --- 
      0     0     4816.5372    98      310.0000     Cuts: 150      572     --- 
      0     0     4634.7600   198      310.0000     Cuts: 150      710     --- 
      0     0     4582.2138   215      310.0000     Cuts: 150      773     --- 
*     0+    0                         2543.0000     4582.2138            80.19%
      0     0        cutoff           2543.0000     2543.0000     1027    0.00%
Elapsed time = 0.17 sec. (106.75 ticks, tree = 0.01 MB, solutions = 3)

GUB cover cuts applied:  13
Clique cuts applied:  658
Cover cuts applied:  32
Implied bound cuts applied:  1

Root node processing (before b&c):
  Real time             =    0.17 sec. (106.87 ticks)
Parallel b&c, 4 threads:
  Real time             =    0.00 sec. (0.00 ticks)
  Sync time (average)   =    0.00 sec.
  Wait time (average)   =    0.00 sec.
                          ------------
Total (root+branch&cut) =    0.17 sec. (106.87 ticks)
