CPXPARAM_Read_DataCheck                          1
Found incumbent of value 0.000000 after 0.00 sec. (0.26 ticks)
Tried aggregator 1 time.
MIP Presolve modified 1 coefficients.
Reduced MIP has 2017 rows, 10005 columns, and 50017 nonzeros.
Reduced MIP has 10005 binaries, 0 generals, 0 SOSs, and 0 indicators.
Presolve time = 0.01 sec. (21.75 ticks)
Probing time = 0.02 sec. (9.23 ticks)
Tried aggregator 1 time.
Reduced MIP has 2017 rows, 10005 columns, and 50017 nonzeros.
Reduced MIP has 10005 binaries, 0 generals, 0 SOSs, and 0 indicators.
Presolve time = 0.02 sec. (25.87 ticks)
Probing time = 0.00 sec. (8.74 ticks)
Clique table members: 32064.
MIP emphasis: balance optimality and feasibility.
MIP search method: dynamic search.
Parallel mode: deterministic, using up to 4 threads.
Root relaxation solution time = 0.11 sec. (163.72 ticks)

        Nodes                                         Cuts/
   Node  Left     Objective  IInf  Best Integer    Best Bound    ItCnt     Gap

*     0+    0                            0.0000    62256.0000              --- 
*     0+    0                         3835.0000    62256.0000              --- 
      0     0    21173.8685     5     3835.0000    21173.8685     2713  452.12%
*     0+    0                        14569.0000    21173.8685            45.34%
      0     0        cutoff          14569.0000    14569.0000     2721    0.00%
Elapsed time = 1.19 sec. (718.95 ticks, tree = 0.01 MB, solutions = 3)

Clique cuts applied:  604

Root node processing (before b&c):
  Real time             =    1.19 sec. (719.67 ticks)
Parallel b&c, 4 threads:
  Real time             =    0.00 sec. (0.00 ticks)
  Sync time (average)   =    0.00 sec.
  Wait time (average)   =    0.00 sec.
                          ------------
Total (root+branch&cut) =    1.19 sec. (719.67 ticks)
