CPXPARAM_Read_DataCheck                          1
Found incumbent of value 0.000000 after 0.00 sec. (0.26 ticks)
Tried aggregator 1 time.
MIP Presolve modified 1 coefficients.
Reduced MIP has 2017 rows, 10005 columns, and 50017 nonzeros.
Reduced MIP has 10005 binaries, 0 generals, 0 SOSs, and 0 indicators.
Presolve time = 0.01 sec. (21.75 ticks)
Probing time = 0.02 sec. (9.03 ticks)
Tried aggregator 1 time.
Reduced MIP has 2017 rows, 10005 columns, and 50017 nonzeros.
Reduced MIP has 10005 binaries, 0 generals, 0 SOSs, and 0 indicators.
Presolve time = 0.03 sec. (25.87 ticks)
Probing time = 0.02 sec. (8.37 ticks)
Clique table members: 32064.
MIP emphasis: balance optimality and feasibility.
MIP search method: dynamic search.
Parallel mode: deterministic, using up to 4 threads.
Root relaxation solution time = 0.13 sec. (152.27 ticks)

        Nodes                                         Cuts/
   Node  Left     Objective  IInf  Best Integer    Best Bound    ItCnt     Gap

*     0+    0                            0.0000    61351.0000              --- 
*     0+    0                        15198.0000    61351.0000           303.68%
*     0+    0                        15206.0000    61351.0000           303.47%
      0     0    21652.5165     5    15206.0000    21652.5165     2697   42.39%
*     0+    0                        15581.0000    21652.5165            38.97%
      0     0    19042.8061   292    15581.0000     Cuts: 604     3483   22.22%
      0     0        cutoff          15581.0000    15581.0000     4301    0.00%
Elapsed time = 2.45 sec. (1421.35 ticks, tree = 0.01 MB, solutions = 4)

Clique cuts applied:  943
Cover cuts applied:  2
Implied bound cuts applied:  3
Mixed integer rounding cuts applied:  4
Zero-half cuts applied:  1

Root node processing (before b&c):
  Real time             =    2.45 sec. (1422.17 ticks)
Parallel b&c, 4 threads:
  Real time             =    0.00 sec. (0.00 ticks)
  Sync time (average)   =    0.00 sec.
  Wait time (average)   =    0.00 sec.
                          ------------
Total (root+branch&cut) =    2.45 sec. (1422.17 ticks)
