CPXPARAM_Read_DataCheck                          1
Found incumbent of value 0.000000 after 0.00 sec. (0.38 ticks)
Tried aggregator 1 time.
MIP Presolve eliminated 9 rows and 0 columns.
MIP Presolve modified 1 coefficients.
Reduced MIP has 1040 rows, 15015 columns, and 66051 nonzeros.
Reduced MIP has 15015 binaries, 0 generals, 0 SOSs, and 0 indicators.
Presolve time = 0.03 sec. (26.68 ticks)
Tried aggregator 1 time.
Reduced MIP has 1040 rows, 15015 columns, and 66051 nonzeros.
Reduced MIP has 15015 binaries, 0 generals, 0 SOSs, and 0 indicators.
Presolve time = 0.03 sec. (29.43 ticks)
Probing time = 0.02 sec. (4.24 ticks)
Clique table members: 21003.
MIP emphasis: balance optimality and feasibility.
MIP search method: dynamic search.
Parallel mode: deterministic, using up to 4 threads.
Root relaxation solution time = 0.16 sec. (152.79 ticks)

        Nodes                                         Cuts/
   Node  Left     Objective  IInf  Best Integer    Best Bound    ItCnt     Gap

*     0+    0                            0.0000    92846.0000              --- 
*     0+    0                         2907.0000    92846.0000              --- 
      0     0    51295.5872    20     2907.0000    51295.5872     2771     --- 
*     0+    0                        17408.0000    51295.5872           194.67%
      0     0        cutoff          17408.0000    17408.0000     7652    0.00%
Elapsed time = 2.70 sec. (1862.02 ticks, tree = 0.01 MB, solutions = 3)

Clique cuts applied:  334
Cover cuts applied:  1
Mixed integer rounding cuts applied:  15
Zero-half cuts applied:  10

Root node processing (before b&c):
  Real time             =    2.70 sec. (1863.09 ticks)
Parallel b&c, 4 threads:
  Real time             =    0.00 sec. (0.00 ticks)
  Sync time (average)   =    0.00 sec.
  Wait time (average)   =    0.00 sec.
                          ------------
Total (root+branch&cut) =    2.70 sec. (1863.09 ticks)
