CPXPARAM_Read_DataCheck                          1
Found incumbent of value 0.000000 after 0.00 sec. (0.38 ticks)
Tried aggregator 1 time.
MIP Presolve eliminated 6 rows and 0 columns.
MIP Presolve modified 1 coefficients.
Reduced MIP has 1043 rows, 15015 columns, and 69051 nonzeros.
Reduced MIP has 15015 binaries, 0 generals, 0 SOSs, and 0 indicators.
Presolve time = 0.03 sec. (27.25 ticks)
Tried aggregator 1 time.
Reduced MIP has 1043 rows, 15015 columns, and 69051 nonzeros.
Reduced MIP has 15015 binaries, 0 generals, 0 SOSs, and 0 indicators.
Presolve time = 0.05 sec. (30.39 ticks)
Probing time = 0.03 sec. (8.89 ticks)
Clique table members: 49591.
MIP emphasis: balance optimality and feasibility.
MIP search method: dynamic search.
Parallel mode: deterministic, using up to 4 threads.
Root relaxation solution time = 0.09 sec. (120.39 ticks)

        Nodes                                         Cuts/
   Node  Left     Objective  IInf  Best Integer    Best Bound    ItCnt     Gap

*     0+    0                            0.0000    93581.0000              --- 
*     0+    0                         1524.0000    93581.0000              --- 
      0     0    50803.0980    15     1524.0000    50803.0980     2376     --- 
*     0+    0                        27481.0000    50803.0980            84.87%
      0     0    50747.0820    15    27481.0000  Cliques: 360     2409   60.38%
*     0+    0                        27699.0000    44074.2420            59.12%
      0     0    50740.5070    20    27699.0000     Cuts: 360     2419   43.38%
*     0+    0                        27964.0000    39715.1100            42.02%
      0     2    50740.5070    20    27964.0000    37861.0250     2419   35.39%
Elapsed time = 5.41 sec. (2470.69 ticks, tree = 0.01 MB, solutions = 5)
     77    56    33425.3480     6    27964.0000    37861.0250    13470   35.39%
    168   117    29385.8293     5    27964.0000    37861.0250    28360   35.39%
    244   163        cutoff          27964.0000    37861.0250    42011   35.39%
    326   205    29270.8240     4    27964.0000    37861.0250    56888   35.39%
    385   232    infeasible          27964.0000    37861.0250    65328   35.39%
    400   194    30950.5823     6    27964.0000    37861.0250    51379   35.39%
    442   258    33673.7990     8    27964.0000    37748.4470    69855   34.99%
    553   295    30739.0253     8    27964.0000    36615.4880    79793   30.94%
    679   354        cutoff          27964.0000    35733.9420    94119   27.79%
   1391   468        cutoff          27964.0000    32523.5870   144443   16.31%
Elapsed time = 11.05 sec. (5887.63 ticks, tree = 9.43 MB, solutions = 5)

Clique cuts applied:  715
Implied bound cuts applied:  1

Root node processing (before b&c):
  Real time             =    5.39 sec. (2468.16 ticks)
Parallel b&c, 4 threads:
  Real time             =    7.00 sec. (4114.75 ticks)
  Sync time (average)   =    0.58 sec.
  Wait time (average)   =    0.01 sec.
                          ------------
Total (root+branch&cut) =   12.39 sec. (6582.91 ticks)
