CPXPARAM_Read_DataCheck                          1
Found incumbent of value 0.000000 after 0.00 sec. (1.31 ticks)
Tried aggregator 1 time.
MIP Presolve modified 1 coefficients.
Reduced MIP has 10016 rows, 50005 columns, and 250015 nonzeros.
Reduced MIP has 50005 binaries, 0 generals, 0 SOSs, and 0 indicators.
Presolve time = 0.13 sec. (146.19 ticks)
Probing time = 0.02 sec. (11.90 ticks)
Tried aggregator 1 time.
Reduced MIP has 10016 rows, 50005 columns, and 250015 nonzeros.
Reduced MIP has 50005 binaries, 0 generals, 0 SOSs, and 0 indicators.
Presolve time = 0.16 sec. (168.18 ticks)
Probing time = 0.03 sec. (11.90 ticks)
Clique table members: 60000.
MIP emphasis: balance optimality and feasibility.
MIP search method: dynamic search.
Parallel mode: deterministic, using up to 4 threads.
Root relaxation solution time = 0.80 sec. (853.92 ticks)

        Nodes                                         Cuts/
   Node  Left     Objective  IInf  Best Integer    Best Bound    ItCnt     Gap

*     0+    0                            0.0000   309475.0000              --- 
*     0+    0                        26383.0000   309475.0000              --- 
      0     0   104900.7157     5    26383.0000   104900.7157       15  297.61%
*     0+    0                        70754.0000   104900.7157            48.26%
      0     0    88681.6498  3579    70754.0000    Cuts: 2604     5804   24.82%
      0     0        cutoff          70754.0000    70754.0000     9126    0.00%
Elapsed time = 41.13 sec. (26186.83 ticks, tree = 0.01 MB, solutions = 3)

Clique cuts applied:  4398
Cover cuts applied:  2
Implied bound cuts applied:  1
Mixed integer rounding cuts applied:  4
Gomory fractional cuts applied:  2

Root node processing (before b&c):
  Real time             =   41.14 sec. (26190.53 ticks)
Parallel b&c, 4 threads:
  Real time             =    0.00 sec. (0.00 ticks)
  Sync time (average)   =    0.00 sec.
  Wait time (average)   =    0.00 sec.
                          ------------
Total (root+branch&cut) =   41.14 sec. (26190.53 ticks)
