CPXPARAM_Read_DataCheck                          1
Found incumbent of value 0.000000 after 0.00 sec. (1.31 ticks)
Tried aggregator 1 time.
MIP Presolve modified 1 coefficients.
Reduced MIP has 10016 rows, 50005 columns, and 250015 nonzeros.
Reduced MIP has 50005 binaries, 0 generals, 0 SOSs, and 0 indicators.
Presolve time = 0.11 sec. (146.19 ticks)
Probing time = 0.03 sec. (11.90 ticks)
Tried aggregator 1 time.
Reduced MIP has 10016 rows, 50005 columns, and 250015 nonzeros.
Reduced MIP has 50005 binaries, 0 generals, 0 SOSs, and 0 indicators.
Presolve time = 0.17 sec. (168.09 ticks)
Probing time = 0.03 sec. (11.90 ticks)
Clique table members: 60000.
MIP emphasis: balance optimality and feasibility.
MIP search method: dynamic search.
Parallel mode: deterministic, using up to 4 threads.
Root relaxation solution time = 0.88 sec. (854.36 ticks)

        Nodes                                         Cuts/
   Node  Left     Objective  IInf  Best Integer    Best Bound    ItCnt     Gap

*     0+    0                            0.0000   309953.0000              --- 
*     0+    0                        75961.0000   309953.0000           308.04%
      0     0   106004.9798     5    75961.0000   106004.9798       15   39.55%
      0     0        cutoff          75961.0000    75961.0000     5352    0.00%
Elapsed time = 17.70 sec. (10380.57 ticks, tree = 0.01 MB, solutions = 2)

Clique cuts applied:  2598
Cover cuts applied:  2
Implied bound cuts applied:  1
Gomory fractional cuts applied:  3

Root node processing (before b&c):
  Real time             =   17.72 sec. (10383.85 ticks)
Parallel b&c, 4 threads:
  Real time             =    0.00 sec. (0.00 ticks)
  Sync time (average)   =    0.00 sec.
  Wait time (average)   =    0.00 sec.
                          ------------
Total (root+branch&cut) =   17.72 sec. (10383.85 ticks)
