CPXPARAM_Read_DataCheck                          1
Found incumbent of value 0.000000 after 0.00 sec. (1.31 ticks)
Tried aggregator 1 time.
MIP Presolve modified 1 coefficients.
Reduced MIP has 10016 rows, 50005 columns, and 250015 nonzeros.
Reduced MIP has 50005 binaries, 0 generals, 0 SOSs, and 0 indicators.
Presolve time = 0.13 sec. (146.19 ticks)
Probing time = 0.03 sec. (11.90 ticks)
Tried aggregator 1 time.
Reduced MIP has 10016 rows, 50005 columns, and 250015 nonzeros.
Reduced MIP has 50005 binaries, 0 generals, 0 SOSs, and 0 indicators.
Presolve time = 0.17 sec. (168.18 ticks)
Probing time = 0.03 sec. (11.90 ticks)
Clique table members: 60000.
MIP emphasis: balance optimality and feasibility.
MIP search method: dynamic search.
Parallel mode: deterministic, using up to 4 threads.
Root relaxation solution time = 0.77 sec. (835.58 ticks)

        Nodes                                         Cuts/
   Node  Left     Objective  IInf  Best Integer    Best Bound    ItCnt     Gap

*     0+    0                            0.0000   308967.0000              --- 
*     0+    0                         7431.0000   308967.0000              --- 
      0     0   104555.2335     5     7431.0000   104555.2335       14     --- 
*     0+    0                        68758.0000   104555.2335            52.06%
      0     0    89787.3771  3448    68758.0000    Cuts: 2604     4891   25.66%
      0     0        cutoff          68758.0000    68758.0000     9075    0.00%
Elapsed time = 38.86 sec. (25461.39 ticks, tree = 0.01 MB, solutions = 3)

Clique cuts applied:  4322
Cover cuts applied:  2
Mixed integer rounding cuts applied:  5
Gomory fractional cuts applied:  3

Root node processing (before b&c):
  Real time             =   38.86 sec. (25465.06 ticks)
Parallel b&c, 4 threads:
  Real time             =    0.00 sec. (0.00 ticks)
  Sync time (average)   =    0.00 sec.
  Wait time (average)   =    0.00 sec.
                          ------------
Total (root+branch&cut) =   38.86 sec. (25465.06 ticks)
