CPXPARAM_Read_DataCheck                          1
Found incumbent of value 0.000000 after 0.00 sec. (1.31 ticks)
Tried aggregator 1 time.
MIP Presolve modified 1 coefficients.
Reduced MIP has 10016 rows, 50005 columns, and 250015 nonzeros.
Reduced MIP has 50005 binaries, 0 generals, 0 SOSs, and 0 indicators.
Presolve time = 0.11 sec. (84.16 ticks)
Probing time = 0.03 sec. (14.49 ticks)
Tried aggregator 1 time.
Reduced MIP has 10016 rows, 50005 columns, and 250015 nonzeros.
Reduced MIP has 50005 binaries, 0 generals, 0 SOSs, and 0 indicators.
Presolve time = 0.16 sec. (105.80 ticks)
Probing time = 0.03 sec. (14.49 ticks)
Clique table members: 50000.
MIP emphasis: balance optimality and feasibility.
MIP search method: dynamic search.
Parallel mode: deterministic, using up to 4 threads.
Root relaxation solution time = 0.69 sec. (688.26 ticks)

        Nodes                                         Cuts/
   Node  Left     Objective  IInf  Best Integer    Best Bound    ItCnt     Gap

*     0+    0                            0.0000   310892.0000              --- 
      0     0   180649.6922     5        0.0000   180649.6922       12     --- 
*     0+    0                        39164.0000   180649.6922           361.26%
*     0+    0                       110462.0000   180649.6922            63.54%
      0     0        cutoff         110462.0000   110462.0000    10571    0.00%
Elapsed time = 42.88 sec. (20679.95 ticks, tree = 0.01 MB, solutions = 3)

Clique cuts applied:  2596
Mixed integer rounding cuts applied:  8

Root node processing (before b&c):
  Real time             =   42.89 sec. (20683.64 ticks)
Parallel b&c, 4 threads:
  Real time             =    0.00 sec. (0.00 ticks)
  Sync time (average)   =    0.00 sec.
  Wait time (average)   =    0.00 sec.
                          ------------
Total (root+branch&cut) =   42.89 sec. (20683.64 ticks)
