CPXPARAM_Read_DataCheck                          1
Found incumbent of value 0.000000 after 0.00 sec. (1.31 ticks)
Tried aggregator 1 time.
MIP Presolve modified 1 coefficients.
Reduced MIP has 10016 rows, 50005 columns, and 250015 nonzeros.
Reduced MIP has 50005 binaries, 0 generals, 0 SOSs, and 0 indicators.
Presolve time = 0.11 sec. (146.19 ticks)
Probing time = 0.03 sec. (11.90 ticks)
Tried aggregator 1 time.
Reduced MIP has 10016 rows, 50005 columns, and 250015 nonzeros.
Reduced MIP has 50005 binaries, 0 generals, 0 SOSs, and 0 indicators.
Presolve time = 0.17 sec. (168.21 ticks)
Probing time = 0.03 sec. (11.90 ticks)
Clique table members: 60000.
MIP emphasis: balance optimality and feasibility.
MIP search method: dynamic search.
Parallel mode: deterministic, using up to 4 threads.
Root relaxation solution time = 0.73 sec. (837.64 ticks)

        Nodes                                         Cuts/
   Node  Left     Objective  IInf  Best Integer    Best Bound    ItCnt     Gap

*     0+    0                            0.0000   310174.0000              --- 
*     0+    0                        17334.0000   310174.0000              --- 
      0     0   101981.3577     5    17334.0000   101981.3577       14  488.33%
*     0+    0                        60004.0000   101981.3577            69.96%
      0     0    87797.8683  3315    60004.0000    Cuts: 2604     4920   36.61%
      0     0        cutoff          60004.0000    60004.0000     9595    0.00%
Elapsed time = 39.52 sec. (25203.54 ticks, tree = 0.01 MB, solutions = 3)

Clique cuts applied:  4255
Cover cuts applied:  3
Mixed integer rounding cuts applied:  5
Gomory fractional cuts applied:  3

Root node processing (before b&c):
  Real time             =   39.53 sec. (25207.22 ticks)
Parallel b&c, 4 threads:
  Real time             =    0.00 sec. (0.00 ticks)
  Sync time (average)   =    0.00 sec.
  Wait time (average)   =    0.00 sec.
                          ------------
Total (root+branch&cut) =   39.53 sec. (25207.22 ticks)
