CPXPARAM_Read_DataCheck                          1
Found incumbent of value 0.000000 after 0.00 sec. (1.31 ticks)
Tried aggregator 1 time.
MIP Presolve modified 1 coefficients.
Reduced MIP has 10016 rows, 50005 columns, and 250015 nonzeros.
Reduced MIP has 50005 binaries, 0 generals, 0 SOSs, and 0 indicators.
Presolve time = 0.13 sec. (146.18 ticks)
Probing time = 0.03 sec. (11.90 ticks)
Tried aggregator 1 time.
Reduced MIP has 10016 rows, 50005 columns, and 250015 nonzeros.
Reduced MIP has 50005 binaries, 0 generals, 0 SOSs, and 0 indicators.
Presolve time = 0.17 sec. (168.08 ticks)
Probing time = 0.02 sec. (11.90 ticks)
Clique table members: 60000.
MIP emphasis: balance optimality and feasibility.
MIP search method: dynamic search.
Parallel mode: deterministic, using up to 4 threads.
Root relaxation solution time = 0.81 sec. (865.23 ticks)

        Nodes                                         Cuts/
   Node  Left     Objective  IInf  Best Integer    Best Bound    ItCnt     Gap

*     0+    0                            0.0000   308978.0000              --- 
      0     0   103603.5119     5        0.0000   103603.5119       16     --- 
*     0+    0                        59777.0000   103603.5119            73.32%
      0     0    68951.8287   801    59777.0000    Cuts: 2604     7446   15.35%
      0     0        cutoff          59777.0000    59777.0000    11684    0.00%
Elapsed time = 38.55 sec. (25904.38 ticks, tree = 0.01 MB, solutions = 2)

Clique cuts applied:  4783
Cover cuts applied:  5
Implied bound cuts applied:  3
Flow cuts applied:  1
Mixed integer rounding cuts applied:  3
Gomory fractional cuts applied:  2

Root node processing (before b&c):
  Real time             =   38.55 sec. (25907.79 ticks)
Parallel b&c, 4 threads:
  Real time             =    0.00 sec. (0.00 ticks)
  Sync time (average)   =    0.00 sec.
  Wait time (average)   =    0.00 sec.
                          ------------
Total (root+branch&cut) =   38.55 sec. (25907.79 ticks)
