CPXPARAM_Read_DataCheck                          1
Found incumbent of value 0.000000 after 0.00 sec. (0.04 ticks)
Tried aggregator 1 time.
MIP Presolve modified 1 coefficients.
Reduced MIP has 317 rows, 1505 columns, and 7517 nonzeros.
Reduced MIP has 1505 binaries, 0 generals, 0 SOSs, and 0 indicators.
Presolve time = 0.02 sec. (2.82 ticks)
Probing time = 0.00 sec. (3.38 ticks)
Tried aggregator 1 time.
Reduced MIP has 317 rows, 1505 columns, and 7517 nonzeros.
Reduced MIP has 1505 binaries, 0 generals, 0 SOSs, and 0 indicators.
Presolve time = 0.00 sec. (3.39 ticks)
Probing time = 0.00 sec. (3.35 ticks)
Clique table members: 5314.
MIP emphasis: balance optimality and feasibility.
MIP search method: dynamic search.
Parallel mode: deterministic, using up to 4 threads.
Root relaxation solution time = 0.00 sec. (5.69 ticks)

        Nodes                                         Cuts/
   Node  Left     Objective  IInf  Best Integer    Best Bound    ItCnt     Gap

*     0+    0                            0.0000     9291.0000              --- 
*     0+    0                          786.0000     9291.0000              --- 
      0     0     4687.1144     7      786.0000     4687.1144      458  496.32%
*     0+    0                         1941.0000     4687.1144           141.48%
      0     0     4667.6578     7     1941.0000  Cliques: 179      467  140.48%
      0     0     4530.2415    71     1941.0000     Cuts: 179      519  133.40%
*     0+    0                         2474.0000     4530.2415            83.11%
      0     0        cutoff           2474.0000     2474.0000      828    0.00%
Elapsed time = 0.16 sec. (113.90 ticks, tree = 0.01 MB, solutions = 4)

Clique cuts applied:  525
Cover cuts applied:  1
Implied bound cuts applied:  2

Root node processing (before b&c):
  Real time             =    0.16 sec. (114.02 ticks)
Parallel b&c, 4 threads:
  Real time             =    0.00 sec. (0.00 ticks)
  Sync time (average)   =    0.00 sec.
  Wait time (average)   =    0.00 sec.
                          ------------
Total (root+branch&cut) =    0.16 sec. (114.02 ticks)
