CPXPARAM_Read_DataCheck                          1
Found incumbent of value 0.000000 after 0.00 sec. (0.04 ticks)
Tried aggregator 1 time.
MIP Presolve modified 1 coefficients.
Reduced MIP has 317 rows, 1505 columns, and 7517 nonzeros.
Reduced MIP has 1505 binaries, 0 generals, 0 SOSs, and 0 indicators.
Presolve time = 0.02 sec. (3.14 ticks)
Probing time = 0.00 sec. (3.10 ticks)
Tried aggregator 1 time.
Reduced MIP has 317 rows, 1505 columns, and 7517 nonzeros.
Reduced MIP has 1505 binaries, 0 generals, 0 SOSs, and 0 indicators.
Presolve time = 0.00 sec. (3.72 ticks)
Probing time = 0.00 sec. (3.17 ticks)
Clique table members: 4864.
MIP emphasis: balance optimality and feasibility.
MIP search method: dynamic search.
Parallel mode: deterministic, using up to 4 threads.
Root relaxation solution time = 0.02 sec. (8.73 ticks)

        Nodes                                         Cuts/
   Node  Left     Objective  IInf  Best Integer    Best Bound    ItCnt     Gap

*     0+    0                            0.0000     9594.0000              --- 
*     0+    0                         1509.0000     9594.0000           535.79%
      0     0     3269.2300     7     1509.0000     3269.2300      490  116.65%
      0     0     2666.4350    79     1509.0000     Cuts: 179      678   76.70%
*     0+    0                         2087.0000     2666.4350            27.76%
      0     0        cutoff           2087.0000     2087.0000      950    0.00%
Elapsed time = 0.16 sec. (104.43 ticks, tree = 0.01 MB, solutions = 3)

Clique cuts applied:  253
Cover cuts applied:  2
Implied bound cuts applied:  6
Mixed integer rounding cuts applied:  4
Zero-half cuts applied:  5

Root node processing (before b&c):
  Real time             =    0.16 sec. (104.55 ticks)
Parallel b&c, 4 threads:
  Real time             =    0.00 sec. (0.00 ticks)
  Sync time (average)   =    0.00 sec.
  Wait time (average)   =    0.00 sec.
                          ------------
Total (root+branch&cut) =    0.16 sec. (104.55 ticks)
