CPXPARAM_Read_DataCheck                          1
Found incumbent of value 0.000000 after 0.00 sec. (0.04 ticks)
Tried aggregator 1 time.
MIP Presolve modified 1 coefficients.
Reduced MIP has 317 rows, 1505 columns, and 7517 nonzeros.
Reduced MIP has 1505 binaries, 0 generals, 0 SOSs, and 0 indicators.
Presolve time = 0.00 sec. (3.14 ticks)
Probing time = 0.02 sec. (2.88 ticks)
Tried aggregator 1 time.
Reduced MIP has 317 rows, 1505 columns, and 7517 nonzeros.
Reduced MIP has 1505 binaries, 0 generals, 0 SOSs, and 0 indicators.
Presolve time = 0.00 sec. (3.73 ticks)
Probing time = 0.00 sec. (3.00 ticks)
Clique table members: 4864.
MIP emphasis: balance optimality and feasibility.
MIP search method: dynamic search.
Parallel mode: deterministic, using up to 4 threads.
Root relaxation solution time = 0.02 sec. (7.33 ticks)

        Nodes                                         Cuts/
   Node  Left     Objective  IInf  Best Integer    Best Bound    ItCnt     Gap

*     0+    0                            0.0000     9291.0000              --- 
*     0+    0                         1348.0000     9291.0000           589.24%
      0     0     3161.3767     5     1348.0000     3161.3767      439  134.52%
      0     0     2573.2136   323     1348.0000     Cuts: 179      647   90.89%
*     0+    0                         2098.0000     2573.2136            22.65%
      0     0        cutoff           2098.0000     2098.0000      939    0.00%
Elapsed time = 0.20 sec. (134.64 ticks, tree = 0.01 MB, solutions = 3)

Clique cuts applied:  320
Cover cuts applied:  8
Implied bound cuts applied:  4
Mixed integer rounding cuts applied:  5
Zero-half cuts applied:  3
Gomory fractional cuts applied:  1

Root node processing (before b&c):
  Real time             =    0.20 sec. (134.76 ticks)
Parallel b&c, 4 threads:
  Real time             =    0.00 sec. (0.00 ticks)
  Sync time (average)   =    0.00 sec.
  Wait time (average)   =    0.00 sec.
                          ------------
Total (root+branch&cut) =    0.20 sec. (134.76 ticks)
