CPXPARAM_Read_DataCheck                          1
Found incumbent of value 0.000000 after 0.00 sec. (0.04 ticks)
Tried aggregator 1 time.
MIP Presolve modified 1 coefficients.
Reduced MIP has 317 rows, 1505 columns, and 7517 nonzeros.
Reduced MIP has 1505 binaries, 0 generals, 0 SOSs, and 0 indicators.
Presolve time = 0.00 sec. (3.14 ticks)
Probing time = 0.02 sec. (3.07 ticks)
Tried aggregator 1 time.
Reduced MIP has 317 rows, 1505 columns, and 7517 nonzeros.
Reduced MIP has 1505 binaries, 0 generals, 0 SOSs, and 0 indicators.
Presolve time = 0.00 sec. (3.72 ticks)
Probing time = 0.00 sec. (3.11 ticks)
Clique table members: 4864.
MIP emphasis: balance optimality and feasibility.
MIP search method: dynamic search.
Parallel mode: deterministic, using up to 4 threads.
Root relaxation solution time = 0.02 sec. (7.10 ticks)

        Nodes                                         Cuts/
   Node  Left     Objective  IInf  Best Integer    Best Bound    ItCnt     Gap

*     0+    0                            0.0000     9559.0000              --- 
*     0+    0                          666.0000     9559.0000              --- 
      0     0     3077.5267     5      666.0000     3077.5267      445  362.09%
      0     0     2614.0149   113      666.0000     Cuts: 179      703  292.49%
*     0+    0                         1586.0000     2614.0149            64.82%
*     0+    0                         1873.0000     2614.0149            39.56%
      0     0        cutoff           1873.0000     1873.0000     1033    0.00%
Elapsed time = 0.16 sec. (119.01 ticks, tree = 0.01 MB, solutions = 4)

Clique cuts applied:  224
Cover cuts applied:  4
Implied bound cuts applied:  2
Mixed integer rounding cuts applied:  5
Zero-half cuts applied:  5

Root node processing (before b&c):
  Real time             =    0.16 sec. (119.13 ticks)
Parallel b&c, 4 threads:
  Real time             =    0.00 sec. (0.00 ticks)
  Sync time (average)   =    0.00 sec.
  Wait time (average)   =    0.00 sec.
                          ------------
Total (root+branch&cut) =    0.16 sec. (119.13 ticks)
