CPXPARAM_Read_DataCheck                          1
Found incumbent of value 0.000000 after 0.00 sec. (0.04 ticks)
Tried aggregator 1 time.
MIP Presolve modified 1 coefficients.
Reduced MIP has 317 rows, 1505 columns, and 7517 nonzeros.
Reduced MIP has 1505 binaries, 0 generals, 0 SOSs, and 0 indicators.
Presolve time = 0.00 sec. (2.82 ticks)
Probing time = 0.00 sec. (3.14 ticks)
Tried aggregator 1 time.
Reduced MIP has 317 rows, 1505 columns, and 7517 nonzeros.
Reduced MIP has 1505 binaries, 0 generals, 0 SOSs, and 0 indicators.
Presolve time = 0.00 sec. (3.38 ticks)
Probing time = 0.00 sec. (3.12 ticks)
Clique table members: 5314.
MIP emphasis: balance optimality and feasibility.
MIP search method: dynamic search.
Parallel mode: deterministic, using up to 4 threads.
Root relaxation solution time = 0.00 sec. (5.00 ticks)

        Nodes                                         Cuts/
   Node  Left     Objective  IInf  Best Integer    Best Bound    ItCnt     Gap

*     0+    0                            0.0000     9372.0000              --- 
      0     0     5086.6300     5        0.0000     5086.6300      418     --- 
*     0+    0                         3050.0000     5086.6300            66.77%
      0     0     5060.4000     5     3050.0000  Cliques: 179      429   65.91%
      0     0     5051.9233     5     3050.0000  Cliques: 179      433   65.64%
*     0+    0                         3085.0000     5051.9233            63.76%
      0     0        cutoff           3085.0000     3085.0000      705    0.00%
Elapsed time = 0.11 sec. (100.94 ticks, tree = 0.01 MB, solutions = 3)

Clique cuts applied:  533
Cover cuts applied:  2

Root node processing (before b&c):
  Real time             =    0.11 sec. (101.05 ticks)
Parallel b&c, 4 threads:
  Real time             =    0.00 sec. (0.00 ticks)
  Sync time (average)   =    0.00 sec.
  Wait time (average)   =    0.00 sec.
                          ------------
Total (root+branch&cut) =    0.11 sec. (101.05 ticks)
