CPXPARAM_Read_DataCheck                          1
Found incumbent of value 0.000000 after 0.00 sec. (0.04 ticks)
Tried aggregator 1 time.
MIP Presolve eliminated 2 rows and 0 columns.
MIP Presolve modified 193 coefficients.
Reduced MIP has 315 rows, 1505 columns, and 6917 nonzeros.
Reduced MIP has 1505 binaries, 0 generals, 0 SOSs, and 0 indicators.
Presolve time = 0.00 sec. (2.86 ticks)
Probing time = 0.00 sec. (1.60 ticks)
Tried aggregator 1 time.
Reduced MIP has 315 rows, 1505 columns, and 6917 nonzeros.
Reduced MIP has 1505 binaries, 0 generals, 0 SOSs, and 0 indicators.
Presolve time = 0.00 sec. (3.19 ticks)
Probing time = 0.00 sec. (1.59 ticks)
Clique table members: 2101.
MIP emphasis: balance optimality and feasibility.
MIP search method: dynamic search.
Parallel mode: deterministic, using up to 4 threads.
Root relaxation solution time = 0.00 sec. (5.35 ticks)

        Nodes                                         Cuts/
   Node  Left     Objective  IInf  Best Integer    Best Bound    ItCnt     Gap

*     0+    0                            0.0000     9140.0000              --- 
      0     0     5006.9500     5        0.0000     5006.9500      447     --- 
      0     0     3577.8562   230        0.0000     Cuts: 178     1028     --- 
*     0+    0                         2497.0000     3577.8562            43.29%
      0     0        cutoff           2497.0000     2497.0000     1189    0.00%
Elapsed time = 0.13 sec. (100.37 ticks, tree = 0.01 MB, solutions = 2)

Clique cuts applied:  311
Cover cuts applied:  2
Mixed integer rounding cuts applied:  2
Zero-half cuts applied:  4
Gomory fractional cuts applied:  1

Root node processing (before b&c):
  Real time             =    0.13 sec. (100.47 ticks)
Parallel b&c, 4 threads:
  Real time             =    0.00 sec. (0.00 ticks)
  Sync time (average)   =    0.00 sec.
  Wait time (average)   =    0.00 sec.
                          ------------
Total (root+branch&cut) =    0.13 sec. (100.47 ticks)
