CPXPARAM_Read_DataCheck                          1
Found incumbent of value 0.000000 after 0.00 sec. (0.04 ticks)
Tried aggregator 1 time.
MIP Presolve eliminated 9 rows and 0 columns.
MIP Presolve modified 1 coefficients.
Reduced MIP has 140 rows, 1515 columns, and 6651 nonzeros.
Reduced MIP has 1515 binaries, 0 generals, 0 SOSs, and 0 indicators.
Presolve time = 0.00 sec. (2.75 ticks)
Probing time = 0.00 sec. (2.88 ticks)
Tried aggregator 1 time.
Reduced MIP has 140 rows, 1515 columns, and 6651 nonzeros.
Reduced MIP has 1515 binaries, 0 generals, 0 SOSs, and 0 indicators.
Presolve time = 0.02 sec. (3.04 ticks)
Probing time = 0.00 sec. (2.83 ticks)
Clique table members: 4891.
MIP emphasis: balance optimality and feasibility.
MIP search method: dynamic search.
Parallel mode: deterministic, using up to 4 threads.
Root relaxation solution time = 0.00 sec. (3.97 ticks)

        Nodes                                         Cuts/
   Node  Left     Objective  IInf  Best Integer    Best Bound    ItCnt     Gap

*     0+    0                            0.0000     9283.0000              --- 
*     0+    0                         1342.0000     9283.0000           591.73%
      0     0     5004.0700    15     1342.0000     5004.0700      343  272.88%
      0     0     4903.1844    35     1342.0000     Cuts: 150      395  265.36%
      0     0     4555.8628   172     1342.0000     Cuts: 150      560  239.48%
      0     0     4419.7979   230     1342.0000     Cuts: 150      662  229.34%
      0     0     4315.7924   291     1342.0000     Cuts: 150      761  221.59%
*     0+    0                         2563.0000     4315.7924            68.39%
      0     0        cutoff           2563.0000     2563.0000     1000    0.00%
Elapsed time = 0.19 sec. (118.45 ticks, tree = 0.01 MB, solutions = 3)

GUB cover cuts applied:  10
Clique cuts applied:  570
Cover cuts applied:  20

Root node processing (before b&c):
  Real time             =    0.19 sec. (118.56 ticks)
Parallel b&c, 4 threads:
  Real time             =    0.00 sec. (0.00 ticks)
  Sync time (average)   =    0.00 sec.
  Wait time (average)   =    0.00 sec.
                          ------------
Total (root+branch&cut) =    0.19 sec. (118.56 ticks)
