CPXPARAM_Read_DataCheck                          1
Found incumbent of value 0.000000 after 0.00 sec. (0.38 ticks)
Tried aggregator 1 time.
MIP Presolve eliminated 9 rows and 0 columns.
MIP Presolve modified 1 coefficients.
Reduced MIP has 1040 rows, 15015 columns, and 66051 nonzeros.
Reduced MIP has 15015 binaries, 0 generals, 0 SOSs, and 0 indicators.
Presolve time = 0.03 sec. (26.68 ticks)
Tried aggregator 1 time.
Reduced MIP has 1040 rows, 15015 columns, and 66051 nonzeros.
Reduced MIP has 15015 binaries, 0 generals, 0 SOSs, and 0 indicators.
Presolve time = 0.05 sec. (29.43 ticks)
Probing time = 0.03 sec. (9.27 ticks)
Clique table members: 48091.
MIP emphasis: balance optimality and feasibility.
MIP search method: dynamic search.
Parallel mode: deterministic, using up to 4 threads.
Root relaxation solution time = 0.14 sec. (158.97 ticks)

        Nodes                                         Cuts/
   Node  Left     Objective  IInf  Best Integer    Best Bound    ItCnt     Gap

*     0+    0                            0.0000    92846.0000              --- 
      0     0    51141.9200    19        0.0000    51141.9200     2886     --- 
*     0+    0                        21875.0000    51141.9200           133.79%
      0     0        cutoff          21875.0000    21875.0000     2919    0.00%
Elapsed time = 2.78 sec. (1416.45 ticks, tree = 0.01 MB, solutions = 2)

Clique cuts applied:  360

Root node processing (before b&c):
  Real time             =    2.78 sec. (1417.38 ticks)
Parallel b&c, 4 threads:
  Real time             =    0.00 sec. (0.00 ticks)
  Sync time (average)   =    0.00 sec.
  Wait time (average)   =    0.00 sec.
                          ------------
Total (root+branch&cut) =    2.78 sec. (1417.38 ticks)
