CPXPARAM_Read_DataCheck                          1
Found incumbent of value 0.000000 after 0.00 sec. (0.38 ticks)
Tried aggregator 1 time.
MIP Presolve eliminated 4 rows and 0 columns.
MIP Presolve modified 1 coefficients.
Reduced MIP has 1045 rows, 15015 columns, and 71051 nonzeros.
Reduced MIP has 15015 binaries, 0 generals, 0 SOSs, and 0 indicators.
Presolve time = 0.03 sec. (27.63 ticks)
Tried aggregator 1 time.
Reduced MIP has 1045 rows, 15015 columns, and 71051 nonzeros.
Reduced MIP has 15015 binaries, 0 generals, 0 SOSs, and 0 indicators.
Presolve time = 0.03 sec. (30.96 ticks)
Probing time = 0.03 sec. (9.81 ticks)
Clique table members: 50591.
MIP emphasis: balance optimality and feasibility.
MIP search method: dynamic search.
Parallel mode: deterministic, using up to 4 threads.
Root relaxation solution time = 0.16 sec. (168.81 ticks)

        Nodes                                         Cuts/
   Node  Left     Objective  IInf  Best Integer    Best Bound    ItCnt     Gap

*     0+    0                            0.0000    92874.0000              --- 
      0     0    50016.3060    15        0.0000    50016.3060     2692     --- 
*     0+    0                        21646.0000    50016.3060           131.06%
      0     0        cutoff          21646.0000    21646.0000     2743    0.00%
Elapsed time = 2.47 sec. (1471.81 ticks, tree = 0.01 MB, solutions = 2)

Clique cuts applied:  361

Root node processing (before b&c):
  Real time             =    2.48 sec. (1472.76 ticks)
Parallel b&c, 4 threads:
  Real time             =    0.00 sec. (0.00 ticks)
  Sync time (average)   =    0.00 sec.
  Wait time (average)   =    0.00 sec.
                          ------------
Total (root+branch&cut) =    2.48 sec. (1472.76 ticks)
