CPXPARAM_Read_DataCheck                          1
Found incumbent of value 0.000000 after 0.00 sec. (0.08 ticks)
Tried aggregator 1 time.
MIP Presolve modified 1 coefficients.
Reduced MIP has 333 rows, 3010 columns, and 15034 nonzeros.
Reduced MIP has 3010 binaries, 0 generals, 0 SOSs, and 0 indicators.
Presolve time = 0.02 sec. (5.74 ticks)
Tried aggregator 1 time.
Reduced MIP has 333 rows, 3010 columns, and 15034 nonzeros.
Reduced MIP has 3010 binaries, 0 generals, 0 SOSs, and 0 indicators.
Presolve time = 0.00 sec. (6.86 ticks)
Probing time = 0.00 sec. (3.73 ticks)
Clique table members: 9981.
MIP emphasis: balance optimality and feasibility.
MIP search method: dynamic search.
Parallel mode: deterministic, using up to 4 threads.
Root relaxation solution time = 0.02 sec. (16.83 ticks)

        Nodes                                         Cuts/
   Node  Left     Objective  IInf  Best Integer    Best Bound    ItCnt     Gap

*     0+    0                            0.0000    18404.0000              --- 
*     0+    0                         2289.0000    18404.0000           704.02%
*     0+    0                         2413.0000    18404.0000           662.70%
      0     0     5266.8433    10     2413.0000     5266.8433      590  118.27%
*     0+    0                         3246.0000     5266.8433            62.26%
      0     0     4364.4620   194     3246.0000     Cuts: 183     1078   34.46%
*     0+    0                         3422.0000     4364.4620            27.54%
      0     0     4016.7404   337     3422.0000     Cuts: 183     1546   17.38%
*     0+    0                         3446.0000     4016.7404            16.56%
      0     0     3860.0646   467     3446.0000     Cuts: 183     1793   12.02%
*     0+    0                         3449.0000     3860.0646            11.92%
*     0+    0                         3457.0000     3860.0646            11.66%
      0     0     3684.5887   647     3457.0000     Cuts: 183     2189    6.58%
*     0+    0                         3458.0000     3684.5887             6.55%
      0     0        cutoff           3458.0000     3458.0000     2659    0.00%
Elapsed time = 1.34 sec. (725.83 ticks, tree = 0.01 MB, solutions = 9)

Clique cuts applied:  588
Cover cuts applied:  9
Implied bound cuts applied:  20
Flow cuts applied:  3
Mixed integer rounding cuts applied:  30
Zero-half cuts applied:  3

Root node processing (before b&c):
  Real time             =    1.34 sec. (726.19 ticks)
Parallel b&c, 4 threads:
  Real time             =    0.00 sec. (0.00 ticks)
  Sync time (average)   =    0.00 sec.
  Wait time (average)   =    0.00 sec.
                          ------------
Total (root+branch&cut) =    1.34 sec. (726.19 ticks)
