CPXPARAM_Read_DataCheck                          1
Found incumbent of value 0.000000 after 0.02 sec. (0.08 ticks)
Tried aggregator 1 time.
MIP Presolve eliminated 2 rows and 0 columns.
MIP Presolve modified 195 coefficients.
Reduced MIP has 331 rows, 3010 columns, and 14434 nonzeros.
Reduced MIP has 3010 binaries, 0 generals, 0 SOSs, and 0 indicators.
Presolve time = 0.00 sec. (5.52 ticks)
Tried aggregator 1 time.
Reduced MIP has 331 rows, 3010 columns, and 14434 nonzeros.
Reduced MIP has 3010 binaries, 0 generals, 0 SOSs, and 0 indicators.
Presolve time = 0.00 sec. (6.23 ticks)
Probing time = 0.00 sec. (3.88 ticks)
Clique table members: 10277.
MIP emphasis: balance optimality and feasibility.
MIP search method: dynamic search.
Parallel mode: deterministic, using up to 4 threads.
Root relaxation solution time = 0.02 sec. (10.01 ticks)

        Nodes                                         Cuts/
   Node  Left     Objective  IInf  Best Integer    Best Bound    ItCnt     Gap

*     0+    0                            0.0000    18539.0000              --- 
*     0+    0                          834.0000    18539.0000              --- 
      0     0    10023.6867    10      834.0000    10023.6867      554     --- 
*     0+    0                         4784.0000    10023.6867           109.53%
      0     0     9985.8667    10     4784.0000  Cliques: 182      582   69.79%
      0     0     9977.1500    10     4784.0000  Cliques: 182      588   69.79%
*     0+    0                         4995.0000     8122.8367            62.62%
      0     2     9977.1500    10     4995.0000     6921.3600      588   38.57%
Elapsed time = 0.36 sec. (196.37 ticks, tree = 0.01 MB, solutions = 4)

Clique cuts applied:  360

Root node processing (before b&c):
  Real time             =    0.36 sec. (195.75 ticks)
Parallel b&c, 4 threads:
  Real time             =    0.36 sec. (222.44 ticks)
  Sync time (average)   =    0.04 sec.
  Wait time (average)   =    0.00 sec.
                          ------------
Total (root+branch&cut) =    0.72 sec. (418.19 ticks)
