CPXPARAM_Read_DataCheck                          1
Found incumbent of value 0.000000 after 0.00 sec. (0.08 ticks)
Tried aggregator 1 time.
MIP Presolve eliminated 7 rows and 0 columns.
MIP Presolve modified 404 coefficients.
Reduced MIP has 326 rows, 3010 columns, and 12934 nonzeros.
Reduced MIP has 3010 binaries, 0 generals, 0 SOSs, and 0 indicators.
Presolve time = 0.00 sec. (8.18 ticks)
Tried aggregator 1 time.
Reduced MIP has 326 rows, 3010 columns, and 12934 nonzeros.
Reduced MIP has 3010 binaries, 0 generals, 0 SOSs, and 0 indicators.
Presolve time = 0.02 sec. (5.76 ticks)
Probing time = 0.00 sec. (4.20 ticks)
Clique table members: 9527.
MIP emphasis: balance optimality and feasibility.
MIP search method: dynamic search.
Parallel mode: deterministic, using up to 4 threads.
Root relaxation solution time = 0.00 sec. (10.42 ticks)

        Nodes                                         Cuts/
   Node  Left     Objective  IInf  Best Integer    Best Bound    ItCnt     Gap

*     0+    0                            0.0000    18469.0000              --- 
*     0+    0                         1063.0000    18469.0000              --- 
      0     0     9903.1701    12     1063.0000     9903.1701      650  831.62%
*     0+    0                         5080.0000     9903.1701            94.94%
      0     0     9861.9068    12     5080.0000  Cliques: 181      674   48.07%
      0     0     9854.9768    12     5080.0000  Cliques: 181      680   48.07%
*     0+    0                         5193.0000     7522.0133            44.85%
      0     0        cutoff           5193.0000     5193.0000      680    0.00%
Elapsed time = 0.34 sec. (193.27 ticks, tree = 0.01 MB, solutions = 4)

Clique cuts applied:  355

Root node processing (before b&c):
  Real time             =    0.34 sec. (193.50 ticks)
Parallel b&c, 4 threads:
  Real time             =    0.00 sec. (0.00 ticks)
  Sync time (average)   =    0.00 sec.
  Wait time (average)   =    0.00 sec.
                          ------------
Total (root+branch&cut) =    0.34 sec. (193.50 ticks)
