CPXPARAM_Read_DataCheck                          1
Found incumbent of value 0.000000 after 0.00 sec. (0.08 ticks)
Tried aggregator 1 time.
MIP Presolve modified 1 coefficients.
Reduced MIP has 333 rows, 3010 columns, and 15034 nonzeros.
Reduced MIP has 3010 binaries, 0 generals, 0 SOSs, and 0 indicators.
Presolve time = 0.02 sec. (5.72 ticks)
Tried aggregator 1 time.
Reduced MIP has 333 rows, 3010 columns, and 15034 nonzeros.
Reduced MIP has 3010 binaries, 0 generals, 0 SOSs, and 0 indicators.
Presolve time = 0.02 sec. (6.80 ticks)
Probing time = 0.00 sec. (3.71 ticks)
Clique table members: 10005.
MIP emphasis: balance optimality and feasibility.
MIP search method: dynamic search.
Parallel mode: deterministic, using up to 4 threads.
Root relaxation solution time = 0.02 sec. (15.73 ticks)

        Nodes                                         Cuts/
   Node  Left     Objective  IInf  Best Integer    Best Bound    ItCnt     Gap

*     0+    0                            0.0000    18469.0000              --- 
*     0+    0                         3052.0000    18469.0000           505.14%
      0     0     5343.1633    10     3052.0000     5343.1633      568   75.07%
      0     0     4531.3200   157     3052.0000     Cuts: 183      991   48.47%
*     0+    0                         3804.0000     4531.3200            19.12%
      0     0     4176.2807   359     3804.0000     Cuts: 183     1495    9.79%
      0     0     4076.9931   511     3804.0000     Cuts: 183     1945    7.18%
*     0+    0                         3827.0000     4076.9931             6.53%
      0     0     4010.9419   655     3827.0000     Cuts: 183     2470    3.47%
*     0+    0                         3829.0000     3959.8965             3.42%
      0     0        cutoff           3829.0000     3829.0000     2818    0.00%
Elapsed time = 1.28 sec. (666.82 ticks, tree = 0.01 MB, solutions = 5)

Clique cuts applied:  558
Cover cuts applied:  7
Implied bound cuts applied:  16
Mixed integer rounding cuts applied:  55
Zero-half cuts applied:  11
Lift and project cuts applied:  1

Root node processing (before b&c):
  Real time             =    1.30 sec. (667.09 ticks)
Parallel b&c, 4 threads:
  Real time             =    0.00 sec. (0.00 ticks)
  Sync time (average)   =    0.00 sec.
  Wait time (average)   =    0.00 sec.
                          ------------
Total (root+branch&cut) =    1.30 sec. (667.09 ticks)
