CPXPARAM_Read_DataCheck                          1
Found incumbent of value 0.000000 after 0.00 sec. (0.08 ticks)
Tried aggregator 1 time.
MIP Presolve eliminated 2 rows and 0 columns.
MIP Presolve modified 1 coefficients.
Reduced MIP has 331 rows, 3010 columns, and 14434 nonzeros.
Reduced MIP has 3010 binaries, 0 generals, 0 SOSs, and 0 indicators.
Presolve time = 0.02 sec. (5.53 ticks)
Tried aggregator 1 time.
Reduced MIP has 331 rows, 3010 columns, and 14434 nonzeros.
Reduced MIP has 3010 binaries, 0 generals, 0 SOSs, and 0 indicators.
Presolve time = 0.02 sec. (6.24 ticks)
Probing time = 0.02 sec. (3.91 ticks)
Clique table members: 10277.
MIP emphasis: balance optimality and feasibility.
MIP search method: dynamic search.
Parallel mode: deterministic, using up to 4 threads.
Root relaxation solution time = 0.02 sec. (10.27 ticks)

        Nodes                                         Cuts/
   Node  Left     Objective  IInf  Best Integer    Best Bound    ItCnt     Gap

*     0+    0                            0.0000    18787.0000              --- 
*     0+    0                         1288.0000    18787.0000              --- 
      0     0    10780.2200    10     1288.0000    10780.2200      607  736.97%
*     0+    0                         6542.0000    10780.2200            64.78%
*     0+    0                         6836.0000    10780.2200            57.70%
      0     0    10748.7267    10     6836.0000  Cliques: 182      633   25.03%
      0     0    10737.0067    10     6836.0000  Cliques: 182      643   25.03%
      0     0        cutoff           6836.0000     6836.0000      643    0.00%
Elapsed time = 0.36 sec. (195.88 ticks, tree = 0.01 MB, solutions = 4)

Clique cuts applied:  360

Root node processing (before b&c):
  Real time             =    0.36 sec. (196.11 ticks)
Parallel b&c, 4 threads:
  Real time             =    0.00 sec. (0.00 ticks)
  Sync time (average)   =    0.00 sec.
  Wait time (average)   =    0.00 sec.
                          ------------
Total (root+branch&cut) =    0.36 sec. (196.11 ticks)
