CPXPARAM_Read_DataCheck                          1
Found incumbent of value 0.000000 after 0.00 sec. (0.08 ticks)
Tried aggregator 1 time.
MIP Presolve modified 1 coefficients.
Reduced MIP has 333 rows, 3010 columns, and 15034 nonzeros.
Reduced MIP has 3010 binaries, 0 generals, 0 SOSs, and 0 indicators.
Presolve time = 0.02 sec. (5.34 ticks)
Tried aggregator 1 time.
Reduced MIP has 333 rows, 3010 columns, and 15034 nonzeros.
Reduced MIP has 3010 binaries, 0 generals, 0 SOSs, and 0 indicators.
Presolve time = 0.02 sec. (6.44 ticks)
Probing time = 0.00 sec. (3.76 ticks)
Clique table members: 10577.
MIP emphasis: balance optimality and feasibility.
MIP search method: dynamic search.
Parallel mode: deterministic, using up to 4 threads.
Root relaxation solution time = 0.00 sec. (11.82 ticks)

        Nodes                                         Cuts/
   Node  Left     Objective  IInf  Best Integer    Best Bound    ItCnt     Gap

*     0+    0                            0.0000    18432.0000              --- 
      0     0    10123.5267    14        0.0000    10123.5267      605     --- 
*     0+    0                         5233.0000    10123.5267            93.46%
      0     0    10101.0600    13     5233.0000  Cliques: 183      626   80.61%
      0     0    10089.2733    11     5233.0000  Cliques: 183      636   80.61%
*     0+    0                         5703.0000     9451.3767            65.73%
      0     0     7588.0333   277     5703.0000     Cuts: 183     1739   11.22%
      0     0     7573.4343   276     5703.0000  Cliques: 183     1767   11.22%
      0     0        cutoff           5703.0000     5703.0000     1800    0.00%
Elapsed time = 0.67 sec. (390.06 ticks, tree = 0.01 MB, solutions = 3)

Clique cuts applied:  715
Cover cuts applied:  2
Implied bound cuts applied:  2
Mixed integer rounding cuts applied:  5
Zero-half cuts applied:  5

Root node processing (before b&c):
  Real time             =    0.67 sec. (390.29 ticks)
Parallel b&c, 4 threads:
  Real time             =    0.00 sec. (0.00 ticks)
  Sync time (average)   =    0.00 sec.
  Wait time (average)   =    0.00 sec.
                          ------------
Total (root+branch&cut) =    0.67 sec. (390.29 ticks)
