CPXPARAM_Read_DataCheck                          1
Found incumbent of value 0.000000 after 0.02 sec. (1.31 ticks)
Tried aggregator 1 time.
MIP Presolve eliminated 1 rows and 0 columns.
MIP Presolve modified 1 coefficients.
Reduced MIP has 10016 rows, 50005 columns, and 240017 nonzeros.
Reduced MIP has 50005 binaries, 0 generals, 0 SOSs, and 0 indicators.
Presolve time = 0.11 sec. (91.31 ticks)
Probing time = 0.11 sec. (40.90 ticks)
Tried aggregator 1 time.
Reduced MIP has 10016 rows, 50005 columns, and 240017 nonzeros.
Reduced MIP has 50005 binaries, 0 generals, 0 SOSs, and 0 indicators.
Presolve time = 0.22 sec. (106.19 ticks)
Probing time = 0.09 sec. (40.32 ticks)
Clique table members: 170064.
MIP emphasis: balance optimality and feasibility.
MIP search method: dynamic search.
Parallel mode: deterministic, using up to 4 threads.
Root relaxation solution time = 0.89 sec. (813.24 ticks)

        Nodes                                         Cuts/
   Node  Left     Objective  IInf  Best Integer    Best Bound    ItCnt     Gap

*     0+    0                            0.0000   309953.0000              --- 
      0     0   162893.1935     7        0.0000   162893.1935       23     --- 
*     0+    0                        85040.0000   162893.1935            91.55%
      0     0        cutoff          85040.0000    85040.0000       36    0.00%
Elapsed time = 31.02 sec. (17230.12 ticks, tree = 0.01 MB, solutions = 2)

Clique cuts applied:  2604

Root node processing (before b&c):
  Real time             =   31.03 sec. (17233.35 ticks)
Parallel b&c, 4 threads:
  Real time             =    0.00 sec. (0.00 ticks)
  Sync time (average)   =    0.00 sec.
  Wait time (average)   =    0.00 sec.
                          ------------
Total (root+branch&cut) =   31.03 sec. (17233.35 ticks)
