CPXPARAM_Read_DataCheck                          1
Found incumbent of value 0.000000 after 0.00 sec. (1.31 ticks)
Tried aggregator 1 time.
MIP Presolve modified 1 coefficients.
Reduced MIP has 10017 rows, 50005 columns, and 250017 nonzeros.
Reduced MIP has 50005 binaries, 0 generals, 0 SOSs, and 0 indicators.
Presolve time = 0.13 sec. (146.20 ticks)
Probing time = 0.09 sec. (33.11 ticks)
Tried aggregator 1 time.
Reduced MIP has 10017 rows, 50005 columns, and 250017 nonzeros.
Reduced MIP has 50005 binaries, 0 generals, 0 SOSs, and 0 indicators.
Presolve time = 0.17 sec. (167.06 ticks)
Probing time = 0.06 sec. (33.57 ticks)
Clique table members: 160064.
MIP emphasis: balance optimality and feasibility.
MIP search method: dynamic search.
Parallel mode: deterministic, using up to 4 threads.
Root relaxation solution time = 0.78 sec. (854.50 ticks)

        Nodes                                         Cuts/
   Node  Left     Objective  IInf  Best Integer    Best Bound    ItCnt     Gap

*     0+    0                            0.0000   309953.0000              --- 
*     0+    0                        75961.0000   309953.0000           308.04%
      0     0   106004.9798     5    75961.0000   106004.9798       15   39.55%
      0     0        cutoff          75961.0000    75961.0000       17    0.00%
Elapsed time = 15.08 sec. (8282.78 ticks, tree = 0.01 MB, solutions = 2)

Clique cuts applied:  2604

Root node processing (before b&c):
  Real time             =   15.08 sec. (8285.95 ticks)
Parallel b&c, 4 threads:
  Real time             =    0.00 sec. (0.00 ticks)
  Sync time (average)   =    0.00 sec.
  Wait time (average)   =    0.00 sec.
                          ------------
Total (root+branch&cut) =   15.08 sec. (8285.95 ticks)
