CPXPARAM_Read_DataCheck                          1
Found incumbent of value 0.000000 after 0.00 sec. (1.31 ticks)
Tried aggregator 1 time.
MIP Presolve modified 1 coefficients.
Reduced MIP has 10017 rows, 50005 columns, and 250017 nonzeros.
Reduced MIP has 50005 binaries, 0 generals, 0 SOSs, and 0 indicators.
Presolve time = 0.13 sec. (146.21 ticks)
Probing time = 0.11 sec. (34.19 ticks)
Tried aggregator 1 time.
Reduced MIP has 10017 rows, 50005 columns, and 250017 nonzeros.
Reduced MIP has 50005 binaries, 0 generals, 0 SOSs, and 0 indicators.
Presolve time = 0.17 sec. (167.12 ticks)
Probing time = 0.08 sec. (32.61 ticks)
Clique table members: 160064.
MIP emphasis: balance optimality and feasibility.
MIP search method: dynamic search.
Parallel mode: deterministic, using up to 4 threads.
Root relaxation solution time = 0.70 sec. (780.16 ticks)

        Nodes                                         Cuts/
   Node  Left     Objective  IInf  Best Integer    Best Bound    ItCnt     Gap

*     0+    0                            0.0000   309577.0000              --- 
*     0+    0                        27089.0000   309577.0000              --- 
      0     0   109306.9136     5    27089.0000   109306.9136       11  303.51%
*     0+    0                        81007.0000   109306.9136            34.94%
      0     0        cutoff          81007.0000    81007.0000     4750    0.00%
Elapsed time = 18.67 sec. (11778.00 ticks, tree = 0.01 MB, solutions = 3)

Clique cuts applied:  2598
Cover cuts applied:  2
Implied bound cuts applied:  1
Gomory fractional cuts applied:  3

Root node processing (before b&c):
  Real time             =   18.69 sec. (11781.62 ticks)
Parallel b&c, 4 threads:
  Real time             =    0.00 sec. (0.00 ticks)
  Sync time (average)   =    0.00 sec.
  Wait time (average)   =    0.00 sec.
                          ------------
Total (root+branch&cut) =   18.69 sec. (11781.62 ticks)
