CPXPARAM_Read_DataCheck                          1
Found incumbent of value 0.000000 after 0.00 sec. (1.31 ticks)
Tried aggregator 1 time.
MIP Presolve modified 1 coefficients.
Reduced MIP has 10017 rows, 50005 columns, and 250017 nonzeros.
Reduced MIP has 50005 binaries, 0 generals, 0 SOSs, and 0 indicators.
Presolve time = 0.13 sec. (146.20 ticks)
Probing time = 0.09 sec. (33.20 ticks)
Tried aggregator 1 time.
Reduced MIP has 10017 rows, 50005 columns, and 250017 nonzeros.
Reduced MIP has 50005 binaries, 0 generals, 0 SOSs, and 0 indicators.
Presolve time = 0.20 sec. (167.11 ticks)
Probing time = 0.06 sec. (29.87 ticks)
Clique table members: 160064.
MIP emphasis: balance optimality and feasibility.
MIP search method: dynamic search.
Parallel mode: deterministic, using up to 4 threads.
Root relaxation solution time = 0.73 sec. (806.37 ticks)

        Nodes                                         Cuts/
   Node  Left     Objective  IInf  Best Integer    Best Bound    ItCnt     Gap

*     0+    0                            0.0000   309040.0000              --- 
*     0+    0                        37921.0000   309040.0000           714.96%
      0     0   108385.3840     5    37921.0000   108385.3840       12  185.82%
*     0+    0                        79205.0000   108385.3840            36.84%
      0     0    99862.0698   613    79205.0000    Cuts: 2604     1156    9.42%
*     0+    0                        79208.0000    86664.3809             9.41%
      0     0        cutoff          79208.0000    79208.0000     5770    0.00%
Elapsed time = 37.50 sec. (20592.60 ticks, tree = 0.01 MB, solutions = 4)

Clique cuts applied:  4872
Implied bound cuts applied:  3
Mixed integer rounding cuts applied:  3
Gomory fractional cuts applied:  2

Root node processing (before b&c):
  Real time             =   37.52 sec. (20596.64 ticks)
Parallel b&c, 4 threads:
  Real time             =    0.00 sec. (0.00 ticks)
  Sync time (average)   =    0.00 sec.
  Wait time (average)   =    0.00 sec.
                          ------------
Total (root+branch&cut) =   37.52 sec. (20596.64 ticks)
