CPXPARAM_Read_DataCheck                          1
Found incumbent of value 0.000000 after 0.00 sec. (1.31 ticks)
Tried aggregator 1 time.
MIP Presolve modified 1 coefficients.
Reduced MIP has 10017 rows, 50005 columns, and 250017 nonzeros.
Reduced MIP has 50005 binaries, 0 generals, 0 SOSs, and 0 indicators.
Presolve time = 0.13 sec. (146.20 ticks)
Probing time = 0.09 sec. (33.51 ticks)
Tried aggregator 1 time.
Reduced MIP has 10017 rows, 50005 columns, and 250017 nonzeros.
Reduced MIP has 50005 binaries, 0 generals, 0 SOSs, and 0 indicators.
Presolve time = 0.17 sec. (167.11 ticks)
Probing time = 0.06 sec. (33.10 ticks)
Clique table members: 160064.
MIP emphasis: balance optimality and feasibility.
MIP search method: dynamic search.
Parallel mode: deterministic, using up to 4 threads.
Root relaxation solution time = 0.81 sec. (835.72 ticks)

        Nodes                                         Cuts/
   Node  Left     Objective  IInf  Best Integer    Best Bound    ItCnt     Gap

*     0+    0                            0.0000   308967.0000              --- 
*     0+    0                         7654.0000   308967.0000              --- 
      0     0   104555.2335     5     7654.0000   104555.2335       14     --- 
*     0+    0                        68758.0000   104555.2335            52.06%
      0     0    89036.4662   128    68758.0000    Cuts: 2604     2383   29.49%
      0     0        cutoff          68758.0000    68758.0000     6574    0.00%
Elapsed time = 37.84 sec. (24476.20 ticks, tree = 0.01 MB, solutions = 3)

Clique cuts applied:  3163
Implied bound cuts applied:  1
Mixed integer rounding cuts applied:  7
Gomory fractional cuts applied:  5

Root node processing (before b&c):
  Real time             =   37.86 sec. (24479.91 ticks)
Parallel b&c, 4 threads:
  Real time             =    0.00 sec. (0.00 ticks)
  Sync time (average)   =    0.00 sec.
  Wait time (average)   =    0.00 sec.
                          ------------
Total (root+branch&cut) =   37.86 sec. (24479.91 ticks)
