CPXPARAM_Read_DataCheck                          1
Found incumbent of value 0.000000 after 0.00 sec. (0.12 ticks)
Tried aggregator 1 time.
MIP Presolve modified 1 coefficients.
Reduced MIP has 349 rows, 4515 columns, and 22551 nonzeros.
Reduced MIP has 4515 binaries, 0 generals, 0 SOSs, and 0 indicators.
Presolve time = 0.02 sec. (8.38 ticks)
Tried aggregator 1 time.
Reduced MIP has 349 rows, 4515 columns, and 22551 nonzeros.
Reduced MIP has 4515 binaries, 0 generals, 0 SOSs, and 0 indicators.
Presolve time = 0.02 sec. (10.00 ticks)
Probing time = 0.02 sec. (4.08 ticks)
Clique table members: 15171.
MIP emphasis: balance optimality and feasibility.
MIP search method: dynamic search.
Parallel mode: deterministic, using up to 4 threads.
Root relaxation solution time = 0.02 sec. (25.94 ticks)

        Nodes                                         Cuts/
   Node  Left     Objective  IInf  Best Integer    Best Bound    ItCnt     Gap

*     0+    0                            0.0000    27742.0000              --- 
*     0+    0                         2726.0000    27742.0000           917.68%
      0     0     7147.8067    15     2726.0000     7147.8067      635  162.21%
*     0+    0                         5069.0000     7147.8067            41.01%
      0     0     6196.4879   107     5069.0000     Cuts: 187     1285   22.24%
      0     0     5903.7057   191     5069.0000     Cuts: 187     1696   16.47%
*     0+    0                         5168.0000     5903.7057            14.24%
      0     0     5685.6850   441     5168.0000     Cuts: 187     2344   10.02%
*     0+    0                         5176.0000     5685.6850             9.85%
      0     0     5559.7736   584     5176.0000     Cuts: 187     3016    7.41%
*     0+    0                         5196.0000     5559.7736             7.00%
      0     0     5471.1429   736     5196.0000     Cuts: 187     3664    5.30%
*     0+    0                         5201.0000     5471.1429             5.19%
      0     0     5433.8341   837     5201.0000     Cuts: 187     4104    4.48%
*     0+    0                         5202.0000     5433.8341             4.46%
      0     0     5399.2109   926     5202.0000     Cuts: 187     4564    3.79%
      0     0     5372.2514   985     5202.0000     Cuts: 187     4995    3.27%
*     0+    0                         5211.0000     5372.2514             3.09%
      0     0     5345.4895  1044     5211.0000     Cuts: 187     5378    2.58%
*     0+    0                         5217.0000     5345.4895             2.46%
      0     0     5336.3790  1068     5217.0000     Cuts: 187     5607    2.29%
      0     0     5321.7029  1099     5217.0000     Cuts: 187     5976    2.01%
      0     0     5317.2742  1117     5217.0000     Cuts: 187     6069    1.92%
      0     0     5312.0315  1162     5217.0000     Cuts: 181     6252    1.82%
      0     0     5308.7989  1101     5217.0000     Cuts: 187     6417    1.76%
      0     0     5305.0781  1132     5217.0000     Cuts: 140     6592    1.69%
      0     0     5303.0885  1134     5217.0000      Cuts: 52     6724    1.65%
      0     0     5301.2718  1152     5217.0000      Cuts: 96     6842    1.62%
      0     0     5299.9112  1115     5217.0000      Cuts: 84     6973    1.59%
*     0+    0                         5224.0000     5299.9112             1.45%
      0     0     5297.5367  1187     5224.0000     Cuts: 123     7075    1.41%
      0     0     5295.7679  1166     5224.0000     Cuts: 110     7214    1.37%
      0     0     5294.1244  1164     5224.0000     Cuts: 187     7364    1.34%
      0     0     5288.1580  1095     5224.0000     Cuts: 107     7593    1.23%
      0     0     5285.5251  1094     5224.0000     Cuts: 118     7721    1.18%
      0     0     5283.8907  1087     5224.0000      Cuts: 77     7814    1.15%
      0     0     5283.4718  1100     5224.0000     Cuts: 157     7876    1.14%
      0     2     5283.4718  1100     5224.0000     5283.4718     7876    1.14%
Elapsed time = 10.59 sec. (5202.68 ticks, tree = 0.01 MB, solutions = 11)
*     6+    2                         5225.0000     5283.4648             1.12%
     16     6     5264.5734   973     5225.0000     5274.4872     9838    0.95%
*    65+   36                         5228.0000     5264.5573             0.70%
     78    40     5251.2265   773     5228.0000     5263.4845    12915    0.68%
*   128+   62                         5234.0000     5259.5087             0.49%
*   216+   38                         5236.0000     5245.1625             0.17%
    247    60     5236.8750     8     5236.0000     5245.1625    17039    0.17%
*   256+   33                         5236.0000     5245.1625             0.17%

Clique cuts applied:  773
Cover cuts applied:  27
Implied bound cuts applied:  82
Flow cuts applied:  35
Mixed integer rounding cuts applied:  104
Zero-half cuts applied:  57

Root node processing (before b&c):
  Real time             =   10.50 sec. (5135.89 ticks)
Parallel b&c, 4 threads:
  Real time             =    1.14 sec. (837.20 ticks)
  Sync time (average)   =    0.19 sec.
  Wait time (average)   =    0.00 sec.
                          ------------
Total (root+branch&cut) =   11.64 sec. (5973.09 ticks)
