CPXPARAM_Read_DataCheck                          1
Found incumbent of value 0.000000 after 0.00 sec. (0.12 ticks)
Tried aggregator 1 time.
MIP Presolve modified 1 coefficients.
Reduced MIP has 349 rows, 4515 columns, and 22551 nonzeros.
Reduced MIP has 4515 binaries, 0 generals, 0 SOSs, and 0 indicators.
Presolve time = 0.02 sec. (8.43 ticks)
Tried aggregator 1 time.
Reduced MIP has 349 rows, 4515 columns, and 22551 nonzeros.
Reduced MIP has 4515 binaries, 0 generals, 0 SOSs, and 0 indicators.
Presolve time = 0.02 sec. (10.05 ticks)
Probing time = 0.02 sec. (4.20 ticks)
Clique table members: 15106.
MIP emphasis: balance optimality and feasibility.
MIP search method: dynamic search.
Parallel mode: deterministic, using up to 4 threads.
Root relaxation solution time = 0.03 sec. (24.75 ticks)

        Nodes                                         Cuts/
   Node  Left     Objective  IInf  Best Integer    Best Bound    ItCnt     Gap

*     0+    0                            0.0000    27540.0000              --- 
      0     0     7131.9500    15        0.0000     7131.9500      650     --- 
*     0+    0                         3569.0000     7131.9500            99.83%
*     0+    0                         5021.0000     7131.9500            42.04%
      0     0     6425.4339   180     5021.0000     Cuts: 187     1068   27.97%
*     0+    0                         5073.0000     6425.4339            26.66%
      0     0     5869.5472   269     5073.0000     Cuts: 187     1621   15.70%
      0     0     5698.2014   401     5073.0000     Cuts: 187     1984   12.32%
*     0+    0                         5078.0000     5698.2014            12.21%
      0     0     5506.6684   583     5078.0000     Cuts: 187     2604    8.44%
      0     0     5408.3333   714     5078.0000     Cuts: 187     3074    6.51%
      0     0     5336.7378   839     5078.0000     Cuts: 187     3595    5.10%
      0     0     5304.4448   905     5078.0000     Cuts: 187     3955    4.46%
      0     0     5263.7842   992     5078.0000     Cuts: 187     4390    3.66%
*     0+    0                         5079.0000     5263.7842             3.64%
      0     0     5245.3313  1027     5079.0000     Cuts: 187     4706    3.27%
      0     0     5219.9411  1056     5079.0000     Cuts: 187     5007    2.77%
      0     0     5204.8429  1079     5079.0000     Cuts: 187     5231    2.48%
      0     0     5192.1759  1053     5079.0000     Cuts: 187     5521    2.23%
      0     0     5176.2080  1126     5079.0000     Cuts: 187     5795    1.91%
      0     0     5166.8846  1099     5079.0000     Cuts: 187     6047    1.73%
      0     0     5162.0502  1081     5079.0000     Cuts: 122     6242    1.64%
      0     0     5158.3988  1080     5079.0000     Cuts: 148     6377    1.56%
      0     0     5156.0724  1095     5079.0000     Cuts: 113     6505    1.52%
      0     0     5154.5967  1100     5079.0000     Cuts: 117     6603    1.49%
      0     0     5152.8567  1095     5079.0000      Cuts: 99     6723    1.45%
      0     0     5151.4553  1098     5079.0000     Cuts: 115     6781    1.43%
      0     0     5149.7350  1111     5079.0000     Cuts: 119     6878    1.39%
      0     0     5147.1876  1119     5079.0000     Cuts: 136     7002    1.34%
      0     0     5146.2932  1116     5079.0000     Cuts: 105     7094    1.32%
      0     2     5146.2932  1116     5079.0000     5146.2932     7094    1.32%
Elapsed time = 11.42 sec. (5316.46 ticks, tree = 0.01 MB, solutions = 6)
     13     7     5096.6490   727     5079.0000     5146.2848     8391    1.32%
     46    10        cutoff           5079.0000     5134.6083    11407    1.09%
    241    32     5080.0000     8     5079.0000     5080.2222    14232    0.02%
*   261+   10                         5080.0000     5080.1019             0.00%

Clique cuts applied:  841
Cover cuts applied:  24
Implied bound cuts applied:  88
Flow cuts applied:  1
Mixed integer rounding cuts applied:  103
Zero-half cuts applied:  39

Root node processing (before b&c):
  Real time             =   11.34 sec. (5248.71 ticks)
Parallel b&c, 4 threads:
  Real time             =    1.11 sec. (849.12 ticks)
  Sync time (average)   =    0.25 sec.
  Wait time (average)   =    0.00 sec.
                          ------------
Total (root+branch&cut) =   12.45 sec. (6097.83 ticks)
