CPXPARAM_Read_DataCheck                          1
Found incumbent of value 0.000000 after 0.00 sec. (0.77 ticks)
Tried aggregator 1 time.
MIP Presolve modified 1 coefficients.
Reduced MIP has 2049 rows, 30015 columns, and 150051 nonzeros.
Reduced MIP has 30015 binaries, 0 generals, 0 SOSs, and 0 indicators.
Presolve time = 0.06 sec. (58.66 ticks)
Tried aggregator 1 time.
Reduced MIP has 2049 rows, 30015 columns, and 150051 nonzeros.
Reduced MIP has 30015 binaries, 0 generals, 0 SOSs, and 0 indicators.
Presolve time = 0.11 sec. (69.25 ticks)
Probing time = 0.08 sec. (16.64 ticks)
Clique table members: 100599.
MIP emphasis: balance optimality and feasibility.
MIP search method: dynamic search.
Parallel mode: deterministic, using up to 4 threads.
Root relaxation solution time = 0.22 sec. (141.30 ticks)

        Nodes                                         Cuts/
   Node  Left     Objective  IInf  Best Integer    Best Bound    ItCnt     Gap

*     0+    0                            0.0000   185566.0000              --- 
      0     0    48192.8200    15        0.0000    48192.8200     3936     --- 
*     0+    0                        11536.0000    48192.8200           317.76%
      0     0    42750.3734   554    11536.0000     Cuts: 612     7456  270.58%
*     0+    0                        33839.0000    42750.3734            26.33%
      0     0    40484.1932   997    33839.0000     Cuts: 612    10851   19.64%
      0     0    40259.3694   963    33839.0000     Cuts: 612    11569   18.97%
*     0+    0                        33852.0000    40259.3694            18.93%
*     0+    0                        33976.0000    40259.3694            18.49%
      0     0    38940.3474  1822    33976.0000     Cuts: 612    14111   14.61%
      0     0    37539.6172  2432    33976.0000     Cuts: 612    17771   10.49%
      0     0    37214.1697  2892    33976.0000     Cuts: 612    19716    9.53%
*     0+    0                        33977.0000    37214.1697             9.53%
      0     0    36816.1587  3463    33977.0000     Cuts: 612    23843    8.36%
      0     0    36548.3732  4098    33977.0000     Cuts: 612    27298    7.57%
      0     0    36191.9449  4621    33977.0000     Cuts: 612    33349    6.52%
      0     0    35932.6152  5090    33977.0000     Cuts: 612    39431    5.76%
      0     0    35775.7765  5453    33977.0000     Cuts: 612    45329    5.29%
      0     0    35661.9296  5711    33977.0000     Cuts: 612    50997    4.96%
*     0+    0                        33978.0000    35661.9296             4.96%
      0     0    35592.7636  6143    33978.0000     Cuts: 612    56597    4.75%
      0     0    35491.2266  6572    33978.0000     Cuts: 612    61703    4.45%
      0     0    35415.1975  6909    33978.0000     Cuts: 612    66526    4.23%
      0     0    35351.2689  7189    33978.0000     Cuts: 612    72213    4.04%
      0     0    35304.2064  7541    33978.0000     Cuts: 612    75941    3.90%
      0     0    35276.2482  7664    33978.0000     Cuts: 612    79029    3.82%
      0     0    35199.3325  7823    33978.0000     Cuts: 612    84036    3.59%
      0     0    35156.0474  8047    33978.0000     Cuts: 612    87371    3.47%
      0     0    35121.9276  8298    33978.0000     Cuts: 612    89595    3.37%
      0     0    35093.2319  8406    33978.0000     Cuts: 612    92086    3.28%
      0     0    35035.1563  8311    33978.0000     Cuts: 612    95625    3.11%
      0     0    34980.1770  8361    33978.0000     Cuts: 612    97938    2.95%
      0     0    34903.9861  8364    33978.0000     Cuts: 612   100415    2.73%
      0     0    34872.8042  8575    33978.0000     Cuts: 612   101810    2.63%
      0     0    34832.6583  8632    33978.0000     Cuts: 612   103353    2.52%
      0     0    34807.0179  8768    33978.0000     Cuts: 612   104616    2.44%
      0     0    34791.6406  8846    33978.0000     Cuts: 612   105531    2.39%
      0     0    34777.9659  8927    33978.0000     Cuts: 612   106185    2.35%
      0     0    34762.2627  8907    33978.0000     Cuts: 568   107145    2.31%
      0     0    34752.2404  8982    33978.0000     Cuts: 562   107715    2.28%
Heuristic still looking.
      0     2    34752.2404  8982    33978.0000    34752.2404   107715    2.28%
Elapsed time = 306.19 sec. (236632.04 ticks, tree = 0.01 MB, solutions = 7)
      1     3    34738.1807  8314    33978.0000    34752.2382   108204    2.28%
      2     4    34716.0281  7746    33978.0000    34752.2382   108734    2.28%
      3     5    34681.6904  7238    33978.0000    34752.2382   109185    2.28%
      4     5    34588.2475  6842    33978.0000    34752.2382   110272    2.28%
      6     6    34642.2880  6571    33978.0000    34752.2382   109958    2.28%
      7     4    34614.5109  7366    33978.0000    34752.2382   109924    2.28%
      8     7    34557.7255  6077    33978.0000    34752.2382   111643    2.28%
      9    11    34470.2491  5783    33978.0000    34681.4670   117023    2.07%
     10     9    34611.3727  5871    33978.0000    34681.4670   114182    2.07%
     13    10    34547.5291  6798    33978.0000    34681.4670   116376    2.07%
Elapsed time = 322.97 sec. (247373.01 ticks, tree = 0.40 MB, solutions = 7)
     16    15    34190.8389  4783    33978.0000    34681.4670   121054    2.07%
     19    13    34340.6990  4842    33978.0000    34681.4670   118790    2.07%
     22    18    34126.3698  4390    33978.0000    34681.4670   124172    2.07%
     25    16        cutoff          33978.0000    34681.4670   125011    2.07%
     28    22    34097.6327  4371    33978.0000    34681.4670   128854    2.07%
     32    21    34188.7699  5032    33978.0000    34642.1263   127716    1.95%
     34    21    34491.4699  5925    33978.0000    34642.1263   133724    1.95%
     38    23        cutoff          33978.0000    34642.1263   141074    1.95%
     43    26    33981.6739  4367    33978.0000    34642.1263   142599    1.95%
     50    28    34131.5828  3764    33978.0000    34629.9270   149180    1.92%
Elapsed time = 344.73 sec. (259493.64 ticks, tree = 0.92 MB, solutions = 7)
     53    29    34054.0871  2853    33978.0000    34629.9270   150141    1.92%
     57    28    34276.0993  5734    33978.0000    34629.9270   151786    1.92%
     60    29    34053.6016  5257    33978.0000    34578.8603   152780    1.77%
     64    28    34400.6397  6594    33978.0000    34578.8603   152290    1.77%
     69    27    34365.8988  5846    33978.0000    34578.8603   158404    1.77%
     71    32    34120.0232  4969    33978.0000    34578.8603   165831    1.77%
     73    33        cutoff          33978.0000    34578.8603   170049    1.77%
     79    33    33997.7021  4232    33978.0000    34578.8603   167356    1.77%
     84    35    34373.0349  6254    33978.0000    34578.8603   174077    1.77%
     86    36    34358.3635  6033    33978.0000    34523.5725   179439    1.61%
Elapsed time = 369.44 sec. (272922.93 ticks, tree = 1.58 MB, solutions = 7)
     88    36    34182.0279  5733    33978.0000    34523.5725   175325    1.61%
     93    40    34107.9824  5197    33978.0000    34523.5725   185828    1.61%
     99    37    34343.1645  5658    33978.0000    34490.4387   182255    1.51%
    101    41    34031.4056  4592    33978.0000    34490.4387   187134    1.51%
    106    39    34240.4774  4986    33978.0000    34490.4387   191371    1.51%
    111    40    34186.0734  4635    33978.0000    34470.0166   188848    1.45%
    116    40    34376.8739  4485    33978.0000    34462.5453   196816    1.43%
    123    42    34173.0815  4416    33978.0000    34462.5453   205350    1.43%
    126    41    34322.0613  6226    33978.0000    34462.5453   194646    1.43%
    134    43        cutoff          33978.0000    34440.0871   210460    1.36%
Elapsed time = 391.19 sec. (284354.90 ticks, tree = 1.98 MB, solutions = 7)
    137    46    34151.5289  5163    33978.0000    34440.0871   208480    1.36%
    142    47    34092.4037  4705    33978.0000    34440.0871   209095    1.36%
    145    48    33995.0542  4314    33978.0000    34439.8939   209697    1.36%
    152    41        cutoff          33978.0000    34422.8648   217164    1.31%
    156    43    34191.8434  4867    33978.0000    34410.3212   222556    1.27%
    164    44    34039.3933  4427    33978.0000    34410.3212   223560    1.27%
    170    42    34122.9003  4433    33978.0000    34410.3212   231099    1.27%
    173    40        cutoff          33978.0000    34410.3212   231873    1.27%
    179    44    34042.5511  3320    33978.0000    34376.4886   228887    1.17%
    186    43    34237.3209  5196    33978.0000    34376.4886   229614    1.17%
Elapsed time = 413.63 sec. (296102.34 ticks, tree = 1.98 MB, solutions = 7)
    189    42    34050.0923  4250    33978.0000    34376.4886   241361    1.17%
    197    40    34095.3695  4718    33978.0000    34365.0278   237825    1.14%
    203    41    33984.5984  4198    33978.0000    34343.1238   238558    1.07%
    206    42    34009.6658  4988    33978.0000    34323.8289   244207    1.02%
    213    37        cutoff          33978.0000    34323.8289   254591    1.02%
    216    39    34129.0235  4576    33978.0000    34322.0134   252699    1.01%
    221    39    34015.8029  4368    33978.0000    34275.8213   263933    0.88%
    222    38        cutoff          33978.0000    34275.8213   263934    0.88%
    225    40    34013.1970  4796    33978.0000    34275.8213   258976    0.88%
    229    40        cutoff          33978.0000    34275.8213   262936    0.88%
Elapsed time = 434.30 sec. (309562.56 ticks, tree = 1.58 MB, solutions = 7)
    232    36        cutoff          33978.0000    34275.8213   264705    0.88%
    234    41    34163.0026  5174    33978.0000    34257.6963   263869    0.82%
    237    34    34000.4927  3747    33978.0000    34257.6963   270135    0.82%
    240    34    34078.6825  4655    33978.0000    34239.0067   272399    0.77%
    244    32        cutoff          33978.0000    34239.0067   270304    0.77%
    245    35    34001.1867  4210    33978.0000    34239.0067   273053    0.77%
    248    34        cutoff          33978.0000    34239.0067   273088    0.77%
    251    33        cutoff          33978.0000    34237.0776   273124    0.76%
    253    30    34041.0021  4289    33978.0000    34237.0776   276425    0.76%
    257    29        cutoff          33978.0000    34237.0776   280186    0.76%
Elapsed time = 452.17 sec. (322141.26 ticks, tree = 0.93 MB, solutions = 7)
    261    29        cutoff          33978.0000    34237.0776   281421    0.76%
    269    25        cutoff          33978.0000    34201.5071   283030    0.66%
    276    26    33985.8989  4592    33978.0000    34201.5071   284041    0.66%
    285    11    34000.8472  4743    33978.0000    34162.7460   299115    0.54%
    295    20        cutoff          33978.0000    34162.7460   291188    0.54%

Clique cuts applied:  7149
Cover cuts applied:  48
Implied bound cuts applied:  109
Flow cuts applied:  20
Mixed integer rounding cuts applied:  686
Zero-half cuts applied:  57

Root node processing (before b&c):
  Real time             =  302.23 sec. (233882.37 ticks)
Parallel b&c, 4 threads:
  Real time             =  161.48 sec. (95052.35 ticks)
  Sync time (average)   =   11.26 sec.
  Wait time (average)   =    0.02 sec.
                          ------------
Total (root+branch&cut) =  463.72 sec. (328934.72 ticks)
