CPXPARAM_Read_DataCheck                          1
Found incumbent of value 0.000000 after 0.00 sec. (0.77 ticks)
Tried aggregator 1 time.
MIP Presolve eliminated 3 rows and 0 columns.
MIP Presolve modified 1 coefficients.
Reduced MIP has 2046 rows, 30015 columns, and 144051 nonzeros.
Reduced MIP has 30015 binaries, 0 generals, 0 SOSs, and 0 indicators.
Presolve time = 0.06 sec. (55.38 ticks)
Tried aggregator 1 time.
Reduced MIP has 2046 rows, 30015 columns, and 144051 nonzeros.
Reduced MIP has 30015 binaries, 0 generals, 0 SOSs, and 0 indicators.
Presolve time = 0.11 sec. (62.43 ticks)
Probing time = 0.09 sec. (17.22 ticks)
Clique table members: 102091.
MIP emphasis: balance optimality and feasibility.
MIP search method: dynamic search.
Parallel mode: deterministic, using up to 4 threads.
Root relaxation solution time = 0.31 sec. (191.96 ticks)

        Nodes                                         Cuts/
   Node  Left     Objective  IInf  Best Integer    Best Bound    ItCnt     Gap

*     0+    0                            0.0000   184325.0000              --- 
*     0+    0                         4125.0000   184325.0000              --- 
*     0+    0                         5510.0000   184325.0000              --- 
      0     0    91196.2230    15     5510.0000    91196.2230     8454     --- 
*     0+    0                        37493.0000    91196.2230           143.24%
*     0+    0                        38510.0000    91196.2230           136.81%
      0     0    91147.5365    15    38510.0000  Cliques: 611     8515   89.89%
*     0+    0                        39100.0000    73127.5953            87.03%
      0     0    91120.3749    17    39100.0000     Cuts: 611     8528   73.30%
*     0+    0                        39190.0000    67761.6377            72.91%
      0     2    91120.3749    17    39190.0000    65192.0360     8528   66.35%
Elapsed time = 15.59 sec. (9158.04 ticks, tree = 0.01 MB, solutions = 7)
*     7+    2                        39204.0000    65192.0360            66.29%
*    15+    1                        39206.0000    65192.0360            66.28%
*    21+    3                        39211.0000    65192.0360            66.26%
     34    25    60812.8408    10    39211.0000    65192.0360    14762   66.26%
     83    67    48522.1640     7    39211.0000    65192.0360    25596   66.26%
    138    82    48870.4800     5    39211.0000    65192.0360    32994   66.26%
    177   118    53825.2660     7    39211.0000    65192.0360    52620   66.26%
    208   130    47479.7490     5    39211.0000    65192.0360    59973   66.26%
    239   139    40478.7905     3    39211.0000    65192.0360    64699   66.26%
    281   163    43881.0850     5    39211.0000    65192.0360    78817   66.26%
    322   195    46595.1045     5    39211.0000    65192.0360    96043   66.26%
    360   206        cutoff          39211.0000    63863.5475   101734   62.87%
*   460+  258                        39599.0000    62082.5840            56.78%
    495   274    42010.6505     2    39599.0000    62069.1160   137627   56.74%
Elapsed time = 21.20 sec. (12291.47 ticks, tree = 8.70 MB, solutions = 11)
    746   440    44992.4215     5    39599.0000    59579.6160   165191   50.46%
*   836+  512                        39695.0000    58794.8490            48.12%
    842   523    41049.2805    10    39695.0000    58794.8490   200874   48.12%
*   850+  529                        39753.0000    58794.8490            47.90%
*   866+  532                        39756.0000    58794.8490            47.89%
*   939+  547                        39837.0000    58100.6875            45.85%
*   960+  574                        39895.0000    57503.9575            44.14%
   1008   590        cutoff          39895.0000    57142.3442   228742   43.23%
   1179   642    49468.5993     8    39895.0000    55907.4692   262730   40.14%
*  1280+  688                        39896.0000    55070.7273            38.04%
   1361   694    40688.7432     5    39896.0000    54668.4287   295577   37.03%
   1558   791    43289.6155     4    39896.0000    53889.4225   346912   35.07%
   1762   836    40747.5623     7    39896.0000    53098.2495   379368   33.09%
   1986   897    43530.8635     4    39896.0000    51918.2395   426221   30.13%
   2232   946    42760.0100     4    39896.0000    50739.8418   464444   27.18%
   2493   971    44964.2305     5    39896.0000    50088.2363   502864   25.55%
Elapsed time = 37.14 sec. (21915.77 ticks, tree = 41.29 MB, solutions = 20)
   2770   987    42919.6968     7    39896.0000    49218.6002   531914   23.37%
   3046   978        cutoff          39896.0000    48355.6381   575603   21.20%
   3365   906        cutoff          39896.0000    47301.4440   620898   18.56%
   3757   778    40125.1757     5    39896.0000    46398.1288   656180   16.30%
   4251   358        cutoff          39896.0000    43024.8995   685373    7.84%
   4877    30    39921.4803     8    39896.0000    39933.7110   687304    0.09%

Clique cuts applied:  1220
Implied bound cuts applied:  1

Root node processing (before b&c):
  Real time             =   15.53 sec. (9144.25 ticks)
Parallel b&c, 4 threads:
  Real time             =   32.67 sec. (18541.03 ticks)
  Sync time (average)   =    3.20 sec.
  Wait time (average)   =    0.02 sec.
                          ------------
Total (root+branch&cut) =   48.20 sec. (27685.28 ticks)
