CPXPARAM_Read_DataCheck                          1
Found incumbent of value 0.000000 after 0.00 sec. (0.04 ticks)
Tried aggregator 1 time.
MIP Presolve eliminated 2 rows and 0 columns.
MIP Presolve modified 193 coefficients.
Reduced MIP has 315 rows, 1505 columns, and 6917 nonzeros.
Reduced MIP has 1505 binaries, 0 generals, 0 SOSs, and 0 indicators.
Presolve time = 0.02 sec. (2.86 ticks)
Probing time = 0.00 sec. (2.89 ticks)
Tried aggregator 1 time.
Reduced MIP has 315 rows, 1505 columns, and 6917 nonzeros.
Reduced MIP has 1505 binaries, 0 generals, 0 SOSs, and 0 indicators.
Presolve time = 0.00 sec. (3.19 ticks)
Probing time = 0.00 sec. (2.90 ticks)
Clique table members: 5014.
MIP emphasis: balance optimality and feasibility.
MIP search method: dynamic search.
Parallel mode: deterministic, using up to 4 threads.
Root relaxation solution time = 0.00 sec. (5.26 ticks)

        Nodes                                         Cuts/
   Node  Left     Objective  IInf  Best Integer    Best Bound    ItCnt     Gap

*     0+    0                            0.0000     9140.0000              --- 
      0     0     5003.9400     5        0.0000     5003.9400      443     --- 
      0     0     3689.2651    38        0.0000     Cuts: 178      853     --- 
      0     0     3687.8550    39        0.0000  Cliques: 178      857     --- 
*     0+    0                         2576.0000     3687.8550            43.16%
*     0+    0                         2632.0000     3687.8550            40.12%
      0     0        cutoff           2632.0000     2632.0000      947    0.00%
Elapsed time = 0.14 sec. (103.01 ticks, tree = 0.01 MB, solutions = 3)

Clique cuts applied:  443
Cover cuts applied:  1
Implied bound cuts applied:  1
Mixed integer rounding cuts applied:  2
Zero-half cuts applied:  4

Root node processing (before b&c):
  Real time             =    0.14 sec. (103.12 ticks)
Parallel b&c, 4 threads:
  Real time             =    0.00 sec. (0.00 ticks)
  Sync time (average)   =    0.00 sec.
  Wait time (average)   =    0.00 sec.
                          ------------
Total (root+branch&cut) =    0.14 sec. (103.12 ticks)
