CPXPARAM_Read_DataCheck                          1
Found incumbent of value 0.000000 after 0.00 sec. (0.03 ticks)
Tried aggregator 1 time.
MIP Presolve modified 1 coefficients.
Reduced MIP has 133 rows, 1010 columns, and 5034 nonzeros.
Reduced MIP has 1010 binaries, 0 generals, 0 SOSs, and 0 indicators.
Presolve time = 0.02 sec. (2.09 ticks)
Probing time = 0.00 sec. (2.45 ticks)
Tried aggregator 1 time.
Reduced MIP has 133 rows, 1010 columns, and 5034 nonzeros.
Reduced MIP has 1010 binaries, 0 generals, 0 SOSs, and 0 indicators.
Presolve time = 0.00 sec. (2.45 ticks)
Probing time = 0.00 sec. (2.45 ticks)
Clique table members: 3333.
MIP emphasis: balance optimality and feasibility.
MIP search method: dynamic search.
Parallel mode: deterministic, using up to 4 threads.
Root relaxation solution time = 0.00 sec. (3.75 ticks)

        Nodes                                         Cuts/
   Node  Left     Objective  IInf  Best Integer    Best Bound    ItCnt     Gap

*     0+    0                            0.0000     6307.0000              --- 
*     0+    0                          910.0000     6307.0000           593.08%
      0     0     1594.4250    16      910.0000     1594.4250      232   75.21%
      0     0     1333.9027   142      910.0000     Cuts: 141      472   46.58%
      0     0     1198.5137   208      910.0000     Cuts: 138      689   31.70%
      0     0     1167.4346   222      910.0000     Cuts: 135      851   28.29%
*     0+    0                         1088.0000     1167.4346             7.30%
*     0+    0                         1130.0000     1167.4346             3.31%
      0     0     1157.8662   170     1130.0000      Cuts: 74      975    2.47%
      0     0     1153.8409   202     1130.0000      Cuts: 41     1047    2.11%
      0     0     1148.3964   183     1130.0000      Cuts: 34     1137    1.63%
      0     0     1144.9808   196     1130.0000      Cuts: 33     1187    1.33%
      0     0     1144.4762   122     1130.0000      Cuts: 23     1219    1.28%
      0     0     1144.2378   152     1130.0000      Cuts: 14     1242    1.26%
      0     0     1144.1228   103     1130.0000       Cuts: 9     1257    1.25%
      0     0     1144.0626   108     1130.0000       Cuts: 8     1264    1.24%
      0     0     1144.0363   136     1130.0000       Cuts: 6     1275    1.24%
*     0+    0                         1132.0000     1144.0363             1.06%
*     0+    0                         1133.0000     1137.5667             0.40%
*     0+    0                         1135.0000     1137.5667             0.23%
      0     0        cutoff           1135.0000     1135.0000     1275    0.00%
Elapsed time = 0.61 sec. (338.73 ticks, tree = 0.01 MB, solutions = 7)

Clique cuts applied:  164
Cover cuts applied:  11
Implied bound cuts applied:  17
Flow cuts applied:  5
Mixed integer rounding cuts applied:  21
Zero-half cuts applied:  9

Root node processing (before b&c):
  Real time             =    0.61 sec. (338.83 ticks)
Parallel b&c, 4 threads:
  Real time             =    0.00 sec. (0.00 ticks)
  Sync time (average)   =    0.00 sec.
  Wait time (average)   =    0.00 sec.
                          ------------
Total (root+branch&cut) =    0.61 sec. (338.83 ticks)
