CPXPARAM_Read_DataCheck                          1
Found incumbent of value 0.000000 after 0.00 sec. (0.03 ticks)
Tried aggregator 1 time.
MIP Presolve modified 1 coefficients.
Reduced MIP has 133 rows, 1010 columns, and 5034 nonzeros.
Reduced MIP has 1010 binaries, 0 generals, 0 SOSs, and 0 indicators.
Presolve time = 0.00 sec. (2.07 ticks)
Probing time = 0.02 sec. (2.47 ticks)
Tried aggregator 1 time.
Reduced MIP has 133 rows, 1010 columns, and 5034 nonzeros.
Reduced MIP has 1010 binaries, 0 generals, 0 SOSs, and 0 indicators.
Presolve time = 0.00 sec. (2.43 ticks)
Probing time = 0.00 sec. (2.44 ticks)
Clique table members: 3365.
MIP emphasis: balance optimality and feasibility.
MIP search method: dynamic search.
Parallel mode: deterministic, using up to 4 threads.
Root relaxation solution time = 0.02 sec. (3.87 ticks)

        Nodes                                         Cuts/
   Node  Left     Objective  IInf  Best Integer    Best Bound    ItCnt     Gap

*     0+    0                            0.0000     6334.0000              --- 
*     0+    0                          984.0000     6334.0000           543.70%
      0     0     1657.2300    12      984.0000     1657.2300      254   68.42%
      0     0     1358.7179   142      984.0000     Cuts: 143      536   38.08%
      0     0     1192.4698   236      984.0000     Cuts: 140      795   21.19%
      0     0     1172.5405   248      984.0000     Cuts: 129      930   19.16%
*     0+    0                         1149.0000     1172.5405             2.05%
      0     0     1164.3081   269     1149.0000      Cuts: 89     1028    1.33%
      0     0     1158.5269   280     1149.0000      Cuts: 56     1138    0.83%
      0     0     1155.0486   310     1149.0000      Cuts: 49     1227    0.53%
      0     0        cutoff           1149.0000     1149.0000     1227    0.00%
Elapsed time = 0.31 sec. (169.90 ticks, tree = 0.01 MB, solutions = 3)

GUB cover cuts applied:  1
Clique cuts applied:  186
Cover cuts applied:  17
Implied bound cuts applied:  16
Flow cuts applied:  6
Mixed integer rounding cuts applied:  14
Zero-half cuts applied:  8

Root node processing (before b&c):
  Real time             =    0.31 sec. (169.98 ticks)
Parallel b&c, 4 threads:
  Real time             =    0.00 sec. (0.00 ticks)
  Sync time (average)   =    0.00 sec.
  Wait time (average)   =    0.00 sec.
                          ------------
Total (root+branch&cut) =    0.31 sec. (169.98 ticks)
