CPXPARAM_Read_DataCheck                          1
Found incumbent of value 0.000000 after 0.00 sec. (0.03 ticks)
Tried aggregator 1 time.
MIP Presolve eliminated 7 rows and 0 columns.
MIP Presolve modified 1 coefficients.
Reduced MIP has 126 rows, 1010 columns, and 4334 nonzeros.
Reduced MIP has 1010 binaries, 0 generals, 0 SOSs, and 0 indicators.
Presolve time = 0.00 sec. (1.89 ticks)
Probing time = 0.00 sec. (2.87 ticks)
Tried aggregator 1 time.
Reduced MIP has 126 rows, 1010 columns, and 4334 nonzeros.
Reduced MIP has 1010 binaries, 0 generals, 0 SOSs, and 0 indicators.
Presolve time = 0.00 sec. (2.07 ticks)
Probing time = 0.00 sec. (2.83 ticks)
Clique table members: 3227.
MIP emphasis: balance optimality and feasibility.
MIP search method: dynamic search.
Parallel mode: deterministic, using up to 4 threads.
Root relaxation solution time = 0.00 sec. (3.10 ticks)

        Nodes                                         Cuts/
   Node  Left     Objective  IInf  Best Integer    Best Bound    ItCnt     Gap

*     0+    0                            0.0000     6334.0000              --- 
*     0+    0                          551.0000     6334.0000              --- 
      0     0     3358.9633    14      551.0000     3358.9633      328  509.61%
      0     0     3289.6922    29      551.0000     Cuts: 150      399  497.04%
*     0+    0                         1738.0000     3289.6922            89.28%
      0     0     3252.5645    47     1738.0000     Cuts: 148      438   87.14%
      0     0     2990.4571   160     1738.0000     Cuts: 147      626   72.06%
*     0+    0                         1935.0000     2990.4571            54.55%
      0     0     2954.4209   185     1935.0000     Cuts: 147      685   52.68%
      0     0     2691.9716   292     1935.0000     Cuts: 142     1007   39.12%
*     0+    0                         2041.0000     2691.9716            31.89%
      0     0        cutoff           2041.0000     2041.0000     1123    0.00%
Elapsed time = 0.14 sec. (108.47 ticks, tree = 0.01 MB, solutions = 5)

GUB cover cuts applied:  5
Clique cuts applied:  597
Cover cuts applied:  20
Implied bound cuts applied:  2

Root node processing (before b&c):
  Real time             =    0.14 sec. (108.56 ticks)
Parallel b&c, 4 threads:
  Real time             =    0.00 sec. (0.00 ticks)
  Sync time (average)   =    0.00 sec.
  Wait time (average)   =    0.00 sec.
                          ------------
Total (root+branch&cut) =    0.14 sec. (108.56 ticks)
