CPXPARAM_Read_DataCheck                          1
Found incumbent of value 0.000000 after 0.00 sec. (0.03 ticks)
Tried aggregator 1 time.
MIP Presolve eliminated 1 rows and 0 columns.
MIP Presolve modified 63 coefficients.
Reduced MIP has 132 rows, 1010 columns, and 4934 nonzeros.
Reduced MIP has 1010 binaries, 0 generals, 0 SOSs, and 0 indicators.
Presolve time = 0.00 sec. (2.01 ticks)
Probing time = 0.00 sec. (2.42 ticks)
Tried aggregator 1 time.
Reduced MIP has 132 rows, 1010 columns, and 4934 nonzeros.
Reduced MIP has 1010 binaries, 0 generals, 0 SOSs, and 0 indicators.
Presolve time = 0.02 sec. (2.26 ticks)
Probing time = 0.00 sec. (2.39 ticks)
Clique table members: 3527.
MIP emphasis: balance optimality and feasibility.
MIP search method: dynamic search.
Parallel mode: deterministic, using up to 4 threads.
Root relaxation solution time = 0.00 sec. (3.11 ticks)

        Nodes                                         Cuts/
   Node  Left     Objective  IInf  Best Integer    Best Bound    ItCnt     Gap

*     0+    0                            0.0000     6307.0000              --- 
      0     0     3356.7000    10        0.0000     3356.7000      303     --- 
      0     0     3292.5602    31        0.0000     Cuts: 150      353     --- 
      0     0     3254.7406    50        0.0000     Cuts: 150      400     --- 
      0     0     3050.4177   175        0.0000     Cuts: 150      604     --- 
*     0+    0                         2018.0000     3050.4177            51.16%
      0     0     2971.0081   189     2018.0000     Cuts: 147      730   47.23%
      0     0     2945.1337   207     2018.0000     Cuts: 143      834   45.94%
*     0+    0                         2150.0000     2945.1337            36.98%
      0     0        cutoff           2150.0000     2150.0000     1116    0.00%
Elapsed time = 0.14 sec. (104.28 ticks, tree = 0.01 MB, solutions = 3)

GUB cover cuts applied:  4
Clique cuts applied:  623
Cover cuts applied:  30

Root node processing (before b&c):
  Real time             =    0.14 sec. (104.36 ticks)
Parallel b&c, 4 threads:
  Real time             =    0.00 sec. (0.00 ticks)
  Sync time (average)   =    0.00 sec.
  Wait time (average)   =    0.00 sec.
                          ------------
Total (root+branch&cut) =    0.14 sec. (104.36 ticks)
