CPXPARAM_Read_DataCheck                          1
Found incumbent of value 0.000000 after 0.00 sec. (0.03 ticks)
Tried aggregator 1 time.
MIP Presolve modified 1 coefficients.
Reduced MIP has 133 rows, 1010 columns, and 5034 nonzeros.
Reduced MIP has 1010 binaries, 0 generals, 0 SOSs, and 0 indicators.
Presolve time = 0.00 sec. (2.04 ticks)
Probing time = 0.00 sec. (2.49 ticks)
Tried aggregator 1 time.
Reduced MIP has 133 rows, 1010 columns, and 5034 nonzeros.
Reduced MIP has 1010 binaries, 0 generals, 0 SOSs, and 0 indicators.
Presolve time = 0.00 sec. (2.41 ticks)
Probing time = 0.00 sec. (2.42 ticks)
Clique table members: 3401.
MIP emphasis: balance optimality and feasibility.
MIP search method: dynamic search.
Parallel mode: deterministic, using up to 4 threads.
Root relaxation solution time = 0.02 sec. (3.28 ticks)

        Nodes                                         Cuts/
   Node  Left     Objective  IInf  Best Integer    Best Bound    ItCnt     Gap

*     0+    0                            0.0000     6276.0000              --- 
*     0+    0                         1249.0000     6276.0000           402.48%
      0     0     1861.4800    10     1249.0000     1861.4800      200   49.04%
      0     0     1551.0959   100     1249.0000     Cuts: 141      451   24.19%
      0     0     1443.1583   220     1249.0000     Cuts: 141      706   15.55%
*     0+    0                         1382.0000     1443.1583             4.43%
      0     0     1415.6334   249     1382.0000     Cuts: 133      862    2.43%
*     0+    0                         1385.0000     1415.6334             2.21%
      0     0     1404.2643   266     1385.0000      Cuts: 72      963    1.39%
      0     0     1398.3335   287     1385.0000      Cuts: 44     1035    0.96%
      0     0     1395.3649   269     1385.0000      Cuts: 40     1092    0.75%
      0     0     1394.7608   154     1385.0000      Cuts: 52     1127    0.70%
      0     0     1394.5288   275     1385.0000      Cuts: 15     1159    0.69%
      0     0     1394.4821    57     1385.0000      Cuts: 11     1168    0.68%
      0     0     1394.4286   157     1385.0000   ZeroHalf: 4     1187    0.68%
*     0+    0                         1391.0000     1394.4286             0.25%
      0     0        cutoff           1391.0000     1391.0000     1195    0.00%
Elapsed time = 0.38 sec. (206.14 ticks, tree = 0.01 MB, solutions = 5)

Clique cuts applied:  152
Cover cuts applied:  24
Implied bound cuts applied:  15
Flow cuts applied:  6
Mixed integer rounding cuts applied:  27
Zero-half cuts applied:  19

Root node processing (before b&c):
  Real time             =    0.38 sec. (206.23 ticks)
Parallel b&c, 4 threads:
  Real time             =    0.00 sec. (0.00 ticks)
  Sync time (average)   =    0.00 sec.
  Wait time (average)   =    0.00 sec.
                          ------------
Total (root+branch&cut) =    0.38 sec. (206.23 ticks)
