CPXPARAM_Read_DataCheck                          1
Found incumbent of value 0.000000 after 0.00 sec. (0.03 ticks)
Tried aggregator 1 time.
MIP Presolve modified 1 coefficients.
Reduced MIP has 133 rows, 1010 columns, and 5034 nonzeros.
Reduced MIP has 1010 binaries, 0 generals, 0 SOSs, and 0 indicators.
Presolve time = 0.00 sec. (2.07 ticks)
Probing time = 0.02 sec. (2.47 ticks)
Tried aggregator 1 time.
Reduced MIP has 133 rows, 1010 columns, and 5034 nonzeros.
Reduced MIP has 1010 binaries, 0 generals, 0 SOSs, and 0 indicators.
Presolve time = 0.00 sec. (2.44 ticks)
Probing time = 0.00 sec. (2.44 ticks)
Clique table members: 3361.
MIP emphasis: balance optimality and feasibility.
MIP search method: dynamic search.
Parallel mode: deterministic, using up to 4 threads.
Root relaxation solution time = 0.02 sec. (3.63 ticks)

        Nodes                                         Cuts/
   Node  Left     Objective  IInf  Best Integer    Best Bound    ItCnt     Gap

*     0+    0                            0.0000     6286.0000              --- 
*     0+    0                          998.0000     6286.0000           529.86%
      0     0     1658.5900    10      998.0000     1658.5900      227   66.19%
      0     0     1333.9595   127      998.0000     Cuts: 144      494   33.66%
      0     0     1219.9856   209      998.0000     Cuts: 138      669   22.24%
      0     0     1185.3777   244      998.0000     Cuts: 133      853   18.78%
*     0+    0                         1121.0000     1185.3777             5.74%
      0     0        cutoff           1121.0000     1121.0000      967    0.00%
Elapsed time = 0.22 sec. (117.32 ticks, tree = 0.01 MB, solutions = 3)

Clique cuts applied:  217
Cover cuts applied:  22
Implied bound cuts applied:  17
Mixed integer rounding cuts applied:  22
Zero-half cuts applied:  21

Root node processing (before b&c):
  Real time             =    0.22 sec. (117.41 ticks)
Parallel b&c, 4 threads:
  Real time             =    0.00 sec. (0.00 ticks)
  Sync time (average)   =    0.00 sec.
  Wait time (average)   =    0.00 sec.
                          ------------
Total (root+branch&cut) =    0.22 sec. (117.41 ticks)
