CPXPARAM_Read_DataCheck                          1
Found incumbent of value 0.000000 after 0.00 sec. (0.05 ticks)
Tried aggregator 1 time.
MIP Presolve eliminated 2 rows and 0 columns.
MIP Presolve modified 1 coefficients.
Reduced MIP has 231 rows, 2010 columns, and 9634 nonzeros.
Reduced MIP has 2010 binaries, 0 generals, 0 SOSs, and 0 indicators.
Presolve time = 0.00 sec. (3.76 ticks)
Probing time = 0.00 sec. (3.19 ticks)
Tried aggregator 1 time.
Reduced MIP has 231 rows, 2010 columns, and 9634 nonzeros.
Reduced MIP has 2010 binaries, 0 generals, 0 SOSs, and 0 indicators.
Presolve time = 0.02 sec. (4.24 ticks)
Probing time = 0.00 sec. (3.11 ticks)
Clique table members: 6877.
MIP emphasis: balance optimality and feasibility.
MIP search method: dynamic search.
Parallel mode: deterministic, using up to 4 threads.
Root relaxation solution time = 0.02 sec. (5.98 ticks)

        Nodes                                         Cuts/
   Node  Left     Objective  IInf  Best Integer    Best Bound    ItCnt     Gap

*     0+    0                            0.0000    12065.0000              --- 
*     0+    0                         1468.0000    12065.0000           721.87%
      0     0     7049.5650    10     1468.0000     7049.5650      438  380.22%
*     0+    0                         3939.0000     7049.5650            78.97%
      0     0     7027.6000    10     3939.0000  Cliques: 157      455   78.41%
      0     0     7014.4650    10     3939.0000  Cliques: 157      461   78.08%
*     0+    0                         3970.0000     7014.4650            76.69%
      0     0        cutoff           3970.0000     3970.0000     1218    0.00%
Elapsed time = 0.20 sec. (130.46 ticks, tree = 0.01 MB, solutions = 4)

Clique cuts applied:  448
Cover cuts applied:  1
Implied bound cuts applied:  2
Mixed integer rounding cuts applied:  10
Zero-half cuts applied:  7

Root node processing (before b&c):
  Real time             =    0.20 sec. (130.62 ticks)
Parallel b&c, 4 threads:
  Real time             =    0.00 sec. (0.00 ticks)
  Sync time (average)   =    0.00 sec.
  Wait time (average)   =    0.00 sec.
                          ------------
Total (root+branch&cut) =    0.20 sec. (130.62 ticks)
