CPXPARAM_Read_DataCheck                          1
Found incumbent of value 0.000000 after 0.00 sec. (0.05 ticks)
Tried aggregator 1 time.
MIP Presolve eliminated 2 rows and 0 columns.
MIP Presolve modified 1 coefficients.
Reduced MIP has 231 rows, 2010 columns, and 9634 nonzeros.
Reduced MIP has 2010 binaries, 0 generals, 0 SOSs, and 0 indicators.
Presolve time = 0.00 sec. (3.76 ticks)
Probing time = 0.00 sec. (3.21 ticks)
Tried aggregator 1 time.
Reduced MIP has 231 rows, 2010 columns, and 9634 nonzeros.
Reduced MIP has 2010 binaries, 0 generals, 0 SOSs, and 0 indicators.
Presolve time = 0.03 sec. (4.23 ticks)
Probing time = 0.00 sec. (3.11 ticks)
Clique table members: 6877.
MIP emphasis: balance optimality and feasibility.
MIP search method: dynamic search.
Parallel mode: deterministic, using up to 4 threads.
Root relaxation solution time = 0.02 sec. (6.68 ticks)

        Nodes                                         Cuts/
   Node  Left     Objective  IInf  Best Integer    Best Bound    ItCnt     Gap

*     0+    0                            0.0000    12422.0000              --- 
*     0+    0                         1534.0000    12422.0000           709.78%
      0     0     7066.0850    10     1534.0000     7066.0850      455  360.63%
      0     0     7044.4700    10     1534.0000  Cliques: 157      466  359.22%
      0     0     7036.3050    10     1534.0000  Cliques: 157      472  358.69%
*     0+    0                         4062.0000     7036.3050            73.22%
      0     0     5420.3098   234     4062.0000     Cuts: 157     1164   14.40%
      0     0     5413.9224   233     4062.0000  Cliques: 157     1179   14.40%
      0     0     5407.7982   234     4062.0000  Cliques: 157     1199   14.40%
      0     2     5407.7982   234     4062.0000     4517.2975     1199   11.21%
Elapsed time = 0.34 sec. (222.10 ticks, tree = 0.01 MB, solutions = 3)

Clique cuts applied:  605
Cover cuts applied:  2
Implied bound cuts applied:  12
Mixed integer rounding cuts applied:  6
Zero-half cuts applied:  3

Root node processing (before b&c):
  Real time             =    0.34 sec. (221.45 ticks)
Parallel b&c, 4 threads:
  Real time             =    0.14 sec. (85.06 ticks)
  Sync time (average)   =    0.03 sec.
  Wait time (average)   =    0.00 sec.
                          ------------
Total (root+branch&cut) =    0.48 sec. (306.51 ticks)
