CPXPARAM_Read_DataCheck                          1
Found incumbent of value 0.000000 after 0.00 sec. (0.02 ticks)
Tried aggregator 1 time.
MIP Presolve modified 1 coefficients.
Reduced MIP has 117 rows, 505 columns, and 2517 nonzeros.
Reduced MIP has 505 binaries, 0 generals, 0 SOSs, and 0 indicators.
Presolve time = 0.00 sec. (1.17 ticks)
Probing time = 0.02 sec. (2.23 ticks)
Tried aggregator 1 time.
Reduced MIP has 117 rows, 505 columns, and 2517 nonzeros.
Reduced MIP has 505 binaries, 0 generals, 0 SOSs, and 0 indicators.
Presolve time = 0.00 sec. (1.37 ticks)
Probing time = 0.00 sec. (2.20 ticks)
Clique table members: 1664.
MIP emphasis: balance optimality and feasibility.
MIP search method: dynamic search.
Parallel mode: deterministic, using up to 4 threads.
Root relaxation solution time = 0.00 sec. (1.39 ticks)

        Nodes                                         Cuts/
   Node  Left     Objective  IInf  Best Integer    Best Bound    ItCnt     Gap

*     0+    0                            0.0000     3240.0000              --- 
*     0+    0                          564.0000     3240.0000           474.47%
*     0+    0                          573.0000     3240.0000           465.45%
      0     0     1078.7500     5      573.0000     1078.7500      160   88.26%
      0     0      846.8594    93      573.0000     Cuts: 129      294   47.79%
*     0+    0                          664.0000      846.8594            27.54%
      0     0      811.4365    89      664.0000     Cuts: 129      385   22.20%
      0     0      787.4000   148      664.0000      Cuts: 46      444   18.58%
*     0+    0                          762.0000      787.4000             3.33%
      0     0      779.8854   176      762.0000      Cuts: 50      478    2.35%
      0     0      777.8317   181      762.0000      Cuts: 18      511    2.08%
*     0+    0                          775.0000      777.8317             0.37%
      0     0        cutoff            775.0000      775.0000      511    0.00%
Elapsed time = 0.08 sec. (58.60 ticks, tree = 0.01 MB, solutions = 6)

Clique cuts applied:  117
Cover cuts applied:  8
Implied bound cuts applied:  3
Mixed integer rounding cuts applied:  9
Zero-half cuts applied:  4

Root node processing (before b&c):
  Real time             =    0.08 sec. (58.65 ticks)
Parallel b&c, 4 threads:
  Real time             =    0.00 sec. (0.00 ticks)
  Sync time (average)   =    0.00 sec.
  Wait time (average)   =    0.00 sec.
                          ------------
Total (root+branch&cut) =    0.08 sec. (58.65 ticks)
