CPXPARAM_Read_DataCheck                          1
Found incumbent of value 0.000000 after 0.00 sec. (0.02 ticks)
Tried aggregator 1 time.
MIP Presolve modified 1 coefficients.
Reduced MIP has 117 rows, 505 columns, and 2517 nonzeros.
Reduced MIP has 505 binaries, 0 generals, 0 SOSs, and 0 indicators.
Presolve time = 0.00 sec. (1.07 ticks)
Probing time = 0.00 sec. (2.27 ticks)
Tried aggregator 1 time.
Reduced MIP has 117 rows, 505 columns, and 2517 nonzeros.
Reduced MIP has 505 binaries, 0 generals, 0 SOSs, and 0 indicators.
Presolve time = 0.00 sec. (1.27 ticks)
Probing time = 0.00 sec. (2.31 ticks)
Clique table members: 1814.
MIP emphasis: balance optimality and feasibility.
MIP search method: dynamic search.
Parallel mode: deterministic, using up to 4 threads.
Root relaxation solution time = 0.00 sec. (1.05 ticks)

        Nodes                                         Cuts/
   Node  Left     Objective  IInf  Best Integer    Best Bound    ItCnt     Gap

*     0+    0                            0.0000     3030.0000              --- 
      0     0     1369.8800     5        0.0000     1369.8800      161     --- 
*     0+    0                          598.0000     1369.8800           129.08%
      0     0     1315.7903    13      598.0000     Cuts: 135      187  120.03%
      0     0     1264.9591    29      598.0000     Cuts: 135      214  111.53%
      0     0     1027.9918   157      598.0000     Cuts: 133      366   71.90%
*     0+    0                          637.0000     1027.9918            61.38%
      0     0      982.7741    73      637.0000     Cuts: 102      507   54.28%
      0     0      949.4928   101      637.0000      Cuts: 30      556   49.06%
      0     0      946.7577   181      637.0000       Cuts: 8      587   48.63%
      0     0      785.5762   193      637.0000     Cuts: 130      751   23.32%
      0     0      700.4515   194      637.0000      Cuts: 54      871    9.96%
      0     0      683.6434   212      637.0000      Cuts: 76      984    7.32%
      0     0      680.3071   203      637.0000      Cuts: 35     1048    6.80%
      0     0      657.4150   193      637.0000      Cuts: 60     1153    3.20%
      0     0      649.7741   206      637.0000      Cuts: 83     1245    2.01%
*     0+    0                          648.0000      649.7741             0.27%
      0     0        cutoff            648.0000      648.0000     1290    0.00%
Elapsed time = 0.11 sec. (100.34 ticks, tree = 0.01 MB, solutions = 4)

Clique cuts applied:  241
Cover cuts applied:  20
Implied bound cuts applied:  3
Flow cuts applied:  7
Mixed integer rounding cuts applied:  25
Zero-half cuts applied:  13

Root node processing (before b&c):
  Real time             =    0.11 sec. (100.39 ticks)
Parallel b&c, 4 threads:
  Real time             =    0.00 sec. (0.00 ticks)
  Sync time (average)   =    0.00 sec.
  Wait time (average)   =    0.00 sec.
                          ------------
Total (root+branch&cut) =    0.11 sec. (100.39 ticks)
