CPXPARAM_Read_DataCheck                          1
Found incumbent of value 0.000000 after 0.00 sec. (0.02 ticks)
Tried aggregator 1 time.
MIP Presolve modified 1 coefficients.
Reduced MIP has 117 rows, 505 columns, and 2517 nonzeros.
Reduced MIP has 505 binaries, 0 generals, 0 SOSs, and 0 indicators.
Presolve time = 0.02 sec. (1.16 ticks)
Probing time = 0.00 sec. (2.26 ticks)
Tried aggregator 1 time.
Reduced MIP has 117 rows, 505 columns, and 2517 nonzeros.
Reduced MIP has 505 binaries, 0 generals, 0 SOSs, and 0 indicators.
Presolve time = 0.00 sec. (1.36 ticks)
Probing time = 0.00 sec. (2.25 ticks)
Clique table members: 1664.
MIP emphasis: balance optimality and feasibility.
MIP search method: dynamic search.
Parallel mode: deterministic, using up to 4 threads.
Root relaxation solution time = 0.00 sec. (1.69 ticks)

        Nodes                                         Cuts/
   Node  Left     Objective  IInf  Best Integer    Best Bound    ItCnt     Gap

*     0+    0                            0.0000     3245.0000              --- 
*     0+    0                          555.0000     3245.0000           484.68%
      0     0     1103.3300     9      555.0000     1103.3300      172   98.80%
      0     0      819.3648   152      555.0000     Cuts: 130      323   47.63%
*     0+    0                          752.0000      819.3648             8.96%
      0     0      799.2308    28      752.0000     Cuts: 116      379    6.28%
      0     0      791.4500    42      752.0000      Cuts: 12      436    5.25%
*     0+    0                          776.0000      791.4500             1.99%
      0     0      790.3333    54      776.0000      Cuts: 13      458    1.85%
      0     0      790.3333    55      776.0000       Cuts: 7      463    1.85%
      0     0      790.2922   163      776.0000       Cuts: 3      478    1.84%
*     0+    0                          780.0000      790.2922             1.32%
*     0+    0                          782.0000      790.2922             1.06%
*     0+    0                          786.0000      790.2922             0.55%
      0     0        cutoff            786.0000      786.0000      478    0.00%
Elapsed time = 0.09 sec. (78.21 ticks, tree = 0.01 MB, solutions = 7)

Clique cuts applied:  100
Cover cuts applied:  7
Implied bound cuts applied:  5
Mixed integer rounding cuts applied:  3
Zero-half cuts applied:  2

Root node processing (before b&c):
  Real time             =    0.09 sec. (78.27 ticks)
Parallel b&c, 4 threads:
  Real time             =    0.00 sec. (0.00 ticks)
  Sync time (average)   =    0.00 sec.
  Wait time (average)   =    0.00 sec.
                          ------------
Total (root+branch&cut) =    0.09 sec. (78.27 ticks)
