CPXPARAM_Read_DataCheck                          1
Found incumbent of value 0.000000 after 0.00 sec. (0.02 ticks)
Tried aggregator 1 time.
MIP Presolve modified 1 coefficients.
Reduced MIP has 117 rows, 505 columns, and 2517 nonzeros.
Reduced MIP has 505 binaries, 0 generals, 0 SOSs, and 0 indicators.
Presolve time = 0.00 sec. (1.07 ticks)
Probing time = 0.00 sec. (2.23 ticks)
Tried aggregator 1 time.
Reduced MIP has 117 rows, 505 columns, and 2517 nonzeros.
Reduced MIP has 505 binaries, 0 generals, 0 SOSs, and 0 indicators.
Presolve time = 0.00 sec. (1.27 ticks)
Probing time = 0.00 sec. (2.14 ticks)
Clique table members: 1814.
MIP emphasis: balance optimality and feasibility.
MIP search method: dynamic search.
Parallel mode: deterministic, using up to 4 threads.
Root relaxation solution time = 0.00 sec. (1.04 ticks)

        Nodes                                         Cuts/
   Node  Left     Objective  IInf  Best Integer    Best Bound    ItCnt     Gap

*     0+    0                            0.0000     3147.0000              --- 
*     0+    0                          502.0000     3147.0000           526.89%
      0     0     1598.2100     5      502.0000     1598.2100      163  218.37%
*     0+    0                          697.0000     1598.2100           129.30%
      0     0     1555.6584    18      697.0000     Cuts: 138      185  123.19%
      0     0     1246.0700   157      697.0000     Cuts: 136      366   78.78%
      0     0     1204.3052   192      697.0000     Cuts: 133      500   72.78%
*     0+    0                          904.0000     1204.3052            33.22%
      0     0      938.4377   236      904.0000     Cuts: 131      777    3.81%
*     0     0      integral     0      918.0000      Cuts: 77      840    0.00%
      0     0        cutoff            918.0000      918.0000      840    0.00%
Elapsed time = 0.08 sec. (61.01 ticks, tree = 0.01 MB, solutions = 5)

GUB cover cuts applied:  1
Clique cuts applied:  293
Cover cuts applied:  16
Implied bound cuts applied:  1
Mixed integer rounding cuts applied:  11
Zero-half cuts applied:  3

Root node processing (before b&c):
  Real time             =    0.08 sec. (61.06 ticks)
Parallel b&c, 4 threads:
  Real time             =    0.00 sec. (0.00 ticks)
  Sync time (average)   =    0.00 sec.
  Wait time (average)   =    0.00 sec.
                          ------------
Total (root+branch&cut) =    0.08 sec. (61.06 ticks)
