CPXPARAM_Read_DataCheck                          1
Found incumbent of value 0.000000 after 0.00 sec. (0.02 ticks)
Tried aggregator 1 time.
MIP Presolve modified 1 coefficients.
Reduced MIP has 117 rows, 505 columns, and 2517 nonzeros.
Reduced MIP has 505 binaries, 0 generals, 0 SOSs, and 0 indicators.
Presolve time = 0.00 sec. (1.06 ticks)
Probing time = 0.00 sec. (2.24 ticks)
Tried aggregator 1 time.
Reduced MIP has 117 rows, 505 columns, and 2517 nonzeros.
Reduced MIP has 505 binaries, 0 generals, 0 SOSs, and 0 indicators.
Presolve time = 0.00 sec. (1.25 ticks)
Probing time = 0.02 sec. (2.26 ticks)
Clique table members: 1814.
MIP emphasis: balance optimality and feasibility.
MIP search method: dynamic search.
Parallel mode: deterministic, using up to 4 threads.
Root relaxation solution time = 0.00 sec. (1.41 ticks)

        Nodes                                         Cuts/
   Node  Left     Objective  IInf  Best Integer    Best Bound    ItCnt     Gap

*     0+    0                            0.0000     3199.0000              --- 
*     0+    0                          350.0000     3199.0000           814.00%
      0     0     1584.2550     7      350.0000     1584.2550      188  352.64%
*     0+    0                          671.0000     1584.2550           136.10%
      0     0     1533.5497    21      671.0000     Cuts: 140      216  128.55%
      0     0     1198.3481   189      671.0000     Cuts: 137      442   78.59%
      0     0      886.5460   207      671.0000     Cuts: 133      736   32.12%
      0     0      869.0460   178      671.0000     Cuts: 129      776   29.52%
      0     0      854.2669   247      671.0000      Cuts: 49      846   27.31%
      0     0      852.8960   206      671.0000      Cuts: 30      878   27.11%
      0     0      850.7612   161      671.0000      Cuts: 27      895   26.79%
      0     0      848.6642   162      671.0000      Cuts: 12      907   26.48%
      0     0      848.6642   160      671.0000       Cuts: 5      908   26.48%
*     0+    0                          796.0000      848.6642             6.62%
      0     0        cutoff            796.0000      796.0000      908    0.00%
Elapsed time = 0.13 sec. (105.14 ticks, tree = 0.01 MB, solutions = 4)

Clique cuts applied:  334
Cover cuts applied:  10
Implied bound cuts applied:  7
Flow cuts applied:  2
Mixed integer rounding cuts applied:  8
Zero-half cuts applied:  1

Root node processing (before b&c):
  Real time             =    0.13 sec. (105.19 ticks)
Parallel b&c, 4 threads:
  Real time             =    0.00 sec. (0.00 ticks)
  Sync time (average)   =    0.00 sec.
  Wait time (average)   =    0.00 sec.
                          ------------
Total (root+branch&cut) =    0.13 sec. (105.19 ticks)
