CPXPARAM_Read_DataCheck                          1
Found incumbent of value 0.000000 after 0.00 sec. (0.02 ticks)
Tried aggregator 1 time.
MIP Presolve modified 1 coefficients.
Reduced MIP has 117 rows, 505 columns, and 2517 nonzeros.
Reduced MIP has 505 binaries, 0 generals, 0 SOSs, and 0 indicators.
Presolve time = 0.00 sec. (1.17 ticks)
Probing time = 0.00 sec. (2.24 ticks)
Tried aggregator 1 time.
Reduced MIP has 117 rows, 505 columns, and 2517 nonzeros.
Reduced MIP has 505 binaries, 0 generals, 0 SOSs, and 0 indicators.
Presolve time = 0.00 sec. (1.37 ticks)
Probing time = 0.00 sec. (2.23 ticks)
Clique table members: 1664.
MIP emphasis: balance optimality and feasibility.
MIP search method: dynamic search.
Parallel mode: deterministic, using up to 4 threads.
Root relaxation solution time = 0.00 sec. (1.49 ticks)

        Nodes                                         Cuts/
   Node  Left     Objective  IInf  Best Integer    Best Bound    ItCnt     Gap

*     0+    0                            0.0000     2984.0000              --- 
*     0+    0                          483.0000     2984.0000           517.81%
      0     0     1023.3000     5      483.0000     1023.3000      165  111.86%
      0     0      775.1244   168      483.0000     Cuts: 133      295   60.48%
      0     0      684.9114   197      483.0000     Cuts: 106      397   41.80%
      0     0      682.7701   201      483.0000      Cuts: 32      416   41.36%
      0     0      680.2976   211      483.0000      Cuts: 33      435   40.85%
*     0+    0                          659.0000      680.2976             3.23%
      0     0      679.1063   219      659.0000      Cuts: 22      445    3.05%
*     0+    0                          667.0000      679.1063             1.82%
      0     0        cutoff            667.0000      667.0000      482    0.00%
Elapsed time = 0.17 sec. (115.01 ticks, tree = 0.01 MB, solutions = 4)

Clique cuts applied:  117
Cover cuts applied:  7
Implied bound cuts applied:  13
Mixed integer rounding cuts applied:  4
Zero-half cuts applied:  36

Root node processing (before b&c):
  Real time             =    0.17 sec. (115.06 ticks)
Parallel b&c, 4 threads:
  Real time             =    0.00 sec. (0.00 ticks)
  Sync time (average)   =    0.00 sec.
  Wait time (average)   =    0.00 sec.
                          ------------
Total (root+branch&cut) =    0.17 sec. (115.06 ticks)
