CPXPARAM_Read_DataCheck                          1
Found incumbent of value 0.000000 after 0.00 sec. (0.02 ticks)
Tried aggregator 1 time.
MIP Presolve modified 1 coefficients.
Reduced MIP has 117 rows, 505 columns, and 2517 nonzeros.
Reduced MIP has 505 binaries, 0 generals, 0 SOSs, and 0 indicators.
Presolve time = 0.00 sec. (1.07 ticks)
Probing time = 0.02 sec. (2.25 ticks)
Tried aggregator 1 time.
Reduced MIP has 117 rows, 505 columns, and 2517 nonzeros.
Reduced MIP has 505 binaries, 0 generals, 0 SOSs, and 0 indicators.
Presolve time = 0.00 sec. (1.26 ticks)
Probing time = 0.00 sec. (2.27 ticks)
Clique table members: 1814.
MIP emphasis: balance optimality and feasibility.
MIP search method: dynamic search.
Parallel mode: deterministic, using up to 4 threads.
Root relaxation solution time = 0.00 sec. (1.17 ticks)

        Nodes                                         Cuts/
   Node  Left     Objective  IInf  Best Integer    Best Bound    ItCnt     Gap

*     0+    0                            0.0000     3261.0000              --- 
*     0+    0                          200.0000     3261.0000              --- 
      0     0     1568.2500     5      200.0000     1568.2500      170  684.12%
      0     0     1516.9269    19      200.0000     Cuts: 140      194  658.46%
*     0+    0                          716.0000     1516.9269           111.86%
      0     0     1110.3754   191      716.0000     Cuts: 134      396   55.08%
      0     0     1052.7499   236      716.0000     Cuts: 123      520   47.03%
*     0+    0                          862.0000     1052.7499            22.13%
      0     0      888.6945   241      862.0000     Cuts: 118      736    3.10%
*     0+    0                          881.0000      888.6945             0.87%
      0     0      882.8485   112      881.0000      Cuts: 36      795    0.21%
*     0+    0                          882.0000      882.8485             0.10%
      0     0        cutoff            882.0000      882.0000      795    0.00%
Elapsed time = 0.09 sec. (77.21 ticks, tree = 0.01 MB, solutions = 6)

Clique cuts applied:  270
Cover cuts applied:  12
Implied bound cuts applied:  6
Mixed integer rounding cuts applied:  6
Zero-half cuts applied:  1

Root node processing (before b&c):
  Real time             =    0.09 sec. (77.26 ticks)
Parallel b&c, 4 threads:
  Real time             =    0.00 sec. (0.00 ticks)
  Sync time (average)   =    0.00 sec.
  Wait time (average)   =    0.00 sec.
                          ------------
Total (root+branch&cut) =    0.09 sec. (77.26 ticks)
