CPXPARAM_Read_DataCheck                          1
Found incumbent of value 0.000000 after 0.00 sec. (0.38 ticks)
Tried aggregator 1 time.
MIP Presolve modified 5 coefficients.
Reduced MIP has 1046 rows, 15015 columns, and 75060 nonzeros.
Reduced MIP has 15015 binaries, 0 generals, 0 SOSs, and 0 indicators.
Presolve time = 0.03 sec. (27.24 ticks)
Tried aggregator 1 time.
Reduced MIP has 1046 rows, 15015 columns, and 75060 nonzeros.
Reduced MIP has 15015 binaries, 0 generals, 0 SOSs, and 0 indicators.
Presolve time = 0.05 sec. (31.01 ticks)
Probing time = 0.02 sec. (4.40 ticks)
Clique table members: 29244.
MIP emphasis: balance optimality and feasibility.
MIP search method: dynamic search.
Parallel mode: deterministic, using up to 4 threads.
Root relaxation solution time = 0.17 sec. (172.15 ticks)

        Nodes                                         Cuts/
   Node  Left     Objective  IInf  Best Integer    Best Bound    ItCnt     Gap

*     0+    0                            0.0000    92874.0000              --- 
      0     0    39946.1863    21        0.0000    39946.1863     3464     --- 
*     0+    0                        21646.0000    39946.1863            84.54%
      0     0        cutoff          21646.0000    21646.0000     5300    0.00%
Elapsed time = 2.52 sec. (1439.62 ticks, tree = 0.01 MB, solutions = 2)

Clique cuts applied:  342
Cover cuts applied:  4
Mixed integer rounding cuts applied:  4
Zero-half cuts applied:  8
Gomory fractional cuts applied:  3

Root node processing (before b&c):
  Real time             =    2.52 sec. (1440.59 ticks)
Parallel b&c, 4 threads:
  Real time             =    0.00 sec. (0.00 ticks)
  Sync time (average)   =    0.00 sec.
  Wait time (average)   =    0.00 sec.
                          ------------
Total (root+branch&cut) =    2.52 sec. (1440.59 ticks)
