CPXPARAM_Read_DataCheck                          1
Found incumbent of value 0.000000 after 0.00 sec. (0.38 ticks)
Tried aggregator 1 time.
MIP Presolve modified 7 coefficients.
Reduced MIP has 1046 rows, 15015 columns, and 75060 nonzeros.
Reduced MIP has 15015 binaries, 0 generals, 0 SOSs, and 0 indicators.
Presolve time = 0.03 sec. (27.28 ticks)
Tried aggregator 1 time.
Reduced MIP has 1046 rows, 15015 columns, and 75060 nonzeros.
Reduced MIP has 15015 binaries, 0 generals, 0 SOSs, and 0 indicators.
Presolve time = 0.05 sec. (31.03 ticks)
Probing time = 0.00 sec. (4.40 ticks)
Clique table members: 29244.
MIP emphasis: balance optimality and feasibility.
MIP search method: dynamic search.
Parallel mode: deterministic, using up to 4 threads.
Root relaxation solution time = 0.09 sec. (116.38 ticks)

        Nodes                                         Cuts/
   Node  Left     Objective  IInf  Best Integer    Best Bound    ItCnt     Gap

*     0+    0                            0.0000    92514.0000              --- 
      0     0    51434.6299    19        0.0000    51434.6299     2366     --- 
*     0+    0                        32841.0000    51434.6299            56.62%
      0     0    43949.9959   448    32841.0000     Cuts: 361     6263   33.83%
*     0+    0                        33029.0000    43949.9959            33.06%
      0     0    41518.3771   853    33029.0000     Cuts: 361     9324   25.70%
*     0+    0                        34160.0000    41518.3771            21.54%
      0     0    40622.6915  1321    34160.0000     Cuts: 361    11785   18.46%
      0     0        cutoff          34160.0000    34160.0000    14357    0.00%
Elapsed time = 15.64 sec. (7578.41 ticks, tree = 0.01 MB, solutions = 4)

Clique cuts applied:  1093
Cover cuts applied:  6
Mixed integer rounding cuts applied:  59
Zero-half cuts applied:  12

Root node processing (before b&c):
  Real time             =   15.64 sec. (7579.65 ticks)
Parallel b&c, 4 threads:
  Real time             =    0.00 sec. (0.00 ticks)
  Sync time (average)   =    0.00 sec.
  Wait time (average)   =    0.00 sec.
                          ------------
Total (root+branch&cut) =   15.64 sec. (7579.65 ticks)
