CPXPARAM_Read_DataCheck                          1
Found incumbent of value 0.000000 after 0.00 sec. (0.38 ticks)
Tried aggregator 1 time.
MIP Presolve modified 10 coefficients.
Reduced MIP has 1046 rows, 15015 columns, and 75060 nonzeros.
Reduced MIP has 15015 binaries, 0 generals, 0 SOSs, and 0 indicators.
Presolve time = 0.03 sec. (27.27 ticks)
Tried aggregator 1 time.
Reduced MIP has 1046 rows, 15015 columns, and 75060 nonzeros.
Reduced MIP has 15015 binaries, 0 generals, 0 SOSs, and 0 indicators.
Presolve time = 0.03 sec. (31.03 ticks)
Probing time = 0.02 sec. (4.40 ticks)
Clique table members: 29244.
MIP emphasis: balance optimality and feasibility.
MIP search method: dynamic search.
Parallel mode: deterministic, using up to 4 threads.
Root relaxation solution time = 0.11 sec. (160.95 ticks)

        Nodes                                         Cuts/
   Node  Left     Objective  IInf  Best Integer    Best Bound    ItCnt     Gap

*     0+    0                            0.0000    92846.0000              --- 
      0     0    45007.5900    24        0.0000    45007.5900     3352     --- 
*     0+    0                        21875.0000    45007.5900           105.75%
      0     0        cutoff          21875.0000    21875.0000     6626    0.00%
Elapsed time = 2.63 sec. (1655.46 ticks, tree = 0.01 MB, solutions = 2)

Clique cuts applied:  338
Cover cuts applied:  2
Mixed integer rounding cuts applied:  9
Zero-half cuts applied:  7
Gomory fractional cuts applied:  5

Root node processing (before b&c):
  Real time             =    2.63 sec. (1656.45 ticks)
Parallel b&c, 4 threads:
  Real time             =    0.00 sec. (0.00 ticks)
  Sync time (average)   =    0.00 sec.
  Wait time (average)   =    0.00 sec.
                          ------------
Total (root+branch&cut) =    2.63 sec. (1656.45 ticks)
