CPXPARAM_Read_DataCheck                          1
Found incumbent of value 0.000000 after 0.00 sec. (0.38 ticks)
Tried aggregator 1 time.
MIP Presolve modified 1 coefficients.
Reduced MIP has 1046 rows, 15015 columns, and 75060 nonzeros.
Reduced MIP has 15015 binaries, 0 generals, 0 SOSs, and 0 indicators.
Presolve time = 0.03 sec. (29.08 ticks)
Tried aggregator 1 time.
Reduced MIP has 1046 rows, 15015 columns, and 75060 nonzeros.
Reduced MIP has 15015 binaries, 0 generals, 0 SOSs, and 0 indicators.
Presolve time = 0.05 sec. (34.44 ticks)
Probing time = 0.03 sec. (4.36 ticks)
Clique table members: 29563.
MIP emphasis: balance optimality and feasibility.
MIP search method: dynamic search.
Parallel mode: deterministic, using up to 4 threads.
Root relaxation solution time = 0.14 sec. (190.54 ticks)

        Nodes                                         Cuts/
   Node  Left     Objective  IInf  Best Integer    Best Bound    ItCnt     Gap

*     0+    0                            0.0000    93581.0000              --- 
      0     0    20447.7785    15        0.0000    20447.7785     2775     --- 
*     0+    0                        16942.0000    20447.7785            20.69%
      0     0    19388.5847   586    16942.0000     Cuts: 361     3637   14.44%
*     0+    0                        17562.0000    19388.5847            10.40%
      0     0    18993.8644  1129    17562.0000     Cuts: 361     4447    8.15%
*     0+    0                        17932.0000    18993.8644             5.92%
      0     0    18635.4259  1520    17932.0000     Cuts: 361     5581    3.92%
      0     0    18451.6188  1686    17932.0000     Cuts: 361     6525    2.90%
*     0+    0                        17949.0000    18451.6188             2.80%
      0     0    18279.9455  1858    17949.0000     Cuts: 361     7719    1.63%
      0     0        cutoff          17949.0000    17949.0000     8889    0.00%
Elapsed time = 12.69 sec. (6320.51 ticks, tree = 0.01 MB, solutions = 5)

Clique cuts applied:  1784
Cover cuts applied:  9
Mixed integer rounding cuts applied:  40
Zero-half cuts applied:  2

Root node processing (before b&c):
  Real time             =   12.70 sec. (6321.80 ticks)
Parallel b&c, 4 threads:
  Real time             =    0.00 sec. (0.00 ticks)
  Sync time (average)   =    0.00 sec.
  Wait time (average)   =    0.00 sec.
                          ------------
Total (root+branch&cut) =   12.70 sec. (6321.80 ticks)
