CPXPARAM_Read_DataCheck                          1
Found incumbent of value 0.000000 after 0.00 sec. (0.02 ticks)
Tried aggregator 1 time.
MIP Presolve modified 1 coefficients.
Reduced MIP has 117 rows, 505 columns, and 2517 nonzeros.
Reduced MIP has 505 binaries, 0 generals, 0 SOSs, and 0 indicators.
Presolve time = 0.00 sec. (1.16 ticks)
Probing time = 0.00 sec. (2.25 ticks)
Tried aggregator 1 time.
Reduced MIP has 117 rows, 505 columns, and 2517 nonzeros.
Reduced MIP has 505 binaries, 0 generals, 0 SOSs, and 0 indicators.
Presolve time = 0.02 sec. (1.36 ticks)
Probing time = 0.00 sec. (2.24 ticks)
Clique table members: 1664.
MIP emphasis: balance optimality and feasibility.
MIP search method: dynamic search.
Parallel mode: deterministic, using up to 4 threads.
Root relaxation solution time = 0.00 sec. (1.59 ticks)

        Nodes                                         Cuts/
   Node  Left     Objective  IInf  Best Integer    Best Bound    ItCnt     Gap

*     0+    0                            0.0000     3199.0000              --- 
*     0+    0                          490.0000     3199.0000           552.86%
*     0+    0                          493.0000     3199.0000           548.88%
      0     0     1051.6300     5      493.0000     1051.6300      172  113.31%
      0     0      783.7314   139      493.0000     Cuts: 132      305   58.97%
*     0+    0                          685.0000      783.7314            14.41%
      0     0      718.9077   201      685.0000     Cuts: 129      404    4.95%
      0     0      714.6899   213      685.0000      Cuts: 24      437    4.33%
      0     0      712.9871   222      685.0000      Cuts: 43      449    4.09%
*     0+    0                          697.0000      712.9871             2.29%
      0     0      711.8328   204      697.0000       Cuts: 7      458    2.13%
      0     0        cutoff            697.0000      697.0000      470    0.00%
Elapsed time = 0.16 sec. (105.93 ticks, tree = 0.01 MB, solutions = 5)

Clique cuts applied:  137
Cover cuts applied:  9
Implied bound cuts applied:  12
Flow cuts applied:  1
Mixed integer rounding cuts applied:  8
Zero-half cuts applied:  1

Root node processing (before b&c):
  Real time             =    0.16 sec. (105.98 ticks)
Parallel b&c, 4 threads:
  Real time             =    0.00 sec. (0.00 ticks)
  Sync time (average)   =    0.00 sec.
  Wait time (average)   =    0.00 sec.
                          ------------
Total (root+branch&cut) =    0.16 sec. (105.98 ticks)
