CPXPARAM_Read_DataCheck                          1
Found incumbent of value 0.000000 after 0.00 sec. (0.08 ticks)
Tried aggregator 1 time.
MIP Presolve modified 1 coefficients.
Reduced MIP has 246 rows, 3015 columns, and 15060 nonzeros.
Reduced MIP has 3015 binaries, 0 generals, 0 SOSs, and 0 indicators.
Presolve time = 0.00 sec. (5.69 ticks)
Tried aggregator 1 time.
Reduced MIP has 246 rows, 3015 columns, and 15060 nonzeros.
Reduced MIP has 3015 binaries, 0 generals, 0 SOSs, and 0 indicators.
Presolve time = 0.02 sec. (6.75 ticks)
Probing time = 0.00 sec. (2.01 ticks)
Clique table members: 5301.
MIP emphasis: balance optimality and feasibility.
MIP search method: dynamic search.
Parallel mode: deterministic, using up to 4 threads.
Root relaxation solution time = 0.02 sec. (11.68 ticks)

        Nodes                                         Cuts/
   Node  Left     Objective  IInf  Best Integer    Best Bound    ItCnt     Gap

*     0+    0                            0.0000    18857.0000              --- 
      0     0     4026.1361    18        0.0000     4026.1361      507     --- 
      0     0     3752.3819   258        0.0000     Cuts: 161      866     --- 
*     0+    0                         3547.0000     3752.3819             5.79%
      0     0     3667.1426   404     3547.0000     Cuts: 161     1306    3.39%
*     0+    0                         3573.0000     3667.1426             2.63%
      0     0     3624.8506   402     3573.0000     Cuts: 161     1750    1.45%
*     0+    0                         3582.0000     3624.8506             1.20%
      0     0     3611.0791   460     3582.0000      Cuts: 78     1947    0.81%
      0     0     3607.0017   471     3582.0000      Cuts: 56     2064    0.70%
*     0+    0                         3596.0000     3607.0017             0.31%
      0     0     3606.5169   449     3596.0000      Cuts: 25     2110    0.29%
*     0+    0                         3597.0000     3606.5169             0.26%

Repeating presolve.
Tried aggregator 1 time.
MIP Presolve eliminated 2 rows and 938 columns.
MIP Presolve modified 13 coefficients.
Reduced MIP has 244 rows, 2077 columns, and 10100 nonzeros.
Reduced MIP has 2077 binaries, 0 generals, 0 SOSs, and 0 indicators.
Presolve time = 0.02 sec. (4.19 ticks)
Probing time = 0.00 sec. (1.10 ticks)
Tried aggregator 1 time.
Reduced MIP has 244 rows, 2077 columns, and 10100 nonzeros.
Reduced MIP has 2077 binaries, 0 generals, 0 SOSs, and 0 indicators.
Presolve time = 0.00 sec. (4.51 ticks)
Represolve time = 0.03 sec. (18.94 ticks)
Probing time = 0.00 sec. (1.10 ticks)
Clique table members: 2866.
MIP emphasis: balance optimality and feasibility.
MIP search method: dynamic search.
Parallel mode: deterministic, using up to 4 threads.
Root relaxation solution time = 0.06 sec. (60.06 ticks)

        Nodes                                         Cuts/
   Node  Left     Objective  IInf  Best Integer    Best Bound    ItCnt     Gap

*     0+    0                         3597.0000     3606.5169             0.26%
      0     0     3606.5169   446     3597.0000     3606.5169     3420    0.26%
      0     0        cutoff           3597.0000     3597.0000     3487    0.00%
Elapsed time = 1.49 sec. (799.23 ticks, tree = 0.01 MB, solutions = 6)

GUB cover cuts applied:  1
Clique cuts applied:  375
Cover cuts applied:  34
Flow cuts applied:  5
Mixed integer rounding cuts applied:  33
Zero-half cuts applied:  20

Root node processing (before b&c):
  Real time             =    1.50 sec. (799.49 ticks)
Parallel b&c, 4 threads:
  Real time             =    0.00 sec. (0.00 ticks)
  Sync time (average)   =    0.00 sec.
  Wait time (average)   =    0.00 sec.
                          ------------
Total (root+branch&cut) =    1.50 sec. (799.49 ticks)
