CPXPARAM_Read_DataCheck                          1
Found incumbent of value 0.000000 after 0.00 sec. (0.08 ticks)
Tried aggregator 1 time.
MIP Presolve modified 8 coefficients.
Reduced MIP has 246 rows, 3015 columns, and 15060 nonzeros.
Reduced MIP has 3015 binaries, 0 generals, 0 SOSs, and 0 indicators.
Presolve time = 0.00 sec. (5.43 ticks)
Tried aggregator 1 time.
Reduced MIP has 246 rows, 3015 columns, and 15060 nonzeros.
Reduced MIP has 3015 binaries, 0 generals, 0 SOSs, and 0 indicators.
Presolve time = 0.00 sec. (6.16 ticks)
Probing time = 0.00 sec. (1.77 ticks)
Clique table members: 5221.
MIP emphasis: balance optimality and feasibility.
MIP search method: dynamic search.
Parallel mode: deterministic, using up to 4 threads.
Root relaxation solution time = 0.02 sec. (10.90 ticks)

        Nodes                                         Cuts/
   Node  Left     Objective  IInf  Best Integer    Best Bound    ItCnt     Gap

*     0+    0                            0.0000    18383.0000              --- 
      0     0     9392.0640    24        0.0000     9392.0640      715     --- 
*     0+    0                         6316.0000     9392.0640            48.70%
      0     0        cutoff           6316.0000     6316.0000     1401    0.00%
Elapsed time = 0.20 sec. (123.58 ticks, tree = 0.01 MB, solutions = 2)

Clique cuts applied:  139
Cover cuts applied:  2
Mixed integer rounding cuts applied:  10
Zero-half cuts applied:  7
Gomory fractional cuts applied:  3

Root node processing (before b&c):
  Real time             =    0.20 sec. (123.78 ticks)
Parallel b&c, 4 threads:
  Real time             =    0.00 sec. (0.00 ticks)
  Sync time (average)   =    0.00 sec.
  Wait time (average)   =    0.00 sec.
                          ------------
Total (root+branch&cut) =    0.20 sec. (123.78 ticks)
