CPXPARAM_Read_DataCheck                          1
Found incumbent of value 0.000000 after 0.00 sec. (0.08 ticks)
Tried aggregator 1 time.
MIP Presolve modified 1 coefficients.
Reduced MIP has 246 rows, 3015 columns, and 15060 nonzeros.
Reduced MIP has 3015 binaries, 0 generals, 0 SOSs, and 0 indicators.
Presolve time = 0.02 sec. (5.72 ticks)
Tried aggregator 1 time.
Reduced MIP has 246 rows, 3015 columns, and 15060 nonzeros.
Reduced MIP has 3015 binaries, 0 generals, 0 SOSs, and 0 indicators.
Presolve time = 0.00 sec. (6.77 ticks)
Probing time = 0.00 sec. (2.03 ticks)
Clique table members: 5304.
MIP emphasis: balance optimality and feasibility.
MIP search method: dynamic search.
Parallel mode: deterministic, using up to 4 threads.
Root relaxation solution time = 0.01 sec. (12.25 ticks)

        Nodes                                         Cuts/
   Node  Left     Objective  IInf  Best Integer    Best Bound    ItCnt     Gap

*     0+    0                            0.0000    18464.0000              --- 
      0     0     3898.2860    15        0.0000     3898.2860      521     --- 
      0     0     3560.9829   261        0.0000     Cuts: 161      821     --- 
*     0+    0                         3359.0000     3560.9829             6.01%
      0     0     3472.1767   399     3359.0000     Cuts: 161     1214    3.37%
      0     0     3425.5382   474     3359.0000     Cuts: 161     1616    1.98%
      0     0     3411.3851   528     3359.0000     Cuts: 126     1867    1.56%
*     0+    0                         3401.0000     3411.3851             0.31%
      0     0     3408.3333     2     3401.0000      Cuts: 61     1940    0.22%
*     0+    0                         3408.0000     3408.3333             0.01%
      0     0        cutoff           3408.0000     3408.3333     1940    0.01%
Elapsed time = 0.89 sec. (467.09 ticks, tree = 0.01 MB, solutions = 4)

Clique cuts applied:  424
Cover cuts applied:  27
Implied bound cuts applied:  3
Flow cuts applied:  13
Mixed integer rounding cuts applied:  33
Zero-half cuts applied:  24

Root node processing (before b&c):
  Real time             =    0.89 sec. (467.34 ticks)
Parallel b&c, 4 threads:
  Real time             =    0.00 sec. (0.00 ticks)
  Sync time (average)   =    0.00 sec.
  Wait time (average)   =    0.00 sec.
                          ------------
Total (root+branch&cut) =    0.89 sec. (467.34 ticks)
