CPXPARAM_Read_DataCheck                          1
Found incumbent of value 0.000000 after 0.00 sec. (0.08 ticks)
Tried aggregator 1 time.
MIP Presolve modified 1 coefficients.
Reduced MIP has 246 rows, 3015 columns, and 15060 nonzeros.
Reduced MIP has 3015 binaries, 0 generals, 0 SOSs, and 0 indicators.
Presolve time = 0.02 sec. (5.70 ticks)
Tried aggregator 1 time.
Reduced MIP has 246 rows, 3015 columns, and 15060 nonzeros.
Reduced MIP has 3015 binaries, 0 generals, 0 SOSs, and 0 indicators.
Presolve time = 0.00 sec. (6.75 ticks)
Probing time = 0.00 sec. (2.01 ticks)
Clique table members: 5300.
MIP emphasis: balance optimality and feasibility.
MIP search method: dynamic search.
Parallel mode: deterministic, using up to 4 threads.
Root relaxation solution time = 0.01 sec. (12.10 ticks)

        Nodes                                         Cuts/
   Node  Left     Objective  IInf  Best Integer    Best Bound    ItCnt     Gap

*     0+    0                            0.0000    18526.0000              --- 
      0     0     3793.1781    15        0.0000     3793.1781      491     --- 
      0     0     3545.8130   212        0.0000     Cuts: 161      811     --- 
*     0+    0                         3361.0000     3545.8130             5.50%
      0     0     3471.1598   248     3361.0000     Cuts: 161     1173    3.28%
      0     0     3433.1405   344     3361.0000     Cuts: 127     1424    2.15%
*     0+    0                         3405.0000     3433.1405             0.83%
      0     0     3425.5646   390     3405.0000      Cuts: 75     1588    0.60%
*     0+    0                         3412.0000     3425.5646             0.40%
      0     0     3421.1204   287     3412.0000      Cuts: 56     1696    0.27%
*     0+    0                         3413.0000     3421.1204             0.24%
*     0+    0                         3414.0000     3421.1204             0.21%

Repeating presolve.
Tried aggregator 1 time.
MIP Presolve eliminated 2 rows and 1306 columns.
MIP Presolve modified 13 coefficients.
Reduced MIP has 244 rows, 1709 columns, and 8300 nonzeros.
Reduced MIP has 1709 binaries, 0 generals, 0 SOSs, and 0 indicators.
Presolve time = 0.00 sec. (3.76 ticks)
Probing time = 0.02 sec. (1.68 ticks)
Tried aggregator 1 time.
Reduced MIP has 244 rows, 1709 columns, and 8300 nonzeros.
Reduced MIP has 1709 binaries, 0 generals, 0 SOSs, and 0 indicators.
Presolve time = 0.00 sec. (3.75 ticks)
Represolve time = 0.02 sec. (16.40 ticks)
Probing time = 0.00 sec. (1.67 ticks)
Clique table members: 2255.
MIP emphasis: balance optimality and feasibility.
MIP search method: dynamic search.
Parallel mode: deterministic, using up to 4 threads.
Root relaxation solution time = 0.05 sec. (48.81 ticks)

        Nodes                                         Cuts/
   Node  Left     Objective  IInf  Best Integer    Best Bound    ItCnt     Gap

*     0+    0                         3414.0000     3421.1204             0.21%
      0     0     3421.1204   287     3414.0000     3421.1204     2797    0.21%
      0     0     3420.2325   110     3414.0000      Cuts: 22     2845    0.09%
      0     0     3420.1065   331     3414.0000      Cuts: 13     2875    0.09%
      0     0     3420.0075   183     3414.0000      Cuts: 12     2907    0.09%
      0     0     3419.9810   355     3414.0000       Cuts: 4     2924    0.09%
*     0+    0                         3415.0000     3417.2380             0.07%
      0     0        cutoff           3415.0000     3415.0000     2924    0.00%
Elapsed time = 1.08 sec. (613.21 ticks, tree = 0.01 MB, solutions = 7)

Clique cuts applied:  317
Cover cuts applied:  27
Implied bound cuts applied:  1
Flow cuts applied:  9
Mixed integer rounding cuts applied:  34
Zero-half cuts applied:  9

Root node processing (before b&c):
  Real time             =    1.09 sec. (613.48 ticks)
Parallel b&c, 4 threads:
  Real time             =    0.00 sec. (0.00 ticks)
  Sync time (average)   =    0.00 sec.
  Wait time (average)   =    0.00 sec.
                          ------------
Total (root+branch&cut) =    1.09 sec. (613.48 ticks)
