CPXPARAM_Read_DataCheck                          1
Found incumbent of value 0.000000 after 0.00 sec. (0.03 ticks)
Tried aggregator 1 time.
MIP Presolve modified 1 coefficients.
Reduced MIP has 217 rows, 1005 columns, and 5017 nonzeros.
Reduced MIP has 1005 binaries, 0 generals, 0 SOSs, and 0 indicators.
Presolve time = 0.00 sec. (2.16 ticks)
Probing time = 0.00 sec. (2.60 ticks)
Tried aggregator 1 time.
Reduced MIP has 217 rows, 1005 columns, and 5017 nonzeros.
Reduced MIP has 1005 binaries, 0 generals, 0 SOSs, and 0 indicators.
Presolve time = 0.00 sec. (2.54 ticks)
Probing time = 0.00 sec. (2.45 ticks)
Clique table members: 3264.
MIP emphasis: balance optimality and feasibility.
MIP search method: dynamic search.
Parallel mode: deterministic, using up to 4 threads.
Root relaxation solution time = 0.02 sec. (4.78 ticks)

        Nodes                                         Cuts/
   Node  Left     Objective  IInf  Best Integer    Best Bound    ItCnt     Gap

*     0+    0                            0.0000     6033.0000              --- 
*     0+    0                         1088.0000     6033.0000           454.50%
      0     0     2089.7000     5     1088.0000     2089.7000      338   92.07%
      0     0     1579.6673   126     1088.0000     Cuts: 154      620   45.19%
      0     0     1431.5160   174     1088.0000     Cuts: 154      796   31.57%
      0     0     1402.3282   163     1088.0000     Cuts: 132      982   28.89%
*     0+    0                         1317.0000     1402.3282             6.48%
      0     0        cutoff           1317.0000     1317.0000     1076    0.00%
Elapsed time = 0.13 sec. (115.56 ticks, tree = 0.01 MB, solutions = 3)

Clique cuts applied:  254
Cover cuts applied:  12
Implied bound cuts applied:  5
Flow cuts applied:  1
Mixed integer rounding cuts applied:  15
Zero-half cuts applied:  8
Gomory fractional cuts applied:  1

Root node processing (before b&c):
  Real time             =    0.13 sec. (115.65 ticks)
Parallel b&c, 4 threads:
  Real time             =    0.00 sec. (0.00 ticks)
  Sync time (average)   =    0.00 sec.
  Wait time (average)   =    0.00 sec.
                          ------------
Total (root+branch&cut) =    0.13 sec. (115.65 ticks)
