CPXPARAM_Read_DataCheck                          1
Found incumbent of value 0.000000 after 0.00 sec. (0.03 ticks)
Tried aggregator 1 time.
MIP Presolve modified 1 coefficients.
Reduced MIP has 217 rows, 1005 columns, and 5017 nonzeros.
Reduced MIP has 1005 binaries, 0 generals, 0 SOSs, and 0 indicators.
Presolve time = 0.02 sec. (1.95 ticks)
Probing time = 0.00 sec. (2.68 ticks)
Tried aggregator 1 time.
Reduced MIP has 217 rows, 1005 columns, and 5017 nonzeros.
Reduced MIP has 1005 binaries, 0 generals, 0 SOSs, and 0 indicators.
Presolve time = 0.00 sec. (2.33 ticks)
Probing time = 0.00 sec. (2.63 ticks)
Clique table members: 3564.
MIP emphasis: balance optimality and feasibility.
MIP search method: dynamic search.
Parallel mode: deterministic, using up to 4 threads.
Root relaxation solution time = 0.02 sec. (3.07 ticks)

        Nodes                                         Cuts/
   Node  Left     Objective  IInf  Best Integer    Best Bound    ItCnt     Gap

*     0+    0                            0.0000     5974.0000              --- 
      0     0     3262.0400     5        0.0000     3262.0400      284     --- 
*     0+    0                         1468.0000     3262.0400           122.21%
      0     0     3244.6900     5     1468.0000  Cliques: 154      294  121.03%
      0     0     2719.7737   244     1468.0000     Cuts: 154      526   85.27%
*     0+    0                         1896.0000     2719.7737            43.45%
      0     0     2685.0901   268     1896.0000  Cliques: 154      576   41.62%
      0     0     2642.3440   302     1896.0000  Cliques: 154      619   39.36%
*     0+    0                         1927.0000     2642.3440            37.12%
      0     0        cutoff           1927.0000     1927.0000      848    0.00%
Elapsed time = 0.13 sec. (117.87 ticks, tree = 0.01 MB, solutions = 4)

Clique cuts applied:  549
Cover cuts applied:  4
Implied bound cuts applied:  1

Root node processing (before b&c):
  Real time             =    0.13 sec. (117.96 ticks)
Parallel b&c, 4 threads:
  Real time             =    0.00 sec. (0.00 ticks)
  Sync time (average)   =    0.00 sec.
  Wait time (average)   =    0.00 sec.
                          ------------
Total (root+branch&cut) =    0.13 sec. (117.96 ticks)
