CPXPARAM_Read_DataCheck                          1
Found incumbent of value 0.000000 after 0.00 sec. (0.03 ticks)
Tried aggregator 1 time.
MIP Presolve modified 1 coefficients.
Reduced MIP has 217 rows, 1005 columns, and 5017 nonzeros.
Reduced MIP has 1005 binaries, 0 generals, 0 SOSs, and 0 indicators.
Presolve time = 0.00 sec. (1.94 ticks)
Probing time = 0.00 sec. (2.78 ticks)
Tried aggregator 1 time.
Reduced MIP has 217 rows, 1005 columns, and 5017 nonzeros.
Reduced MIP has 1005 binaries, 0 generals, 0 SOSs, and 0 indicators.
Presolve time = 0.00 sec. (2.32 ticks)
Probing time = 0.02 sec. (2.72 ticks)
Clique table members: 3564.
MIP emphasis: balance optimality and feasibility.
MIP search method: dynamic search.
Parallel mode: deterministic, using up to 4 threads.
Root relaxation solution time = 0.00 sec. (3.08 ticks)

        Nodes                                         Cuts/
   Node  Left     Objective  IInf  Best Integer    Best Bound    ItCnt     Gap

*     0+    0                            0.0000     6163.0000              --- 
      0     0     2992.7250     5        0.0000     2992.7250      301     --- 
      0     0     2967.4700     5        0.0000  Cliques: 154      307     --- 
      0     0     2467.0990   215        0.0000     Cuts: 154      543     --- 
      0     0     2223.5247   301        0.0000  Cliques: 154      731     --- 
*     0+    0                         1434.0000     2223.5247            55.06%
      0     0        cutoff           1434.0000     1434.0000      968    0.00%
Elapsed time = 0.09 sec. (96.88 ticks, tree = 0.01 MB, solutions = 2)

Clique cuts applied:  443
Cover cuts applied:  4

Root node processing (before b&c):
  Real time             =    0.09 sec. (96.95 ticks)
Parallel b&c, 4 threads:
  Real time             =    0.00 sec. (0.00 ticks)
  Sync time (average)   =    0.00 sec.
  Wait time (average)   =    0.00 sec.
                          ------------
Total (root+branch&cut) =    0.09 sec. (96.95 ticks)
