CPXPARAM_Read_DataCheck                          1
Found incumbent of value 0.000000 after 0.00 sec. (0.08 ticks)
Tried aggregator 1 time.
MIP Presolve eliminated 7 rows and 0 columns.
MIP Presolve modified 1 coefficients.
Reduced MIP has 242 rows, 3015 columns, and 13651 nonzeros.
Reduced MIP has 3015 binaries, 0 generals, 0 SOSs, and 0 indicators.
Presolve time = 0.02 sec. (5.36 ticks)
Tried aggregator 1 time.
Reduced MIP has 242 rows, 3015 columns, and 13651 nonzeros.
Reduced MIP has 3015 binaries, 0 generals, 0 SOSs, and 0 indicators.
Presolve time = 0.00 sec. (5.96 ticks)
Probing time = 0.00 sec. (3.39 ticks)
Clique table members: 9891.
MIP emphasis: balance optimality and feasibility.
MIP search method: dynamic search.
Parallel mode: deterministic, using up to 4 threads.
Root relaxation solution time = 0.02 sec. (12.61 ticks)

        Nodes                                         Cuts/
   Node  Left     Objective  IInf  Best Integer    Best Bound    ItCnt     Gap

*     0+    0                            0.0000    18383.0000              --- 
      0     0    10754.2100    15        0.0000    10754.2100      738     --- 
      0     0    10689.4800    15        0.0000  Cliques: 160      771     --- 
*     0+    0                         5736.0000    10689.4800            86.36%
      0     0     8403.7850    11     5736.0000     Cuts: 160      788    3.74%
*     0+    0                         5737.0000     5950.7650             3.73%
      0     0        cutoff           5737.0000     5737.0000      788    0.00%
Elapsed time = 0.28 sec. (153.37 ticks, tree = 0.01 MB, solutions = 3)

Clique cuts applied:  172

Root node processing (before b&c):
  Real time             =    0.28 sec. (153.57 ticks)
Parallel b&c, 4 threads:
  Real time             =    0.00 sec. (0.00 ticks)
  Sync time (average)   =    0.00 sec.
  Wait time (average)   =    0.00 sec.
                          ------------
Total (root+branch&cut) =    0.28 sec. (153.57 ticks)
