CPXPARAM_Read_DataCheck                          1
Found incumbent of value 0.000000 after 0.00 sec. (0.08 ticks)
Tried aggregator 1 time.
MIP Presolve eliminated 6 rows and 0 columns.
MIP Presolve modified 1 coefficients.
Reduced MIP has 243 rows, 3015 columns, and 13851 nonzeros.
Reduced MIP has 3015 binaries, 0 generals, 0 SOSs, and 0 indicators.
Presolve time = 0.02 sec. (5.40 ticks)
Tried aggregator 1 time.
Reduced MIP has 243 rows, 3015 columns, and 13851 nonzeros.
Reduced MIP has 3015 binaries, 0 generals, 0 SOSs, and 0 indicators.
Presolve time = 0.00 sec. (6.02 ticks)
Probing time = 0.00 sec. (3.00 ticks)
Clique table members: 9991.
MIP emphasis: balance optimality and feasibility.
MIP search method: dynamic search.
Parallel mode: deterministic, using up to 4 threads.
Root relaxation solution time = 0.02 sec. (14.83 ticks)

        Nodes                                         Cuts/
   Node  Left     Objective  IInf  Best Integer    Best Bound    ItCnt     Gap

*     0+    0                            0.0000    18425.0000              --- 
*     0+    0                         1085.0000    18425.0000              --- 
*     0+    0                         1119.0000    18425.0000              --- 
      0     0    10034.8500    15     1119.0000    10034.8500      827  796.77%
      0     0    10027.3050    16     1119.0000  Cliques: 160      843  796.10%
*     0+    0                         4056.0000    10027.3050           147.22%
      0     0        cutoff           4056.0000     4056.0000      854    0.00%
Elapsed time = 0.23 sec. (140.69 ticks, tree = 0.01 MB, solutions = 4)

Clique cuts applied:  316

Root node processing (before b&c):
  Real time             =    0.23 sec. (140.92 ticks)
Parallel b&c, 4 threads:
  Real time             =    0.00 sec. (0.00 ticks)
  Sync time (average)   =    0.00 sec.
  Wait time (average)   =    0.00 sec.
                          ------------
Total (root+branch&cut) =    0.23 sec. (140.92 ticks)
