CPXPARAM_Read_DataCheck                          1
Found incumbent of value 0.000000 after 0.00 sec. (0.26 ticks)
Tried aggregator 1 time.
MIP Presolve modified 1 coefficients.
Reduced MIP has 1033 rows, 10010 columns, and 50034 nonzeros.
Reduced MIP has 10010 binaries, 0 generals, 0 SOSs, and 0 indicators.
Presolve time = 0.02 sec. (19.58 ticks)
Tried aggregator 1 time.
Reduced MIP has 1033 rows, 10010 columns, and 50034 nonzeros.
Reduced MIP has 10010 binaries, 0 generals, 0 SOSs, and 0 indicators.
Presolve time = 0.03 sec. (23.35 ticks)
Probing time = 0.02 sec. (7.45 ticks)
Clique table members: 33105.
MIP emphasis: balance optimality and feasibility.
MIP search method: dynamic search.
Parallel mode: deterministic, using up to 4 threads.
Root relaxation solution time = 0.09 sec. (105.68 ticks)

        Nodes                                         Cuts/
   Node  Left     Objective  IInf  Best Integer    Best Bound    ItCnt     Gap

*     0+    0                            0.0000    61513.0000              --- 
*     0+    0                         7928.0000    61513.0000           675.90%
*     0+    0                         8673.0000    61513.0000           609.25%
      0     0    17689.2270    10     8673.0000    17689.2270     1655  103.96%
*     0+    0                        11277.0000    17689.2270            56.86%
      0     0    16213.0475    91    11277.0000     Cuts: 358     2396   43.77%
*     0+    0                        12581.0000    16213.0475            28.87%
      0     0    15449.2008   181    12581.0000     Cuts: 358     2937   22.80%
*     0+    0                        12638.0000    15449.2008            22.24%
      0     0    14405.8776   577    12638.0000     Cuts: 358     4192   13.99%
*     0+    0                        12639.0000    14405.8776            13.98%
*     0+    0                        13057.0000    14405.8776            10.33%
      0     0    13938.2875  1049    13057.0000     Cuts: 358     5057    6.75%
*     0+    0                        13062.0000    13938.2875             6.71%
      0     0        cutoff          13062.0000    13062.0000     5873    0.00%
Elapsed time = 4.17 sec. (2095.27 ticks, tree = 0.01 MB, solutions = 9)

Clique cuts applied:  1041
Cover cuts applied:  6
Implied bound cuts applied:  13
Mixed integer rounding cuts applied:  39
Zero-half cuts applied:  8
Lift and project cuts applied:  1

Root node processing (before b&c):
  Real time             =    4.19 sec. (2096.43 ticks)
Parallel b&c, 4 threads:
  Real time             =    0.00 sec. (0.00 ticks)
  Sync time (average)   =    0.00 sec.
  Wait time (average)   =    0.00 sec.
                          ------------
Total (root+branch&cut) =    4.19 sec. (2096.43 ticks)
