CPXPARAM_Read_DataCheck                          1
Found incumbent of value 0.000000 after 0.00 sec. (0.26 ticks)
Tried aggregator 1 time.
MIP Presolve eliminated 4 rows and 0 columns.
MIP Presolve modified 1 coefficients.
Reduced MIP has 1029 rows, 10010 columns, and 46034 nonzeros.
Reduced MIP has 10010 binaries, 0 generals, 0 SOSs, and 0 indicators.
Presolve time = 0.03 sec. (18.02 ticks)
Tried aggregator 1 time.
Reduced MIP has 1029 rows, 10010 columns, and 46034 nonzeros.
Reduced MIP has 10010 binaries, 0 generals, 0 SOSs, and 0 indicators.
Presolve time = 0.03 sec. (20.13 ticks)
Probing time = 0.02 sec. (7.96 ticks)
Clique table members: 33077.
MIP emphasis: balance optimality and feasibility.
MIP search method: dynamic search.
Parallel mode: deterministic, using up to 4 threads.
Root relaxation solution time = 0.08 sec. (68.90 ticks)

        Nodes                                         Cuts/
   Node  Left     Objective  IInf  Best Integer    Best Bound    ItCnt     Gap

*     0+    0                            0.0000    61787.0000              --- 
*     0+    0                        15263.0000    61787.0000           304.82%
*     0+    0                        15458.0000    61787.0000           299.71%
      0     0    33173.4720    10    15458.0000    33173.4720     1895  114.60%
*     0+    0                        19273.0000    33173.4720            72.12%
      0     0        cutoff          19273.0000    19273.0000     1916    0.00%
Elapsed time = 1.67 sec. (773.13 ticks, tree = 0.01 MB, solutions = 4)

Clique cuts applied:  357

Root node processing (before b&c):
  Real time             =    1.69 sec. (773.89 ticks)
Parallel b&c, 4 threads:
  Real time             =    0.00 sec. (0.00 ticks)
  Sync time (average)   =    0.00 sec.
  Wait time (average)   =    0.00 sec.
                          ------------
Total (root+branch&cut) =    1.69 sec. (773.89 ticks)
