CPXPARAM_Read_DataCheck                          1
Found incumbent of value 0.000000 after 0.00 sec. (0.26 ticks)
Tried aggregator 1 time.
MIP Presolve eliminated 5 rows and 0 columns.
MIP Presolve modified 1 coefficients.
Reduced MIP has 1028 rows, 10010 columns, and 45034 nonzeros.
Reduced MIP has 10010 binaries, 0 generals, 0 SOSs, and 0 indicators.
Presolve time = 0.02 sec. (17.85 ticks)
Tried aggregator 1 time.
Reduced MIP has 1028 rows, 10010 columns, and 45034 nonzeros.
Reduced MIP has 10010 binaries, 0 generals, 0 SOSs, and 0 indicators.
Presolve time = 0.02 sec. (19.81 ticks)
Probing time = 0.02 sec. (3.48 ticks)
Clique table members: 14002.
MIP emphasis: balance optimality and feasibility.
MIP search method: dynamic search.
Parallel mode: deterministic, using up to 4 threads.
Root relaxation solution time = 0.09 sec. (85.23 ticks)

        Nodes                                         Cuts/
   Node  Left     Objective  IInf  Best Integer    Best Bound    ItCnt     Gap

*     0+    0                            0.0000    61823.0000              --- 
      0     0    33708.3480    14        0.0000    33708.3480     1999     --- 
*     0+    0                        12776.0000    33708.3480           163.84%
      0     0        cutoff          12776.0000    12776.0000     4314    0.00%
Elapsed time = 1.53 sec. (1093.01 ticks, tree = 0.01 MB, solutions = 2)

Clique cuts applied:  344
Cover cuts applied:  1
Mixed integer rounding cuts applied:  2
Zero-half cuts applied:  7
Gomory fractional cuts applied:  3

Root node processing (before b&c):
  Real time             =    1.53 sec. (1093.66 ticks)
Parallel b&c, 4 threads:
  Real time             =    0.00 sec. (0.00 ticks)
  Sync time (average)   =    0.00 sec.
  Wait time (average)   =    0.00 sec.
                          ------------
Total (root+branch&cut) =    1.53 sec. (1093.66 ticks)
