CPXPARAM_Read_DataCheck                          1
Found incumbent of value 0.000000 after 0.00 sec. (0.26 ticks)
Tried aggregator 1 time.
MIP Presolve eliminated 6 rows and 0 columns.
MIP Presolve modified 1 coefficients.
Reduced MIP has 1027 rows, 10010 columns, and 44034 nonzeros.
Reduced MIP has 10010 binaries, 0 generals, 0 SOSs, and 0 indicators.
Presolve time = 0.02 sec. (17.65 ticks)
Tried aggregator 1 time.
Reduced MIP has 1027 rows, 10010 columns, and 44034 nonzeros.
Reduced MIP has 10010 binaries, 0 generals, 0 SOSs, and 0 indicators.
Presolve time = 0.03 sec. (19.50 ticks)
Probing time = 0.02 sec. (6.48 ticks)
Clique table members: 32077.
MIP emphasis: balance optimality and feasibility.
MIP search method: dynamic search.
Parallel mode: deterministic, using up to 4 threads.
Root relaxation solution time = 0.08 sec. (72.98 ticks)

        Nodes                                         Cuts/
   Node  Left     Objective  IInf  Best Integer    Best Bound    ItCnt     Gap

*     0+    0                            0.0000    61921.0000              --- 
*     0+    0                         3628.0000    61921.0000              --- 
      0     0    33959.1830    10     3628.0000    33959.1830     1977  836.03%
*     0+    0                        17150.0000    33959.1830            98.01%
*     0+    0                        18866.0000    33959.1830            80.00%
      0     0    33924.5760    10    18866.0000  Cliques: 356     1993   24.60%
      0     0        cutoff          18866.0000    18866.0000     1997    0.00%
Elapsed time = 2.63 sec. (1295.32 ticks, tree = 0.01 MB, solutions = 4)

Clique cuts applied:  710

Root node processing (before b&c):
  Real time             =    2.63 sec. (1296.08 ticks)
Parallel b&c, 4 threads:
  Real time             =    0.00 sec. (0.00 ticks)
  Sync time (average)   =    0.00 sec.
  Wait time (average)   =    0.00 sec.
                          ------------
Total (root+branch&cut) =    2.63 sec. (1296.08 ticks)
