CPXPARAM_Read_DataCheck                          1
Found incumbent of value 0.000000 after 0.00 sec. (0.26 ticks)
Tried aggregator 1 time.
MIP Presolve modified 1 coefficients.
Reduced MIP has 1033 rows, 10010 columns, and 50034 nonzeros.
Reduced MIP has 10010 binaries, 0 generals, 0 SOSs, and 0 indicators.
Presolve time = 0.02 sec. (19.57 ticks)
Tried aggregator 1 time.
Reduced MIP has 1033 rows, 10010 columns, and 50034 nonzeros.
Reduced MIP has 10010 binaries, 0 generals, 0 SOSs, and 0 indicators.
Presolve time = 0.03 sec. (23.35 ticks)
Probing time = 0.02 sec. (7.21 ticks)
Clique table members: 33105.
MIP emphasis: balance optimality and feasibility.
MIP search method: dynamic search.
Parallel mode: deterministic, using up to 4 threads.
Root relaxation solution time = 0.06 sec. (109.32 ticks)

        Nodes                                         Cuts/
   Node  Left     Objective  IInf  Best Integer    Best Bound    ItCnt     Gap

*     0+    0                            0.0000    61921.0000              --- 
*     0+    0                         8388.0000    61921.0000           638.21%
*     0+    0                         8832.0000    61921.0000           601.10%
      0     0    17400.7340    10     8832.0000    17400.7340     1719   97.02%
*     0+    0                        11317.0000    17400.7340            53.76%
      0     0    15692.1059   308    11317.0000     Cuts: 358     2732   38.66%
*     0+    0                        11498.0000    15692.1059            36.48%
      0     0    14498.5833   430    11498.0000     Cuts: 358     3644   26.10%
*     0+    0                        11613.0000    14498.5833            24.85%
      0     0    14086.5963   609    11613.0000     Cuts: 358     4459   21.30%
*     0+    0                        11626.0000    14086.5963            21.16%
      0     0    13367.7175   993    11626.0000     Cuts: 358     5724   13.99%
      0     0    12842.6609  1485    11626.0000     Cuts: 358     6856    8.38%
      0     0        cutoff          11626.0000    11626.0000     7907    0.00%
Elapsed time = 6.83 sec. (3633.38 ticks, tree = 0.01 MB, solutions = 7)

Clique cuts applied:  1226
Cover cuts applied:  6
Implied bound cuts applied:  15
Mixed integer rounding cuts applied:  57
Zero-half cuts applied:  7

Root node processing (before b&c):
  Real time             =    6.84 sec. (3634.42 ticks)
Parallel b&c, 4 threads:
  Real time             =    0.00 sec. (0.00 ticks)
  Sync time (average)   =    0.00 sec.
  Wait time (average)   =    0.00 sec.
                          ------------
Total (root+branch&cut) =    6.84 sec. (3634.42 ticks)
