CPXPARAM_Read_DataCheck                          1
Found incumbent of value 0.000000 after 0.00 sec. (0.03 ticks)
Tried aggregator 1 time.
MIP Presolve modified 1 coefficients.
Reduced MIP has 216 rows, 1005 columns, and 5015 nonzeros.
Reduced MIP has 1005 binaries, 0 generals, 0 SOSs, and 0 indicators.
Presolve time = 0.00 sec. (1.87 ticks)
Probing time = 0.00 sec. (1.42 ticks)
Tried aggregator 1 time.
Reduced MIP has 216 rows, 1005 columns, and 5015 nonzeros.
Reduced MIP has 1005 binaries, 0 generals, 0 SOSs, and 0 indicators.
Presolve time = 0.00 sec. (2.25 ticks)
Probing time = 0.00 sec. (1.42 ticks)
Clique table members: 1000.
MIP emphasis: balance optimality and feasibility.
MIP search method: dynamic search.
Parallel mode: deterministic, using up to 4 threads.
Root relaxation solution time = 0.00 sec. (3.19 ticks)

        Nodes                                         Cuts/
   Node  Left     Objective  IInf  Best Integer    Best Bound    ItCnt     Gap

*     0+    0                            0.0000     6364.0000              --- 
      0     0     3158.2700     5        0.0000     3158.2700      311     --- 
*     0+    0                         1442.0000     3158.2700           119.02%
      0     0     2518.9238   222     1442.0000     Cuts: 154      586   74.68%
*     0+    0                         1971.0000     2518.9238            27.80%
*     0+    0                         1983.0000     2518.9238            27.03%
      0     0        cutoff           1983.0000     1983.0000      924    0.00%
Elapsed time = 0.13 sec. (98.31 ticks, tree = 0.01 MB, solutions = 4)

Clique cuts applied:  285
Cover cuts applied:  2
Mixed integer rounding cuts applied:  5
Zero-half cuts applied:  2

Root node processing (before b&c):
  Real time             =    0.13 sec. (98.39 ticks)
Parallel b&c, 4 threads:
  Real time             =    0.00 sec. (0.00 ticks)
  Sync time (average)   =    0.00 sec.
  Wait time (average)   =    0.00 sec.
                          ------------
Total (root+branch&cut) =    0.13 sec. (98.39 ticks)
