CPXPARAM_Read_DataCheck                          1
Found incumbent of value 0.000000 after 0.00 sec. (3.82 ticks)
Tried aggregator 1 time.
MIP Presolve modified 1 coefficients.
Reduced MIP has 10046 rows, 150015 columns, and 750045 nonzeros.
Reduced MIP has 150015 binaries, 0 generals, 0 SOSs, and 0 indicators.
Presolve time = 0.50 sec. (295.33 ticks)
Tried aggregator 1 time.
Reduced MIP has 10046 rows, 150015 columns, and 750045 nonzeros.
Reduced MIP has 150015 binaries, 0 generals, 0 SOSs, and 0 indicators.
Presolve time = 0.70 sec. (355.61 ticks)
Probing time = 0.14 sec. (28.38 ticks)
Clique table members: 153330.
MIP emphasis: balance optimality and feasibility.
MIP search method: dynamic search.
Parallel mode: deterministic, using up to 4 threads.
Root relaxation solution time = 3.36 sec. (1915.81 ticks)

        Nodes                                         Cuts/
   Node  Left     Objective  IInf  Best Integer    Best Bound    ItCnt     Gap

*     0+    0                            0.0000   929070.0000              --- 
      0     0   240574.5195    17        0.0000   240574.5195    20091     --- 
*     0+    0                       168833.0000   240574.5195            42.49%
      0     0   202466.3457  3241   168833.0000    Cuts: 2611    44510   19.92%
*     0+    0                       169523.0000   202466.3457            19.43%
      0     0   189198.3800  3722   169523.0000    Cuts: 2611    62178   11.61%
*     0+    0                       170229.0000   189198.3800            11.14%
      0     0   185017.8068  6775   170229.0000    Cuts: 2611    71590    8.69%
      0     0   182773.7908  9781   170229.0000    Cuts: 2611    79471    7.37%
      0     0   180570.7867 12670   170229.0000    Cuts: 2611    90575    6.08%
*     0+    0                       170743.0000   180570.7867             5.76%
      0     0   179216.6272 15418   170743.0000    Cuts: 2611   107797    4.96%
      0     0   177994.2133 17764   170743.0000    Cuts: 2611   122058    4.25%
      0     0   177134.2266 20268   170743.0000    Cuts: 2611   133452    3.74%
      0     0   176214.2030 22539   170743.0000    Cuts: 2611   143394    3.20%
      0     0   175125.4458 24283   170743.0000    Cuts: 2611   157663    2.57%
      0     0   173320.7336 26045   170743.0000    Cuts: 2611   175162    1.51%
      0     0   172149.4760 28062   170743.0000    Cuts: 2611   189595    0.82%
      0     0   171654.5373 28016   170743.0000    Cuts: 2611   202285    0.53%
      0     0   171235.7195 28898   170743.0000    Cuts: 2611   216640    0.29%
      0     0   171098.3656 32287   170743.0000    Cuts: 2611   224892    0.21%
*     0+    0                       170744.0000   171098.3656             0.21%
      0     0   171063.2974 32033   170744.0000     Cuts: 859   228818    0.19%
      0     0   171055.0745 31949   170744.0000     Cuts: 231   230728    0.18%
      0     0   171046.5031 31727   170744.0000     Cuts: 152   234174    0.18%
      0     0   171046.0000 11898   170744.0000     Cuts: 200   234419    0.18%
      0     0   171046.0000 11941   170744.0000      Cuts: 51   234546    0.18%
      0     0   171046.0000 11985   170744.0000      Cuts: 44   234633    0.18%
Heuristic still looking.
      0     2   171046.0000 11985   170744.0000   171046.0000   234633    0.18%
Elapsed time = 1482.84 sec. (864340.29 ticks, tree = 0.01 MB, solutions = 6)
      1     3   170850.5682 24453   170744.0000   171045.8926   241905    0.18%
      2     2        cutoff         170744.0000   171045.8926   242296    0.18%
      3     2        cutoff         170744.0000   171045.8926   242468    0.18%
      4     3   170897.9306 23492   170744.0000   171045.8926   242239    0.18%
      5     3   170879.7348 21009   170744.0000   170897.0816   255689    0.09%
      6     2        cutoff         170744.0000   170897.0816   256216    0.09%
      7     4   170865.1555 18017   170744.0000   170897.0816   262159    0.09%
      8     2        cutoff         170744.0000   170897.0816   262687    0.09%
      9     3   170793.8067 19445   170744.0000   170897.0816   257472    0.09%
     11     4   170857.9287 17181   170744.0000   170865.0124   263667    0.07%
Elapsed time = 1684.80 sec. (1011452.35 ticks, tree = 0.01 MB, solutions = 6)
     13     4   170851.4637 16677   170744.0000   170851.2462   271810    0.06%
     15     4   170843.5479 16086   170744.0000   170843.5387   272300    0.06%
     17     4   170817.8328 14499   170744.0000   170830.6922   275240    0.05%
     18     2        cutoff         170744.0000   170817.8319   275325    0.04%
     19     4   170747.2556 18069   170744.0000   170817.8319   278971    0.04%
     20     4   170795.1064  4310   170744.0000   170816.8385   276656    0.04%
     21     3        cutoff         170744.0000   170789.2904   286781    0.03%

Clique cuts applied:  24524
Cover cuts applied:  36
Implied bound cuts applied:  10
Flow cuts applied:  43
Mixed integer rounding cuts applied:  139

Root node processing (before b&c):
  Real time             = 1477.53 sec. (856944.29 ticks)
Parallel b&c, 4 threads:
  Real time             =  255.95 sec. (184649.88 ticks)
  Sync time (average)   =  147.38 sec.
  Wait time (average)   =    0.09 sec.
                          ------------
Total (root+branch&cut) = 1733.48 sec. (1041594.17 ticks)
