CPXPARAM_Read_DataCheck                          1
Found incumbent of value 0.000000 after 0.02 sec. (3.82 ticks)
Tried aggregator 1 time.
MIP Presolve modified 1 coefficients.
Reduced MIP has 10046 rows, 150015 columns, and 750045 nonzeros.
Reduced MIP has 150015 binaries, 0 generals, 0 SOSs, and 0 indicators.
Presolve time = 0.53 sec. (296.15 ticks)
Tried aggregator 1 time.
Reduced MIP has 10046 rows, 150015 columns, and 750045 nonzeros.
Reduced MIP has 150015 binaries, 0 generals, 0 SOSs, and 0 indicators.
Presolve time = 0.67 sec. (349.93 ticks)
Probing time = 0.14 sec. (28.37 ticks)
Clique table members: 153407.
MIP emphasis: balance optimality and feasibility.
MIP search method: dynamic search.
Parallel mode: deterministic, using up to 4 threads.
Root relaxation solution time = 2.27 sec. (1273.69 ticks)

        Nodes                                         Cuts/
   Node  Left     Objective  IInf  Best Integer    Best Bound    ItCnt     Gap

*     0+    0                            0.0000   924950.0000              --- 
      0     0   239605.8163    15        0.0000   239605.8163    19668     --- 
*     0+    0                        65207.0000   239605.8163           267.45%
*     0+    0                       163695.0000   239605.8163            46.37%
      0     0   214411.9523  2909   163695.0000    Cuts: 2611    36444   30.98%
*     0+    0                       165452.0000   214411.9523            29.59%
      0     0   200000.0871  4683   165452.0000    Cuts: 2611    51314   20.88%
*     0+    0                       166192.0000   200000.0871            20.34%
      0     0   187039.0887  7158   166192.0000    Cuts: 2611    68430   12.54%
      0     0   182531.4635 10434   166192.0000    Cuts: 2611    82723    9.83%
      0     0   179335.3779 13346   166192.0000    Cuts: 2611    96513    7.91%
      0     0   177514.0782 16306   166192.0000    Cuts: 2611   109698    6.81%
      0     0   174863.6615 19061   166192.0000    Cuts: 2611   131189    5.22%
*     0+    0                       166199.0000   174863.6615             5.21%
      0     0   173802.3901 21656   166199.0000    Cuts: 2611   147522    4.57%
      0     0   172760.0992 23370   166199.0000    Cuts: 2611   169281    3.95%
*     0+    0                       166202.0000   172760.0992             3.95%
      0     0   171203.5679 23866   166202.0000    Cuts: 2611   187005    3.01%
      0     0   170419.9146 26287   166202.0000    Cuts: 2611   199853    2.54%
      0     0   169703.0913 28393   166202.0000    Cuts: 2611   212729    2.11%
*     0+    0                       166203.0000   169703.0913             2.11%
      0     0   168998.1308 30255   166203.0000    Cuts: 2611   226110    1.68%
      0     0   168497.9828 30473   166203.0000    Cuts: 2611   238304    1.38%
      0     0   168104.7437 32418   166203.0000    Cuts: 2611   251081    1.14%
      0     0   167863.4550 33098   166203.0000    Cuts: 1565   257536    1.00%
      0     0   167796.4542 33625   166203.0000     Cuts: 836   260239    0.96%
      0     0   167768.9243 34023   166203.0000     Cuts: 469   262113    0.94%
      0     0   167752.9859 32748   166203.0000     Cuts: 557   264530    0.93%
      0     0   167741.7191 32788   166203.0000     Cuts: 285   266790    0.93%
Heuristic still looking.
      0     2   167741.7191 32788   166203.0000   167741.7191   266790    0.93%
Elapsed time = 2136.41 sec. (1338079.81 ticks, tree = 0.01 MB, solutions = 8)
      1     3   167674.0453 27879   166203.0000   167741.7182   268483    0.93%
      2     4   167519.4444 24382   166203.0000   167741.7182   271470    0.93%
      3     5   166590.7571 21625   166203.0000   167741.7182   278412    0.93%
      4     6   166332.0638 22431   166203.0000   167741.7182   283091    0.93%
      5     5        cutoff         166203.0000   167741.7182   283469    0.93%
      6     5   167447.9272 20123   166203.0000   167741.7182   273151    0.93%
      7     4        cutoff         166203.0000   167741.7182   285413    0.93%
      8     4        cutoff         166203.0000   167741.7182   287497    0.93%
      9     8   166760.9448 15349   166203.0000   167741.7182   289326    0.93%
     11     9   166315.1936 11216   166203.0000   167741.7182   291704    0.93%
Elapsed time = 2423.39 sec. (1459603.04 ticks, tree = 0.01 MB, solutions = 8)
     13     3   167106.8588 28347   166203.0000   167741.7182   275392    0.93%
     14     7   167310.2048 15209   166203.0000   167741.7182   302502    0.93%
     15     8   167250.0680 11824   166203.0000   167741.7182   303973    0.93%
     17     9   166831.6987  3386   166203.0000   167741.7182   306129    0.93%
     18     9   166791.7588 25969   166203.0000   167447.7924   313757    0.75%
     20    10        cutoff         166203.0000   167310.1477   320993    0.67%
     21    11   166777.6274  3088   166203.0000   167310.1477   322715    0.67%
     22    12   166263.8889    12   166203.0000   167310.1477   324507    0.67%
*    23+   11                       166247.0000   167310.1477             0.64%
     23    10   166396.9136 18389   166247.0000   167310.1477   317495    0.64%
*    24+   11                       166257.0000   167310.1477             0.63%
     24    13   166263.8889    16   166257.0000   167310.1477   324518    0.63%
Elapsed time = 2578.31 sec. (1513620.79 ticks, tree = 1.52 MB, solutions = 8)
     42    32   166263.8889    14   166257.0000   167310.1477   331333    0.63%
     67    57   166263.8889    12   166257.0000   167310.1477   331404    0.63%
     74    13   166655.2603 19769   166257.0000   167310.1477   329593    0.63%
     76    11   166321.4195 11619   166257.0000   167310.1477   319327    0.63%
     86    72   166263.8889    12   166257.0000   167310.1477   331460    0.63%
     93    79   166263.8889    12   166257.0000   167310.1477   331520    0.63%
     99    84   166263.8889    12   166257.0000   167310.1477   331589    0.63%
    100    16   166420.8281 17452   166257.0000   167310.1477   339975    0.63%
    119   108   166263.8889    18   166257.0000   167310.1477   349321    0.63%
*   120+  107                       166260.0000   167310.1477             0.63%
    120   109   166263.8889    10   166260.0000   167310.1477   349327    0.63%
Elapsed time = 2680.22 sec. (1547723.68 ticks, tree = 39.38 MB, solutions = 10)
    130    20   166269.0547 13057   166260.0000   167310.1477   353650    0.63%
    133   120   166263.8889    10   166260.0000   167310.1477   354471    0.63%
    143   130   166263.8889    10   166260.0000   167310.1477   354585    0.63%
*   153+  138                       166262.0000   167310.1477             0.63%
    153   140   166263.8889    10   166262.0000   167310.1477   354743    0.63%
    163   151   166263.8889    16   166262.0000   167310.1477   359677    0.63%
    175   163   166263.8889    10   166262.0000   167310.1477   359789    0.63%
    183   171   166263.8889    14   166262.0000   167310.1477   359836    0.63%
    202   190   166263.8333    10   166262.0000   167310.1477   360032    0.63%
    203   191   166263.7778    10   166262.0000   167310.1477   360043    0.63%
    219   207   166263.6667     6   166262.0000   167310.1477   360156    0.63%
Elapsed time = 2754.41 sec. (1568552.95 ticks, tree = 2.04 MB, solutions = 13)
*   233+  140                       166263.0000   167310.1477             0.63%
    234    91   166283.7079 16606   166263.0000   167310.1477   358103    0.63%
    235    18        cutoff         166263.0000   167310.1477   364254    0.63%
    236    19   166928.5643  3413   166263.0000   167250.0068   362731    0.59%
    237   110   166719.1446 22497   166263.0000   167250.0068   363601    0.59%
    239    16   166834.7980 26825   166263.0000   167250.0068   350136    0.59%
    240    20   166855.9389  6504   166263.0000   167250.0068   364226    0.59%
    241    20   166848.0016  3141   166263.0000   167250.0068   380118    0.59%
    242    18   167165.4945 11430   166263.0000   167250.0068   366143    0.59%
    243    21   166777.4537  3513   166263.0000   167250.0068   381932    0.59%
    244    17        cutoff         166263.0000   167250.0068   372198    0.59%
Elapsed time = 2862.44 sec. (1615002.24 ticks, tree = 1.52 MB, solutions = 13)
    245    22   166709.9957  5406   166263.0000   167250.0068   382845    0.59%
    246    23   166631.1852  7159   166263.0000   167250.0068   383906    0.59%
    247    19   166917.2663 12765   166263.0000   167165.2466   384008    0.54%
    249    23   166524.1761  5013   166263.0000   167165.2466   391406    0.54%
    250    24   166401.5170  2740   166263.0000   167165.2466   391931    0.54%
    253    20   166980.3377  2990   166263.0000   166980.2881   385918    0.43%
    254    21        cutoff         166263.0000   166980.2881   393369    0.43%
    255    21   166849.3452  3426   166263.0000   166980.2881   387535    0.43%
    256    25   166613.8788    12   166263.0000   166928.0213   396947    0.40%
    265    18   166498.9337 23900   166263.0000   166928.0213   382559    0.40%
Elapsed time = 2957.89 sec. (1645229.01 ticks, tree = 3.02 MB, solutions = 13)
*   267+   31                       166605.0000   166928.0213             0.19%
    267    22   166491.0473 18609   166605.0000   166928.0213   396574    0.19%
    268    21        cutoff         166605.0000   166928.0213   397305    0.19%
    269    20        cutoff         166605.0000   166928.0213   398016    0.19%
*   270+   31                       166607.0000   166928.0213             0.19%
    271    33   166613.8788    10   166607.0000   166916.9959   416060    0.19%
*   282+   40                       166609.0000   166916.9959             0.18%
    282    42   166613.8788    10   166609.0000   166916.9959   416086    0.18%
*   292+   49                       166610.0000   166916.9959             0.18%
*   292+   49                       166612.0000   166916.9959             0.18%
    292    51   166613.7500     8   166612.0000   166916.9959   416199    0.18%
    308    67   166613.4971    16   166612.0000   166916.9959   416381    0.18%
*   313+   50                       166613.0000   166916.9959             0.18%
    316    24        cutoff         166613.0000   166916.9959   411376    0.18%
    318    21   166696.0902  3005   166613.0000   166916.1822   417312    0.18%
    321    18        cutoff         166613.0000   166916.1822   418645    0.18%
Elapsed time = 3038.31 sec. (1673243.62 ticks, tree = 2.08 MB, solutions = 19)
    324    25   166670.8390  6311   166613.0000   166916.1822   413219    0.18%
    325    24   166733.7912 11731   166613.0000   166916.1822   409249    0.18%
    327    17   166753.7251  5146   166613.0000   166854.8328   420265    0.15%
    333    17   166643.9506  7115   166613.0000   166848.9068   421638    0.14%
    336    11        cutoff         166613.0000   166847.9655   436389    0.14%
    339    25   166406.3290 20500   166613.0000   166847.9655   420849    0.14%
    340    10        cutoff         166613.0000   166847.9655   436942    0.14%
    341    13   166690.5206 21396   166613.0000   166847.9655   430498    0.14%
    343     1        cutoff         166613.0000   166690.4789   451595    0.05%

Clique cuts applied:  26312
Cover cuts applied:  86
Implied bound cuts applied:  15
Flow cuts applied:  57
Mixed integer rounding cuts applied:  357
Zero-half cuts applied:  2

Root node processing (before b&c):
  Real time             = 2130.94 sec. (1330276.14 ticks)
Parallel b&c, 4 threads:
  Real time             =  993.16 sec. (390558.29 ticks)
  Sync time (average)   =  106.39 sec.
  Wait time (average)   =    0.08 sec.
                          ------------
Total (root+branch&cut) = 3124.09 sec. (1720834.43 ticks)
