CPXPARAM_Read_DataCheck                          1
Found incumbent of value 0.000000 after 0.00 sec. (3.82 ticks)
Tried aggregator 1 time.
MIP Presolve modified 1 coefficients.
Reduced MIP has 10046 rows, 150015 columns, and 750045 nonzeros.
Reduced MIP has 150015 binaries, 0 generals, 0 SOSs, and 0 indicators.
Presolve time = 0.52 sec. (295.56 ticks)
Tried aggregator 1 time.
Reduced MIP has 10046 rows, 150015 columns, and 750045 nonzeros.
Reduced MIP has 150015 binaries, 0 generals, 0 SOSs, and 0 indicators.
Presolve time = 0.66 sec. (349.35 ticks)
Probing time = 0.14 sec. (28.38 ticks)
Clique table members: 153351.
MIP emphasis: balance optimality and feasibility.
MIP search method: dynamic search.
Parallel mode: deterministic, using up to 4 threads.
Root relaxation solution time = 2.13 sec. (1131.38 ticks)

        Nodes                                         Cuts/
   Node  Left     Objective  IInf  Best Integer    Best Bound    ItCnt     Gap

*     0+    0                            0.0000   927681.0000              --- 
      0     0   242520.9213    15        0.0000   242520.9213    18826     --- 
*     0+    0                        27576.0000   242520.9213           779.46%
*     0+    0                       180063.0000   242520.9213            34.69%
      0     0   213889.1832  2744   180063.0000    Cuts: 2611    35829   18.79%
*     0+    0                       180066.0000   213889.1832            18.78%
      0     0   202867.9011  4349   180066.0000    Cuts: 2611    48759   12.66%
*     0+    0                       180221.0000   202867.9011            12.57%
      0     0   197270.5685  7410   180221.0000    Cuts: 2611    59903    9.46%
*     0+    0                       180223.0000   197270.5685             9.46%
      0     0   193451.7618 10743   180223.0000    Cuts: 2611    72945    7.34%
*     0+    0                       181274.0000   193451.7618             6.72%
      0     0   191583.6031 13542   181274.0000    Cuts: 2611    85253    5.69%
*     0+    0                       181299.0000   191583.6031             5.67%
      0     0   190287.8839 16235   181299.0000    Cuts: 2611   100265    4.96%
*     0+    0                       181305.0000   190287.8839             4.95%
      0     0   188880.7360 18446   181305.0000    Cuts: 2611   118204    4.18%
      0     0   187395.2078 20738   181305.0000    Cuts: 2611   134048    3.36%
      0     0   186752.0055 23106   181305.0000    Cuts: 2611   145695    3.00%
*     0+    0                       181308.0000   186752.0055             3.00%
      0     0   185676.6996 25450   181308.0000    Cuts: 2611   161263    2.41%
      0     0   184868.2752 27624   181308.0000    Cuts: 2611   174742    1.96%
      0     0   184335.7483 29727   181308.0000    Cuts: 2611   185494    1.67%
*     0+    0                       181311.0000   184335.7483             1.67%
      0     0   183814.5396 30371   181311.0000    Cuts: 2611   197098    1.38%
      0     0   183261.7155 30874   181311.0000    Cuts: 2611   206860    1.08%
      0     0   182991.9488 29246   181311.0000    Cuts: 2611   217727    0.93%
*     0+    0                       181312.0000   182991.9488             0.93%
*     0+    0                       181313.0000   182991.9488             0.93%
      0     0   182587.5059 28770   181313.0000    Cuts: 2611   231548    0.70%
      0     0   182466.4283 29364   181313.0000    Cuts: 1106   238427    0.64%
      0     0   182427.8225 29400   181313.0000     Cuts: 796   243311    0.61%
*     0+    0                       181314.0000   182427.8225             0.61%
      0     0   182415.7499 29437   181314.0000     Cuts: 290   244667    0.61%
      0     0   182409.7596 29174   181314.0000     Cuts: 212   247848    0.60%
      0     0   182407.0521 28974   181314.0000     Cuts: 162   249612    0.60%
      0     0   182405.3217 28546   181314.0000     Cuts: 109   251103    0.60%
      0     0   182404.7371 28742   181314.0000      Cuts: 81   251446    0.60%
Heuristic still looking.
      0     2   182404.7371 28742   181314.0000   182404.7371   251446    0.60%
Elapsed time = 1892.17 sec. (1110112.13 ticks, tree = 0.01 MB, solutions = 14)
      1     3   182313.4090 22908   181314.0000   182404.3901   256329    0.60%
      2     4   182243.5942 20320   181314.0000   182404.3901   260325    0.60%
      3     5   181764.1332 20051   181314.0000   182404.3901   265694    0.60%
      4     4        cutoff         181314.0000   182404.3901   270292    0.60%
      5     4   181444.1582 25093   181314.0000   182404.3901   264809    0.60%
      6     5        cutoff         181314.0000   182404.3901   276666    0.60%
      7     4        cutoff         181314.0000   182404.3901   277109    0.60%
      8     5   182041.3176 15573   181314.0000   182404.3901   264104    0.60%
      9     3   181881.8331 28102   181314.0000   182404.3901   259877    0.60%
     10     5   181633.0307 14367   181314.0000   182404.3901   273168    0.60%
Elapsed time = 2200.64 sec. (1235885.49 ticks, tree = 0.01 MB, solutions = 14)
     11     6   181756.8503 14202   181314.0000   182404.3901   286697    0.60%
     12     7   181494.0102  8376   181314.0000   182041.2564   301205    0.40%
     13     7   181609.4551 22879   181314.0000   182041.2564   294580    0.40%
     14     7        cutoff         181314.0000   182041.2564   307203    0.40%
     15     6   181804.6565  8822   181314.0000   182041.2564   285100    0.40%
     16     6        cutoff         181314.0000   182041.2564   308489    0.40%
     17    11   181571.8115  1608   181314.0000   181881.6187   318734    0.31%
     19    10        cutoff         181314.0000   181881.6187   318985    0.31%
     20     9        cutoff         181314.0000   181881.6187   319098    0.31%
     21    10   181365.6501  5167   181314.0000   181881.6187   323543    0.31%
Elapsed time = 2345.81 sec. (1287025.82 ticks, tree = 1.04 MB, solutions = 14)
     22    10   181497.8874 17520   181314.0000   181881.6187   315949    0.31%
     23     7        cutoff         181314.0000   181881.6187   320024    0.31%
     24     9        cutoff         181314.0000   181881.6187   323568    0.31%
     25     7        cutoff         181314.0000   181881.6187   324511    0.31%
     26     8        cutoff         181314.0000   181881.6187   323574    0.31%
     27    11   181358.6008 12949   181314.0000   181881.6187   319724    0.31%
     28     8        cutoff         181314.0000   181881.6187   331994    0.31%
     29    10   181641.7100  8345   181314.0000   181881.6187   324426    0.31%
     30     8   181450.6543  8275   181314.0000   181881.6187   326563    0.31%
     31     8        cutoff         181314.0000   181881.6187   342000    0.31%
Elapsed time = 2500.39 sec. (1335033.40 ticks, tree = 1.03 MB, solutions = 14)
     32     9   181650.2051 11547   181314.0000   181881.6187   328369    0.31%
     33    11   181405.7129  5937   181314.0000   181881.6187   345036    0.31%
     34    12   181380.3294  5323   181314.0000   181881.6187   348379    0.31%
     35    13   181351.1915  2522   181314.0000   181881.6187   348809    0.31%
     41    19   181316.1296    12   181314.0000   181881.6187   348864    0.31%
     65    43   181316.0926    14   181314.0000   181881.6187   348933    0.31%
     71    49   181316.1296    12   181314.0000   181881.6187   348955    0.31%
     72    50   181316.1296    14   181314.0000   181881.6187   354934    0.31%
     81    59   181316.1296    12   181314.0000   181881.6187   354997    0.31%
*   101+   76                       181315.0000   181881.6187             0.31%
    101    78   181316.0000     3   181315.0000   181881.6187   355082    0.31%
Elapsed time = 2589.27 sec. (1363955.20 ticks, tree = 20.40 MB, solutions = 14)
    124   101   181316.0000     5   181315.0000   181881.6187   355128    0.31%
    152   128   181316.0000     3   181315.0000   181881.6187   355161    0.31%
    179   155   181316.0000     3   181315.0000   181881.6187   355206    0.31%
    202   178   181316.0000     2   181315.0000   181881.6187   355322    0.31%
    227   195   181316.0000     4   181315.0000   181881.6187   355459    0.31%
    251   211   181316.0000     2   181315.0000   181881.6187   355537    0.31%
*   268    76      integral     0   181316.0000   181881.6187   355600    0.31%
    270    11        cutoff         181316.0000   181881.6187   364890    0.31%
    275    79   181495.6766  6648   181316.0000   181881.6187   368100    0.31%
    276    14   181550.7051 12869   181316.0000   181881.6187   374607    0.31%
Elapsed time = 2647.13 sec. (1383730.94 ticks, tree = 0.01 MB, solutions = 16)
    278    80   181468.0238  3477   181316.0000   181881.6187   369846    0.31%
    279    81   181430.4283  3406   181316.0000   181881.6187   370683    0.31%
*   282    81      integral     0   181382.0000   181881.6187   371261    0.28%
    288    14   181532.8107 10968   181382.0000   181881.6187   376584    0.28%
    289    15   181509.2268  9032   181382.0000   181881.6187   378352    0.28%
    290     9   181502.4721  6599   181382.0000   181881.6187   387854    0.28%
    291    10   181495.2535  2361   181382.0000   181881.6187   389366    0.28%
*   294     8      integral     0   181488.0000   181881.6187   389398    0.22%
    299     9   181705.0092 23560   181488.0000   181804.5519   341800    0.17%
    300    10        cutoff         181488.0000   181804.5519   379982    0.17%
    301     5   181497.8443 18662   181488.0000   181704.5985   408548    0.12%
Elapsed time = 2759.53 sec. (1450837.95 ticks, tree = 0.51 MB, solutions = 18)
    302     3        cutoff         181488.0000   181704.5985   413000    0.12%

Clique cuts applied:  26136
Cover cuts applied:  60
Implied bound cuts applied:  11
Flow cuts applied:  50
Mixed integer rounding cuts applied:  268
Zero-half cuts applied:  1

Root node processing (before b&c):
  Real time             = 1886.95 sec. (1102417.32 ticks)
Parallel b&c, 4 threads:
  Real time             =  897.02 sec. (370596.68 ticks)
  Sync time (average)   =  126.26 sec.
  Wait time (average)   =    0.09 sec.
                          ------------
Total (root+branch&cut) = 2783.97 sec. (1473014.00 ticks)
