CPXPARAM_Read_DataCheck                          1
Found incumbent of value 0.000000 after 0.00 sec. (3.82 ticks)
Tried aggregator 1 time.
MIP Presolve modified 1 coefficients.
Reduced MIP has 10046 rows, 150015 columns, and 750045 nonzeros.
Reduced MIP has 150015 binaries, 0 generals, 0 SOSs, and 0 indicators.
Presolve time = 0.50 sec. (294.85 ticks)
Tried aggregator 1 time.
Reduced MIP has 10046 rows, 150015 columns, and 750045 nonzeros.
Reduced MIP has 150015 binaries, 0 generals, 0 SOSs, and 0 indicators.
Presolve time = 0.66 sec. (350.77 ticks)
Probing time = 0.14 sec. (28.34 ticks)
Clique table members: 153282.
MIP emphasis: balance optimality and feasibility.
MIP search method: dynamic search.
Parallel mode: deterministic, using up to 4 threads.
Root relaxation solution time = 3.22 sec. (1928.93 ticks)

        Nodes                                         Cuts/
   Node  Left     Objective  IInf  Best Integer    Best Bound    ItCnt     Gap

*     0+    0                            0.0000   924654.0000              --- 
      0     0   240362.5358    19        0.0000   240362.5358       88     --- 
*     0+    0                       147618.0000   240362.5358            62.83%
      0     0   195527.9018  4496   147618.0000    Cuts: 2611    24152   32.46%
*     0+    0                       160209.0000   195527.9018            22.05%
      0     0   180471.2010  7167   160209.0000    Cuts: 2611    41784   12.65%
      0     0   176266.8460 11045   160209.0000    Cuts: 2611    52076   10.02%
      0     0   174314.8957 14330   160209.0000    Cuts: 2611    60906    8.80%
      0     0   172234.6249 17182   160209.0000    Cuts: 2611    72585    7.51%
      0     0   170543.0283 19850   160209.0000    Cuts: 2611    83492    6.45%
      0     0   169015.7304 21148   160209.0000    Cuts: 2611    99150    5.50%
*     0+    0                       160211.0000   169015.7304             5.50%
      0     0   166866.0730 23498   160211.0000    Cuts: 2611   113435    4.15%
      0     0   165202.4531 25823   160211.0000    Cuts: 2611   128637    3.12%
*     0+    0                       161151.0000   165202.4531             2.51%
      0     0   164129.2625 27082   161151.0000    Cuts: 2611   141023    1.85%
*     0+    0                       161155.0000   164129.2625             1.85%
      0     0   163101.7416 27096   161155.0000    Cuts: 2611   152592    1.21%
      0     0   162783.5930 26474   161155.0000    Cuts: 2611   165590    1.01%
      0     0   162764.8840 25998   161155.0000     Cuts: 219   169993    1.00%
      0     0   162763.2340 27626   161155.0000      Cuts: 87   171343    1.00%
      0     0   162762.3853 27614   161155.0000      Cuts: 81   172866    1.00%
Heuristic still looking.
Heuristic still looking.
      0     2   162762.3853 27614   161155.0000   162762.3853   172866    1.00%
Elapsed time = 1405.89 sec. (952485.41 ticks, tree = 0.01 MB, solutions = 6)
      1     3   162759.4787 23479   161155.0000   162762.2179   174572    1.00%
      2     4   162522.4911 15997   161155.0000   162762.2179   180486    1.00%
*     3+    2                       162680.0000   162762.2179             0.05%
*     3+    2                       162705.0000   162762.2179             0.04%
      3     4   162750.7928 22444   162705.0000   162762.2179   179141    0.04%
      4     6   162746.2262 22053   162705.0000   162762.2179   187424    0.04%
      5     7   162744.4749 19863   162705.0000   162762.2179   189290    0.04%
      6     8   162743.7061 17065   162705.0000   162762.2179   190953    0.04%
      7     5   162245.9212 20771   162705.0000   162762.2179   187631    0.04%
      8     4        cutoff         162705.0000   162762.2179   194692    0.04%
      9     9   162742.9445 12754   162705.0000   162762.2179   193152    0.04%
     12     8   162742.5425 11521   162705.0000   162762.2179   201781    0.04%
Elapsed time = 1626.47 sec. (1046654.73 ticks, tree = 0.01 MB, solutions = 8)
     13     9   162741.8870  8248   162705.0000   162762.2179   203506    0.04%
     14    10   162733.0000    12   162705.0000   162762.2179   204414    0.04%
*    20+    9                       162730.0000   162762.2179             0.02%
     20    11   162733.0000    12   162730.0000   162762.2179   204427    0.02%
     22     3   161637.6008 24253   162730.0000   162762.2179   190740    0.02%

Clique cuts applied:  22522
Cover cuts applied:  38
Implied bound cuts applied:  15
Flow cuts applied:  50
Mixed integer rounding cuts applied:  64

Root node processing (before b&c):
  Real time             = 1400.36 sec. (944740.88 ticks)
Parallel b&c, 4 threads:
  Real time             =  339.50 sec. (210287.59 ticks)
  Sync time (average)   =  112.74 sec.
  Wait time (average)   =    0.07 sec.
                          ------------
Total (root+branch&cut) = 1739.86 sec. (1155028.47 ticks)
