CPXPARAM_Read_DataCheck                          1
Found incumbent of value 0.000000 after 0.02 sec. (3.82 ticks)
Tried aggregator 1 time.
MIP Presolve modified 1 coefficients.
Reduced MIP has 10046 rows, 150015 columns, and 750045 nonzeros.
Reduced MIP has 150015 binaries, 0 generals, 0 SOSs, and 0 indicators.
Presolve time = 0.50 sec. (294.69 ticks)
Tried aggregator 1 time.
Reduced MIP has 10046 rows, 150015 columns, and 750045 nonzeros.
Reduced MIP has 150015 binaries, 0 generals, 0 SOSs, and 0 indicators.
Presolve time = 0.72 sec. (348.48 ticks)
Probing time = 0.14 sec. (28.35 ticks)
Clique table members: 153269.
MIP emphasis: balance optimality and feasibility.
MIP search method: dynamic search.
Parallel mode: deterministic, using up to 4 threads.
Root relaxation solution time = 2.19 sec. (1190.47 ticks)

        Nodes                                         Cuts/
   Node  Left     Objective  IInf  Best Integer    Best Bound    ItCnt     Gap

*     0+    0                            0.0000   930914.0000              --- 
      0     0   241116.1850    15        0.0000   241116.1850    20099     --- 
*     0+    0                        66305.0000   241116.1850           263.65%
*     0+    0                       166581.0000   241116.1850            44.74%
      0     0   219199.2607  2553   166581.0000    Cuts: 2611    33852   31.59%
*     0+    0                       170556.0000   219199.2607            28.52%
      0     0   205066.3436  4281   170556.0000    Cuts: 2611    50771   20.23%
      0     0   196985.2795  5834   170556.0000    Cuts: 2611    65973   15.50%
*     0+    0                       170562.0000   196985.2795            15.49%
*     0+    0                       170563.0000   196985.2795            15.49%
      0     0   190443.9146  9229   170563.0000    Cuts: 2611    79094   11.66%
      0     0   184575.0422 12443   170563.0000    Cuts: 2611    95463    8.22%
      0     0   182516.5154 15577   170563.0000    Cuts: 2611   108216    7.01%
*     0+    0                       170567.0000   182516.5154             7.01%
*     0+    0                       170568.0000   182516.5154             7.01%
      0     0   180543.4432 18313   170568.0000    Cuts: 2611   121743    5.85%
      0     0   178727.1768 20660   170568.0000    Cuts: 2611   133417    4.78%
      0     0   176297.1766 23019   170568.0000    Cuts: 2611   148774    3.36%
*     0+    0                       170572.0000   176297.1766             3.36%
      0     0   174906.4325 22355   170572.0000    Cuts: 2611   162829    2.54%
      0     0   174212.2617 24580   170572.0000    Cuts: 2611   176095    2.13%
      0     0   173594.9690 26537   170572.0000    Cuts: 2611   192803    1.77%
*     0+    0                       170573.0000   173594.9690             1.77%
*     0+    0                       170574.0000   173594.9690             1.77%
      0     0   172961.7112 28774   170574.0000    Cuts: 2611   204781    1.40%
      0     0   172447.2142 30775   170574.0000    Cuts: 2611   216943    1.10%
*     0+    0                       170578.0000   172447.2142             1.10%
      0     0   171992.7508 31241   170578.0000    Cuts: 2611   230077    0.83%
*     0+    0                       170580.0000   171992.7508             0.83%
      0     0   171742.2933 31463   170580.0000    Cuts: 2611   239919    0.68%
      0     0   171606.6479 31286   170580.0000    Cuts: 1971   249579    0.60%
      0     0   171558.3587 35445   170580.0000     Cuts: 822   257779    0.57%
*     0+    0                       170581.0000   171558.3587             0.57%
      0     0   171529.6841 35171   170581.0000     Cuts: 435   264057    0.56%
      0     0   171521.3161 34718   170581.0000     Cuts: 318   268215    0.55%
      0     0   171514.7309 34499   170581.0000     Cuts: 274   273289    0.55%
      0     0   171510.6711 34244   170581.0000     Cuts: 268   279086    0.55%
      0     0   171507.2589 34124   170581.0000     Cuts: 283   284201    0.54%
      0     0   171504.2106 33989   170581.0000     Cuts: 278   288968    0.54%
      0     0   171502.4859 33904   170581.0000     Cuts: 297   293542    0.54%
      0     0   171500.9757 33705   170581.0000     Cuts: 287   300252    0.54%
      0     0   171499.6913 33616   170581.0000     Cuts: 254   304608    0.54%
      0     0   171498.5960 31345   170581.0000     Cuts: 239   307979    0.54%
*     0+    0                       171319.0000   171498.5960             0.10%
      0     0   171497.4774 31158   171319.0000     Cuts: 232   313203    0.10%
      0     0   171496.5469 31108   171319.0000     Cuts: 264   317487    0.10%
      0     0   171495.6732 33295   171319.0000     Cuts: 244   321556    0.10%
      0     0   171494.9279 30979   171319.0000     Cuts: 261   325913    0.10%
      0     0   171494.1184 30938   171319.0000     Cuts: 245   330032    0.10%
      0     0   171493.6143 33201   171319.0000     Cuts: 259   333435    0.10%
Heuristic still looking.
      0     2   171493.5848 28853   171319.0000   171493.6143   334092    0.10%
Elapsed time = 2987.75 sec. (2082657.05 ticks, tree = 0.01 MB, solutions = 15)
      1     1        cutoff         171319.0000   171493.5846   339810    0.10%
      2     3   171480.5559 26736   171319.0000   171493.5846   347122    0.10%
      3     1        cutoff         171319.0000   171480.5463   359639    0.09%
      4     3   171467.5203 23684   171319.0000   171480.5463   360952    0.09%
      5     1        cutoff         171319.0000   171467.5166   369326    0.09%
      6     3   171448.3135 20626   171319.0000   171467.5166   376731    0.09%
      7     1        cutoff         171319.0000   171448.3112   378672    0.08%
      8     3   171441.3488 17403   171319.0000   171448.3007   383105    0.08%
      9     1        cutoff         171319.0000   171441.3423   383657    0.07%
     10     3   171422.0363 13745   171319.0000   171441.3423   390063    0.07%
Elapsed time = 3307.81 sec. (2387995.22 ticks, tree = 0.01 MB, solutions = 15)
     12     3   171408.4986  9206   171319.0000   171421.9758   394323    0.06%
     14     1        cutoff         171319.0000   171408.2481   396564    0.05%

Clique cuts applied:  24276
Cover cuts applied:  97
Implied bound cuts applied:  10
Flow cuts applied:  166
Mixed integer rounding cuts applied:  209
Zero-half cuts applied:  2

Root node processing (before b&c):
  Real time             = 2978.31 sec. (2070365.93 ticks)
Parallel b&c, 4 threads:
  Real time             =  355.83 sec. (342213.03 ticks)
  Sync time (average)   =  235.03 sec.
  Wait time (average)   =    0.09 sec.
                          ------------
Total (root+branch&cut) = 3334.14 sec. (2412578.95 ticks)
