CPXPARAM_Read_DataCheck                          1
Found incumbent of value 0.000000 after 0.00 sec. (0.03 ticks)
Tried aggregator 1 time.
MIP Presolve modified 1 coefficients.
Reduced MIP has 217 rows, 1005 columns, and 5017 nonzeros.
Reduced MIP has 1005 binaries, 0 generals, 0 SOSs, and 0 indicators.
Presolve time = 0.00 sec. (1.95 ticks)
Probing time = 0.00 sec. (2.55 ticks)
Tried aggregator 1 time.
Reduced MIP has 217 rows, 1005 columns, and 5017 nonzeros.
Reduced MIP has 1005 binaries, 0 generals, 0 SOSs, and 0 indicators.
Presolve time = 0.00 sec. (2.33 ticks)
Probing time = 0.00 sec. (2.52 ticks)
Clique table members: 3564.
MIP emphasis: balance optimality and feasibility.
MIP search method: dynamic search.
Parallel mode: deterministic, using up to 4 threads.
Root relaxation solution time = 0.00 sec. (3.11 ticks)

        Nodes                                         Cuts/
   Node  Left     Objective  IInf  Best Integer    Best Bound    ItCnt     Gap

*     0+    0                            0.0000     5974.0000              --- 
*     0+    0                         1524.0000     5974.0000           291.99%
      0     0     3261.7450     5     1524.0000     3261.7450      286  114.03%
      0     0     3235.1400     5     1524.0000  Cliques: 154      297  112.28%
*     0+    0                         1642.0000     3235.1400            97.02%
      0     0     3230.1250     5     1642.0000  Cliques: 154      301   96.72%
      0     0     2920.9412   139     1642.0000     Cuts: 154      453   77.89%
      0     0     2809.0468   215     1642.0000  Cliques: 154      555   71.07%
*     0+    0                         1921.0000     2809.0468            46.23%
      0     0     2650.6217   297     1921.0000  Cliques: 154      686   37.98%
*     0+    0                         1927.0000     2650.6217            37.55%
      0     0        cutoff           1927.0000     1927.0000      967    0.00%
Elapsed time = 0.16 sec. (124.00 ticks, tree = 0.01 MB, solutions = 5)

Clique cuts applied:  637
Cover cuts applied:  3

Root node processing (before b&c):
  Real time             =    0.16 sec. (124.09 ticks)
Parallel b&c, 4 threads:
  Real time             =    0.00 sec. (0.00 ticks)
  Sync time (average)   =    0.00 sec.
  Wait time (average)   =    0.00 sec.
                          ------------
Total (root+branch&cut) =    0.16 sec. (124.09 ticks)
