CPXPARAM_Read_DataCheck                          1
Found incumbent of value 0.000000 after 0.00 sec. (0.03 ticks)
Tried aggregator 1 time.
MIP Presolve modified 1 coefficients.
Reduced MIP has 217 rows, 1005 columns, and 5017 nonzeros.
Reduced MIP has 1005 binaries, 0 generals, 0 SOSs, and 0 indicators.
Presolve time = 0.02 sec. (2.16 ticks)
Probing time = 0.00 sec. (2.68 ticks)
Tried aggregator 1 time.
Reduced MIP has 217 rows, 1005 columns, and 5017 nonzeros.
Reduced MIP has 1005 binaries, 0 generals, 0 SOSs, and 0 indicators.
Presolve time = 0.00 sec. (2.55 ticks)
Probing time = 0.00 sec. (2.57 ticks)
Clique table members: 3264.
MIP emphasis: balance optimality and feasibility.
MIP search method: dynamic search.
Parallel mode: deterministic, using up to 4 threads.
Root relaxation solution time = 0.02 sec. (4.60 ticks)

        Nodes                                         Cuts/
   Node  Left     Objective  IInf  Best Integer    Best Bound    ItCnt     Gap

*     0+    0                            0.0000     6497.0000              --- 
*     0+    0                         1239.0000     6497.0000           424.37%
*     0+    0                         1277.0000     6497.0000           408.77%
      0     0     2199.2350     5     1277.0000     2199.2350      314   72.22%
*     0+    0                         1517.0000     2199.2350            44.97%
      0     0     1738.9944   148     1517.0000     Cuts: 154      518   14.63%
      0     0     1573.4599   291     1517.0000     Cuts: 154      731    3.72%
*     0+    0                         1543.0000     1573.4599             1.97%
      0     0        cutoff           1543.0000     1543.0000      862    0.00%
Elapsed time = 0.14 sec. (112.03 ticks, tree = 0.01 MB, solutions = 5)

Clique cuts applied:  292
Cover cuts applied:  10
Implied bound cuts applied:  8
Flow cuts applied:  2
Mixed integer rounding cuts applied:  9
Zero-half cuts applied:  3

Root node processing (before b&c):
  Real time             =    0.14 sec. (112.12 ticks)
Parallel b&c, 4 threads:
  Real time             =    0.00 sec. (0.00 ticks)
  Sync time (average)   =    0.00 sec.
  Wait time (average)   =    0.00 sec.
                          ------------
Total (root+branch&cut) =    0.14 sec. (112.12 ticks)
