CPXPARAM_Read_DataCheck                          1
Found incumbent of value 0.000000 after 0.00 sec. (0.03 ticks)
Tried aggregator 1 time.
MIP Presolve modified 1 coefficients.
Reduced MIP has 217 rows, 1005 columns, and 5017 nonzeros.
Reduced MIP has 1005 binaries, 0 generals, 0 SOSs, and 0 indicators.
Presolve time = 0.00 sec. (1.95 ticks)
Probing time = 0.00 sec. (2.69 ticks)
Tried aggregator 1 time.
Reduced MIP has 217 rows, 1005 columns, and 5017 nonzeros.
Reduced MIP has 1005 binaries, 0 generals, 0 SOSs, and 0 indicators.
Presolve time = 0.00 sec. (2.33 ticks)
Probing time = 0.00 sec. (2.68 ticks)
Clique table members: 3564.
MIP emphasis: balance optimality and feasibility.
MIP search method: dynamic search.
Parallel mode: deterministic, using up to 4 threads.
Root relaxation solution time = 0.00 sec. (3.21 ticks)

        Nodes                                         Cuts/
   Node  Left     Objective  IInf  Best Integer    Best Bound    ItCnt     Gap

*     0+    0                            0.0000     6497.0000              --- 
*     0+    0                         2037.0000     6497.0000           218.95%
      0     0     3534.6900     5     2037.0000     3534.6900      291   73.52%
      0     0     3517.2850     5     2037.0000  Cliques: 154      300   72.67%
      0     0     3240.4866   165     2037.0000     Cuts: 154      438   59.08%
      0     0     3238.1521   165     2037.0000  Cliques: 154      442   58.97%
      0     0     2970.5120   297     2037.0000  Cliques: 154      670   45.83%
*     0+    0                         2219.0000     2970.5120            33.87%
      0     0        cutoff           2219.0000     2219.0000     1010    0.00%
Elapsed time = 0.14 sec. (118.65 ticks, tree = 0.01 MB, solutions = 3)

Clique cuts applied:  488
Cover cuts applied:  3
Implied bound cuts applied:  3
Mixed integer rounding cuts applied:  2

Root node processing (before b&c):
  Real time             =    0.14 sec. (118.73 ticks)
Parallel b&c, 4 threads:
  Real time             =    0.00 sec. (0.00 ticks)
  Sync time (average)   =    0.00 sec.
  Wait time (average)   =    0.00 sec.
                          ------------
Total (root+branch&cut) =    0.14 sec. (118.73 ticks)
