CPXPARAM_Read_DataCheck                          1
Found incumbent of value 0.000000 after 0.00 sec. (0.03 ticks)
Tried aggregator 1 time.
MIP Presolve modified 1 coefficients.
Reduced MIP has 217 rows, 1005 columns, and 5017 nonzeros.
Reduced MIP has 1005 binaries, 0 generals, 0 SOSs, and 0 indicators.
Presolve time = 0.00 sec. (2.15 ticks)
Probing time = 0.00 sec. (2.69 ticks)
Tried aggregator 1 time.
Reduced MIP has 217 rows, 1005 columns, and 5017 nonzeros.
Reduced MIP has 1005 binaries, 0 generals, 0 SOSs, and 0 indicators.
Presolve time = 0.00 sec. (2.54 ticks)
Probing time = 0.00 sec. (2.58 ticks)
Clique table members: 3264.
MIP emphasis: balance optimality and feasibility.
MIP search method: dynamic search.
Parallel mode: deterministic, using up to 4 threads.
Root relaxation solution time = 0.02 sec. (4.13 ticks)

        Nodes                                         Cuts/
   Node  Left     Objective  IInf  Best Integer    Best Bound    ItCnt     Gap

*     0+    0                            0.0000     6364.0000              --- 
*     0+    0                         1088.0000     6364.0000           484.93%
      0     0     2070.7000     5     1088.0000     2070.7000      316   90.32%
      0     0     1666.5089   254     1088.0000     Cuts: 154      518   53.17%
      0     0     1438.9230   251     1088.0000     Cuts: 154      730   32.25%
*     0+    0                         1411.0000     1438.9230             1.98%
*     0+    0                         1413.0000     1438.9230             1.83%
      0     0        cutoff           1413.0000     1413.0000      784    0.00%
Elapsed time = 0.13 sec. (97.67 ticks, tree = 0.01 MB, solutions = 4)

Clique cuts applied:  283
Cover cuts applied:  7
Implied bound cuts applied:  5
Flow cuts applied:  2
Mixed integer rounding cuts applied:  7
Zero-half cuts applied:  5
Gomory fractional cuts applied:  1

Root node processing (before b&c):
  Real time             =    0.13 sec. (97.76 ticks)
Parallel b&c, 4 threads:
  Real time             =    0.00 sec. (0.00 ticks)
  Sync time (average)   =    0.00 sec.
  Wait time (average)   =    0.00 sec.
                          ------------
Total (root+branch&cut) =    0.13 sec. (97.76 ticks)
