CPXPARAM_Read_DataCheck                          1
Found incumbent of value 0.000000 after 0.00 sec. (0.03 ticks)
Tried aggregator 1 time.
MIP Presolve modified 1 coefficients.
Reduced MIP has 217 rows, 1005 columns, and 5017 nonzeros.
Reduced MIP has 1005 binaries, 0 generals, 0 SOSs, and 0 indicators.
Presolve time = 0.00 sec. (1.94 ticks)
Probing time = 0.00 sec. (2.78 ticks)
Tried aggregator 1 time.
Reduced MIP has 217 rows, 1005 columns, and 5017 nonzeros.
Reduced MIP has 1005 binaries, 0 generals, 0 SOSs, and 0 indicators.
Presolve time = 0.00 sec. (2.32 ticks)
Probing time = 0.00 sec. (2.72 ticks)
Clique table members: 3564.
MIP emphasis: balance optimality and feasibility.
MIP search method: dynamic search.
Parallel mode: deterministic, using up to 4 threads.
Root relaxation solution time = 0.02 sec. (3.27 ticks)

        Nodes                                         Cuts/
   Node  Left     Objective  IInf  Best Integer    Best Bound    ItCnt     Gap

*     0+    0                            0.0000     6364.0000              --- 
      0     0     3158.2700     5        0.0000     3158.2700      312     --- 
*     0+    0                         1442.0000     3158.2700           119.02%
      0     0     3133.3000     5     1442.0000  Cliques: 154      329  117.29%
*     0+    0                         1966.0000     3133.3000            59.37%
      0     0     2870.5396   138     1966.0000     Cuts: 154      436   46.01%
      0     0     2867.4109   138     1966.0000  Cliques: 154      438   45.85%
      0     0     2814.5180   197     1966.0000  Cliques: 154      485   43.16%
      0     0     2658.8788   280     1966.0000     Cuts: 154      645   35.24%
*     0+    0                         1983.0000     2658.8788            34.08%
      0     0        cutoff           1983.0000     1983.0000      791    0.00%
Elapsed time = 0.11 sec. (107.17 ticks, tree = 0.01 MB, solutions = 4)

Clique cuts applied:  761
Cover cuts applied:  4

Root node processing (before b&c):
  Real time             =    0.11 sec. (107.26 ticks)
Parallel b&c, 4 threads:
  Real time             =    0.00 sec. (0.00 ticks)
  Sync time (average)   =    0.00 sec.
  Wait time (average)   =    0.00 sec.
                          ------------
Total (root+branch&cut) =    0.11 sec. (107.26 ticks)
