CPXPARAM_Read_DataCheck                          1
Found incumbent of value 0.000000 after 0.00 sec. (0.03 ticks)
Tried aggregator 1 time.
MIP Presolve modified 1 coefficients.
Reduced MIP has 216 rows, 1005 columns, and 5020 nonzeros.
Reduced MIP has 1005 binaries, 0 generals, 0 SOSs, and 0 indicators.
Presolve time = 0.00 sec. (2.16 ticks)
Probing time = 0.00 sec. (1.53 ticks)
Tried aggregator 1 time.
Reduced MIP has 216 rows, 1005 columns, and 5020 nonzeros.
Reduced MIP has 1005 binaries, 0 generals, 0 SOSs, and 0 indicators.
Presolve time = 0.00 sec. (2.56 ticks)
Probing time = 0.00 sec. (1.53 ticks)
Clique table members: 1931.
MIP emphasis: balance optimality and feasibility.
MIP search method: dynamic search.
Parallel mode: deterministic, using up to 4 threads.
Root relaxation solution time = 0.02 sec. (2.95 ticks)

        Nodes                                         Cuts/
   Node  Left     Objective  IInf  Best Integer    Best Bound    ItCnt     Gap

*     0+    0                            0.0000     5974.0000              --- 
      0     0     1742.0793     5        0.0000     1742.0793      303     --- 
      0     0     1456.5703   266        0.0000     Cuts: 154      496     --- 
      0     0     1395.9507   397        0.0000     Cuts: 114      678     --- 
*     0+    0                         1378.0000     1395.9507             1.30%
      0     0        cutoff           1378.0000     1378.0000      762    0.00%
Elapsed time = 0.25 sec. (169.72 ticks, tree = 0.01 MB, solutions = 2)

Clique cuts applied:  254
Cover cuts applied:  13
Mixed integer rounding cuts applied:  7

Root node processing (before b&c):
  Real time             =    0.25 sec. (169.79 ticks)
Parallel b&c, 4 threads:
  Real time             =    0.00 sec. (0.00 ticks)
  Sync time (average)   =    0.00 sec.
  Wait time (average)   =    0.00 sec.
                          ------------
Total (root+branch&cut) =    0.25 sec. (169.79 ticks)
