CPXPARAM_Read_DataCheck                          1
Found incumbent of value 0.000000 after 0.00 sec. (0.03 ticks)
Tried aggregator 1 time.
MIP Presolve modified 1 coefficients.
Reduced MIP has 216 rows, 1005 columns, and 5020 nonzeros.
Reduced MIP has 1005 binaries, 0 generals, 0 SOSs, and 0 indicators.
Presolve time = 0.00 sec. (1.88 ticks)
Probing time = 0.02 sec. (1.47 ticks)
Tried aggregator 1 time.
Reduced MIP has 216 rows, 1005 columns, and 5020 nonzeros.
Reduced MIP has 1005 binaries, 0 generals, 0 SOSs, and 0 indicators.
Presolve time = 0.00 sec. (2.26 ticks)
Probing time = 0.00 sec. (1.47 ticks)
Clique table members: 1723.
MIP emphasis: balance optimality and feasibility.
MIP search method: dynamic search.
Parallel mode: deterministic, using up to 4 threads.
Root relaxation solution time = 0.00 sec. (3.37 ticks)

        Nodes                                         Cuts/
   Node  Left     Objective  IInf  Best Integer    Best Bound    ItCnt     Gap

*     0+    0                            0.0000     6238.0000              --- 
      0     0     3112.2527     5        0.0000     3112.2527      326     --- 
      0     0     2342.1467   217        0.0000     Cuts: 154      769     --- 
*     0+    0                         1945.0000     2342.1467            20.42%
      0     0        cutoff           1945.0000     1945.0000     1120    0.00%
Elapsed time = 0.13 sec. (105.20 ticks, tree = 0.01 MB, solutions = 2)

Clique cuts applied:  264
Cover cuts applied:  2
Mixed integer rounding cuts applied:  15
Zero-half cuts applied:  2
Lift and project cuts applied:  1

Root node processing (before b&c):
  Real time             =    0.13 sec. (105.27 ticks)
Parallel b&c, 4 threads:
  Real time             =    0.00 sec. (0.00 ticks)
  Sync time (average)   =    0.00 sec.
  Wait time (average)   =    0.00 sec.
                          ------------
Total (root+branch&cut) =    0.13 sec. (105.27 ticks)
