CPXPARAM_Read_DataCheck                          1
Found incumbent of value 0.000000 after 0.00 sec. (0.03 ticks)
Tried aggregator 1 time.
MIP Presolve modified 1 coefficients.
Reduced MIP has 216 rows, 1005 columns, and 5020 nonzeros.
Reduced MIP has 1005 binaries, 0 generals, 0 SOSs, and 0 indicators.
Presolve time = 0.00 sec. (2.16 ticks)
Probing time = 0.01 sec. (1.53 ticks)
Tried aggregator 1 time.
Reduced MIP has 216 rows, 1005 columns, and 5020 nonzeros.
Reduced MIP has 1005 binaries, 0 generals, 0 SOSs, and 0 indicators.
Presolve time = 0.00 sec. (2.54 ticks)
Probing time = 0.00 sec. (1.53 ticks)
Clique table members: 1931.
MIP emphasis: balance optimality and feasibility.
MIP search method: dynamic search.
Parallel mode: deterministic, using up to 4 threads.
Root relaxation solution time = 0.00 sec. (2.61 ticks)

        Nodes                                         Cuts/
   Node  Left     Objective  IInf  Best Integer    Best Bound    ItCnt     Gap

*     0+    0                            0.0000     6334.0000              --- 
      0     0     1767.1563     5        0.0000     1767.1563      261     --- 
      0     0     1497.9755   262        0.0000     Cuts: 154      528     --- 
      0     0     1457.1016   295        0.0000      Cuts: 95      682     --- 
*     0+    0                         1431.0000     1457.1016             1.82%
      0     0     1451.9598   273     1431.0000      Cuts: 56      737    1.46%
*     0+    0                         1439.0000     1451.9598             0.90%
      0     0        cutoff           1439.0000     1439.0000      781    0.00%
Elapsed time = 0.13 sec. (113.97 ticks, tree = 0.01 MB, solutions = 3)

Clique cuts applied:  224
Cover cuts applied:  15
Mixed integer rounding cuts applied:  11
Zero-half cuts applied:  1

Root node processing (before b&c):
  Real time             =    0.13 sec. (114.04 ticks)
Parallel b&c, 4 threads:
  Real time             =    0.00 sec. (0.00 ticks)
  Sync time (average)   =    0.00 sec.
  Wait time (average)   =    0.00 sec.
                          ------------
Total (root+branch&cut) =    0.13 sec. (114.04 ticks)
