CPXPARAM_Read_DataCheck                          1
Found incumbent of value 0.000000 after 0.00 sec. (0.52 ticks)
Tried aggregator 1 time.
MIP Presolve eliminated 3 rows and 0 columns.
MIP Presolve modified 1 coefficients.
Reduced MIP has 2030 rows, 20010 columns, and 94034 nonzeros.
Reduced MIP has 20010 binaries, 0 generals, 0 SOSs, and 0 indicators.
Presolve time = 0.03 sec. (36.15 ticks)
Tried aggregator 1 time.
Reduced MIP has 2030 rows, 20010 columns, and 94034 nonzeros.
Reduced MIP has 20010 binaries, 0 generals, 0 SOSs, and 0 indicators.
Presolve time = 0.05 sec. (40.63 ticks)
Probing time = 0.05 sec. (13.24 ticks)
Clique table members: 67077.
MIP emphasis: balance optimality and feasibility.
MIP search method: dynamic search.
Parallel mode: deterministic, using up to 4 threads.
Root relaxation solution time = 0.25 sec. (266.92 ticks)

        Nodes                                         Cuts/
   Node  Left     Objective  IInf  Best Integer    Best Bound    ItCnt     Gap

*     0+    0                            0.0000   124060.0000              --- 
      0     0    71742.9540    10        0.0000    71742.9540       18     --- 
*     0+    0                        42753.0000    71742.9540            67.81%
      0     0        cutoff          42753.0000    42753.0000       48    0.00%
Elapsed time = 7.19 sec. (2834.50 ticks, tree = 0.01 MB, solutions = 2)

Clique cuts applied:  607

Root node processing (before b&c):
  Real time             =    7.19 sec. (2835.76 ticks)
Parallel b&c, 4 threads:
  Real time             =    0.00 sec. (0.00 ticks)
  Sync time (average)   =    0.00 sec.
  Wait time (average)   =    0.00 sec.
                          ------------
Total (root+branch&cut) =    7.19 sec. (2835.76 ticks)
