CPXPARAM_Read_DataCheck                          1
Found incumbent of value 0.000000 after 0.00 sec. (0.52 ticks)
Tried aggregator 1 time.
MIP Presolve eliminated 7 rows and 0 columns.
MIP Presolve modified 1 coefficients.
Reduced MIP has 2026 rows, 20010 columns, and 86034 nonzeros.
Reduced MIP has 20010 binaries, 0 generals, 0 SOSs, and 0 indicators.
Presolve time = 0.05 sec. (34.64 ticks)
Tried aggregator 1 time.
Reduced MIP has 2026 rows, 20010 columns, and 86034 nonzeros.
Reduced MIP has 20010 binaries, 0 generals, 0 SOSs, and 0 indicators.
Presolve time = 0.06 sec. (38.10 ticks)
Probing time = 0.02 sec. (5.72 ticks)
Clique table members: 28002.
MIP emphasis: balance optimality and feasibility.
MIP search method: dynamic search.
Parallel mode: deterministic, using up to 4 threads.
Root relaxation solution time = 0.17 sec. (225.71 ticks)

        Nodes                                         Cuts/
   Node  Left     Objective  IInf  Best Integer    Best Bound    ItCnt     Gap

*     0+    0                            0.0000   124372.0000              --- 
      0     0    68522.0110    10        0.0000    68522.0110       13     --- 
*     0+    0                        32802.0000    68522.0110           108.90%
      0     0        cutoff          32802.0000    32802.0000     5757    0.00%
Elapsed time = 5.67 sec. (3289.89 ticks, tree = 0.01 MB, solutions = 2)

Clique cuts applied:  584
Cover cuts applied:  1
Mixed integer rounding cuts applied:  15
Gomory fractional cuts applied:  6

Root node processing (before b&c):
  Real time             =    5.67 sec. (3291.22 ticks)
Parallel b&c, 4 threads:
  Real time             =    0.00 sec. (0.00 ticks)
  Sync time (average)   =    0.00 sec.
  Wait time (average)   =    0.00 sec.
                          ------------
Total (root+branch&cut) =    5.67 sec. (3291.22 ticks)
