CPXPARAM_Read_DataCheck                          1
Found incumbent of value 0.000000 after 0.00 sec. (0.52 ticks)
Tried aggregator 1 time.
MIP Presolve eliminated 1 rows and 0 columns.
MIP Presolve modified 1 coefficients.
Reduced MIP has 2032 rows, 20010 columns, and 98034 nonzeros.
Reduced MIP has 20010 binaries, 0 generals, 0 SOSs, and 0 indicators.
Presolve time = 0.03 sec. (36.93 ticks)
Tried aggregator 1 time.
Reduced MIP has 2032 rows, 20010 columns, and 98034 nonzeros.
Reduced MIP has 20010 binaries, 0 generals, 0 SOSs, and 0 indicators.
Presolve time = 0.05 sec. (41.93 ticks)
Probing time = 0.05 sec. (13.62 ticks)
Clique table members: 69077.
MIP emphasis: balance optimality and feasibility.
MIP search method: dynamic search.
Parallel mode: deterministic, using up to 4 threads.
Root relaxation solution time = 0.25 sec. (274.34 ticks)

        Nodes                                         Cuts/
   Node  Left     Objective  IInf  Best Integer    Best Bound    ItCnt     Gap

*     0+    0                            0.0000   124356.0000              --- 
      0     0    66880.3745    12        0.0000    66880.3745       18     --- 
*     0+    0                        36959.0000    66880.3745            80.96%
      0     0    66836.9350    10    36959.0000  Cliques: 608       61   16.64%
      0     0        cutoff          36959.0000    36959.0000       65    0.00%
Elapsed time = 11.67 sec. (5005.65 ticks, tree = 0.01 MB, solutions = 2)

Clique cuts applied:  1216

Root node processing (before b&c):
  Real time             =   11.67 sec. (5006.94 ticks)
Parallel b&c, 4 threads:
  Real time             =    0.00 sec. (0.00 ticks)
  Sync time (average)   =    0.00 sec.
  Wait time (average)   =    0.00 sec.
                          ------------
Total (root+branch&cut) =   11.67 sec. (5006.94 ticks)
