CPXPARAM_Read_DataCheck                          1
Found incumbent of value 0.000000 after 0.00 sec. (0.52 ticks)
Tried aggregator 1 time.
MIP Presolve eliminated 1 rows and 0 columns.
MIP Presolve modified 1 coefficients.
Reduced MIP has 2032 rows, 20010 columns, and 98034 nonzeros.
Reduced MIP has 20010 binaries, 0 generals, 0 SOSs, and 0 indicators.
Presolve time = 0.05 sec. (36.91 ticks)
Tried aggregator 1 time.
Reduced MIP has 2032 rows, 20010 columns, and 98034 nonzeros.
Reduced MIP has 20010 binaries, 0 generals, 0 SOSs, and 0 indicators.
Presolve time = 0.06 sec. (41.91 ticks)
Probing time = 0.05 sec. (11.93 ticks)
Clique table members: 69077.
MIP emphasis: balance optimality and feasibility.
MIP search method: dynamic search.
Parallel mode: deterministic, using up to 4 threads.
Root relaxation solution time = 0.23 sec. (274.50 ticks)

        Nodes                                         Cuts/
   Node  Left     Objective  IInf  Best Integer    Best Bound    ItCnt     Gap

*     0+    0                            0.0000   122954.0000              --- 
*     0+    0                         8028.0000   122954.0000              --- 
      0     0    67062.2045    10     8028.0000    67062.2045       18  735.35%
*     0+    0                        35971.0000    67062.2045            86.43%
      0     0    67001.7545    10    35971.0000  Cliques: 608       50   36.49%
      0     0        cutoff          35971.0000    35971.0000       63    0.00%
Elapsed time = 11.66 sec. (4987.62 ticks, tree = 0.01 MB, solutions = 3)

Clique cuts applied:  1215

Root node processing (before b&c):
  Real time             =   11.66 sec. (4989.05 ticks)
Parallel b&c, 4 threads:
  Real time             =    0.00 sec. (0.00 ticks)
  Sync time (average)   =    0.00 sec.
  Wait time (average)   =    0.00 sec.
                          ------------
Total (root+branch&cut) =   11.66 sec. (4989.05 ticks)
